<?xml version="1.0" encoding="UTF-8"?>
<testsuites>
  <testsuite name="ahr_estimation" timestamp="2024-03-11T14:10:26Z" hostname="0adc3de09f6f" tests="1" skipped="0" failures="0" errors="0" time="0.054">
    <testcase time="0.0540000000000003" classname="ahr_estimation" name="ahr_estimation_outputs_the_right_element"/>
  </testsuite>
  <testsuite name="compare" timestamp="2024-03-11T14:10:26Z" hostname="0adc3de09f6f" tests="2" skipped="0" failures="0" errors="0" time="0.125">
    <testcase time="0.107" classname="compare" name="compare_outputs_the_right_element"/>
    <testcase time="0.0179999999999998" classname="compare" name="compare_outputs_an_error_when_there_are_less_than_two_arguments"/>
  </testsuite>
  <testsuite name="elastic_net" timestamp="2024-03-11T14:10:26Z" hostname="0adc3de09f6f" tests="2" skipped="0" failures="0" errors="0" time="0.403">
    <testcase time="0.298" classname="elastic_net" name="elastic_net_outputs_the_right_elements_for_survival"/>
    <testcase time="0.105" classname="elastic_net" name="elastic_net_outputs_the_right_elements_for_binary"/>
  </testsuite>
  <testsuite name="generate_stacked_data" timestamp="2024-03-11T14:10:26Z" hostname="0adc3de09f6f" tests="5" skipped="0" failures="0" errors="0" time="0.219">
    <testcase time="0.0819999999999999" classname="generate_stacked_data" name="generate_stacked_data_outputs_the_right_element_for_survival"/>
    <testcase time="0.0389999999999997" classname="generate_stacked_data" name="generate_stacked_data_outputs_the_right_element_for_survival"/>
    <testcase time="0.0389999999999997" classname="generate_stacked_data" name="generate_stacked_data_outputs_the_right_element_for_survival"/>
    <testcase time="0.0360000000000005" classname="generate_stacked_data" name="generate_stacked_data_outputs_the_right_element_for_survival"/>
    <testcase time="0.0229999999999997" classname="generate_stacked_data" name="generate_stacked_data_outputs_the_right_element_for_binary"/>
  </testsuite>
  <testsuite name="hello" timestamp="2024-03-11T14:10:26Z" hostname="0adc3de09f6f" tests="1" skipped="0" failures="0" errors="0" time="0.007">
    <testcase time="0.00700000000000056" classname="hello" name="hello_greets_the_entity"/>
  </testsuite>
  <testsuite name="horseshoe" timestamp="2024-03-11T14:10:26Z" hostname="0adc3de09f6f" tests="2" skipped="0" failures="0" errors="0" time="463.566">
    <testcase time="268.361" classname="horseshoe" name="horseshoe_outputs_the_right_elements_for_survival"/>
    <testcase time="195.205" classname="horseshoe" name="horseshoe_outputs_the_right_elements_for_binary"/>
  </testsuite>
  <testsuite name="lOR_estimation" timestamp="2024-03-11T14:18:10Z" hostname="0adc3de09f6f" tests="1" skipped="0" failures="0" errors="0" time="0.007">
    <testcase time="0.007000000000005" classname="lOR_estimation" name="lor_estimation_outputs_the_right_element"/>
  </testsuite>
  <testsuite name="naive" timestamp="2024-03-11T14:18:10Z" hostname="0adc3de09f6f" tests="2" skipped="0" failures="0" errors="0" time="0.199">
    <testcase time="0.105999999999995" classname="naive" name="naive_outputs_the_right_elements_for_survival"/>
    <testcase time="0.0929999999999609" classname="naive" name="naive_outputs_the_right_elements_for_binary"/>
  </testsuite>
  <testsuite name="naivepop" timestamp="2024-03-11T14:18:10Z" hostname="0adc3de09f6f" tests="2" skipped="0" failures="0" errors="0" time="0.02">
    <testcase time="0.0120000000000005" classname="naivepop" name="naivepop_produces_expected_coefficients_of_the_model"/>
    <testcase time="0.0080000000000382" classname="naivepop" name="naivepop_outputs_the_right_elements"/>
  </testsuite>
  <testsuite name="plot" timestamp="2024-03-11T14:18:10Z" hostname="0adc3de09f6f" tests="5" skipped="4" failures="0" errors="0" time="6.707">
    <testcase time="0.0360000000000014" classname="plot" name="plot_works_as_expected_for_naive"/>
    <testcase time="1.21299999999997" classname="plot" name="plot_works_as_expected_for_naive">
      <skipped message="Reason: On CRAN ('test-plot.R:3:3')"/>
    </testcase>
    <testcase time="1.43100000000004" classname="plot" name="plot_works_as_expected_for_elastic_net">
      <skipped message="Reason: On CRAN ('test-plot.R:8:3')"/>
    </testcase>
    <testcase time="2.29999999999995" classname="plot" name="plot_works_as_expected_for_horseshoe">
      <skipped message="Reason: On CRAN ('test-plot.R:13:3')"/>
    </testcase>
    <testcase time="1.72700000000003" classname="plot" name="plot_works_as_expected_for_compare.data">
      <skipped message="Reason: On CRAN ('test-plot.R:18:3')"/>
    </testcase>
  </testsuite>
  <testsuite name="preprocess" timestamp="2024-03-11T14:18:17Z" hostname="0adc3de09f6f" tests="1" skipped="0" failures="0" errors="0" time="0.021">
    <testcase time="0.0209999999999582" classname="preprocess" name="preprocess_outputs_the_right_elements"/>
  </testsuite>
  <testsuite name="print" timestamp="2024-03-11T14:18:17Z" hostname="0adc3de09f6f" tests="4" skipped="0" failures="0" errors="0" time="3.209">
    <testcase time="0.00600000000002865" classname="print" name="print_outputs_the_right_element_for_naivepop"/>
    <testcase time="0.00499999999999545" classname="print" name="print_outputs_the_right_element_for_naive"/>
    <testcase time="0.0199999999999818" classname="print" name="print_outputs_the_right_element_for_elastic_net"/>
    <testcase time="3.178" classname="print" name="print_outputs_the_right_element_for_horseshoe"/>
  </testsuite>
  <testsuite name="subgroups" timestamp="2024-03-11T14:18:20Z" hostname="0adc3de09f6f" tests="2" skipped="0" failures="0" errors="0" time="0.543">
    <testcase time="0.510000000000048" classname="subgroups" name="subgroups_outputs_the_right_element_for_survival"/>
    <testcase time="0.0329999999999586" classname="subgroups" name="subgroups_outputs_the_right_element_for_binary"/>
  </testsuite>
  <testsuite name="summary" timestamp="2024-03-11T14:18:21Z" hostname="0adc3de09f6f" tests="8" skipped="0" failures="0" errors="0" time="29.194">
    <testcase time="0.00900000000001455" classname="summary" name="summary_outputs_the_right_element_for_naivepop_survival"/>
    <testcase time="0.00499999999999545" classname="summary" name="summary_outputs_the_right_element_for_naivepop_binary"/>
    <testcase time="0.00600000000002865" classname="summary" name="summary_outputs_the_right_element_for_naive_survival"/>
    <testcase time="0.00499999999999545" classname="summary" name="summary_outputs_the_right_element_for_naive_binary"/>
    <testcase time="0.404999999999973" classname="summary" name="summary_outputs_the_right_element_for_elastic_net_survival"/>
    <testcase time="0.0219999999999914" classname="summary" name="summary_outputs_the_right_element_for_elastic_net_binary"/>
    <testcase time="25.564" classname="summary" name="summary_outputs_the_right_element_for_horseshoe_survival"/>
    <testcase time="3.178" classname="summary" name="summary_outputs_the_right_element_for_horseshoe_binary"/>
  </testsuite>
  <testsuite name="surv_prob" timestamp="2024-03-11T14:18:50Z" hostname="0adc3de09f6f" tests="1" skipped="0" failures="0" errors="0" time="0.009">
    <testcase time="0.00900000000001455" classname="surv_prob" name="surv_prob_outputs_the_right_element"/>
  </testsuite>
  <testsuite name="survival_curves" timestamp="2024-03-11T14:18:50Z" hostname="0adc3de09f6f" tests="1" skipped="0" failures="0" errors="0" time="0.01">
    <testcase time="0.00999999999999091" classname="survival_curves" name="survival_curves_outputs_the_right_element"/>
  </testsuite>
  <testsuite name="test" timestamp="2024-03-11T14:18:50Z" hostname="0adc3de09f6f" tests="1" skipped="0" failures="0" errors="0" time="0.008">
    <testcase time="0.00799999999998136" classname="test" name="test_works_as_expected"/>
  </testsuite>
  <testsuite name="trt_horseshoe" timestamp="2024-03-11T14:18:50Z" hostname="0adc3de09f6f" tests="2" skipped="0" failures="0" errors="0" time="15.076">
    <testcase time="13.572" classname="trt_horseshoe" name="trt_horseshoe_outputs_the_right_element_for_survival"/>
    <testcase time="1.50400000000002" classname="trt_horseshoe" name="trt_horseshoe_outputs_the_right_element_for_binary"/>
  </testsuite>
</testsuites>
