<?xml version="1.0" encoding="UTF-8"?>
<testsuites>
  <testsuite name="ahr_estimation" timestamp="2024-03-15T16:15:20Z" hostname="02fa8842aebf" tests="1" skipped="0" failures="0" errors="0" time="0.065">
    <testcase time="0.0650000000000004" classname="ahr_estimation" name="ahr_estimation_outputs_the_right_element"/>
  </testsuite>
  <testsuite name="compare" timestamp="2024-03-15T16:15:20Z" hostname="02fa8842aebf" tests="2" skipped="0" failures="0" errors="0" time="0.117">
    <testcase time="0.101" classname="compare" name="compare_outputs_the_right_element"/>
    <testcase time="0.016" classname="compare" name="compare_outputs_an_error_when_there_are_less_than_two_arguments"/>
  </testsuite>
  <testsuite name="elastic_net" timestamp="2024-03-15T16:15:21Z" hostname="02fa8842aebf" tests="2" skipped="0" failures="0" errors="0" time="0.415">
    <testcase time="0.306" classname="elastic_net" name="elastic_net_outputs_the_right_elements_for_survival"/>
    <testcase time="0.109" classname="elastic_net" name="elastic_net_outputs_the_right_elements_for_binary"/>
  </testsuite>
  <testsuite name="generate_stacked_data" timestamp="2024-03-15T16:15:21Z" hostname="02fa8842aebf" tests="5" skipped="0" failures="0" errors="0" time="0.227">
    <testcase time="0.0839999999999996" classname="generate_stacked_data" name="generate_stacked_data_outputs_the_right_element_for_survival"/>
    <testcase time="0.0410000000000004" classname="generate_stacked_data" name="generate_stacked_data_outputs_the_right_element_for_survival"/>
    <testcase time="0.04" classname="generate_stacked_data" name="generate_stacked_data_outputs_the_right_element_for_survival"/>
    <testcase time="0.0369999999999999" classname="generate_stacked_data" name="generate_stacked_data_outputs_the_right_element_for_survival"/>
    <testcase time="0.0249999999999995" classname="generate_stacked_data" name="generate_stacked_data_outputs_the_right_element_for_binary"/>
  </testsuite>
  <testsuite name="hello" timestamp="2024-03-15T16:15:21Z" hostname="02fa8842aebf" tests="1" skipped="0" failures="0" errors="0" time="0.008">
    <testcase time="0.00800000000000001" classname="hello" name="hello_greets_the_entity"/>
  </testsuite>
  <testsuite name="horseshoe" timestamp="2024-03-15T16:15:21Z" hostname="02fa8842aebf" tests="2" skipped="0" failures="0" errors="0" time="347.162">
    <testcase time="181.601" classname="horseshoe" name="horseshoe_outputs_the_right_elements_for_survival"/>
    <testcase time="165.561" classname="horseshoe" name="horseshoe_outputs_the_right_elements_for_binary"/>
  </testsuite>
  <testsuite name="lOR_estimation" timestamp="2024-03-15T16:21:08Z" hostname="02fa8842aebf" tests="1" skipped="0" failures="0" errors="0" time="0.008">
    <testcase time="0.0080000000000382" classname="lOR_estimation" name="lor_estimation_outputs_the_right_element"/>
  </testsuite>
  <testsuite name="naive" timestamp="2024-03-15T16:21:08Z" hostname="02fa8842aebf" tests="2" skipped="0" failures="0" errors="0" time="0.643">
    <testcase time="0.120000000000005" classname="naive" name="naive_outputs_the_right_elements_for_survival"/>
    <testcase time="0.523000000000025" classname="naive" name="naive_outputs_the_right_elements_for_binary"/>
  </testsuite>
  <testsuite name="naivepop" timestamp="2024-03-15T16:21:09Z" hostname="02fa8842aebf" tests="2" skipped="0" failures="0" errors="0" time="0.021">
    <testcase time="0.0129999999999768" classname="naivepop" name="naivepop_produces_expected_coefficients_of_the_model"/>
    <testcase time="0.00799999999998136" classname="naivepop" name="naivepop_outputs_the_right_elements"/>
  </testsuite>
  <testsuite name="plot" timestamp="2024-03-15T16:21:09Z" hostname="02fa8842aebf" tests="5" skipped="4" failures="0" errors="0" time="7.463">
    <testcase time="0.0380000000000109" classname="plot" name="plot_works_as_expected_for_naive"/>
    <testcase time="1.404" classname="plot" name="plot_works_as_expected_for_naive">
      <skipped message="Reason: On CRAN ('test-plot.R:3:3')"/>
    </testcase>
    <testcase time="1.71300000000002" classname="plot" name="plot_works_as_expected_for_elastic_net">
      <skipped message="Reason: On CRAN ('test-plot.R:8:3')"/>
    </testcase>
    <testcase time="2.46499999999997" classname="plot" name="plot_works_as_expected_for_horseshoe">
      <skipped message="Reason: On CRAN ('test-plot.R:13:3')"/>
    </testcase>
    <testcase time="1.84300000000002" classname="plot" name="plot_works_as_expected_for_compare.data">
      <skipped message="Reason: On CRAN ('test-plot.R:18:3')"/>
    </testcase>
  </testsuite>
  <testsuite name="preprocess" timestamp="2024-03-15T16:21:17Z" hostname="02fa8842aebf" tests="1" skipped="0" failures="0" errors="0" time="0.022">
    <testcase time="0.0220000000000482" classname="preprocess" name="preprocess_outputs_the_right_elements"/>
  </testsuite>
  <testsuite name="print" timestamp="2024-03-15T16:21:17Z" hostname="02fa8842aebf" tests="4" skipped="0" failures="0" errors="0" time="3.183">
    <testcase time="0.00599999999997181" classname="print" name="print_outputs_the_right_element_for_naivepop"/>
    <testcase time="0.00499999999999545" classname="print" name="print_outputs_the_right_element_for_naive"/>
    <testcase time="0.0199999999999818" classname="print" name="print_outputs_the_right_element_for_elastic_net"/>
    <testcase time="3.15199999999999" classname="print" name="print_outputs_the_right_element_for_horseshoe"/>
  </testsuite>
  <testsuite name="subgroups" timestamp="2024-03-15T16:21:20Z" hostname="02fa8842aebf" tests="2" skipped="0" failures="0" errors="0" time="0.469">
    <testcase time="0.446000000000026" classname="subgroups" name="subgroups_outputs_the_right_element_for_survival"/>
    <testcase time="0.0229999999999677" classname="subgroups" name="subgroups_outputs_the_right_element_for_binary"/>
  </testsuite>
  <testsuite name="summary" timestamp="2024-03-15T16:21:20Z" hostname="02fa8842aebf" tests="8" skipped="0" failures="0" errors="0" time="29.993">
    <testcase time="0.00900000000001455" classname="summary" name="summary_outputs_the_right_element_for_naivepop_survival"/>
    <testcase time="0.00499999999999545" classname="summary" name="summary_outputs_the_right_element_for_naivepop_binary"/>
    <testcase time="0.00599999999997181" classname="summary" name="summary_outputs_the_right_element_for_naive_survival"/>
    <testcase time="0.0050000000000523" classname="summary" name="summary_outputs_the_right_element_for_naive_binary"/>
    <testcase time="0.527999999999963" classname="summary" name="summary_outputs_the_right_element_for_elastic_net_survival"/>
    <testcase time="0.0219999999999914" classname="summary" name="summary_outputs_the_right_element_for_elastic_net_binary"/>
    <testcase time="26.399" classname="summary" name="summary_outputs_the_right_element_for_horseshoe_survival"/>
    <testcase time="3.01900000000001" classname="summary" name="summary_outputs_the_right_element_for_horseshoe_binary"/>
  </testsuite>
  <testsuite name="surv_prob" timestamp="2024-03-15T16:21:50Z" hostname="02fa8842aebf" tests="1" skipped="0" failures="0" errors="0" time="0.007">
    <testcase time="0.007000000000005" classname="surv_prob" name="surv_prob_outputs_the_right_element"/>
  </testsuite>
  <testsuite name="survival_curves" timestamp="2024-03-15T16:21:50Z" hostname="02fa8842aebf" tests="1" skipped="0" failures="0" errors="0" time="0.005">
    <testcase time="0.00499999999999545" classname="survival_curves" name="survival_curves_outputs_the_right_element"/>
  </testsuite>
  <testsuite name="test" timestamp="2024-03-15T16:21:50Z" hostname="02fa8842aebf" tests="1" skipped="0" failures="0" errors="0" time="0.007">
    <testcase time="0.007000000000005" classname="test" name="test_works_as_expected"/>
  </testsuite>
  <testsuite name="trt_horseshoe" timestamp="2024-03-15T16:21:50Z" hostname="02fa8842aebf" tests="2" skipped="0" failures="0" errors="0" time="13.645">
    <testcase time="12.167" classname="trt_horseshoe" name="trt_horseshoe_outputs_the_right_element_for_survival"/>
    <testcase time="1.47800000000001" classname="trt_horseshoe" name="trt_horseshoe_outputs_the_right_element_for_binary"/>
  </testsuite>
</testsuites>
