<?xml version="1.0" encoding="UTF-8"?>
<testsuites>
  <testsuite name="ahr_estimation" timestamp="2023-02-24T11:08:13Z" hostname="9d800ce02678" tests="1" skipped="0" failures="0" errors="0" time="0.037">
    <testcase time="0.0369999999999999" classname="ahr_estimation" name="ahr_estimation_outputs_the_right_element"/>
  </testsuite>
  <testsuite name="compare" timestamp="2023-02-24T11:08:13Z" hostname="9d800ce02678" tests="2" skipped="0" failures="0" errors="0" time="0.124">
    <testcase time="0.106" classname="compare" name="compare_outputs_the_right_element"/>
    <testcase time="0.0179999999999998" classname="compare" name="compare_outputs_an_error_when_there_are_less_than_two_arguments"/>
  </testsuite>
  <testsuite name="elastic_net" timestamp="2023-02-24T11:08:13Z" hostname="9d800ce02678" tests="2" skipped="0" failures="0" errors="0" time="0.598">
    <testcase time="0.439" classname="elastic_net" name="elastic_net_outputs_the_right_elements_for_survival"/>
    <testcase time="0.159" classname="elastic_net" name="elastic_net_outputs_the_right_elements_for_binary"/>
  </testsuite>
  <testsuite name="generate_stacked_data" timestamp="2023-02-24T11:08:14Z" hostname="9d800ce02678" tests="5" skipped="0" failures="0" errors="0" time="0.36">
    <testcase time="0.0990000000000002" classname="generate_stacked_data" name="generate_stacked_data_outputs_the_right_element_for_survival"/>
    <testcase time="0.0679999999999996" classname="generate_stacked_data" name="generate_stacked_data_outputs_the_right_element_for_survival"/>
    <testcase time="0.056" classname="generate_stacked_data" name="generate_stacked_data_outputs_the_right_element_for_survival"/>
    <testcase time="0.0609999999999999" classname="generate_stacked_data" name="generate_stacked_data_outputs_the_right_element_for_survival"/>
    <testcase time="0.0760000000000005" classname="generate_stacked_data" name="generate_stacked_data_outputs_the_right_element_for_binary"/>
  </testsuite>
  <testsuite name="hello" timestamp="2023-02-24T11:08:14Z" hostname="9d800ce02678" tests="1" skipped="0" failures="0" errors="0" time="0.007">
    <testcase time="0.00699999999999967" classname="hello" name="hello_greets_the_entity"/>
  </testsuite>
  <testsuite name="horseshoe" timestamp="2023-02-24T11:08:14Z" hostname="9d800ce02678" tests="2" skipped="0" failures="0" errors="0" time="276.042">
    <testcase time="176.092" classname="horseshoe" name="horseshoe_outputs_the_right_elements_for_survival"/>
    <testcase time="99.95" classname="horseshoe" name="horseshoe_outputs_the_right_elements_for_binary"/>
  </testsuite>
  <testsuite name="lOR_estimation" timestamp="2023-02-24T11:12:50Z" hostname="9d800ce02678" tests="1" skipped="0" failures="0" errors="0" time="0.008">
    <testcase time="0.00799999999998136" classname="lOR_estimation" name="lor_estimation_outputs_the_right_element"/>
  </testsuite>
  <testsuite name="naive" timestamp="2023-02-24T11:12:50Z" hostname="9d800ce02678" tests="2" skipped="0" failures="0" errors="0" time="0.41">
    <testcase time="0.189999999999998" classname="naive" name="naive_outputs_the_right_elements_for_survival"/>
    <testcase time="0.220000000000027" classname="naive" name="naive_outputs_the_right_elements_for_binary"/>
  </testsuite>
  <testsuite name="naivepop" timestamp="2023-02-24T11:12:51Z" hostname="9d800ce02678" tests="2" skipped="0" failures="0" errors="0" time="0.025">
    <testcase time="0.0149999999999864" classname="naivepop" name="naivepop_produces_expected_coefficients_of_the_model"/>
    <testcase time="0.00999999999999091" classname="naivepop" name="naivepop_outputs_the_right_elements"/>
  </testsuite>
  <testsuite name="plot" timestamp="2023-02-24T11:12:51Z" hostname="9d800ce02678" tests="5" skipped="4" failures="0" errors="0" time="7.152">
    <testcase time="0.0450000000000159" classname="plot" name="plot_works_as_expected_for_naive"/>
    <testcase time="1.57499999999999" classname="plot" name="plot_works_as_expected_for_naive">
      <skipped message="Reason: On CRAN ('test-plot.R:3')"/>
    </testcase>
    <testcase time="1.38499999999999" classname="plot" name="plot_works_as_expected_for_elastic_net">
      <skipped message="Reason: On CRAN ('test-plot.R:8')"/>
    </testcase>
    <testcase time="2.45100000000002" classname="plot" name="plot_works_as_expected_for_horseshoe">
      <skipped message="Reason: On CRAN ('test-plot.R:13')"/>
    </testcase>
    <testcase time="1.69599999999997" classname="plot" name="plot_works_as_expected_for_compare.data">
      <skipped message="Reason: On CRAN ('test-plot.R:18')"/>
    </testcase>
  </testsuite>
  <testsuite name="preprocess" timestamp="2023-02-24T11:12:58Z" hostname="9d800ce02678" tests="1" skipped="0" failures="0" errors="0" time="0.024">
    <testcase time="0.0240000000000009" classname="preprocess" name="preprocess_outputs_the_right_elements"/>
  </testsuite>
  <testsuite name="print" timestamp="2023-02-24T11:12:58Z" hostname="9d800ce02678" tests="4" skipped="0" failures="0" errors="0" time="3.614">
    <testcase time="0.0080000000000382" classname="print" name="print_outputs_the_right_element_for_naivepop"/>
    <testcase time="0.00499999999999545" classname="print" name="print_outputs_the_right_element_for_naive"/>
    <testcase time="0.0240000000000009" classname="print" name="print_outputs_the_right_element_for_elastic_net"/>
    <testcase time="3.577" classname="print" name="print_outputs_the_right_element_for_horseshoe"/>
  </testsuite>
  <testsuite name="subgroups" timestamp="2023-02-24T11:13:01Z" hostname="9d800ce02678" tests="2" skipped="0" failures="0" errors="0" time="0.22">
    <testcase time="0.186999999999955" classname="subgroups" name="subgroups_outputs_the_right_element_for_survival"/>
    <testcase time="0.0330000000000155" classname="subgroups" name="subgroups_outputs_the_right_element_for_binary"/>
  </testsuite>
  <testsuite name="summary" timestamp="2023-02-24T11:13:02Z" hostname="9d800ce02678" tests="8" skipped="0" failures="0" errors="0" time="31.517">
    <testcase time="0.00799999999998136" classname="summary" name="summary_outputs_the_right_element_for_naivepop_survival"/>
    <testcase time="0.00200000000000955" classname="summary" name="summary_outputs_the_right_element_for_naivepop_binary"/>
    <testcase time="0.0029999999999859" classname="summary" name="summary_outputs_the_right_element_for_naive_survival"/>
    <testcase time="0.0040000000000191" classname="summary" name="summary_outputs_the_right_element_for_naive_binary"/>
    <testcase time="0.216999999999985" classname="summary" name="summary_outputs_the_right_element_for_elastic_net_survival"/>
    <testcase time="0.021000000000015" classname="summary" name="summary_outputs_the_right_element_for_elastic_net_binary"/>
    <testcase time="27.554" classname="summary" name="summary_outputs_the_right_element_for_horseshoe_survival"/>
    <testcase time="3.70800000000003" classname="summary" name="summary_outputs_the_right_element_for_horseshoe_binary"/>
  </testsuite>
  <testsuite name="surv_prob" timestamp="2023-02-24T11:13:33Z" hostname="9d800ce02678" tests="1" skipped="0" failures="0" errors="0" time="0.007">
    <testcase time="0.007000000000005" classname="surv_prob" name="surv_prob_outputs_the_right_element"/>
  </testsuite>
  <testsuite name="survival_curves" timestamp="2023-02-24T11:13:33Z" hostname="9d800ce02678" tests="1" skipped="0" failures="0" errors="0" time="0.006">
    <testcase time="0.00599999999997181" classname="survival_curves" name="survival_curves_outputs_the_right_element"/>
  </testsuite>
  <testsuite name="test" timestamp="2023-02-24T11:13:33Z" hostname="9d800ce02678" tests="1" skipped="0" failures="0" errors="0" time="0.006">
    <testcase time="0.00600000000002865" classname="test" name="test_works_as_expected"/>
  </testsuite>
  <testsuite name="trt_horseshoe" timestamp="2023-02-24T11:13:33Z" hostname="9d800ce02678" tests="2" skipped="0" failures="0" errors="0" time="15.537">
    <testcase time="14.079" classname="trt_horseshoe" name="trt_horseshoe_outputs_the_right_element_for_survival"/>
    <testcase time="1.45800000000003" classname="trt_horseshoe" name="trt_horseshoe_outputs_the_right_element_for_binary"/>
  </testsuite>
</testsuites>
