<?xml version="1.0" encoding="UTF-8"?>
<testsuites>
  <testsuite name="ahr_estimation" timestamp="2023-02-24T13:36:31Z" hostname="7e8982e86f75" tests="1" skipped="0" failures="0" errors="0" time="0.054">
    <testcase time="0.0540000000000003" classname="ahr_estimation" name="ahr_estimation_outputs_the_right_element"/>
  </testsuite>
  <testsuite name="compare" timestamp="2023-02-24T13:36:31Z" hostname="7e8982e86f75" tests="2" skipped="0" failures="0" errors="0" time="0.103">
    <testcase time="0.0869999999999997" classname="compare" name="compare_outputs_the_right_element"/>
    <testcase time="0.016" classname="compare" name="compare_outputs_an_error_when_there_are_less_than_two_arguments"/>
  </testsuite>
  <testsuite name="elastic_net" timestamp="2023-02-24T13:36:31Z" hostname="7e8982e86f75" tests="2" skipped="0" failures="0" errors="0" time="0.482">
    <testcase time="0.351" classname="elastic_net" name="elastic_net_outputs_the_right_elements_for_survival"/>
    <testcase time="0.131" classname="elastic_net" name="elastic_net_outputs_the_right_elements_for_binary"/>
  </testsuite>
  <testsuite name="generate_stacked_data" timestamp="2023-02-24T13:36:32Z" hostname="7e8982e86f75" tests="5" skipped="0" failures="0" errors="0" time="0.293">
    <testcase time="0.0830000000000002" classname="generate_stacked_data" name="generate_stacked_data_outputs_the_right_element_for_survival"/>
    <testcase time="0.0539999999999998" classname="generate_stacked_data" name="generate_stacked_data_outputs_the_right_element_for_survival"/>
    <testcase time="0.0459999999999998" classname="generate_stacked_data" name="generate_stacked_data_outputs_the_right_element_for_survival"/>
    <testcase time="0.0510000000000002" classname="generate_stacked_data" name="generate_stacked_data_outputs_the_right_element_for_survival"/>
    <testcase time="0.0590000000000002" classname="generate_stacked_data" name="generate_stacked_data_outputs_the_right_element_for_binary"/>
  </testsuite>
  <testsuite name="hello" timestamp="2023-02-24T13:36:32Z" hostname="7e8982e86f75" tests="1" skipped="0" failures="0" errors="0" time="0.006">
    <testcase time="0.00599999999999978" classname="hello" name="hello_greets_the_entity"/>
  </testsuite>
  <testsuite name="horseshoe" timestamp="2023-02-24T13:36:32Z" hostname="7e8982e86f75" tests="2" skipped="0" failures="0" errors="0" time="255.467">
    <testcase time="163.463" classname="horseshoe" name="horseshoe_outputs_the_right_elements_for_survival"/>
    <testcase time="92.004" classname="horseshoe" name="horseshoe_outputs_the_right_elements_for_binary"/>
  </testsuite>
  <testsuite name="lOR_estimation" timestamp="2023-02-24T13:40:48Z" hostname="7e8982e86f75" tests="1" skipped="0" failures="0" errors="0" time="0.006">
    <testcase time="0.00600000000002865" classname="lOR_estimation" name="lor_estimation_outputs_the_right_element"/>
  </testsuite>
  <testsuite name="naive" timestamp="2023-02-24T13:40:48Z" hostname="7e8982e86f75" tests="2" skipped="0" failures="0" errors="0" time="0.321">
    <testcase time="0.149000000000001" classname="naive" name="naive_outputs_the_right_elements_for_survival"/>
    <testcase time="0.171999999999969" classname="naive" name="naive_outputs_the_right_elements_for_binary"/>
  </testsuite>
  <testsuite name="naivepop" timestamp="2023-02-24T13:40:48Z" hostname="7e8982e86f75" tests="2" skipped="0" failures="0" errors="0" time="0.019">
    <testcase time="0.0120000000000005" classname="naivepop" name="naivepop_produces_expected_coefficients_of_the_model"/>
    <testcase time="0.007000000000005" classname="naivepop" name="naivepop_outputs_the_right_elements"/>
  </testsuite>
  <testsuite name="plot" timestamp="2023-02-24T13:40:48Z" hostname="7e8982e86f75" tests="5" skipped="4" failures="0" errors="0" time="6.251">
    <testcase time="0.0370000000000346" classname="plot" name="plot_works_as_expected_for_naive"/>
    <testcase time="1.25399999999996" classname="plot" name="plot_works_as_expected_for_naive">
      <skipped message="Reason: On CRAN ('test-plot.R:3')"/>
    </testcase>
    <testcase time="1.36000000000001" classname="plot" name="plot_works_as_expected_for_elastic_net">
      <skipped message="Reason: On CRAN ('test-plot.R:8')"/>
    </testcase>
    <testcase time="1.94900000000001" classname="plot" name="plot_works_as_expected_for_horseshoe">
      <skipped message="Reason: On CRAN ('test-plot.R:13')"/>
    </testcase>
    <testcase time="1.65100000000001" classname="plot" name="plot_works_as_expected_for_compare.data">
      <skipped message="Reason: On CRAN ('test-plot.R:18')"/>
    </testcase>
  </testsuite>
  <testsuite name="preprocess" timestamp="2023-02-24T13:40:54Z" hostname="7e8982e86f75" tests="1" skipped="0" failures="0" errors="0" time="0.018">
    <testcase time="0.0179999999999723" classname="preprocess" name="preprocess_outputs_the_right_elements"/>
  </testsuite>
  <testsuite name="print" timestamp="2023-02-24T13:40:54Z" hostname="7e8982e86f75" tests="4" skipped="0" failures="0" errors="0" time="2.967">
    <testcase time="0.00600000000002865" classname="print" name="print_outputs_the_right_element_for_naivepop"/>
    <testcase time="0.00399999999996226" classname="print" name="print_outputs_the_right_element_for_naive"/>
    <testcase time="0.0160000000000196" classname="print" name="print_outputs_the_right_element_for_elastic_net"/>
    <testcase time="2.94099999999997" classname="print" name="print_outputs_the_right_element_for_horseshoe"/>
  </testsuite>
  <testsuite name="subgroups" timestamp="2023-02-24T13:40:57Z" hostname="7e8982e86f75" tests="2" skipped="0" failures="0" errors="0" time="0.405">
    <testcase time="0.383000000000038" classname="subgroups" name="subgroups_outputs_the_right_element_for_survival"/>
    <testcase time="0.0219999999999914" classname="subgroups" name="subgroups_outputs_the_right_element_for_binary"/>
  </testsuite>
  <testsuite name="summary" timestamp="2023-02-24T13:40:58Z" hostname="7e8982e86f75" tests="8" skipped="0" failures="0" errors="0" time="27.21">
    <testcase time="0.00499999999999545" classname="summary" name="summary_outputs_the_right_element_for_naivepop_survival"/>
    <testcase time="0.00200000000000955" classname="summary" name="summary_outputs_the_right_element_for_naivepop_binary"/>
    <testcase time="0.0029999999999859" classname="summary" name="summary_outputs_the_right_element_for_naive_survival"/>
    <testcase time="0.0029999999999859" classname="summary" name="summary_outputs_the_right_element_for_naive_binary"/>
    <testcase time="0.564000000000021" classname="summary" name="summary_outputs_the_right_element_for_elastic_net_survival"/>
    <testcase time="0.0149999999999864" classname="summary" name="summary_outputs_the_right_element_for_elastic_net_binary"/>
    <testcase time="23.637" classname="summary" name="summary_outputs_the_right_element_for_horseshoe_survival"/>
    <testcase time="2.98099999999999" classname="summary" name="summary_outputs_the_right_element_for_horseshoe_binary"/>
  </testsuite>
  <testsuite name="surv_prob" timestamp="2023-02-24T13:41:25Z" hostname="7e8982e86f75" tests="1" skipped="0" failures="0" errors="0" time="0.005">
    <testcase time="0.00499999999999545" classname="surv_prob" name="surv_prob_outputs_the_right_element"/>
  </testsuite>
  <testsuite name="survival_curves" timestamp="2023-02-24T13:41:25Z" hostname="7e8982e86f75" tests="1" skipped="0" failures="0" errors="0" time="0.005">
    <testcase time="0.00499999999999545" classname="survival_curves" name="survival_curves_outputs_the_right_element"/>
  </testsuite>
  <testsuite name="test" timestamp="2023-02-24T13:41:25Z" hostname="7e8982e86f75" tests="1" skipped="0" failures="0" errors="0" time="0.005">
    <testcase time="0.00499999999999545" classname="test" name="test_works_as_expected"/>
  </testsuite>
  <testsuite name="trt_horseshoe" timestamp="2023-02-24T13:41:25Z" hostname="7e8982e86f75" tests="2" skipped="0" failures="0" errors="0" time="13.124">
    <testcase time="11.86" classname="trt_horseshoe" name="trt_horseshoe_outputs_the_right_element_for_survival"/>
    <testcase time="1.26400000000001" classname="trt_horseshoe" name="trt_horseshoe_outputs_the_right_element_for_binary"/>
  </testsuite>
</testsuites>
