<?xml version="1.0" encoding="UTF-8"?>
<testsuites>
  <testsuite name="ahr_estimation" timestamp="2023-02-14T14:15:04Z" hostname="82d377296733" tests="1" skipped="0" failures="0" errors="0" time="0.034">
    <testcase time="0.0339999999999998" classname="ahr_estimation" name="ahr_estimation_outputs_the_right_element"/>
  </testsuite>
  <testsuite name="elastic_net" timestamp="2023-02-14T14:15:04Z" hostname="82d377296733" tests="2" skipped="0" failures="0" errors="0" time="0.591">
    <testcase time="0.362" classname="elastic_net" name="elastic_net_outputs_the_right_elements_for_survival"/>
    <testcase time="0.229" classname="elastic_net" name="elastic_net_outputs_the_right_elements_for_binary"/>
  </testsuite>
  <testsuite name="generate_stacked_data" timestamp="2023-02-14T14:15:05Z" hostname="82d377296733" tests="5" skipped="0" failures="0" errors="0" time="0.363">
    <testcase time="0.121" classname="generate_stacked_data" name="generate_stacked_data_outputs_the_right_element_for_survival"/>
    <testcase time="0.0559999999999992" classname="generate_stacked_data" name="generate_stacked_data_outputs_the_right_element_for_survival"/>
    <testcase time="0.0540000000000003" classname="generate_stacked_data" name="generate_stacked_data_outputs_the_right_element_for_survival"/>
    <testcase time="0.0579999999999998" classname="generate_stacked_data" name="generate_stacked_data_outputs_the_right_element_for_survival"/>
    <testcase time="0.0740000000000007" classname="generate_stacked_data" name="generate_stacked_data_outputs_the_right_element_for_binary"/>
  </testsuite>
  <testsuite name="hello" timestamp="2023-02-14T14:15:05Z" hostname="82d377296733" tests="1" skipped="0" failures="0" errors="0" time="0.007">
    <testcase time="0.00699999999999967" classname="hello" name="hello_greets_the_entity"/>
  </testsuite>
  <testsuite name="horseshoe" timestamp="2023-02-14T14:15:05Z" hostname="82d377296733" tests="2" skipped="0" failures="0" errors="0" time="265.262">
    <testcase time="169.459" classname="horseshoe" name="horseshoe_outputs_the_right_elements_for_survival"/>
    <testcase time="95.803" classname="horseshoe" name="horseshoe_outputs_the_right_elements_for_binary"/>
  </testsuite>
  <testsuite name="lOR_estimation" timestamp="2023-02-14T14:19:30Z" hostname="82d377296733" tests="1" skipped="0" failures="0" errors="0" time="0.006">
    <testcase time="0.00599999999997181" classname="lOR_estimation" name="lor_estimation_outputs_the_right_element"/>
  </testsuite>
  <testsuite name="naive" timestamp="2023-02-14T14:19:30Z" hostname="82d377296733" tests="2" skipped="0" failures="0" errors="0" time="0.339">
    <testcase time="0.159000000000049" classname="naive" name="naive_outputs_the_right_elements_for_survival"/>
    <testcase time="0.17999999999995" classname="naive" name="naive_outputs_the_right_elements_for_binary"/>
  </testsuite>
  <testsuite name="naivepop" timestamp="2023-02-14T14:19:31Z" hostname="82d377296733" tests="2" skipped="0" failures="0" errors="0" time="0.02">
    <testcase time="0.01400000000001" classname="naivepop" name="naivepop_produces_expected_coefficients_of_the_model"/>
    <testcase time="0.00600000000002865" classname="naivepop" name="naivepop_outputs_the_right_elements"/>
  </testsuite>
  <testsuite name="preprocess" timestamp="2023-02-14T14:19:31Z" hostname="82d377296733" tests="1" skipped="0" failures="0" errors="0" time="0.013">
    <testcase time="0.0129999999999768" classname="preprocess" name="preprocess_outputs_the_right_elements"/>
  </testsuite>
  <testsuite name="print" timestamp="2023-02-14T14:19:31Z" hostname="82d377296733" tests="4" skipped="0" failures="0" errors="0" time="3.715">
    <testcase time="0.00600000000002865" classname="print" name="print.summary.naivepop_outputs_the_right_element"/>
    <testcase time="0.00399999999996226" classname="print" name="print.summary.naive_outputs_the_right_element"/>
    <testcase time="0.0190000000000055" classname="print" name="print.summary.elastic_net_outputs_the_right_element"/>
    <testcase time="3.68600000000004" classname="print" name="print.summary.horseshoe_outputs_the_right_element"/>
  </testsuite>
  <testsuite name="subgroups" timestamp="2023-02-14T14:19:34Z" hostname="82d377296733" tests="2" skipped="0" failures="0" errors="0" time="0.219">
    <testcase time="0.202999999999975" classname="subgroups" name="subgroups_outputs_the_right_element_for_survival"/>
    <testcase time="0.0160000000000196" classname="subgroups" name="subgroups_outputs_the_right_element_for_binary"/>
  </testsuite>
  <testsuite name="summary" timestamp="2023-02-14T14:19:35Z" hostname="82d377296733" tests="8" skipped="0" failures="0" errors="0" time="31.373">
    <testcase time="0.007000000000005" classname="summary" name="summary_outputs_the_right_element_for_naivepop_survival"/>
    <testcase time="0.00199999999995271" classname="summary" name="summary_outputs_the_right_element_for_naivepop_binary"/>
    <testcase time="0.00300000000004275" classname="summary" name="summary_outputs_the_right_element_for_naive_survival"/>
    <testcase time="0.0029999999999859" classname="summary" name="summary_outputs_the_right_element_for_naive_binary"/>
    <testcase time="0.211999999999989" classname="summary" name="summary_outputs_the_right_element_for_elastic_net_survival"/>
    <testcase time="0.0269999999999868" classname="summary" name="summary_outputs_the_right_element_for_elastic_net_binary"/>
    <testcase time="27.551" classname="summary" name="summary_outputs_the_right_element_for_horseshoe_survival"/>
    <testcase time="3.56799999999998" classname="summary" name="summary_outputs_the_right_element_for_horseshoe_binary"/>
  </testsuite>
  <testsuite name="surv_prob" timestamp="2023-02-14T14:20:06Z" hostname="82d377296733" tests="1" skipped="0" failures="0" errors="0" time="0.006">
    <testcase time="0.00599999999997181" classname="surv_prob" name="surv_prob_outputs_the_right_element"/>
  </testsuite>
  <testsuite name="survival_curves" timestamp="2023-02-14T14:20:06Z" hostname="82d377296733" tests="1" skipped="0" failures="0" errors="0" time="0.006">
    <testcase time="0.00600000000002865" classname="survival_curves" name="survival_curves_outputs_the_right_element"/>
  </testsuite>
  <testsuite name="test" timestamp="2023-02-14T14:20:06Z" hostname="82d377296733" tests="1" skipped="0" failures="0" errors="0" time="0.005">
    <testcase time="0.00499999999999545" classname="test" name="test_works_as_expected"/>
  </testsuite>
  <testsuite name="trt_horseshoe" timestamp="2023-02-14T14:20:06Z" hostname="82d377296733" tests="2" skipped="0" failures="0" errors="0" time="14.753">
    <testcase time="12.917" classname="trt_horseshoe" name="trt_horseshoe_outputs_the_right_element_for_survival"/>
    <testcase time="1.83600000000001" classname="trt_horseshoe" name="trt_horseshoe_outputs_the_right_element_for_binary"/>
  </testsuite>
</testsuites>
