<?xml version="1.0" encoding="UTF-8"?>
<testsuites>
  <testsuite name="ahr_estimation" timestamp="2023-02-10T08:43:46Z" hostname="5dfa12c3f23e" tests="1" skipped="0" failures="0" errors="0" time="0.051">
    <testcase time="0.0510000000000002" classname="ahr_estimation" name="ahr_estimation_outputs_the_right_element"/>
  </testsuite>
  <testsuite name="elastic_net" timestamp="2023-02-10T08:43:46Z" hostname="5dfa12c3f23e" tests="2" skipped="0" failures="0" errors="0" time="0.501">
    <testcase time="0.361" classname="elastic_net" name="elastic_net_outputs_the_right_elements_for_survival"/>
    <testcase time="0.14" classname="elastic_net" name="elastic_net_outputs_the_right_elements_for_binary"/>
  </testsuite>
  <testsuite name="generate_stacked_data" timestamp="2023-02-10T08:43:47Z" hostname="5dfa12c3f23e" tests="5" skipped="0" failures="0" errors="0" time="0.307">
    <testcase time="0.0979999999999999" classname="generate_stacked_data" name="generate_stacked_data_outputs_the_right_element_for_survival"/>
    <testcase time="0.048" classname="generate_stacked_data" name="generate_stacked_data_outputs_the_right_element_for_survival"/>
    <testcase time="0.048" classname="generate_stacked_data" name="generate_stacked_data_outputs_the_right_element_for_survival"/>
    <testcase time="0.0510000000000002" classname="generate_stacked_data" name="generate_stacked_data_outputs_the_right_element_for_survival"/>
    <testcase time="0.0619999999999998" classname="generate_stacked_data" name="generate_stacked_data_outputs_the_right_element_for_binary"/>
  </testsuite>
  <testsuite name="hello" timestamp="2023-02-10T08:43:47Z" hostname="5dfa12c3f23e" tests="1" skipped="0" failures="0" errors="0" time="0.005">
    <testcase time="0.00499999999999989" classname="hello" name="hello_greets_the_entity"/>
  </testsuite>
  <testsuite name="horseshoe" timestamp="2023-02-10T08:43:47Z" hostname="5dfa12c3f23e" tests="2" skipped="0" failures="0" errors="0" time="256.94">
    <testcase time="163.759" classname="horseshoe" name="horseshoe_outputs_the_right_elements_for_survival"/>
    <testcase time="93.181" classname="horseshoe" name="horseshoe_outputs_the_right_elements_for_binary"/>
  </testsuite>
  <testsuite name="lOR_estimation" timestamp="2023-02-10T08:48:04Z" hostname="5dfa12c3f23e" tests="1" skipped="0" failures="0" errors="0" time="0.006">
    <testcase time="0.00599999999997181" classname="lOR_estimation" name="lor_estimation_outputs_the_right_element"/>
  </testsuite>
  <testsuite name="naive" timestamp="2023-02-10T08:48:04Z" hostname="5dfa12c3f23e" tests="2" skipped="0" failures="0" errors="0" time="0.334">
    <testcase time="0.156000000000006" classname="naive" name="naive_outputs_the_right_elements_for_survival"/>
    <testcase time="0.177999999999997" classname="naive" name="naive_outputs_the_right_elements_for_binary"/>
  </testsuite>
  <testsuite name="naivepop" timestamp="2023-02-10T08:48:04Z" hostname="5dfa12c3f23e" tests="2" skipped="0" failures="0" errors="0" time="0.019">
    <testcase time="0.0129999999999768" classname="naivepop" name="naivepop_produces_expected_coefficients_of_the_model"/>
    <testcase time="0.00600000000002865" classname="naivepop" name="naivepop_outputs_the_right_elements"/>
  </testsuite>
  <testsuite name="preprocess" timestamp="2023-02-10T08:48:04Z" hostname="5dfa12c3f23e" tests="1" skipped="0" failures="0" errors="0" time="0.011">
    <testcase time="0.0109999999999673" classname="preprocess" name="preprocess_outputs_the_right_elements"/>
  </testsuite>
  <testsuite name="subgroups" timestamp="2023-02-10T08:48:04Z" hostname="5dfa12c3f23e" tests="2" skipped="0" failures="0" errors="0" time="0.386">
    <testcase time="0.371000000000038" classname="subgroups" name="subgroups_outputs_the_right_element_for_survival"/>
    <testcase time="0.0149999999999864" classname="subgroups" name="subgroups_outputs_the_right_element_for_binary"/>
  </testsuite>
  <testsuite name="summary" timestamp="2023-02-10T08:48:05Z" hostname="5dfa12c3f23e" tests="6" skipped="0" failures="0" errors="0" time="0.498">
    <testcase time="0.00600000000002865" classname="summary" name="summary_outputs_the_right_element_for_naivepop_survival"/>
    <testcase time="0.00199999999995271" classname="summary" name="summary_outputs_the_right_element_for_naivepop_binary"/>
    <testcase time="0.00300000000004275" classname="summary" name="summary_outputs_the_right_element_for_naive_survival"/>
    <testcase time="0.0029999999999859" classname="summary" name="summary_outputs_the_right_element_for_naive_binary"/>
    <testcase time="0.462999999999965" classname="summary" name="summary_outputs_the_right_element_for_elastic_net_survival"/>
    <testcase time="0.021000000000015" classname="summary" name="summary_outputs_the_right_element_for_elastic_net_binary"/>
  </testsuite>
  <testsuite name="surv_prob" timestamp="2023-02-10T08:48:05Z" hostname="5dfa12c3f23e" tests="1" skipped="0" failures="0" errors="0" time="0.005">
    <testcase time="0.00499999999999545" classname="surv_prob" name="surv_prob_outputs_the_right_element"/>
  </testsuite>
  <testsuite name="survival_curves" timestamp="2023-02-10T08:48:05Z" hostname="5dfa12c3f23e" tests="1" skipped="0" failures="0" errors="0" time="0.005">
    <testcase time="0.00499999999999545" classname="survival_curves" name="survival_curves_outputs_the_right_element"/>
  </testsuite>
  <testsuite name="test" timestamp="2023-02-10T08:48:05Z" hostname="5dfa12c3f23e" tests="1" skipped="0" failures="0" errors="0" time="0.004">
    <testcase time="0.00399999999996226" classname="test" name="test_works_as_expected"/>
  </testsuite>
</testsuites>
