<?xml version="1.0" encoding="UTF-8"?>
<testsuites>
  <testsuite name="ahr_estimation" timestamp="2023-02-09T18:25:24Z" hostname="a14ba6508016" tests="1" skipped="0" failures="0" errors="0" time="0.048">
    <testcase time="0.048" classname="ahr_estimation" name="ahr_estimation_outputs_the_right_element"/>
  </testsuite>
  <testsuite name="elastic_net" timestamp="2023-02-09T18:25:24Z" hostname="a14ba6508016" tests="2" skipped="0" failures="0" errors="0" time="0.785">
    <testcase time="0.545" classname="elastic_net" name="elastic_net_outputs_the_right_elements_for_survival"/>
    <testcase time="0.24" classname="elastic_net" name="elastic_net_outputs_the_right_elements_for_binary"/>
  </testsuite>
  <testsuite name="generate_stacked_data" timestamp="2023-02-09T18:25:25Z" hostname="a14ba6508016" tests="5" skipped="0" failures="0" errors="0" time="0.508">
    <testcase time="0.164" classname="generate_stacked_data" name="generate_stacked_data_outputs_the_right_element_for_survival"/>
    <testcase time="0.0750000000000002" classname="generate_stacked_data" name="generate_stacked_data_outputs_the_right_element_for_survival"/>
    <testcase time="0.0800000000000001" classname="generate_stacked_data" name="generate_stacked_data_outputs_the_right_element_for_survival"/>
    <testcase time="0.085" classname="generate_stacked_data" name="generate_stacked_data_outputs_the_right_element_for_survival"/>
    <testcase time="0.104" classname="generate_stacked_data" name="generate_stacked_data_outputs_the_right_element_for_binary"/>
  </testsuite>
  <testsuite name="hello" timestamp="2023-02-09T18:25:26Z" hostname="a14ba6508016" tests="1" skipped="0" failures="0" errors="0" time="0.009">
    <testcase time="0.00899999999999945" classname="hello" name="hello_greets_the_entity"/>
  </testsuite>
  <testsuite name="horseshoe" timestamp="2023-02-09T18:25:26Z" hostname="a14ba6508016" tests="2" skipped="0" failures="0" errors="0" time="307.839">
    <testcase time="196.263" classname="horseshoe" name="horseshoe_outputs_the_right_elements_for_survival"/>
    <testcase time="111.576" classname="horseshoe" name="horseshoe_outputs_the_right_elements_for_binary"/>
  </testsuite>
  <testsuite name="lOR_estimation" timestamp="2023-02-09T18:30:34Z" hostname="a14ba6508016" tests="1" skipped="0" failures="0" errors="0" time="0.008">
    <testcase time="0.0080000000000382" classname="lOR_estimation" name="lor_estimation_outputs_the_right_element"/>
  </testsuite>
  <testsuite name="naive" timestamp="2023-02-09T18:30:34Z" hostname="a14ba6508016" tests="2" skipped="0" failures="0" errors="0" time="0.47">
    <testcase time="0.215999999999951" classname="naive" name="naive_outputs_the_right_elements_for_survival"/>
    <testcase time="0.254000000000019" classname="naive" name="naive_outputs_the_right_elements_for_binary"/>
  </testsuite>
  <testsuite name="naivepop" timestamp="2023-02-09T18:30:34Z" hostname="a14ba6508016" tests="2" skipped="0" failures="0" errors="0" time="0.025">
    <testcase time="0.0180000000000291" classname="naivepop" name="naivepop_produces_expected_coefficients_of_the_model"/>
    <testcase time="0.00699999999994816" classname="naivepop" name="naivepop_outputs_the_right_elements"/>
  </testsuite>
  <testsuite name="preprocess" timestamp="2023-02-09T18:30:34Z" hostname="a14ba6508016" tests="1" skipped="0" failures="0" errors="0" time="0.016">
    <testcase time="0.0160000000000196" classname="preprocess" name="preprocess_outputs_the_right_elements"/>
  </testsuite>
  <testsuite name="subgroups" timestamp="2023-02-09T18:30:34Z" hostname="a14ba6508016" tests="2" skipped="0" failures="0" errors="0" time="0.274">
    <testcase time="0.254000000000019" classname="subgroups" name="subgroups_outputs_the_right_element_for_survival"/>
    <testcase time="0.0199999999999818" classname="subgroups" name="subgroups_outputs_the_right_element_for_binary"/>
  </testsuite>
  <testsuite name="summary" timestamp="2023-02-09T18:30:34Z" hostname="a14ba6508016" tests="6" skipped="0" failures="0" errors="0" time="0.243">
    <testcase time="0.00999999999999091" classname="summary" name="summary_outputs_the_right_element_for_naivepop_survival"/>
    <testcase time="0.00200000000000955" classname="summary" name="summary_outputs_the_right_element_for_naivepop_binary"/>
    <testcase time="0.00499999999999545" classname="summary" name="summary_outputs_the_right_element_for_naive_survival"/>
    <testcase time="0.0029999999999859" classname="summary" name="summary_outputs_the_right_element_for_naive_binary"/>
    <testcase time="0.198000000000036" classname="summary" name="summary_outputs_the_right_element_for_elastic_net_survival"/>
    <testcase time="0.0249999999999773" classname="summary" name="summary_outputs_the_right_element_for_elastic_net_binary"/>
  </testsuite>
  <testsuite name="surv_prob" timestamp="2023-02-09T18:30:35Z" hostname="a14ba6508016" tests="1" skipped="0" failures="0" errors="0" time="0.006">
    <testcase time="0.00600000000002865" classname="surv_prob" name="surv_prob_outputs_the_right_element"/>
  </testsuite>
  <testsuite name="survival_curves" timestamp="2023-02-09T18:30:35Z" hostname="a14ba6508016" tests="1" skipped="0" failures="0" errors="0" time="0.006">
    <testcase time="0.00599999999997181" classname="survival_curves" name="survival_curves_outputs_the_right_element"/>
  </testsuite>
  <testsuite name="test" timestamp="2023-02-09T18:30:35Z" hostname="a14ba6508016" tests="1" skipped="0" failures="0" errors="0" time="0.006">
    <testcase time="0.00600000000002865" classname="test" name="test_works_as_expected"/>
  </testsuite>
</testsuites>
