<?xml version="1.0" encoding="UTF-8"?>
<testsuites>
  <testsuite name="ahr_estimation" timestamp="2023-02-15T09:19:31Z" hostname="53b134b5150d" tests="1" skipped="0" failures="0" errors="0" time="0.035">
    <testcase time="0.0349999999999997" classname="ahr_estimation" name="ahr_estimation_outputs_the_right_element"/>
  </testsuite>
  <testsuite name="elastic_net" timestamp="2023-02-15T09:19:31Z" hostname="53b134b5150d" tests="2" skipped="0" failures="0" errors="0" time="0.631">
    <testcase time="0.385" classname="elastic_net" name="elastic_net_outputs_the_right_elements_for_survival"/>
    <testcase time="0.246" classname="elastic_net" name="elastic_net_outputs_the_right_elements_for_binary"/>
  </testsuite>
  <testsuite name="generate_stacked_data" timestamp="2023-02-15T09:19:32Z" hostname="53b134b5150d" tests="5" skipped="0" failures="0" errors="0" time="0.385">
    <testcase time="0.13" classname="generate_stacked_data" name="generate_stacked_data_outputs_the_right_element_for_survival"/>
    <testcase time="0.0579999999999998" classname="generate_stacked_data" name="generate_stacked_data_outputs_the_right_element_for_survival"/>
    <testcase time="0.0570000000000004" classname="generate_stacked_data" name="generate_stacked_data_outputs_the_right_element_for_survival"/>
    <testcase time="0.0629999999999997" classname="generate_stacked_data" name="generate_stacked_data_outputs_the_right_element_for_survival"/>
    <testcase time="0.077" classname="generate_stacked_data" name="generate_stacked_data_outputs_the_right_element_for_binary"/>
  </testsuite>
  <testsuite name="hello" timestamp="2023-02-15T09:19:32Z" hostname="53b134b5150d" tests="1" skipped="0" failures="0" errors="0" time="0.007">
    <testcase time="0.00700000000000056" classname="hello" name="hello_greets_the_entity"/>
  </testsuite>
  <testsuite name="horseshoe" timestamp="2023-02-15T09:19:32Z" hostname="53b134b5150d" tests="2" skipped="0" failures="0" errors="0" time="292.716">
    <testcase time="185.774" classname="horseshoe" name="horseshoe_outputs_the_right_elements_for_survival"/>
    <testcase time="106.942" classname="horseshoe" name="horseshoe_outputs_the_right_elements_for_binary"/>
  </testsuite>
  <testsuite name="lOR_estimation" timestamp="2023-02-15T09:24:25Z" hostname="53b134b5150d" tests="1" skipped="0" failures="0" errors="0" time="0.007">
    <testcase time="0.007000000000005" classname="lOR_estimation" name="lor_estimation_outputs_the_right_element"/>
  </testsuite>
  <testsuite name="naive" timestamp="2023-02-15T09:24:25Z" hostname="53b134b5150d" tests="2" skipped="0" failures="0" errors="0" time="0.386">
    <testcase time="0.185000000000002" classname="naive" name="naive_outputs_the_right_elements_for_survival"/>
    <testcase time="0.201000000000022" classname="naive" name="naive_outputs_the_right_elements_for_binary"/>
  </testsuite>
  <testsuite name="naivepop" timestamp="2023-02-15T09:24:25Z" hostname="53b134b5150d" tests="2" skipped="0" failures="0" errors="0" time="0.023">
    <testcase time="0.0159999999999627" classname="naivepop" name="naivepop_produces_expected_coefficients_of_the_model"/>
    <testcase time="0.007000000000005" classname="naivepop" name="naivepop_outputs_the_right_elements"/>
  </testsuite>
  <testsuite name="plot" timestamp="2023-02-15T09:24:25Z" hostname="53b134b5150d" tests="4" skipped="3" failures="0" errors="0" time="5.585">
    <testcase time="0.049000000000035" classname="plot" name="plot_works_as_expected_for_naive"/>
    <testcase time="1.536" classname="plot" name="plot_works_as_expected_for_naive">
      <skipped message="Reason: On CRAN ('test-plot.R:3')"/>
    </testcase>
    <testcase time="1.45799999999997" classname="plot" name="plot_works_as_expected_for_elastic_net">
      <skipped message="Reason: On CRAN ('test-plot.R:8')"/>
    </testcase>
    <testcase time="2.54200000000003" classname="plot" name="plot_works_as_expected_for_horseshoe">
      <skipped message="Reason: On CRAN ('test-plot.R:13')"/>
    </testcase>
  </testsuite>
  <testsuite name="preprocess" timestamp="2023-02-15T09:24:31Z" hostname="53b134b5150d" tests="1" skipped="0" failures="0" errors="0" time="0.023">
    <testcase time="0.0229999999999677" classname="preprocess" name="preprocess_outputs_the_right_elements"/>
  </testsuite>
  <testsuite name="print" timestamp="2023-02-15T09:24:31Z" hostname="53b134b5150d" tests="4" skipped="0" failures="0" errors="0" time="4.451">
    <testcase time="0.00600000000002865" classname="print" name="print_outputs_the_right_element_for_naivepop"/>
    <testcase time="0.00499999999999545" classname="print" name="print_outputs_the_right_element_for_naive"/>
    <testcase time="0.0319999999999823" classname="print" name="print_outputs_the_right_element_for_elastic_net"/>
    <testcase time="4.40800000000002" classname="print" name="print_outputs_the_right_element_for_horseshoe"/>
  </testsuite>
  <testsuite name="subgroups" timestamp="2023-02-15T09:24:35Z" hostname="53b134b5150d" tests="2" skipped="0" failures="0" errors="0" time="0.267">
    <testcase time="0.238999999999976" classname="subgroups" name="subgroups_outputs_the_right_element_for_survival"/>
    <testcase time="0.02800000000002" classname="subgroups" name="subgroups_outputs_the_right_element_for_binary"/>
  </testsuite>
  <testsuite name="summary" timestamp="2023-02-15T09:24:36Z" hostname="53b134b5150d" tests="8" skipped="0" failures="0" errors="0" time="35.816">
    <testcase time="0.00799999999998136" classname="summary" name="summary_outputs_the_right_element_for_naivepop_survival"/>
    <testcase time="0.00300000000004275" classname="summary" name="summary_outputs_the_right_element_for_naivepop_binary"/>
    <testcase time="0.00399999999996226" classname="summary" name="summary_outputs_the_right_element_for_naive_survival"/>
    <testcase time="0.0029999999999859" classname="summary" name="summary_outputs_the_right_element_for_naive_binary"/>
    <testcase time="0.25200000000001" classname="summary" name="summary_outputs_the_right_element_for_elastic_net_survival"/>
    <testcase time="0.021000000000015" classname="summary" name="summary_outputs_the_right_element_for_elastic_net_binary"/>
    <testcase time="30.925" classname="summary" name="summary_outputs_the_right_element_for_horseshoe_survival"/>
    <testcase time="4.59999999999997" classname="summary" name="summary_outputs_the_right_element_for_horseshoe_binary"/>
  </testsuite>
  <testsuite name="surv_prob" timestamp="2023-02-15T09:25:11Z" hostname="53b134b5150d" tests="1" skipped="0" failures="0" errors="0" time="0.007">
    <testcase time="0.007000000000005" classname="surv_prob" name="surv_prob_outputs_the_right_element"/>
  </testsuite>
  <testsuite name="survival_curves" timestamp="2023-02-15T09:25:11Z" hostname="53b134b5150d" tests="1" skipped="0" failures="0" errors="0" time="0.006">
    <testcase time="0.00600000000002865" classname="survival_curves" name="survival_curves_outputs_the_right_element"/>
  </testsuite>
  <testsuite name="test" timestamp="2023-02-15T09:25:11Z" hostname="53b134b5150d" tests="1" skipped="0" failures="0" errors="0" time="0.006">
    <testcase time="0.00599999999997181" classname="test" name="test_works_as_expected"/>
  </testsuite>
  <testsuite name="trt_horseshoe" timestamp="2023-02-15T09:25:11Z" hostname="53b134b5150d" tests="2" skipped="0" failures="0" errors="0" time="17.061">
    <testcase time="14.787" classname="trt_horseshoe" name="trt_horseshoe_outputs_the_right_element_for_survival"/>
    <testcase time="2.274" classname="trt_horseshoe" name="trt_horseshoe_outputs_the_right_element_for_binary"/>
  </testsuite>
</testsuites>
