<?xml version="1.0" encoding="UTF-8"?>
<testsuites>
  <testsuite name="ahr_estimation" timestamp="2023-02-15T13:42:30Z" hostname="c841dbce1308" tests="1" skipped="0" failures="0" errors="0" time="0.05">
    <testcase time="0.0499999999999998" classname="ahr_estimation" name="ahr_estimation_outputs_the_right_element"/>
  </testsuite>
  <testsuite name="elastic_net" timestamp="2023-02-15T13:42:30Z" hostname="c841dbce1308" tests="2" skipped="0" failures="0" errors="0" time="0.511">
    <testcase time="0.321" classname="elastic_net" name="elastic_net_outputs_the_right_elements_for_survival"/>
    <testcase time="0.19" classname="elastic_net" name="elastic_net_outputs_the_right_elements_for_binary"/>
  </testsuite>
  <testsuite name="generate_stacked_data" timestamp="2023-02-15T13:42:31Z" hostname="c841dbce1308" tests="5" skipped="0" failures="0" errors="0" time="0.305">
    <testcase time="0.103" classname="generate_stacked_data" name="generate_stacked_data_outputs_the_right_element_for_survival"/>
    <testcase time="0.0460000000000003" classname="generate_stacked_data" name="generate_stacked_data_outputs_the_right_element_for_survival"/>
    <testcase time="0.0459999999999998" classname="generate_stacked_data" name="generate_stacked_data_outputs_the_right_element_for_survival"/>
    <testcase time="0.0500000000000003" classname="generate_stacked_data" name="generate_stacked_data_outputs_the_right_element_for_survival"/>
    <testcase time="0.0599999999999996" classname="generate_stacked_data" name="generate_stacked_data_outputs_the_right_element_for_binary"/>
  </testsuite>
  <testsuite name="hello" timestamp="2023-02-15T13:42:31Z" hostname="c841dbce1308" tests="1" skipped="0" failures="0" errors="0" time="0.005">
    <testcase time="0.00500000000000034" classname="hello" name="hello_greets_the_entity"/>
  </testsuite>
  <testsuite name="horseshoe" timestamp="2023-02-15T13:42:31Z" hostname="c841dbce1308" tests="2" skipped="0" failures="0" errors="0" time="255.136">
    <testcase time="162.516" classname="horseshoe" name="horseshoe_outputs_the_right_elements_for_survival"/>
    <testcase time="92.62" classname="horseshoe" name="horseshoe_outputs_the_right_elements_for_binary"/>
  </testsuite>
  <testsuite name="lOR_estimation" timestamp="2023-02-15T13:46:46Z" hostname="c841dbce1308" tests="1" skipped="0" failures="0" errors="0" time="0.005">
    <testcase time="0.00499999999999545" classname="lOR_estimation" name="lor_estimation_outputs_the_right_element"/>
  </testsuite>
  <testsuite name="naive" timestamp="2023-02-15T13:46:46Z" hostname="c841dbce1308" tests="2" skipped="0" failures="0" errors="0" time="0.327">
    <testcase time="0.153999999999996" classname="naive" name="naive_outputs_the_right_elements_for_survival"/>
    <testcase time="0.173000000000002" classname="naive" name="naive_outputs_the_right_elements_for_binary"/>
  </testsuite>
  <testsuite name="naivepop" timestamp="2023-02-15T13:46:47Z" hostname="c841dbce1308" tests="2" skipped="0" failures="0" errors="0" time="0.02">
    <testcase time="0.01400000000001" classname="naivepop" name="naivepop_produces_expected_coefficients_of_the_model"/>
    <testcase time="0.00600000000002865" classname="naivepop" name="naivepop_outputs_the_right_elements"/>
  </testsuite>
  <testsuite name="plot" timestamp="2023-02-15T13:46:47Z" hostname="c841dbce1308" tests="4" skipped="3" failures="0" errors="0" time="4.714">
    <testcase time="0.0399999999999636" classname="plot" name="plot_works_as_expected_for_naive"/>
    <testcase time="1.26100000000002" classname="plot" name="plot_works_as_expected_for_naive">
      <skipped message="Reason: On CRAN ('test-plot.R:3')"/>
    </testcase>
    <testcase time="1.36899999999997" classname="plot" name="plot_works_as_expected_for_elastic_net">
      <skipped message="Reason: On CRAN ('test-plot.R:8')"/>
    </testcase>
    <testcase time="2.04400000000004" classname="plot" name="plot_works_as_expected_for_horseshoe">
      <skipped message="Reason: On CRAN ('test-plot.R:13')"/>
    </testcase>
  </testsuite>
  <testsuite name="preprocess" timestamp="2023-02-15T13:46:51Z" hostname="c841dbce1308" tests="1" skipped="0" failures="0" errors="0" time="0.019">
    <testcase time="0.0190000000000055" classname="preprocess" name="preprocess_outputs_the_right_elements"/>
  </testsuite>
  <testsuite name="print" timestamp="2023-02-15T13:46:51Z" hostname="c841dbce1308" tests="4" skipped="0" failures="0" errors="0" time="4.151">
    <testcase time="0.00599999999997181" classname="print" name="print_outputs_the_right_element_for_naivepop"/>
    <testcase time="0.0040000000000191" classname="print" name="print_outputs_the_right_element_for_naive"/>
    <testcase time="0.0250000000000341" classname="print" name="print_outputs_the_right_element_for_elastic_net"/>
    <testcase time="4.11599999999999" classname="print" name="print_outputs_the_right_element_for_horseshoe"/>
  </testsuite>
  <testsuite name="subgroups" timestamp="2023-02-15T13:46:55Z" hostname="c841dbce1308" tests="2" skipped="0" failures="0" errors="0" time="0.54">
    <testcase time="0.526999999999987" classname="subgroups" name="subgroups_outputs_the_right_element_for_survival"/>
    <testcase time="0.0129999999999768" classname="subgroups" name="subgroups_outputs_the_right_element_for_binary"/>
  </testsuite>
  <testsuite name="summary" timestamp="2023-02-15T13:46:56Z" hostname="c841dbce1308" tests="8" skipped="0" failures="0" errors="0" time="28.59">
    <testcase time="0.007000000000005" classname="summary" name="summary_outputs_the_right_element_for_naivepop_survival"/>
    <testcase time="0.00200000000000955" classname="summary" name="summary_outputs_the_right_element_for_naivepop_binary"/>
    <testcase time="0.0029999999999859" classname="summary" name="summary_outputs_the_right_element_for_naive_survival"/>
    <testcase time="0.00300000000004275" classname="summary" name="summary_outputs_the_right_element_for_naive_binary"/>
    <testcase time="0.34499999999997" classname="summary" name="summary_outputs_the_right_element_for_elastic_net_survival"/>
    <testcase time="0.0149999999999864" classname="summary" name="summary_outputs_the_right_element_for_elastic_net_binary"/>
    <testcase time="24.679" classname="summary" name="summary_outputs_the_right_element_for_horseshoe_survival"/>
    <testcase time="3.536" classname="summary" name="summary_outputs_the_right_element_for_horseshoe_binary"/>
  </testsuite>
  <testsuite name="surv_prob" timestamp="2023-02-15T13:47:25Z" hostname="c841dbce1308" tests="1" skipped="0" failures="0" errors="0" time="0.005">
    <testcase time="0.00499999999999545" classname="surv_prob" name="surv_prob_outputs_the_right_element"/>
  </testsuite>
  <testsuite name="survival_curves" timestamp="2023-02-15T13:47:25Z" hostname="c841dbce1308" tests="1" skipped="0" failures="0" errors="0" time="0.005">
    <testcase time="0.00499999999999545" classname="survival_curves" name="survival_curves_outputs_the_right_element"/>
  </testsuite>
  <testsuite name="test" timestamp="2023-02-15T13:47:25Z" hostname="c841dbce1308" tests="1" skipped="0" failures="0" errors="0" time="0.004">
    <testcase time="0.0040000000000191" classname="test" name="test_works_as_expected"/>
  </testsuite>
  <testsuite name="trt_horseshoe" timestamp="2023-02-15T13:47:25Z" hostname="c841dbce1308" tests="2" skipped="0" failures="0" errors="0" time="14.449">
    <testcase time="12.547" classname="trt_horseshoe" name="trt_horseshoe_outputs_the_right_element_for_survival"/>
    <testcase time="1.90199999999999" classname="trt_horseshoe" name="trt_horseshoe_outputs_the_right_element_for_binary"/>
  </testsuite>
</testsuites>
