<?xml version="1.0" encoding="UTF-8"?>
<testsuites>
  <testsuite name="elastic_net" timestamp="2023-02-08T11:52:30Z" hostname="6393bdd81b62" tests="2" skipped="0" failures="0" errors="0" time="0.558">
    <testcase time="0.396" classname="elastic_net" name="Elastic_net_outputs_the_right_elements_for_survival"/>
    <testcase time="0.162" classname="elastic_net" name="Elastic_net_outputs_the_right_elements_for_binary"/>
  </testsuite>
  <testsuite name="generate_stacked_data" timestamp="2023-02-08T11:52:31Z" hostname="6393bdd81b62" tests="5" skipped="0" failures="0" errors="0" time="0.355">
    <testcase time="0.123" classname="generate_stacked_data" name="Generate_stacked_data_outputs_the_right_element_for_survival"/>
    <testcase time="0.0540000000000003" classname="generate_stacked_data" name="Generate_stacked_data_outputs_the_right_element_for_survival"/>
    <testcase time="0.0539999999999994" classname="generate_stacked_data" name="Generate_stacked_data_outputs_the_right_element_for_survival"/>
    <testcase time="0.0580000000000007" classname="generate_stacked_data" name="Generate_stacked_data_outputs_the_right_element_for_survival"/>
    <testcase time="0.0659999999999998" classname="generate_stacked_data" name="Generate_stacked_data_outputs_the_right_element_for_binary"/>
  </testsuite>
  <testsuite name="hello" timestamp="2023-02-08T11:52:31Z" hostname="6393bdd81b62" tests="1" skipped="0" failures="0" errors="0" time="0.028">
    <testcase time="0.0279999999999996" classname="hello" name="hello_greets_the_entity"/>
  </testsuite>
  <testsuite name="horseshoe" timestamp="2023-02-08T11:52:31Z" hostname="6393bdd81b62" tests="2" skipped="0" failures="0" errors="0" time="268.347">
    <testcase time="170.599" classname="horseshoe" name="Horseshoe_outputs_the_right_elements_for_survival"/>
    <testcase time="97.748" classname="horseshoe" name="Horseshoe_outputs_the_right_elements_for_binary"/>
  </testsuite>
  <testsuite name="lOR_estimation" timestamp="2023-02-08T11:56:59Z" hostname="6393bdd81b62" tests="1" skipped="0" failures="0" errors="0" time="0.007">
    <testcase time="0.007000000000005" classname="lOR_estimation" name="lor_estimation_outputs_the_right_element"/>
  </testsuite>
  <testsuite name="naive" timestamp="2023-02-08T11:56:59Z" hostname="6393bdd81b62" tests="2" skipped="0" failures="0" errors="0" time="0.365">
    <testcase time="0.170000000000016" classname="naive" name="Naive_outputs_the_right_elements_for_survival"/>
    <testcase time="0.194999999999993" classname="naive" name="Naive_outputs_the_right_elements_for_binary"/>
  </testsuite>
  <testsuite name="naivepop" timestamp="2023-02-08T11:57:00Z" hostname="6393bdd81b62" tests="2" skipped="0" failures="0" errors="0" time="0.023">
    <testcase time="0.0159999999999627" classname="naivepop" name="Naivepop_produces_expected_coefficients_of_the_model"/>
    <testcase time="0.007000000000005" classname="naivepop" name="Naivepop_outputs_the_right_elements"/>
  </testsuite>
  <testsuite name="preprocess" timestamp="2023-02-08T11:57:00Z" hostname="6393bdd81b62" tests="1" skipped="0" failures="0" errors="0" time="0.013">
    <testcase time="0.0130000000000337" classname="preprocess" name="Preprocess_outputs_the_right_elements"/>
  </testsuite>
  <testsuite name="summary" timestamp="2023-02-08T11:57:00Z" hostname="6393bdd81b62" tests="4" skipped="0" failures="0" errors="0" time="0.015">
    <testcase time="0.007000000000005" classname="summary" name="Summary_outputs_the_right_element_for_naivepop_survival"/>
    <testcase time="0.00199999999995271" classname="summary" name="Summary_outputs_the_right_element_for_naivepop_binary"/>
    <testcase time="0.00300000000004275" classname="summary" name="Summary_outputs_the_right_element_for_naive_survival"/>
    <testcase time="0.0029999999999859" classname="summary" name="Summary_outputs_the_right_element_for_naive_binary"/>
  </testsuite>
  <testsuite name="surv_prob" timestamp="2023-02-08T11:57:00Z" hostname="6393bdd81b62" tests="1" skipped="0" failures="0" errors="0" time="0.007">
    <testcase time="0.007000000000005" classname="surv_prob" name="Surv_prob_outputs_the_right_element"/>
  </testsuite>
  <testsuite name="test" timestamp="2023-02-08T11:57:00Z" hostname="6393bdd81b62" tests="1" skipped="0" failures="0" errors="0" time="0.005">
    <testcase time="0.00499999999999545" classname="test" name="test_works_as_expected"/>
  </testsuite>
</testsuites>
