<?xml version="1.0" encoding="UTF-8"?>
<testsuites>
  <testsuite name="elastic_net" timestamp="2023-02-08T11:17:21Z" hostname="3dc87d331ecb" tests="2" skipped="0" failures="0" errors="0" time="0.605">
    <testcase time="0.433" classname="elastic_net" name="Elastic_net_outputs_the_right_elements_for_survival"/>
    <testcase time="0.172" classname="elastic_net" name="Elastic_net_outputs_the_right_elements_for_binary"/>
  </testsuite>
  <testsuite name="generate_stacked_data" timestamp="2023-02-08T11:17:22Z" hostname="3dc87d331ecb" tests="5" skipped="0" failures="0" errors="0" time="0.388">
    <testcase time="0.136" classname="generate_stacked_data" name="Generate_stacked_data_outputs_the_right_element_for_survival"/>
    <testcase time="0.0590000000000002" classname="generate_stacked_data" name="Generate_stacked_data_outputs_the_right_element_for_survival"/>
    <testcase time="0.0579999999999998" classname="generate_stacked_data" name="Generate_stacked_data_outputs_the_right_element_for_survival"/>
    <testcase time="0.0640000000000001" classname="generate_stacked_data" name="Generate_stacked_data_outputs_the_right_element_for_survival"/>
    <testcase time="0.0709999999999997" classname="generate_stacked_data" name="Generate_stacked_data_outputs_the_right_element_for_binary"/>
  </testsuite>
  <testsuite name="hello" timestamp="2023-02-08T11:17:22Z" hostname="3dc87d331ecb" tests="1" skipped="0" failures="0" errors="0" time="0.032">
    <testcase time="0.032" classname="hello" name="hello_greets_the_entity"/>
  </testsuite>
  <testsuite name="horseshoe" timestamp="2023-02-08T11:17:22Z" hostname="3dc87d331ecb" tests="2" skipped="0" failures="0" errors="0" time="269.108">
    <testcase time="170.164" classname="horseshoe" name="Horseshoe_outputs_the_right_elements_for_survival"/>
    <testcase time="98.944" classname="horseshoe" name="Horseshoe_outputs_the_right_elements_for_binary"/>
  </testsuite>
  <testsuite name="lOR_estimation" timestamp="2023-02-08T11:21:51Z" hostname="3dc87d331ecb" tests="1" skipped="0" failures="0" errors="0" time="0.007">
    <testcase time="0.007000000000005" classname="lOR_estimation" name="lor_estimation_outputs_the_right_element"/>
  </testsuite>
  <testsuite name="naive" timestamp="2023-02-08T11:21:51Z" hostname="3dc87d331ecb" tests="2" skipped="0" failures="0" errors="0" time="0.345">
    <testcase time="0.163999999999987" classname="naive" name="Naive_outputs_the_right_elements_for_survival"/>
    <testcase time="0.18100000000004" classname="naive" name="Naive_outputs_the_right_elements_for_binary"/>
  </testsuite>
  <testsuite name="naivepop" timestamp="2023-02-08T11:21:52Z" hostname="3dc87d331ecb" tests="2" skipped="0" failures="0" errors="0" time="0.022">
    <testcase time="0.0159999999999627" classname="naivepop" name="Naivepop_produces_expected_coefficients_of_the_model"/>
    <testcase time="0.00600000000002865" classname="naivepop" name="Naivepop_outputs_the_right_elements"/>
  </testsuite>
  <testsuite name="preprocess" timestamp="2023-02-08T11:21:52Z" hostname="3dc87d331ecb" tests="1" skipped="0" failures="0" errors="0" time="0.013">
    <testcase time="0.0129999999999768" classname="preprocess" name="Preprocess_outputs_the_right_elements"/>
  </testsuite>
  <testsuite name="summary" timestamp="2023-02-08T11:21:52Z" hostname="3dc87d331ecb" tests="4" skipped="0" failures="0" errors="0" time="0.015">
    <testcase time="0.007000000000005" classname="summary" name="Summary_outputs_the_right_element_for_naivepop_survival"/>
    <testcase time="0.00200000000000955" classname="summary" name="Summary_outputs_the_right_element_for_naivepop_binary"/>
    <testcase time="0.0029999999999859" classname="summary" name="Summary_outputs_the_right_element_for_naive_survival"/>
    <testcase time="0.0029999999999859" classname="summary" name="Summary_outputs_the_right_element_for_naive_binary"/>
  </testsuite>
  <testsuite name="surv_prob" timestamp="2023-02-08T11:21:52Z" hostname="3dc87d331ecb" tests="1" skipped="0" failures="0" errors="0" time="0.009">
    <testcase time="0.00900000000001455" classname="surv_prob" name="Surv_prob_outputs_the_right_element"/>
  </testsuite>
  <testsuite name="test" timestamp="2023-02-08T11:21:52Z" hostname="3dc87d331ecb" tests="1" skipped="0" failures="0" errors="0" time="0.005">
    <testcase time="0.00499999999999545" classname="test" name="test_works_as_expected"/>
  </testsuite>
</testsuites>
