<?xml version="1.0" encoding="UTF-8"?>
<testsuites>
  <testsuite name="elastic_net" timestamp="2023-02-08T10:57:04Z" hostname="c434a3091dee" tests="2" skipped="0" failures="0" errors="0" time="0.529">
    <testcase time="0.373" classname="elastic_net" name="Elastic_net_outputs_the_right_elements_for_survival"/>
    <testcase time="0.156" classname="elastic_net" name="Elastic_net_outputs_the_right_elements_for_binary"/>
  </testsuite>
  <testsuite name="generate_stacked_data" timestamp="2023-02-08T10:57:05Z" hostname="c434a3091dee" tests="5" skipped="0" failures="0" errors="0" time="0.333">
    <testcase time="0.117" classname="generate_stacked_data" name="Generate_stacked_data_outputs_the_right_element_for_survival"/>
    <testcase time="0.0519999999999996" classname="generate_stacked_data" name="Generate_stacked_data_outputs_the_right_element_for_survival"/>
    <testcase time="0.0510000000000002" classname="generate_stacked_data" name="Generate_stacked_data_outputs_the_right_element_for_survival"/>
    <testcase time="0.056" classname="generate_stacked_data" name="Generate_stacked_data_outputs_the_right_element_for_survival"/>
    <testcase time="0.0570000000000004" classname="generate_stacked_data" name="Generate_stacked_data_outputs_the_right_element_for_binary"/>
  </testsuite>
  <testsuite name="hello" timestamp="2023-02-08T10:57:05Z" hostname="c434a3091dee" tests="1" skipped="0" failures="0" errors="0" time="0.026">
    <testcase time="0.0259999999999998" classname="hello" name="hello_greets_the_entity"/>
  </testsuite>
  <testsuite name="horseshoe" timestamp="2023-02-08T10:57:05Z" hostname="c434a3091dee" tests="2" skipped="0" failures="0" errors="0" time="262.298">
    <testcase time="166.561" classname="horseshoe" name="Horseshoe_outputs_the_right_elements_for_survival"/>
    <testcase time="95.737" classname="horseshoe" name="Horseshoe_outputs_the_right_elements_for_binary"/>
  </testsuite>
  <testsuite name="lOR_estimation" timestamp="2023-02-08T11:01:27Z" hostname="c434a3091dee" tests="1" skipped="0" failures="0" errors="0" time="0.006">
    <testcase time="0.00599999999997181" classname="lOR_estimation" name="lor_estimation_outputs_the_right_element"/>
  </testsuite>
  <testsuite name="naive" timestamp="2023-02-08T11:01:27Z" hostname="c434a3091dee" tests="2" skipped="0" failures="0" errors="0" time="0.336">
    <testcase time="0.160000000000025" classname="naive" name="Naive_outputs_the_right_elements_for_survival"/>
    <testcase time="0.175999999999988" classname="naive" name="Naive_outputs_the_right_elements_for_binary"/>
  </testsuite>
  <testsuite name="naivepop" timestamp="2023-02-08T11:01:28Z" hostname="c434a3091dee" tests="2" skipped="0" failures="0" errors="0" time="0.021">
    <testcase time="0.01400000000001" classname="naivepop" name="Naivepop_produces_expected_coefficients_of_the_model"/>
    <testcase time="0.007000000000005" classname="naivepop" name="Naivepop_outputs_the_right_elements"/>
  </testsuite>
  <testsuite name="preprocess" timestamp="2023-02-08T11:01:28Z" hostname="c434a3091dee" tests="1" skipped="0" failures="0" errors="0" time="0.012">
    <testcase time="0.0120000000000005" classname="preprocess" name="Preprocess_outputs_the_right_elements"/>
  </testsuite>
  <testsuite name="summary" timestamp="2023-02-08T11:01:28Z" hostname="c434a3091dee" tests="4" skipped="0" failures="0" errors="0" time="0.014">
    <testcase time="0.00599999999997181" classname="summary" name="Summary_outputs_the_right_element_for_naivepop_survival"/>
    <testcase time="0.00200000000000955" classname="summary" name="Summary_outputs_the_right_element_for_naivepop_binary"/>
    <testcase time="0.0029999999999859" classname="summary" name="Summary_outputs_the_right_element_for_naive_survival"/>
    <testcase time="0.00300000000004275" classname="summary" name="Summary_outputs_the_right_element_for_naive_binary"/>
  </testsuite>
  <testsuite name="surv_prob" timestamp="2023-02-08T11:01:28Z" hostname="c434a3091dee" tests="1" skipped="0" failures="0" errors="0" time="0.007">
    <testcase time="0.007000000000005" classname="surv_prob" name="Surv_prob_outputs_the_right_element"/>
  </testsuite>
  <testsuite name="test" timestamp="2023-02-08T11:01:28Z" hostname="c434a3091dee" tests="1" skipped="0" failures="0" errors="0" time="0.005">
    <testcase time="0.00499999999999545" classname="test" name="test_works_as_expected"/>
  </testsuite>
</testsuites>
