<?xml version="1.0" encoding="UTF-8"?>
<testsuites>
  <testsuite name="ahr_estimation" timestamp="2024-09-27T14:23:18Z" hostname="f73211ada8b1" tests="5" skipped="0" failures="0" errors="0" time="0.137">
    <testcase time="0.0430000000000001" classname="ahr_estimation" name="ahr_estimation_outputs_the_right_element"/>
    <testcase time="0.0459999999999998" classname="ahr_estimation" name="km_fun_works_as_expected"/>
    <testcase time="0.00500000000000012" classname="ahr_estimation" name="km_fun_works_as_expected"/>
    <testcase time="0.032" classname="ahr_estimation" name="ahr_from_km_works_as_expected"/>
    <testcase time="0.0109999999999999" classname="ahr_estimation" name="ahr_from_km_works_as_expected"/>
  </testsuite>
  <testsuite name="compare" timestamp="2024-09-27T14:23:18Z" hostname="f73211ada8b1" tests="2" skipped="0" failures="0" errors="0" time="0.074">
    <testcase time="0.0650000000000002" classname="compare" name="compare_outputs_the_right_element"/>
    <testcase time="0.0089999999999999" classname="compare" name="compare_outputs_an_error_when_there_are_less_than_two_arguments"/>
  </testsuite>
  <testsuite name="elastic_net" timestamp="2024-09-27T14:23:18Z" hostname="f73211ada8b1" tests="2" skipped="0" failures="0" errors="0" time="0.309">
    <testcase time="0.213" classname="elastic_net" name="elastic_net_outputs_the_right_elements_for_survival"/>
    <testcase time="0.0960000000000001" classname="elastic_net" name="elastic_net_outputs_the_right_elements_for_binary"/>
  </testsuite>
  <testsuite name="generate_stacked_data" timestamp="2024-09-27T14:23:18Z" hostname="f73211ada8b1" tests="2" skipped="0" failures="0" errors="0" time="0.045">
    <testcase time="0.0299999999999998" classname="generate_stacked_data" name="generate_stacked_data_outputs_the_right_element_for_survival"/>
    <testcase time="0.0150000000000001" classname="generate_stacked_data" name="generate_stacked_data_outputs_the_right_element_for_binary"/>
  </testsuite>
  <testsuite name="horseshoe" timestamp="2024-09-27T14:23:18Z" hostname="f73211ada8b1" tests="2" skipped="1" failures="0" errors="0" time="153.085">
    <testcase time="153.081" classname="horseshoe" name="horseshoe_outputs_the_right_elements_for_survival"/>
    <testcase time="0.00399999999999068" classname="horseshoe" name="horseshoe_outputs_the_right_elements_for_binary">
      <skipped message="Reason: On CRAN ('test-horseshoe.R:60:3')"/>
    </testcase>
  </testsuite>
  <testsuite name="lOR_estimation" timestamp="2024-09-27T14:25:51Z" hostname="f73211ada8b1" tests="1" skipped="0" failures="0" errors="0" time="0.036">
    <testcase time="0.0360000000000014" classname="lOR_estimation" name="lor_estimation_outputs_the_right_element"/>
  </testsuite>
  <testsuite name="naive" timestamp="2024-09-27T14:25:51Z" hostname="f73211ada8b1" tests="2" skipped="0" failures="0" errors="0" time="0.276">
    <testcase time="0.109999999999985" classname="naive" name="naive_outputs_the_right_elements_for_survival"/>
    <testcase time="0.166000000000025" classname="naive" name="naive_outputs_the_right_elements_for_binary"/>
  </testsuite>
  <testsuite name="naivepop" timestamp="2024-09-27T14:25:52Z" hostname="f73211ada8b1" tests="2" skipped="0" failures="0" errors="0" time="0.021">
    <testcase time="0.0129999999999768" classname="naivepop" name="naivepop_produces_expected_coefficients_of_the_model"/>
    <testcase time="0.00800000000000978" classname="naivepop" name="naivepop_outputs_the_right_elements"/>
  </testsuite>
  <testsuite name="plot" timestamp="2024-09-27T14:25:52Z" hostname="f73211ada8b1" tests="7" skipped="4" failures="0" errors="0" time="5.216">
    <testcase time="0.0509999999999877" classname="plot" name="plot_works_as_expected_for_naive"/>
    <testcase time="1.16600000000003" classname="plot" name="plot_works_as_expected_for_naive">
      <skipped message="Reason: On CRAN ('test-plot.R:3:3')"/>
    </testcase>
    <testcase time="1.80399999999997" classname="plot" name="plot_works_as_expected_for_elastic_net">
      <skipped message="Reason: On CRAN ('test-plot.R:8:3')"/>
    </testcase>
    <testcase time="0.38900000000001" classname="plot" name="plot_works_as_expected_for_horseshoe"/>
    <testcase time="0.271000000000015" classname="plot" name="plot_works_as_expected_for_horseshoe">
      <skipped message="Reason: On CRAN ('test-plot.R:13:3')"/>
    </testcase>
    <testcase time="0.429000000000002" classname="plot" name="plot_works_as_expected_for_compare.data"/>
    <testcase time="1.10599999999999" classname="plot" name="plot_works_as_expected_for_compare.data">
      <skipped message="Reason: On CRAN ('test-plot.R:18:3')"/>
    </testcase>
  </testsuite>
  <testsuite name="preprocess" timestamp="2024-09-27T14:25:57Z" hostname="f73211ada8b1" tests="1" skipped="0" failures="0" errors="0" time="0.03">
    <testcase time="0.0300000000000011" classname="preprocess" name="preprocess_outputs_the_right_elements"/>
  </testsuite>
  <testsuite name="print" timestamp="2024-09-27T14:25:57Z" hostname="f73211ada8b1" tests="4" skipped="4" failures="0" errors="0" time="0.459">
    <testcase time="0.054000000000002" classname="print" name="print_outputs_the_right_element_for_naivepop">
      <skipped message="Reason: On CRAN ('test-print.R:3:3')"/>
    </testcase>
    <testcase time="0.0180000000000007" classname="print" name="print_outputs_the_right_element_for_naive">
      <skipped message="Reason: On CRAN ('test-print.R:8:3')"/>
    </testcase>
    <testcase time="0.0339999999999918" classname="print" name="print_outputs_the_right_element_for_elastic_net">
      <skipped message="Reason: On CRAN ('test-print.R:13:3')"/>
    </testcase>
    <testcase time="0.353000000000009" classname="print" name="summary_outputs_the_right_element_for_horseshoe">
      <skipped message="Reason: On CRAN ('test-print.R:18:3')"/>
    </testcase>
  </testsuite>
  <testsuite name="simulation" timestamp="2024-09-27T14:25:57Z" hostname="f73211ada8b1" tests="34" skipped="3" failures="0" errors="0" time="0.195">
    <testcase time="0.0240000000000009" classname="simulation" name="cut_norm_quant_works_as_expected"/>
    <testcase time="0.00399999999999068" classname="simulation" name="cut_norm_quant_works_as_expected"/>
    <testcase time="0.0180000000000007" classname="simulation" name="simul_covariates_works_as_expected_with_less_than_10_covariates"/>
    <testcase time="0.00199999999998113" classname="simulation" name="simul_covariates_works_as_expected_with_less_than_10_covariates"/>
    <testcase time="0.007000000000005" classname="simulation" name="simul_covariates_works_as_expected_with_less_than_10_covariates">
      <skipped message="Reason: On CRAN ('test-simulation.R:16:3')"/>
    </testcase>
    <testcase time="0.0260000000000105" classname="simulation" name="simul_covariates_works_as_expected_with_more_than_10_covariates"/>
    <testcase time="0.00200000000000955" classname="simulation" name="simul_covariates_works_as_expected_with_more_than_10_covariates"/>
    <testcase time="0.00600000000000023" classname="simulation" name="simul_covariates_works_as_expected_with_more_than_10_covariates">
      <skipped message="Reason: On CRAN ('test-simulation.R:23:3')"/>
    </testcase>
    <testcase time="0.0180000000000007" classname="simulation" name="simul_covariates_works_as_expected_when_adding_continuous_covariates"/>
    <testcase time="0.000999999999976353" classname="simulation" name="simul_covariates_works_as_expected_when_adding_continuous_covariates"/>
    <testcase time="0.00800000000000978" classname="simulation" name="simul_covariates_works_as_expected_when_adding_continuous_covariates">
      <skipped message="Reason: On CRAN ('test-simulation.R:30:3')"/>
    </testcase>
    <testcase time="0.0190000000000055" classname="simulation" name="simul_covariates_optionally_returns_arm_as_factor"/>
    <testcase time="0.00100000000000477" classname="simulation" name="simul_covariates_optionally_returns_arm_as_factor"/>
    <testcase time="0.00600000000000023" classname="simulation" name="simul_pfs_works_as_expected"/>
    <testcase time="0.00100000000000477" classname="simulation" name="simul_pfs_works_as_expected"/>
    <testcase time="0.000999999999976353" classname="simulation" name="simul_pfs_works_as_expected"/>
    <testcase time="0.00100000000000477" classname="simulation" name="simul_pfs_works_as_expected"/>
    <testcase time="0.00100000000000477" classname="simulation" name="simul_pfs_works_as_expected"/>
    <testcase time="0.00300000000001432" classname="simulation" name="simul_pfs_works_as_expected"/>
    <testcase time="0.00499999999999545" classname="simulation" name="simul_pfs_adds_the_uncensored_PFS_when_requested"/>
    <testcase time="0.00100000000000477" classname="simulation" name="simul_pfs_adds_the_uncensored_PFS_when_requested"/>
    <testcase time="0.000999999999976353" classname="simulation" name="simul_pfs_adds_the_uncensored_PFS_when_requested"/>
    <testcase time="0.00100000000000477" classname="simulation" name="simul_pfs_adds_the_uncensored_PFS_when_requested"/>
    <testcase time="0.00100000000000477" classname="simulation" name="simul_pfs_adds_the_uncensored_PFS_when_requested"/>
    <testcase time="0.00300000000001432" classname="simulation" name="simul_pfs_adds_the_uncensored_PFS_when_requested"/>
    <testcase time="0.000999999999976353" classname="simulation" name="simul_pfs_adds_the_uncensored_PFS_when_requested"/>
    <testcase time="0.00300000000001432" classname="simulation" name="simul_pfs_adds_the_uncensored_PFS_when_requested"/>
    <testcase time="0.0120000000000005" classname="simulation" name="simul_data_works_as_expected"/>
    <testcase time="0.00100000000000477" classname="simulation" name="simul_data_works_as_expected"/>
    <testcase time="0.000999999999976353" classname="simulation" name="simul_data_works_as_expected"/>
    <testcase time="0.00100000000000477" classname="simulation" name="simul_data_works_as_expected"/>
    <testcase time="0.0130000000000052" classname="simulation" name="simul_data_works_as_expected_with_interactions_between_1st_and_2nd_covariate"/>
    <testcase time="0.00100000000000477" classname="simulation" name="simul_data_works_as_expected_with_interactions_between_1st_and_2nd_covariate"/>
    <testcase time="0.00100000000000477" classname="simulation" name="simul_data_works_as_expected_with_interactions_between_1st_and_2nd_covariate"/>
  </testsuite>
  <testsuite name="subgroups" timestamp="2024-09-27T14:25:58Z" hostname="f73211ada8b1" tests="2" skipped="0" failures="0" errors="0" time="0.441">
    <testcase time="0.417000000000002" classname="subgroups" name="subgroups_outputs_the_right_element_for_survival"/>
    <testcase time="0.0240000000000009" classname="subgroups" name="subgroups_outputs_the_right_element_for_binary"/>
  </testsuite>
  <testsuite name="summary" timestamp="2024-09-27T14:25:58Z" hostname="f73211ada8b1" tests="8" skipped="0" failures="0" errors="0" time="5.754">
    <testcase time="0.0120000000000005" classname="summary" name="summary_outputs_the_right_element_for_naivepop_survival"/>
    <testcase time="0.00699999999997658" classname="summary" name="summary_outputs_the_right_element_for_naivepop_binary"/>
    <testcase time="0.0169999999999959" classname="summary" name="summary_outputs_the_right_element_for_naive_survival"/>
    <testcase time="0.0160000000000196" classname="summary" name="summary_outputs_the_right_element_for_naive_binary"/>
    <testcase time="0.674000000000007" classname="summary" name="summary_outputs_the_right_element_for_elastic_net_survival"/>
    <testcase time="0.0289999999999964" classname="summary" name="summary_outputs_the_right_element_for_elastic_net_binary"/>
    <testcase time="4.346" classname="summary" name="summary_outputs_the_right_element_for_horseshoe_survival"/>
    <testcase time="0.652999999999992" classname="summary" name="summary_outputs_the_right_element_for_horseshoe_binary"/>
  </testsuite>
  <testsuite name="surv_prob" timestamp="2024-09-27T14:26:04Z" hostname="f73211ada8b1" tests="1" skipped="0" failures="0" errors="0" time="0.014">
    <testcase time="0.01400000000001" classname="surv_prob" name="surv_prob_outputs_the_right_element"/>
  </testsuite>
  <testsuite name="survival_curves" timestamp="2024-09-27T14:26:04Z" hostname="f73211ada8b1" tests="1" skipped="0" failures="0" errors="0" time="0.011">
    <testcase time="0.0109999999999957" classname="survival_curves" name="survival_curves_outputs_the_right_element"/>
  </testsuite>
  <testsuite name="trt_horseshoe" timestamp="2024-09-27T14:26:04Z" hostname="f73211ada8b1" tests="8" skipped="0" failures="0" errors="0" time="2.433">
    <testcase time="2.08099999999999" classname="trt_horseshoe" name="trt_horseshoe_outputs_the_right_element_for_survival"/>
    <testcase time="0.00200000000000955" classname="trt_horseshoe" name="trt_horseshoe_outputs_the_right_element_for_survival"/>
    <testcase time="0.0029999999999859" classname="trt_horseshoe" name="trt_horseshoe_outputs_the_right_element_for_survival"/>
    <testcase time="0.00100000000000477" classname="trt_horseshoe" name="trt_horseshoe_outputs_the_right_element_for_survival"/>
    <testcase time="0.337999999999994" classname="trt_horseshoe" name="trt_horseshoe_outputs_the_right_element_for_binary"/>
    <testcase time="0.00200000000000955" classname="trt_horseshoe" name="trt_horseshoe_outputs_the_right_element_for_binary"/>
    <testcase time="0.00499999999999545" classname="trt_horseshoe" name="trt_horseshoe_outputs_the_right_element_for_binary"/>
    <testcase time="0.00100000000000477" classname="trt_horseshoe" name="trt_horseshoe_outputs_the_right_element_for_binary"/>
  </testsuite>
</testsuites>
