<?xml version="1.0" encoding="UTF-8"?>
<testsuites>
  <testsuite name="ahr_estimation" timestamp="2024-05-23T12:45:52Z" hostname="f12df7cbd31b" tests="5" skipped="0" failures="0" errors="0" time="0.17">
    <testcase time="0.0750000000000002" classname="ahr_estimation" name="ahr_estimation_outputs_the_right_element"/>
    <testcase time="0.0599999999999996" classname="ahr_estimation" name="km_fun_works_as_expected"/>
    <testcase time="0.00400000000000045" classname="ahr_estimation" name="km_fun_works_as_expected"/>
    <testcase time="0.0219999999999994" classname="ahr_estimation" name="ahr_from_km_works_as_expected"/>
    <testcase time="0.00900000000000034" classname="ahr_estimation" name="ahr_from_km_works_as_expected"/>
  </testsuite>
  <testsuite name="compare" timestamp="2024-05-23T12:45:52Z" hostname="f12df7cbd31b" tests="2" skipped="0" failures="0" errors="0" time="0.064">
    <testcase time="0.0540000000000003" classname="compare" name="compare_outputs_the_right_element"/>
    <testcase time="0.00999999999999979" classname="compare" name="compare_outputs_an_error_when_there_are_less_than_two_arguments"/>
  </testsuite>
  <testsuite name="elastic_net" timestamp="2024-05-23T12:45:52Z" hostname="f12df7cbd31b" tests="2" skipped="0" failures="0" errors="0" time="0.363">
    <testcase time="0.261" classname="elastic_net" name="elastic_net_outputs_the_right_elements_for_survival"/>
    <testcase time="0.102" classname="elastic_net" name="elastic_net_outputs_the_right_elements_for_binary"/>
  </testsuite>
  <testsuite name="generate_stacked_data" timestamp="2024-05-23T12:45:52Z" hostname="f12df7cbd31b" tests="2" skipped="0" failures="0" errors="0" time="0.049">
    <testcase time="0.032" classname="generate_stacked_data" name="generate_stacked_data_outputs_the_right_element_for_survival"/>
    <testcase time="0.0169999999999995" classname="generate_stacked_data" name="generate_stacked_data_outputs_the_right_element_for_binary"/>
  </testsuite>
  <testsuite name="horseshoe" timestamp="2024-05-23T12:45:52Z" hostname="f12df7cbd31b" tests="2" skipped="0" failures="0" errors="0" time="337.403">
    <testcase time="174.769" classname="horseshoe" name="horseshoe_outputs_the_right_elements_for_survival"/>
    <testcase time="162.634" classname="horseshoe" name="horseshoe_outputs_the_right_elements_for_binary"/>
  </testsuite>
  <testsuite name="lOR_estimation" timestamp="2024-05-23T12:51:30Z" hostname="f12df7cbd31b" tests="1" skipped="0" failures="0" errors="0" time="0.011">
    <testcase time="0.0110000000000241" classname="lOR_estimation" name="lor_estimation_outputs_the_right_element"/>
  </testsuite>
  <testsuite name="naive" timestamp="2024-05-23T12:51:30Z" hostname="f12df7cbd31b" tests="2" skipped="0" failures="0" errors="0" time="0.539">
    <testcase time="0.118999999999971" classname="naive" name="naive_outputs_the_right_elements_for_survival"/>
    <testcase time="0.420000000000016" classname="naive" name="naive_outputs_the_right_elements_for_binary"/>
  </testsuite>
  <testsuite name="naivepop" timestamp="2024-05-23T12:51:30Z" hostname="f12df7cbd31b" tests="2" skipped="0" failures="0" errors="0" time="0.025">
    <testcase time="0.0160000000000196" classname="naivepop" name="naivepop_produces_expected_coefficients_of_the_model"/>
    <testcase time="0.00899999999995771" classname="naivepop" name="naivepop_outputs_the_right_elements"/>
  </testsuite>
  <testsuite name="plot" timestamp="2024-05-23T12:51:30Z" hostname="f12df7cbd31b" tests="7" skipped="4" failures="0" errors="0" time="6.52">
    <testcase time="0.0660000000000309" classname="plot" name="plot_works_as_expected_for_naive"/>
    <testcase time="1.24199999999996" classname="plot" name="plot_works_as_expected_for_naive">
      <skipped message="Reason: On CRAN ('test-plot.R:3:3')"/>
    </testcase>
    <testcase time="1.45800000000003" classname="plot" name="plot_works_as_expected_for_elastic_net">
      <skipped message="Reason: On CRAN ('test-plot.R:8:3')"/>
    </testcase>
    <testcase time="1.87599999999998" classname="plot" name="plot_works_as_expected_for_horseshoe"/>
    <testcase time="0.25200000000001" classname="plot" name="plot_works_as_expected_for_horseshoe">
      <skipped message="Reason: On CRAN ('test-plot.R:13:3')"/>
    </testcase>
    <testcase time="0.52600000000001" classname="plot" name="plot_works_as_expected_for_compare.data"/>
    <testcase time="1.10000000000002" classname="plot" name="plot_works_as_expected_for_compare.data">
      <skipped message="Reason: On CRAN ('test-plot.R:18:3')"/>
    </testcase>
  </testsuite>
  <testsuite name="preprocess" timestamp="2024-05-23T12:51:37Z" hostname="f12df7cbd31b" tests="1" skipped="0" failures="0" errors="0" time="0.022">
    <testcase time="0.0219999999999914" classname="preprocess" name="preprocess_outputs_the_right_elements"/>
  </testsuite>
  <testsuite name="print" timestamp="2024-05-23T12:51:37Z" hostname="f12df7cbd31b" tests="4" skipped="4" failures="0" errors="0" time="1.59">
    <testcase time="0.0620000000000118" classname="print" name="print_outputs_the_right_element_for_naivepop">
      <skipped message="Reason: On CRAN ('test-print.R:3:3')"/>
    </testcase>
    <testcase time="0.0179999999999723" classname="print" name="print_outputs_the_right_element_for_naive">
      <skipped message="Reason: On CRAN ('test-print.R:8:3')"/>
    </testcase>
    <testcase time="0.035000000000025" classname="print" name="print_outputs_the_right_element_for_elastic_net">
      <skipped message="Reason: On CRAN ('test-print.R:13:3')"/>
    </testcase>
    <testcase time="1.47499999999997" classname="print" name="summary_outputs_the_right_element_for_horseshoe">
      <skipped message="Reason: On CRAN ('test-print.R:18:3')"/>
    </testcase>
  </testsuite>
  <testsuite name="simulation" timestamp="2024-05-23T12:51:38Z" hostname="f12df7cbd31b" tests="34" skipped="3" failures="0" errors="0" time="0.184">
    <testcase time="0.0169999999999959" classname="simulation" name="cut_norm_quant_works_as_expected"/>
    <testcase time="0.00200000000000955" classname="simulation" name="cut_norm_quant_works_as_expected"/>
    <testcase time="0.0149999999999864" classname="simulation" name="simul_covariates_works_as_expected_with_less_than_10_covariates"/>
    <testcase time="0.00200000000000955" classname="simulation" name="simul_covariates_works_as_expected_with_less_than_10_covariates"/>
    <testcase time="0.00499999999999545" classname="simulation" name="simul_covariates_works_as_expected_with_less_than_10_covariates">
      <skipped message="Reason: On CRAN ('test-simulation.R:16:3')"/>
    </testcase>
    <testcase time="0.0180000000000291" classname="simulation" name="simul_covariates_works_as_expected_with_more_than_10_covariates"/>
    <testcase time="0.000999999999976353" classname="simulation" name="simul_covariates_works_as_expected_with_more_than_10_covariates"/>
    <testcase time="0.0080000000000382" classname="simulation" name="simul_covariates_works_as_expected_with_more_than_10_covariates">
      <skipped message="Reason: On CRAN ('test-simulation.R:23:3')"/>
    </testcase>
    <testcase time="0.0259999999999536" classname="simulation" name="simul_covariates_works_as_expected_when_adding_continuous_covariates"/>
    <testcase time="0.0010000000000332" classname="simulation" name="simul_covariates_works_as_expected_when_adding_continuous_covariates"/>
    <testcase time="0.00799999999998136" classname="simulation" name="simul_covariates_works_as_expected_when_adding_continuous_covariates">
      <skipped message="Reason: On CRAN ('test-simulation.R:30:3')"/>
    </testcase>
    <testcase time="0.0190000000000055" classname="simulation" name="simul_covariates_optionally_returns_arm_as_factor"/>
    <testcase time="0.000999999999976353" classname="simulation" name="simul_covariates_optionally_returns_arm_as_factor"/>
    <testcase time="0.00499999999999545" classname="simulation" name="simul_pfs_works_as_expected"/>
    <testcase time="0.00200000000000955" classname="simulation" name="simul_pfs_works_as_expected"/>
    <testcase time="0.0010000000000332" classname="simulation" name="simul_pfs_works_as_expected"/>
    <testcase time="0.000999999999976353" classname="simulation" name="simul_pfs_works_as_expected"/>
    <testcase time="0.0010000000000332" classname="simulation" name="simul_pfs_works_as_expected"/>
    <testcase time="0.0029999999999859" classname="simulation" name="simul_pfs_works_as_expected"/>
    <testcase time="0.00499999999999545" classname="simulation" name="simul_pfs_adds_the_uncensored_PFS_when_requested"/>
    <testcase time="0.000999999999976353" classname="simulation" name="simul_pfs_adds_the_uncensored_PFS_when_requested"/>
    <testcase time="0.0010000000000332" classname="simulation" name="simul_pfs_adds_the_uncensored_PFS_when_requested"/>
    <testcase time="0.000999999999976353" classname="simulation" name="simul_pfs_adds_the_uncensored_PFS_when_requested"/>
    <testcase time="0.00200000000000955" classname="simulation" name="simul_pfs_adds_the_uncensored_PFS_when_requested"/>
    <testcase time="0.00200000000000955" classname="simulation" name="simul_pfs_adds_the_uncensored_PFS_when_requested"/>
    <testcase time="0.000999999999976353" classname="simulation" name="simul_pfs_adds_the_uncensored_PFS_when_requested"/>
    <testcase time="0.0029999999999859" classname="simulation" name="simul_pfs_adds_the_uncensored_PFS_when_requested"/>
    <testcase time="0.0130000000000337" classname="simulation" name="simul_data_works_as_expected"/>
    <testcase time="0.000999999999976353" classname="simulation" name="simul_data_works_as_expected"/>
    <testcase time="0.00200000000000955" classname="simulation" name="simul_data_works_as_expected"/>
    <testcase time="0.0010000000000332" classname="simulation" name="simul_data_works_as_expected"/>
    <testcase time="0.0129999999999768" classname="simulation" name="simul_data_works_as_expected_with_interactions_between_1st_and_2nd_covariate"/>
    <testcase time="0.000999999999976353" classname="simulation" name="simul_data_works_as_expected_with_interactions_between_1st_and_2nd_covariate"/>
    <testcase time="0.0010000000000332" classname="simulation" name="simul_data_works_as_expected_with_interactions_between_1st_and_2nd_covariate"/>
  </testsuite>
  <testsuite name="subgroups" timestamp="2024-05-23T12:51:38Z" hostname="f12df7cbd31b" tests="2" skipped="0" failures="0" errors="0" time="0.621">
    <testcase time="0.59499999999997" classname="subgroups" name="subgroups_outputs_the_right_element_for_survival"/>
    <testcase time="0.0260000000000105" classname="subgroups" name="subgroups_outputs_the_right_element_for_binary"/>
  </testsuite>
  <testsuite name="summary" timestamp="2024-05-23T12:51:39Z" hostname="f12df7cbd31b" tests="8" skipped="0" failures="0" errors="0" time="29.39">
    <testcase time="0.0120000000000005" classname="summary" name="summary_outputs_the_right_element_for_naivepop_survival"/>
    <testcase time="0.00799999999998136" classname="summary" name="summary_outputs_the_right_element_for_naivepop_binary"/>
    <testcase time="0.0170000000000528" classname="summary" name="summary_outputs_the_right_element_for_naive_survival"/>
    <testcase time="0.0159999999999627" classname="summary" name="summary_outputs_the_right_element_for_naive_binary"/>
    <testcase time="0.420999999999992" classname="summary" name="summary_outputs_the_right_element_for_elastic_net_survival"/>
    <testcase time="0.0310000000000059" classname="summary" name="summary_outputs_the_right_element_for_elastic_net_binary"/>
    <testcase time="26.056" classname="summary" name="summary_outputs_the_right_element_for_horseshoe_survival"/>
    <testcase time="2.82900000000001" classname="summary" name="summary_outputs_the_right_element_for_horseshoe_binary"/>
  </testsuite>
  <testsuite name="surv_prob" timestamp="2024-05-23T12:52:08Z" hostname="f12df7cbd31b" tests="1" skipped="0" failures="0" errors="0" time="0.011">
    <testcase time="0.0110000000000241" classname="surv_prob" name="surv_prob_outputs_the_right_element"/>
  </testsuite>
  <testsuite name="survival_curves" timestamp="2024-05-23T12:52:09Z" hostname="f12df7cbd31b" tests="1" skipped="0" failures="0" errors="0" time="0.008">
    <testcase time="0.00799999999998136" classname="survival_curves" name="survival_curves_outputs_the_right_element"/>
  </testsuite>
  <testsuite name="trt_horseshoe" timestamp="2024-05-23T12:52:09Z" hostname="f12df7cbd31b" tests="8" skipped="0" failures="0" errors="0" time="14.063">
    <testcase time="12.608" classname="trt_horseshoe" name="trt_horseshoe_outputs_the_right_element_for_survival"/>
    <testcase time="0.0010000000000332" classname="trt_horseshoe" name="trt_horseshoe_outputs_the_right_element_for_survival"/>
    <testcase time="0.0029999999999859" classname="trt_horseshoe" name="trt_horseshoe_outputs_the_right_element_for_survival"/>
    <testcase time="0.00200000000000955" classname="trt_horseshoe" name="trt_horseshoe_outputs_the_right_element_for_survival"/>
    <testcase time="1.44299999999998" classname="trt_horseshoe" name="trt_horseshoe_outputs_the_right_element_for_binary"/>
    <testcase time="0.00200000000000955" classname="trt_horseshoe" name="trt_horseshoe_outputs_the_right_element_for_binary"/>
    <testcase time="0.0029999999999859" classname="trt_horseshoe" name="trt_horseshoe_outputs_the_right_element_for_binary"/>
    <testcase time="0.000999999999976353" classname="trt_horseshoe" name="trt_horseshoe_outputs_the_right_element_for_binary"/>
  </testsuite>
</testsuites>
