<?xml version="1.0" encoding="UTF-8"?>
<testsuites>
  <testsuite name="ahr_estimation" timestamp="2024-05-23T11:53:13Z" hostname="8fa563da43d2" tests="5" skipped="0" failures="0" errors="0" time="0.171">
    <testcase time="0.0750000000000002" classname="ahr_estimation" name="ahr_estimation_outputs_the_right_element"/>
    <testcase time="0.0599999999999996" classname="ahr_estimation" name="km_fun_works_as_expected"/>
    <testcase time="0.00500000000000078" classname="ahr_estimation" name="km_fun_works_as_expected"/>
    <testcase time="0.0219999999999994" classname="ahr_estimation" name="ahr_from_km_works_as_expected"/>
    <testcase time="0.00900000000000034" classname="ahr_estimation" name="ahr_from_km_works_as_expected"/>
  </testsuite>
  <testsuite name="compare" timestamp="2024-05-23T11:53:13Z" hostname="8fa563da43d2" tests="2" skipped="0" failures="0" errors="0" time="0.063">
    <testcase time="0.0529999999999999" classname="compare" name="compare_outputs_the_right_element"/>
    <testcase time="0.00999999999999979" classname="compare" name="compare_outputs_an_error_when_there_are_less_than_two_arguments"/>
  </testsuite>
  <testsuite name="elastic_net" timestamp="2024-05-23T11:53:14Z" hostname="8fa563da43d2" tests="2" skipped="0" failures="0" errors="0" time="0.369">
    <testcase time="0.266" classname="elastic_net" name="elastic_net_outputs_the_right_elements_for_survival"/>
    <testcase time="0.103" classname="elastic_net" name="elastic_net_outputs_the_right_elements_for_binary"/>
  </testsuite>
  <testsuite name="generate_stacked_data" timestamp="2024-05-23T11:53:14Z" hostname="8fa563da43d2" tests="2" skipped="0" failures="0" errors="0" time="0.051">
    <testcase time="0.0340000000000007" classname="generate_stacked_data" name="generate_stacked_data_outputs_the_right_element_for_survival"/>
    <testcase time="0.0169999999999995" classname="generate_stacked_data" name="generate_stacked_data_outputs_the_right_element_for_binary"/>
  </testsuite>
  <testsuite name="horseshoe" timestamp="2024-05-23T11:53:14Z" hostname="8fa563da43d2" tests="2" skipped="0" failures="0" errors="0" time="335.243">
    <testcase time="175.101" classname="horseshoe" name="horseshoe_outputs_the_right_elements_for_survival"/>
    <testcase time="160.142" classname="horseshoe" name="horseshoe_outputs_the_right_elements_for_binary"/>
  </testsuite>
  <testsuite name="lOR_estimation" timestamp="2024-05-23T11:58:49Z" hostname="8fa563da43d2" tests="1" skipped="0" failures="0" errors="0" time="0.01">
    <testcase time="0.00999999999999091" classname="lOR_estimation" name="lor_estimation_outputs_the_right_element"/>
  </testsuite>
  <testsuite name="naive" timestamp="2024-05-23T11:58:49Z" hostname="8fa563da43d2" tests="2" skipped="0" failures="0" errors="0" time="0.515">
    <testcase time="0.117000000000019" classname="naive" name="naive_outputs_the_right_elements_for_survival"/>
    <testcase time="0.397999999999968" classname="naive" name="naive_outputs_the_right_elements_for_binary"/>
  </testsuite>
  <testsuite name="naivepop" timestamp="2024-05-23T11:58:50Z" hostname="8fa563da43d2" tests="2" skipped="0" failures="0" errors="0" time="0.023">
    <testcase time="0.01400000000001" classname="naivepop" name="naivepop_produces_expected_coefficients_of_the_model"/>
    <testcase time="0.00900000000001455" classname="naivepop" name="naivepop_outputs_the_right_elements"/>
  </testsuite>
  <testsuite name="plot" timestamp="2024-05-23T11:58:50Z" hostname="8fa563da43d2" tests="7" skipped="4" failures="0" errors="0" time="6.328">
    <testcase time="0.0579999999999927" classname="plot" name="plot_works_as_expected_for_naive"/>
    <testcase time="1.23900000000003" classname="plot" name="plot_works_as_expected_for_naive">
      <skipped message="Reason: On CRAN ('test-plot.R:3:3')"/>
    </testcase>
    <testcase time="1.38499999999999" classname="plot" name="plot_works_as_expected_for_elastic_net">
      <skipped message="Reason: On CRAN ('test-plot.R:8:3')"/>
    </testcase>
    <testcase time="1.86099999999999" classname="plot" name="plot_works_as_expected_for_horseshoe"/>
    <testcase time="0.250999999999976" classname="plot" name="plot_works_as_expected_for_horseshoe">
      <skipped message="Reason: On CRAN ('test-plot.R:13:3')"/>
    </testcase>
    <testcase time="0.41900000000004" classname="plot" name="plot_works_as_expected_for_compare.data"/>
    <testcase time="1.11499999999995" classname="plot" name="plot_works_as_expected_for_compare.data">
      <skipped message="Reason: On CRAN ('test-plot.R:18:3')"/>
    </testcase>
  </testsuite>
  <testsuite name="preprocess" timestamp="2024-05-23T11:58:56Z" hostname="8fa563da43d2" tests="1" skipped="0" failures="0" errors="0" time="0.022">
    <testcase time="0.0220000000000482" classname="preprocess" name="preprocess_outputs_the_right_elements"/>
  </testsuite>
  <testsuite name="print" timestamp="2024-05-23T11:58:56Z" hostname="8fa563da43d2" tests="4" skipped="4" failures="0" errors="0" time="1.594">
    <testcase time="0.0600000000000023" classname="print" name="print_outputs_the_right_element_for_naivepop">
      <skipped message="Reason: On CRAN ('test-print.R:3:3')"/>
    </testcase>
    <testcase time="0.0190000000000055" classname="print" name="print_outputs_the_right_element_for_naive">
      <skipped message="Reason: On CRAN ('test-print.R:8:3')"/>
    </testcase>
    <testcase time="0.0339999999999918" classname="print" name="print_outputs_the_right_element_for_elastic_net">
      <skipped message="Reason: On CRAN ('test-print.R:13:3')"/>
    </testcase>
    <testcase time="1.48099999999999" classname="print" name="summary_outputs_the_right_element_for_horseshoe">
      <skipped message="Reason: On CRAN ('test-print.R:18:3')"/>
    </testcase>
  </testsuite>
  <testsuite name="simulation" timestamp="2024-05-23T11:58:58Z" hostname="8fa563da43d2" tests="34" skipped="3" failures="0" errors="0" time="0.177">
    <testcase time="0.0169999999999959" classname="simulation" name="cut_norm_quant_works_as_expected"/>
    <testcase time="0.00200000000000955" classname="simulation" name="cut_norm_quant_works_as_expected"/>
    <testcase time="0.0179999999999723" classname="simulation" name="simul_covariates_works_as_expected_with_less_than_10_covariates"/>
    <testcase time="0.0010000000000332" classname="simulation" name="simul_covariates_works_as_expected_with_less_than_10_covariates"/>
    <testcase time="0.00499999999999545" classname="simulation" name="simul_covariates_works_as_expected_with_less_than_10_covariates">
      <skipped message="Reason: On CRAN ('test-simulation.R:16:3')"/>
    </testcase>
    <testcase time="0.0190000000000055" classname="simulation" name="simul_covariates_works_as_expected_with_more_than_10_covariates"/>
    <testcase time="0.000999999999976353" classname="simulation" name="simul_covariates_works_as_expected_with_more_than_10_covariates"/>
    <testcase time="0.007000000000005" classname="simulation" name="simul_covariates_works_as_expected_with_more_than_10_covariates">
      <skipped message="Reason: On CRAN ('test-simulation.R:23:3')"/>
    </testcase>
    <testcase time="0.0179999999999723" classname="simulation" name="simul_covariates_works_as_expected_when_adding_continuous_covariates"/>
    <testcase time="0.0010000000000332" classname="simulation" name="simul_covariates_works_as_expected_when_adding_continuous_covariates"/>
    <testcase time="0.00900000000001455" classname="simulation" name="simul_covariates_works_as_expected_when_adding_continuous_covariates">
      <skipped message="Reason: On CRAN ('test-simulation.R:30:3')"/>
    </testcase>
    <testcase time="0.0179999999999723" classname="simulation" name="simul_covariates_optionally_returns_arm_as_factor"/>
    <testcase time="0.000999999999976353" classname="simulation" name="simul_covariates_optionally_returns_arm_as_factor"/>
    <testcase time="0.00600000000002865" classname="simulation" name="simul_pfs_works_as_expected"/>
    <testcase time="0.000999999999976353" classname="simulation" name="simul_pfs_works_as_expected"/>
    <testcase time="0.0010000000000332" classname="simulation" name="simul_pfs_works_as_expected"/>
    <testcase time="0.000999999999976353" classname="simulation" name="simul_pfs_works_as_expected"/>
    <testcase time="0.0010000000000332" classname="simulation" name="simul_pfs_works_as_expected"/>
    <testcase time="0.0029999999999859" classname="simulation" name="simul_pfs_works_as_expected"/>
    <testcase time="0.00499999999999545" classname="simulation" name="simul_pfs_adds_the_uncensored_PFS_when_requested"/>
    <testcase time="0.000999999999976353" classname="simulation" name="simul_pfs_adds_the_uncensored_PFS_when_requested"/>
    <testcase time="0.0010000000000332" classname="simulation" name="simul_pfs_adds_the_uncensored_PFS_when_requested"/>
    <testcase time="0.000999999999976353" classname="simulation" name="simul_pfs_adds_the_uncensored_PFS_when_requested"/>
    <testcase time="0.00200000000000955" classname="simulation" name="simul_pfs_adds_the_uncensored_PFS_when_requested"/>
    <testcase time="0.00200000000000955" classname="simulation" name="simul_pfs_adds_the_uncensored_PFS_when_requested"/>
    <testcase time="0.000999999999976353" classname="simulation" name="simul_pfs_adds_the_uncensored_PFS_when_requested"/>
    <testcase time="0.0029999999999859" classname="simulation" name="simul_pfs_adds_the_uncensored_PFS_when_requested"/>
    <testcase time="0.0130000000000337" classname="simulation" name="simul_data_works_as_expected"/>
    <testcase time="0.000999999999976353" classname="simulation" name="simul_data_works_as_expected"/>
    <testcase time="0.0010000000000332" classname="simulation" name="simul_data_works_as_expected"/>
    <testcase time="0.000999999999976353" classname="simulation" name="simul_data_works_as_expected"/>
    <testcase time="0.0130000000000337" classname="simulation" name="simul_data_works_as_expected_with_interactions_between_1st_and_2nd_covariate"/>
    <testcase time="0.000999999999976353" classname="simulation" name="simul_data_works_as_expected_with_interactions_between_1st_and_2nd_covariate"/>
    <testcase time="0.000999999999976353" classname="simulation" name="simul_data_works_as_expected_with_interactions_between_1st_and_2nd_covariate"/>
  </testsuite>
  <testsuite name="subgroups" timestamp="2024-05-23T11:58:58Z" hostname="8fa563da43d2" tests="2" skipped="0" failures="0" errors="0" time="0.56">
    <testcase time="0.535000000000025" classname="subgroups" name="subgroups_outputs_the_right_element_for_survival"/>
    <testcase time="0.0249999999999773" classname="subgroups" name="subgroups_outputs_the_right_element_for_binary"/>
  </testsuite>
  <testsuite name="summary" timestamp="2024-05-23T11:58:58Z" hostname="8fa563da43d2" tests="8" skipped="0" failures="0" errors="0" time="29.623">
    <testcase time="0.0120000000000005" classname="summary" name="summary_outputs_the_right_element_for_naivepop_survival"/>
    <testcase time="0.0080000000000382" classname="summary" name="summary_outputs_the_right_element_for_naivepop_binary"/>
    <testcase time="0.0159999999999627" classname="summary" name="summary_outputs_the_right_element_for_naive_survival"/>
    <testcase time="0.0160000000000196" classname="summary" name="summary_outputs_the_right_element_for_naive_binary"/>
    <testcase time="0.533999999999992" classname="summary" name="summary_outputs_the_right_element_for_elastic_net_survival"/>
    <testcase time="0.0300000000000296" classname="summary" name="summary_outputs_the_right_element_for_elastic_net_binary"/>
    <testcase time="26.133" classname="summary" name="summary_outputs_the_right_element_for_horseshoe_survival"/>
    <testcase time="2.87400000000002" classname="summary" name="summary_outputs_the_right_element_for_horseshoe_binary"/>
  </testsuite>
  <testsuite name="surv_prob" timestamp="2024-05-23T11:59:28Z" hostname="8fa563da43d2" tests="1" skipped="0" failures="0" errors="0" time="0.011">
    <testcase time="0.0109999999999673" classname="surv_prob" name="surv_prob_outputs_the_right_element"/>
  </testsuite>
  <testsuite name="survival_curves" timestamp="2024-05-23T11:59:28Z" hostname="8fa563da43d2" tests="1" skipped="0" failures="0" errors="0" time="0.008">
    <testcase time="0.00799999999998136" classname="survival_curves" name="survival_curves_outputs_the_right_element"/>
  </testsuite>
  <testsuite name="trt_horseshoe" timestamp="2024-05-23T11:59:28Z" hostname="8fa563da43d2" tests="8" skipped="0" failures="0" errors="0" time="14.512">
    <testcase time="13.084" classname="trt_horseshoe" name="trt_horseshoe_outputs_the_right_element_for_survival"/>
    <testcase time="0.0010000000000332" classname="trt_horseshoe" name="trt_horseshoe_outputs_the_right_element_for_survival"/>
    <testcase time="0.0029999999999859" classname="trt_horseshoe" name="trt_horseshoe_outputs_the_right_element_for_survival"/>
    <testcase time="0.000999999999976353" classname="trt_horseshoe" name="trt_horseshoe_outputs_the_right_element_for_survival"/>
    <testcase time="1.41800000000001" classname="trt_horseshoe" name="trt_horseshoe_outputs_the_right_element_for_binary"/>
    <testcase time="0.0010000000000332" classname="trt_horseshoe" name="trt_horseshoe_outputs_the_right_element_for_binary"/>
    <testcase time="0.0029999999999859" classname="trt_horseshoe" name="trt_horseshoe_outputs_the_right_element_for_binary"/>
    <testcase time="0.000999999999976353" classname="trt_horseshoe" name="trt_horseshoe_outputs_the_right_element_for_binary"/>
  </testsuite>
</testsuites>
