<?xml version="1.0" encoding="UTF-8"?>
<testsuites>
  <testsuite name="ahr_estimation" timestamp="2024-06-05T12:25:12Z" hostname="b0b6989c8909" tests="5" skipped="0" failures="0" errors="0" time="0.172">
    <testcase time="0.0800000000000001" classname="ahr_estimation" name="ahr_estimation_outputs_the_right_element"/>
    <testcase time="0.0590000000000002" classname="ahr_estimation" name="km_fun_works_as_expected"/>
    <testcase time="0.00399999999999956" classname="ahr_estimation" name="km_fun_works_as_expected"/>
    <testcase time="0.0209999999999999" classname="ahr_estimation" name="ahr_from_km_works_as_expected"/>
    <testcase time="0.00800000000000001" classname="ahr_estimation" name="ahr_from_km_works_as_expected"/>
  </testsuite>
  <testsuite name="compare" timestamp="2024-06-05T12:25:13Z" hostname="b0b6989c8909" tests="2" skipped="0" failures="0" errors="0" time="0.062">
    <testcase time="0.0520000000000005" classname="compare" name="compare_outputs_the_right_element"/>
    <testcase time="0.00999999999999979" classname="compare" name="compare_outputs_an_error_when_there_are_less_than_two_arguments"/>
  </testsuite>
  <testsuite name="elastic_net" timestamp="2024-06-05T12:25:13Z" hostname="b0b6989c8909" tests="2" skipped="0" failures="0" errors="0" time="0.363">
    <testcase time="0.261" classname="elastic_net" name="elastic_net_outputs_the_right_elements_for_survival"/>
    <testcase time="0.102" classname="elastic_net" name="elastic_net_outputs_the_right_elements_for_binary"/>
  </testsuite>
  <testsuite name="generate_stacked_data" timestamp="2024-06-05T12:25:13Z" hostname="b0b6989c8909" tests="2" skipped="0" failures="0" errors="0" time="0.047">
    <testcase time="0.0319999999999991" classname="generate_stacked_data" name="generate_stacked_data_outputs_the_right_element_for_survival"/>
    <testcase time="0.0150000000000006" classname="generate_stacked_data" name="generate_stacked_data_outputs_the_right_element_for_binary"/>
  </testsuite>
  <testsuite name="horseshoe" timestamp="2024-06-05T12:25:13Z" hostname="b0b6989c8909" tests="2" skipped="0" failures="0" errors="0" time="310.642">
    <testcase time="164.115" classname="horseshoe" name="horseshoe_outputs_the_right_elements_for_survival"/>
    <testcase time="146.527" classname="horseshoe" name="horseshoe_outputs_the_right_elements_for_binary"/>
  </testsuite>
  <testsuite name="lOR_estimation" timestamp="2024-06-05T12:30:24Z" hostname="b0b6989c8909" tests="1" skipped="0" failures="0" errors="0" time="0.011">
    <testcase time="0.0109999999999673" classname="lOR_estimation" name="lor_estimation_outputs_the_right_element"/>
  </testsuite>
  <testsuite name="naive" timestamp="2024-06-05T12:30:24Z" hostname="b0b6989c8909" tests="2" skipped="0" failures="0" errors="0" time="0.511">
    <testcase time="0.113" classname="naive" name="naive_outputs_the_right_elements_for_survival"/>
    <testcase time="0.398000000000025" classname="naive" name="naive_outputs_the_right_elements_for_binary"/>
  </testsuite>
  <testsuite name="naivepop" timestamp="2024-06-05T12:30:24Z" hostname="b0b6989c8909" tests="2" skipped="0" failures="0" errors="0" time="0.022">
    <testcase time="0.01400000000001" classname="naivepop" name="naivepop_produces_expected_coefficients_of_the_model"/>
    <testcase time="0.00799999999998136" classname="naivepop" name="naivepop_outputs_the_right_elements"/>
  </testsuite>
  <testsuite name="plot" timestamp="2024-06-05T12:30:24Z" hostname="b0b6989c8909" tests="7" skipped="4" failures="0" errors="0" time="6.281">
    <testcase time="0.0520000000000209" classname="plot" name="plot_works_as_expected_for_naive"/>
    <testcase time="1.21899999999999" classname="plot" name="plot_works_as_expected_for_naive">
      <skipped message="Reason: On CRAN ('test-plot.R:3:3')"/>
    </testcase>
    <testcase time="1.47800000000001" classname="plot" name="plot_works_as_expected_for_elastic_net">
      <skipped message="Reason: On CRAN ('test-plot.R:8:3')"/>
    </testcase>
    <testcase time="1.81099999999998" classname="plot" name="plot_works_as_expected_for_horseshoe"/>
    <testcase time="0.25" classname="plot" name="plot_works_as_expected_for_horseshoe">
      <skipped message="Reason: On CRAN ('test-plot.R:13:3')"/>
    </testcase>
    <testcase time="0.356999999999971" classname="plot" name="plot_works_as_expected_for_compare.data"/>
    <testcase time="1.11400000000003" classname="plot" name="plot_works_as_expected_for_compare.data">
      <skipped message="Reason: On CRAN ('test-plot.R:18:3')"/>
    </testcase>
  </testsuite>
  <testsuite name="preprocess" timestamp="2024-06-05T12:30:30Z" hostname="b0b6989c8909" tests="1" skipped="0" failures="0" errors="0" time="0.022">
    <testcase time="0.0219999999999914" classname="preprocess" name="preprocess_outputs_the_right_elements"/>
  </testsuite>
  <testsuite name="print" timestamp="2024-06-05T12:30:30Z" hostname="b0b6989c8909" tests="4" skipped="4" failures="0" errors="0" time="1.558">
    <testcase time="0.0559999999999832" classname="print" name="print_outputs_the_right_element_for_naivepop">
      <skipped message="Reason: On CRAN ('test-print.R:3:3')"/>
    </testcase>
    <testcase time="0.0169999999999959" classname="print" name="print_outputs_the_right_element_for_naive">
      <skipped message="Reason: On CRAN ('test-print.R:8:3')"/>
    </testcase>
    <testcase time="0.0330000000000155" classname="print" name="print_outputs_the_right_element_for_elastic_net">
      <skipped message="Reason: On CRAN ('test-print.R:13:3')"/>
    </testcase>
    <testcase time="1.452" classname="print" name="summary_outputs_the_right_element_for_horseshoe">
      <skipped message="Reason: On CRAN ('test-print.R:18:3')"/>
    </testcase>
  </testsuite>
  <testsuite name="simulation" timestamp="2024-06-05T12:30:32Z" hostname="b0b6989c8909" tests="34" skipped="3" failures="0" errors="0" time="0.167">
    <testcase time="0.0169999999999959" classname="simulation" name="cut_norm_quant_works_as_expected"/>
    <testcase time="0.00200000000000955" classname="simulation" name="cut_norm_quant_works_as_expected"/>
    <testcase time="0.01400000000001" classname="simulation" name="simul_covariates_works_as_expected_with_less_than_10_covariates"/>
    <testcase time="0.000999999999976353" classname="simulation" name="simul_covariates_works_as_expected_with_less_than_10_covariates"/>
    <testcase time="0.00499999999999545" classname="simulation" name="simul_covariates_works_as_expected_with_less_than_10_covariates">
      <skipped message="Reason: On CRAN ('test-simulation.R:16:3')"/>
    </testcase>
    <testcase time="0.0180000000000291" classname="simulation" name="simul_covariates_works_as_expected_with_more_than_10_covariates"/>
    <testcase time="0.000999999999976353" classname="simulation" name="simul_covariates_works_as_expected_with_more_than_10_covariates"/>
    <testcase time="0.00600000000002865" classname="simulation" name="simul_covariates_works_as_expected_with_more_than_10_covariates">
      <skipped message="Reason: On CRAN ('test-simulation.R:23:3')"/>
    </testcase>
    <testcase time="0.0169999999999959" classname="simulation" name="simul_covariates_works_as_expected_when_adding_continuous_covariates"/>
    <testcase time="0.00200000000000955" classname="simulation" name="simul_covariates_works_as_expected_when_adding_continuous_covariates"/>
    <testcase time="0.00799999999998136" classname="simulation" name="simul_covariates_works_as_expected_when_adding_continuous_covariates">
      <skipped message="Reason: On CRAN ('test-simulation.R:30:3')"/>
    </testcase>
    <testcase time="0.0169999999999959" classname="simulation" name="simul_covariates_optionally_returns_arm_as_factor"/>
    <testcase time="0.000999999999976353" classname="simulation" name="simul_covariates_optionally_returns_arm_as_factor"/>
    <testcase time="0.0050000000000523" classname="simulation" name="simul_pfs_works_as_expected"/>
    <testcase time="0.000999999999976353" classname="simulation" name="simul_pfs_works_as_expected"/>
    <testcase time="0.00200000000000955" classname="simulation" name="simul_pfs_works_as_expected"/>
    <testcase time="0.000999999999976353" classname="simulation" name="simul_pfs_works_as_expected"/>
    <testcase time="0.0010000000000332" classname="simulation" name="simul_pfs_works_as_expected"/>
    <testcase time="0.00199999999995271" classname="simulation" name="simul_pfs_works_as_expected"/>
    <testcase time="0.0050000000000523" classname="simulation" name="simul_pfs_adds_the_uncensored_PFS_when_requested"/>
    <testcase time="0.000999999999976353" classname="simulation" name="simul_pfs_adds_the_uncensored_PFS_when_requested"/>
    <testcase time="0.00200000000000955" classname="simulation" name="simul_pfs_adds_the_uncensored_PFS_when_requested"/>
    <testcase time="0.000999999999976353" classname="simulation" name="simul_pfs_adds_the_uncensored_PFS_when_requested"/>
    <testcase time="0.0010000000000332" classname="simulation" name="simul_pfs_adds_the_uncensored_PFS_when_requested"/>
    <testcase time="0.00199999999995271" classname="simulation" name="simul_pfs_adds_the_uncensored_PFS_when_requested"/>
    <testcase time="0.0010000000000332" classname="simulation" name="simul_pfs_adds_the_uncensored_PFS_when_requested"/>
    <testcase time="0.0029999999999859" classname="simulation" name="simul_pfs_adds_the_uncensored_PFS_when_requested"/>
    <testcase time="0.0120000000000005" classname="simulation" name="simul_data_works_as_expected"/>
    <testcase time="0.0010000000000332" classname="simulation" name="simul_data_works_as_expected"/>
    <testcase time="0.000999999999976353" classname="simulation" name="simul_data_works_as_expected"/>
    <testcase time="0.000999999999976353" classname="simulation" name="simul_data_works_as_expected"/>
    <testcase time="0.0130000000000337" classname="simulation" name="simul_data_works_as_expected_with_interactions_between_1st_and_2nd_covariate"/>
    <testcase time="0.000999999999976353" classname="simulation" name="simul_data_works_as_expected_with_interactions_between_1st_and_2nd_covariate"/>
    <testcase time="0.0010000000000332" classname="simulation" name="simul_data_works_as_expected_with_interactions_between_1st_and_2nd_covariate"/>
  </testsuite>
  <testsuite name="subgroups" timestamp="2024-06-05T12:30:32Z" hostname="b0b6989c8909" tests="2" skipped="0" failures="0" errors="0" time="0.461">
    <testcase time="0.436999999999955" classname="subgroups" name="subgroups_outputs_the_right_element_for_survival"/>
    <testcase time="0.0240000000000009" classname="subgroups" name="subgroups_outputs_the_right_element_for_binary"/>
  </testsuite>
  <testsuite name="summary" timestamp="2024-06-05T12:30:33Z" hostname="b0b6989c8909" tests="8" skipped="0" failures="0" errors="0" time="29.307">
    <testcase time="0.0129999999999768" classname="summary" name="summary_outputs_the_right_element_for_naivepop_survival"/>
    <testcase time="0.007000000000005" classname="summary" name="summary_outputs_the_right_element_for_naivepop_binary"/>
    <testcase time="0.0160000000000196" classname="summary" name="summary_outputs_the_right_element_for_naive_survival"/>
    <testcase time="0.0159999999999627" classname="summary" name="summary_outputs_the_right_element_for_naive_binary"/>
    <testcase time="0.289000000000044" classname="summary" name="summary_outputs_the_right_element_for_elastic_net_survival"/>
    <testcase time="0.0289999999999964" classname="summary" name="summary_outputs_the_right_element_for_elastic_net_binary"/>
    <testcase time="26.124" classname="summary" name="summary_outputs_the_right_element_for_horseshoe_survival"/>
    <testcase time="2.81300000000005" classname="summary" name="summary_outputs_the_right_element_for_horseshoe_binary"/>
  </testsuite>
  <testsuite name="surv_prob" timestamp="2024-06-05T12:31:02Z" hostname="b0b6989c8909" tests="1" skipped="0" failures="0" errors="0" time="0.01">
    <testcase time="0.00999999999999091" classname="surv_prob" name="surv_prob_outputs_the_right_element"/>
  </testsuite>
  <testsuite name="survival_curves" timestamp="2024-06-05T12:31:02Z" hostname="b0b6989c8909" tests="1" skipped="0" failures="0" errors="0" time="0.007">
    <testcase time="0.007000000000005" classname="survival_curves" name="survival_curves_outputs_the_right_element"/>
  </testsuite>
  <testsuite name="trt_horseshoe" timestamp="2024-06-05T12:31:02Z" hostname="b0b6989c8909" tests="8" skipped="0" failures="0" errors="0" time="14.787">
    <testcase time="13.383" classname="trt_horseshoe" name="trt_horseshoe_outputs_the_right_element_for_survival"/>
    <testcase time="0.000999999999976353" classname="trt_horseshoe" name="trt_horseshoe_outputs_the_right_element_for_survival"/>
    <testcase time="0.0029999999999859" classname="trt_horseshoe" name="trt_horseshoe_outputs_the_right_element_for_survival"/>
    <testcase time="0.000999999999976353" classname="trt_horseshoe" name="trt_horseshoe_outputs_the_right_element_for_survival"/>
    <testcase time="1.39400000000001" classname="trt_horseshoe" name="trt_horseshoe_outputs_the_right_element_for_binary"/>
    <testcase time="0.00200000000000955" classname="trt_horseshoe" name="trt_horseshoe_outputs_the_right_element_for_binary"/>
    <testcase time="0.00200000000000955" classname="trt_horseshoe" name="trt_horseshoe_outputs_the_right_element_for_binary"/>
    <testcase time="0.0010000000000332" classname="trt_horseshoe" name="trt_horseshoe_outputs_the_right_element_for_binary"/>
  </testsuite>
</testsuites>
