<?xml version="1.0" encoding="UTF-8"?>
<testsuites>
  <testsuite name="ahr_estimation" timestamp="2023-02-15T09:45:16Z" hostname="7a05c1fe8221" tests="1" skipped="0" failures="0" errors="0" time="0.037">
    <testcase time="0.0369999999999999" classname="ahr_estimation" name="ahr_estimation_outputs_the_right_element"/>
  </testsuite>
  <testsuite name="elastic_net" timestamp="2023-02-15T09:45:16Z" hostname="7a05c1fe8221" tests="2" skipped="0" failures="0" errors="0" time="0.612">
    <testcase time="0.375" classname="elastic_net" name="elastic_net_outputs_the_right_elements_for_survival"/>
    <testcase time="0.236999999999999" classname="elastic_net" name="elastic_net_outputs_the_right_elements_for_binary"/>
  </testsuite>
  <testsuite name="generate_stacked_data" timestamp="2023-02-15T09:45:16Z" hostname="7a05c1fe8221" tests="5" skipped="0" failures="0" errors="0" time="0.356">
    <testcase time="0.124000000000001" classname="generate_stacked_data" name="generate_stacked_data_outputs_the_right_element_for_survival"/>
    <testcase time="0.0549999999999997" classname="generate_stacked_data" name="generate_stacked_data_outputs_the_right_element_for_survival"/>
    <testcase time="0.0529999999999999" classname="generate_stacked_data" name="generate_stacked_data_outputs_the_right_element_for_survival"/>
    <testcase time="0.056" classname="generate_stacked_data" name="generate_stacked_data_outputs_the_right_element_for_survival"/>
    <testcase time="0.0680000000000005" classname="generate_stacked_data" name="generate_stacked_data_outputs_the_right_element_for_binary"/>
  </testsuite>
  <testsuite name="hello" timestamp="2023-02-15T09:45:17Z" hostname="7a05c1fe8221" tests="1" skipped="0" failures="0" errors="0" time="0.006">
    <testcase time="0.00599999999999934" classname="hello" name="hello_greets_the_entity"/>
  </testsuite>
  <testsuite name="horseshoe" timestamp="2023-02-15T09:45:17Z" hostname="7a05c1fe8221" tests="2" skipped="0" failures="0" errors="0" time="302.522">
    <testcase time="190.794" classname="horseshoe" name="horseshoe_outputs_the_right_elements_for_survival"/>
    <testcase time="111.728" classname="horseshoe" name="horseshoe_outputs_the_right_elements_for_binary"/>
  </testsuite>
  <testsuite name="lOR_estimation" timestamp="2023-02-15T09:50:19Z" hostname="7a05c1fe8221" tests="1" skipped="0" failures="0" errors="0" time="0.007">
    <testcase time="0.007000000000005" classname="lOR_estimation" name="lor_estimation_outputs_the_right_element"/>
  </testsuite>
  <testsuite name="naive" timestamp="2023-02-15T09:50:19Z" hostname="7a05c1fe8221" tests="2" skipped="0" failures="0" errors="0" time="0.394">
    <testcase time="0.185000000000002" classname="naive" name="naive_outputs_the_right_elements_for_survival"/>
    <testcase time="0.209000000000003" classname="naive" name="naive_outputs_the_right_elements_for_binary"/>
  </testsuite>
  <testsuite name="naivepop" timestamp="2023-02-15T09:50:20Z" hostname="7a05c1fe8221" tests="2" skipped="0" failures="0" errors="0" time="0.023">
    <testcase time="0.0159999999999627" classname="naivepop" name="naivepop_produces_expected_coefficients_of_the_model"/>
    <testcase time="0.007000000000005" classname="naivepop" name="naivepop_outputs_the_right_elements"/>
  </testsuite>
  <testsuite name="preprocess" timestamp="2023-02-15T09:50:20Z" hostname="7a05c1fe8221" tests="1" skipped="0" failures="0" errors="0" time="0.014">
    <testcase time="0.01400000000001" classname="preprocess" name="preprocess_outputs_the_right_elements"/>
  </testsuite>
  <testsuite name="print" timestamp="2023-02-15T09:50:20Z" hostname="7a05c1fe8221" tests="4" skipped="0" failures="0" errors="0" time="4.278">
    <testcase time="0.007000000000005" classname="print" name="print.summary.naivepop_outputs_the_right_element"/>
    <testcase time="0.00599999999997181" classname="print" name="print.summary.naive_outputs_the_right_element"/>
    <testcase time="0.0230000000000246" classname="print" name="print.summary.elastic_net_outputs_the_right_element"/>
    <testcase time="4.24200000000002" classname="print" name="print.summary.horseshoe_outputs_the_right_element"/>
  </testsuite>
  <testsuite name="subgroups" timestamp="2023-02-15T09:50:24Z" hostname="7a05c1fe8221" tests="2" skipped="0" failures="0" errors="0" time="0.253">
    <testcase time="0.23399999999998" classname="subgroups" name="subgroups_outputs_the_right_element_for_survival"/>
    <testcase time="0.0190000000000055" classname="subgroups" name="subgroups_outputs_the_right_element_for_binary"/>
  </testsuite>
  <testsuite name="summary" timestamp="2023-02-15T09:50:24Z" hostname="7a05c1fe8221" tests="8" skipped="0" failures="0" errors="0" time="36.455">
    <testcase time="0.00799999999998136" classname="summary" name="summary_outputs_the_right_element_for_naivepop_survival"/>
    <testcase time="0.0029999999999859" classname="summary" name="summary_outputs_the_right_element_for_naivepop_binary"/>
    <testcase time="0.00300000000004275" classname="summary" name="summary_outputs_the_right_element_for_naive_survival"/>
    <testcase time="0.00399999999996226" classname="summary" name="summary_outputs_the_right_element_for_naive_binary"/>
    <testcase time="0.27800000000002" classname="summary" name="summary_outputs_the_right_element_for_elastic_net_survival"/>
    <testcase time="0.0319999999999823" classname="summary" name="summary_outputs_the_right_element_for_elastic_net_binary"/>
    <testcase time="32.083" classname="summary" name="summary_outputs_the_right_element_for_horseshoe_survival"/>
    <testcase time="4.04399999999998" classname="summary" name="summary_outputs_the_right_element_for_horseshoe_binary"/>
  </testsuite>
  <testsuite name="surv_prob" timestamp="2023-02-15T09:51:01Z" hostname="7a05c1fe8221" tests="1" skipped="0" failures="0" errors="0" time="0.006">
    <testcase time="0.00600000000002865" classname="surv_prob" name="surv_prob_outputs_the_right_element"/>
  </testsuite>
  <testsuite name="survival_curves" timestamp="2023-02-15T09:51:01Z" hostname="7a05c1fe8221" tests="1" skipped="0" failures="0" errors="0" time="0.006">
    <testcase time="0.00599999999997181" classname="survival_curves" name="survival_curves_outputs_the_right_element"/>
  </testsuite>
  <testsuite name="test" timestamp="2023-02-15T09:51:01Z" hostname="7a05c1fe8221" tests="1" skipped="0" failures="0" errors="0" time="0.006">
    <testcase time="0.00600000000002865" classname="test" name="test_works_as_expected"/>
  </testsuite>
  <testsuite name="trt_horseshoe" timestamp="2023-02-15T09:51:01Z" hostname="7a05c1fe8221" tests="2" skipped="0" failures="0" errors="0" time="17.583">
    <testcase time="15.494" classname="trt_horseshoe" name="trt_horseshoe_outputs_the_right_element_for_survival"/>
    <testcase time="2.089" classname="trt_horseshoe" name="trt_horseshoe_outputs_the_right_element_for_binary"/>
  </testsuite>
</testsuites>
