<?xml version="1.0" encoding="UTF-8"?>
<testsuites>
  <testsuite name="ahr_estimation" timestamp="2024-09-24T09:06:59Z" hostname="4b04da4a1545" tests="5" skipped="0" failures="0" errors="0" time="0.141">
    <testcase time="0.0450000000000002" classname="ahr_estimation" name="ahr_estimation_outputs_the_right_element"/>
    <testcase time="0.048" classname="ahr_estimation" name="km_fun_works_as_expected"/>
    <testcase time="0.00499999999999989" classname="ahr_estimation" name="km_fun_works_as_expected"/>
    <testcase time="0.0329999999999999" classname="ahr_estimation" name="ahr_from_km_works_as_expected"/>
    <testcase time="0.0100000000000002" classname="ahr_estimation" name="ahr_from_km_works_as_expected"/>
  </testsuite>
  <testsuite name="compare" timestamp="2024-09-24T09:06:59Z" hostname="4b04da4a1545" tests="2" skipped="0" failures="0" errors="0" time="0.077">
    <testcase time="0.0669999999999997" classname="compare" name="compare_outputs_the_right_element"/>
    <testcase time="0.0100000000000002" classname="compare" name="compare_outputs_an_error_when_there_are_less_than_two_arguments"/>
  </testsuite>
  <testsuite name="elastic_net" timestamp="2024-09-24T09:06:59Z" hostname="4b04da4a1545" tests="2" skipped="0" failures="0" errors="0" time="0.338">
    <testcase time="0.218" classname="elastic_net" name="elastic_net_outputs_the_right_elements_for_survival"/>
    <testcase time="0.12" classname="elastic_net" name="elastic_net_outputs_the_right_elements_for_binary"/>
  </testsuite>
  <testsuite name="generate_stacked_data" timestamp="2024-09-24T09:06:59Z" hostname="4b04da4a1545" tests="2" skipped="0" failures="0" errors="0" time="0.046">
    <testcase time="0.0309999999999997" classname="generate_stacked_data" name="generate_stacked_data_outputs_the_right_element_for_survival"/>
    <testcase time="0.0150000000000001" classname="generate_stacked_data" name="generate_stacked_data_outputs_the_right_element_for_binary"/>
  </testsuite>
  <testsuite name="horseshoe" timestamp="2024-09-24T09:06:59Z" hostname="4b04da4a1545" tests="2" skipped="1" failures="0" errors="0" time="164.087">
    <testcase time="164.082" classname="horseshoe" name="horseshoe_outputs_the_right_elements_for_survival"/>
    <testcase time="0.00500000000002387" classname="horseshoe" name="horseshoe_outputs_the_right_elements_for_binary">
      <skipped message="Reason: On CRAN ('test-horseshoe.R:60:3')"/>
    </testcase>
  </testsuite>
  <testsuite name="lOR_estimation" timestamp="2024-09-24T09:09:43Z" hostname="4b04da4a1545" tests="1" skipped="0" failures="0" errors="0" time="0.038">
    <testcase time="0.0379999999999825" classname="lOR_estimation" name="lor_estimation_outputs_the_right_element"/>
  </testsuite>
  <testsuite name="naive" timestamp="2024-09-24T09:09:43Z" hostname="4b04da4a1545" tests="2" skipped="0" failures="0" errors="0" time="0.238">
    <testcase time="0.105999999999995" classname="naive" name="naive_outputs_the_right_elements_for_survival"/>
    <testcase time="0.132000000000005" classname="naive" name="naive_outputs_the_right_elements_for_binary"/>
  </testsuite>
  <testsuite name="naivepop" timestamp="2024-09-24T09:09:44Z" hostname="4b04da4a1545" tests="2" skipped="0" failures="0" errors="0" time="0.025">
    <testcase time="0.0160000000000196" classname="naivepop" name="naivepop_produces_expected_coefficients_of_the_model"/>
    <testcase time="0.00899999999998613" classname="naivepop" name="naivepop_outputs_the_right_elements"/>
  </testsuite>
  <testsuite name="plot" timestamp="2024-09-24T09:09:44Z" hostname="4b04da4a1545" tests="7" skipped="4" failures="0" errors="0" time="5.484">
    <testcase time="0.046999999999997" classname="plot" name="plot_works_as_expected_for_naive"/>
    <testcase time="1.55600000000001" classname="plot" name="plot_works_as_expected_for_naive">
      <skipped message="Reason: On CRAN ('test-plot.R:3:3')"/>
    </testcase>
    <testcase time="1.70999999999998" classname="plot" name="plot_works_as_expected_for_elastic_net">
      <skipped message="Reason: On CRAN ('test-plot.R:8:3')"/>
    </testcase>
    <testcase time="0.392000000000024" classname="plot" name="plot_works_as_expected_for_horseshoe"/>
    <testcase time="0.283000000000015" classname="plot" name="plot_works_as_expected_for_horseshoe">
      <skipped message="Reason: On CRAN ('test-plot.R:13:3')"/>
    </testcase>
    <testcase time="0.364000000000004" classname="plot" name="plot_works_as_expected_for_compare.data"/>
    <testcase time="1.13200000000001" classname="plot" name="plot_works_as_expected_for_compare.data">
      <skipped message="Reason: On CRAN ('test-plot.R:18:3')"/>
    </testcase>
  </testsuite>
  <testsuite name="preprocess" timestamp="2024-09-24T09:09:49Z" hostname="4b04da4a1545" tests="1" skipped="0" failures="0" errors="0" time="0.022">
    <testcase time="0.0219999999999914" classname="preprocess" name="preprocess_outputs_the_right_elements"/>
  </testsuite>
  <testsuite name="print" timestamp="2024-09-24T09:09:49Z" hostname="4b04da4a1545" tests="4" skipped="4" failures="0" errors="0" time="0.515">
    <testcase time="0.0559999999999832" classname="print" name="print_outputs_the_right_element_for_naivepop">
      <skipped message="Reason: On CRAN ('test-print.R:3:3')"/>
    </testcase>
    <testcase time="0.0190000000000055" classname="print" name="print_outputs_the_right_element_for_naive">
      <skipped message="Reason: On CRAN ('test-print.R:8:3')"/>
    </testcase>
    <testcase time="0.0360000000000014" classname="print" name="print_outputs_the_right_element_for_elastic_net">
      <skipped message="Reason: On CRAN ('test-print.R:13:3')"/>
    </testcase>
    <testcase time="0.403999999999996" classname="print" name="summary_outputs_the_right_element_for_horseshoe">
      <skipped message="Reason: On CRAN ('test-print.R:18:3')"/>
    </testcase>
  </testsuite>
  <testsuite name="simulation" timestamp="2024-09-24T09:09:50Z" hostname="4b04da4a1545" tests="34" skipped="3" failures="0" errors="0" time="0.213">
    <testcase time="0.0270000000000152" classname="simulation" name="cut_norm_quant_works_as_expected"/>
    <testcase time="0.00399999999999068" classname="simulation" name="cut_norm_quant_works_as_expected"/>
    <testcase time="0.0200000000000102" classname="simulation" name="simul_covariates_works_as_expected_with_less_than_10_covariates"/>
    <testcase time="0.00199999999998113" classname="simulation" name="simul_covariates_works_as_expected_with_less_than_10_covariates"/>
    <testcase time="0.00800000000000978" classname="simulation" name="simul_covariates_works_as_expected_with_less_than_10_covariates">
      <skipped message="Reason: On CRAN ('test-simulation.R:16:3')"/>
    </testcase>
    <testcase time="0.0270000000000152" classname="simulation" name="simul_covariates_works_as_expected_with_more_than_10_covariates"/>
    <testcase time="0.000999999999976353" classname="simulation" name="simul_covariates_works_as_expected_with_more_than_10_covariates"/>
    <testcase time="0.007000000000005" classname="simulation" name="simul_covariates_works_as_expected_with_more_than_10_covariates">
      <skipped message="Reason: On CRAN ('test-simulation.R:23:3')"/>
    </testcase>
    <testcase time="0.0219999999999914" classname="simulation" name="simul_covariates_works_as_expected_when_adding_continuous_covariates"/>
    <testcase time="0.00200000000000955" classname="simulation" name="simul_covariates_works_as_expected_when_adding_continuous_covariates"/>
    <testcase time="0.00800000000000978" classname="simulation" name="simul_covariates_works_as_expected_when_adding_continuous_covariates">
      <skipped message="Reason: On CRAN ('test-simulation.R:30:3')"/>
    </testcase>
    <testcase time="0.0199999999999818" classname="simulation" name="simul_covariates_optionally_returns_arm_as_factor"/>
    <testcase time="0.00200000000000955" classname="simulation" name="simul_covariates_optionally_returns_arm_as_factor"/>
    <testcase time="0.00499999999999545" classname="simulation" name="simul_pfs_works_as_expected"/>
    <testcase time="0.00200000000000955" classname="simulation" name="simul_pfs_works_as_expected"/>
    <testcase time="0.00100000000000477" classname="simulation" name="simul_pfs_works_as_expected"/>
    <testcase time="0.00100000000000477" classname="simulation" name="simul_pfs_works_as_expected"/>
    <testcase time="0.000999999999976353" classname="simulation" name="simul_pfs_works_as_expected"/>
    <testcase time="0.00300000000001432" classname="simulation" name="simul_pfs_works_as_expected"/>
    <testcase time="0.00600000000000023" classname="simulation" name="simul_pfs_adds_the_uncensored_PFS_when_requested"/>
    <testcase time="0.00100000000000477" classname="simulation" name="simul_pfs_adds_the_uncensored_PFS_when_requested"/>
    <testcase time="0.00100000000000477" classname="simulation" name="simul_pfs_adds_the_uncensored_PFS_when_requested"/>
    <testcase time="0.000999999999976353" classname="simulation" name="simul_pfs_adds_the_uncensored_PFS_when_requested"/>
    <testcase time="0.00100000000000477" classname="simulation" name="simul_pfs_adds_the_uncensored_PFS_when_requested"/>
    <testcase time="0.00300000000001432" classname="simulation" name="simul_pfs_adds_the_uncensored_PFS_when_requested"/>
    <testcase time="0.00100000000000477" classname="simulation" name="simul_pfs_adds_the_uncensored_PFS_when_requested"/>
    <testcase time="0.0029999999999859" classname="simulation" name="simul_pfs_adds_the_uncensored_PFS_when_requested"/>
    <testcase time="0.0130000000000052" classname="simulation" name="simul_data_works_as_expected"/>
    <testcase time="0.00200000000000955" classname="simulation" name="simul_data_works_as_expected"/>
    <testcase time="0.000999999999976353" classname="simulation" name="simul_data_works_as_expected"/>
    <testcase time="0.00100000000000477" classname="simulation" name="simul_data_works_as_expected"/>
    <testcase time="0.01400000000001" classname="simulation" name="simul_data_works_as_expected_with_interactions_between_1st_and_2nd_covariate"/>
    <testcase time="0.00100000000000477" classname="simulation" name="simul_data_works_as_expected_with_interactions_between_1st_and_2nd_covariate"/>
    <testcase time="0.00100000000000477" classname="simulation" name="simul_data_works_as_expected_with_interactions_between_1st_and_2nd_covariate"/>
  </testsuite>
  <testsuite name="subgroups" timestamp="2024-09-24T09:09:50Z" hostname="4b04da4a1545" tests="2" skipped="0" failures="0" errors="0" time="0.461">
    <testcase time="0.433999999999997" classname="subgroups" name="subgroups_outputs_the_right_element_for_survival"/>
    <testcase time="0.0270000000000152" classname="subgroups" name="subgroups_outputs_the_right_element_for_binary"/>
  </testsuite>
  <testsuite name="summary" timestamp="2024-09-24T09:09:50Z" hostname="4b04da4a1545" tests="8" skipped="0" failures="0" errors="0" time="5.881">
    <testcase time="0.0130000000000052" classname="summary" name="summary_outputs_the_right_element_for_naivepop_survival"/>
    <testcase time="0.00799999999998136" classname="summary" name="summary_outputs_the_right_element_for_naivepop_binary"/>
    <testcase time="0.0180000000000007" classname="summary" name="summary_outputs_the_right_element_for_naive_survival"/>
    <testcase time="0.0180000000000007" classname="summary" name="summary_outputs_the_right_element_for_naive_binary"/>
    <testcase time="0.709000000000003" classname="summary" name="summary_outputs_the_right_element_for_elastic_net_survival"/>
    <testcase time="0.0320000000000107" classname="summary" name="summary_outputs_the_right_element_for_elastic_net_binary"/>
    <testcase time="4.38899999999998" classname="summary" name="summary_outputs_the_right_element_for_horseshoe_survival"/>
    <testcase time="0.694000000000017" classname="summary" name="summary_outputs_the_right_element_for_horseshoe_binary"/>
  </testsuite>
  <testsuite name="surv_prob" timestamp="2024-09-24T09:09:56Z" hostname="4b04da4a1545" tests="1" skipped="0" failures="0" errors="0" time="0.014">
    <testcase time="0.0139999999999816" classname="surv_prob" name="surv_prob_outputs_the_right_element"/>
  </testsuite>
  <testsuite name="survival_curves" timestamp="2024-09-24T09:09:56Z" hostname="4b04da4a1545" tests="1" skipped="0" failures="0" errors="0" time="0.012">
    <testcase time="0.0120000000000005" classname="survival_curves" name="survival_curves_outputs_the_right_element"/>
  </testsuite>
  <testsuite name="trt_horseshoe" timestamp="2024-09-24T09:09:56Z" hostname="4b04da4a1545" tests="8" skipped="0" failures="0" errors="0" time="2.45">
    <testcase time="2.11600000000001" classname="trt_horseshoe" name="trt_horseshoe_outputs_the_right_element_for_survival"/>
    <testcase time="0.00199999999998113" classname="trt_horseshoe" name="trt_horseshoe_outputs_the_right_element_for_survival"/>
    <testcase time="0.00300000000001432" classname="trt_horseshoe" name="trt_horseshoe_outputs_the_right_element_for_survival"/>
    <testcase time="0.00100000000000477" classname="trt_horseshoe" name="trt_horseshoe_outputs_the_right_element_for_survival"/>
    <testcase time="0.319999999999993" classname="trt_horseshoe" name="trt_horseshoe_outputs_the_right_element_for_binary"/>
    <testcase time="0.00200000000000955" classname="trt_horseshoe" name="trt_horseshoe_outputs_the_right_element_for_binary"/>
    <testcase time="0.00399999999999068" classname="trt_horseshoe" name="trt_horseshoe_outputs_the_right_element_for_binary"/>
    <testcase time="0.00200000000000955" classname="trt_horseshoe" name="trt_horseshoe_outputs_the_right_element_for_binary"/>
  </testsuite>
</testsuites>
