<?xml version="1.0" encoding="UTF-8"?>
<testsuites>
  <testsuite name="elastic_net" timestamp="2023-02-06T08:43:07Z" hostname="adb2972c3ba7" tests="2" skipped="0" failures="0" errors="0" time="0.519">
    <testcase time="0.365" classname="elastic_net" name="Elastic_net_outputs_the_right_elements_for_survival"/>
    <testcase time="0.154" classname="elastic_net" name="Elastic_net_outputs_the_right_elements_for_binary"/>
  </testsuite>
  <testsuite name="generate_stacked_data" timestamp="2023-02-06T08:43:07Z" hostname="adb2972c3ba7" tests="5" skipped="0" failures="0" errors="0" time="0.323">
    <testcase time="0.116" classname="generate_stacked_data" name="Generate_stacked_data_outputs_the_right_element_for_survival"/>
    <testcase time="0.052" classname="generate_stacked_data" name="Generate_stacked_data_outputs_the_right_element_for_survival"/>
    <testcase time="0.0510000000000002" classname="generate_stacked_data" name="Generate_stacked_data_outputs_the_right_element_for_survival"/>
    <testcase time="0.0489999999999995" classname="generate_stacked_data" name="Generate_stacked_data_outputs_the_right_element_for_survival"/>
    <testcase time="0.0550000000000006" classname="generate_stacked_data" name="Generate_stacked_data_outputs_the_right_element_for_binary"/>
  </testsuite>
  <testsuite name="hello" timestamp="2023-02-06T08:43:08Z" hostname="adb2972c3ba7" tests="1" skipped="0" failures="0" errors="0" time="0.018">
    <testcase time="0.0179999999999998" classname="hello" name="hello_greets_the_entity"/>
  </testsuite>
  <testsuite name="horseshoe" timestamp="2023-02-06T08:43:08Z" hostname="adb2972c3ba7" tests="2" skipped="0" failures="0" errors="0" time="296.336">
    <testcase time="165.866" classname="horseshoe" name="Horseshoe_outputs_the_right_elements_for_survival"/>
    <testcase time="130.47" classname="horseshoe" name="Horseshoe_outputs_the_right_elements_for_binary"/>
  </testsuite>
  <testsuite name="naive" timestamp="2023-02-06T08:48:04Z" hostname="adb2972c3ba7" tests="2" skipped="0" failures="0" errors="0" time="0.345">
    <testcase time="0.166999999999973" classname="naive" name="Naive_outputs_the_right_elements_for_survival"/>
    <testcase time="0.177999999999997" classname="naive" name="Naive_outputs_the_right_elements_for_binary"/>
  </testsuite>
  <testsuite name="naivepop" timestamp="2023-02-06T08:48:04Z" hostname="adb2972c3ba7" tests="2" skipped="0" failures="0" errors="0" time="0.027">
    <testcase time="0.0190000000000055" classname="naivepop" name="Naivepop_produces_expected_coefficients_of_the_model"/>
    <testcase time="0.00799999999998136" classname="naivepop" name="Naivepop_outputs_the_right_elements"/>
  </testsuite>
  <testsuite name="preprocess" timestamp="2023-02-06T08:48:04Z" hostname="adb2972c3ba7" tests="1" skipped="0" failures="0" errors="0" time="0.013">
    <testcase time="0.0130000000000337" classname="preprocess" name="Preprocess_outputs_the_right_elements"/>
  </testsuite>
  <testsuite name="test" timestamp="2023-02-06T08:48:04Z" hostname="adb2972c3ba7" tests="1" skipped="0" failures="0" errors="0" time="0.005">
    <testcase time="0.00499999999999545" classname="test" name="test_works_as_expected"/>
  </testsuite>
</testsuites>
