<?xml version="1.0" encoding="UTF-8"?>
<testsuites>
  <testsuite name="ahr_estimation" timestamp="2023-02-13T18:32:56Z" hostname="357a41922a0a" tests="1" skipped="0" failures="0" errors="0" time="0.031">
    <testcase time="0.0309999999999997" classname="ahr_estimation" name="ahr_estimation_outputs_the_right_element"/>
  </testsuite>
  <testsuite name="elastic_net" timestamp="2023-02-13T18:32:56Z" hostname="357a41922a0a" tests="2" skipped="0" failures="0" errors="0" time="0.559">
    <testcase time="0.402" classname="elastic_net" name="elastic_net_outputs_the_right_elements_for_survival"/>
    <testcase time="0.157" classname="elastic_net" name="elastic_net_outputs_the_right_elements_for_binary"/>
  </testsuite>
  <testsuite name="generate_stacked_data" timestamp="2023-02-13T18:32:57Z" hostname="357a41922a0a" tests="5" skipped="0" failures="0" errors="0" time="0.348">
    <testcase time="0.108" classname="generate_stacked_data" name="generate_stacked_data_outputs_the_right_element_for_survival"/>
    <testcase time="0.0540000000000003" classname="generate_stacked_data" name="generate_stacked_data_outputs_the_right_element_for_survival"/>
    <testcase time="0.0529999999999999" classname="generate_stacked_data" name="generate_stacked_data_outputs_the_right_element_for_survival"/>
    <testcase time="0.0579999999999998" classname="generate_stacked_data" name="generate_stacked_data_outputs_the_right_element_for_survival"/>
    <testcase time="0.0750000000000002" classname="generate_stacked_data" name="generate_stacked_data_outputs_the_right_element_for_binary"/>
  </testsuite>
  <testsuite name="hello" timestamp="2023-02-13T18:32:57Z" hostname="357a41922a0a" tests="1" skipped="0" failures="0" errors="0" time="0.007">
    <testcase time="0.00699999999999967" classname="hello" name="hello_greets_the_entity"/>
  </testsuite>
  <testsuite name="horseshoe" timestamp="2023-02-13T18:32:57Z" hostname="357a41922a0a" tests="2" skipped="0" failures="0" errors="0" time="263.357">
    <testcase time="167.446" classname="horseshoe" name="horseshoe_outputs_the_right_elements_for_survival"/>
    <testcase time="95.911" classname="horseshoe" name="horseshoe_outputs_the_right_elements_for_binary"/>
  </testsuite>
  <testsuite name="lOR_estimation" timestamp="2023-02-13T18:37:20Z" hostname="357a41922a0a" tests="1" skipped="0" failures="0" errors="0" time="0.007">
    <testcase time="0.007000000000005" classname="lOR_estimation" name="lor_estimation_outputs_the_right_element"/>
  </testsuite>
  <testsuite name="naive" timestamp="2023-02-13T18:37:20Z" hostname="357a41922a0a" tests="2" skipped="0" failures="0" errors="0" time="0.357">
    <testcase time="0.165999999999997" classname="naive" name="naive_outputs_the_right_elements_for_survival"/>
    <testcase time="0.191000000000031" classname="naive" name="naive_outputs_the_right_elements_for_binary"/>
  </testsuite>
  <testsuite name="naivepop" timestamp="2023-02-13T18:37:21Z" hostname="357a41922a0a" tests="2" skipped="0" failures="0" errors="0" time="0.021">
    <testcase time="0.0149999999999864" classname="naivepop" name="naivepop_produces_expected_coefficients_of_the_model"/>
    <testcase time="0.00599999999997181" classname="naivepop" name="naivepop_outputs_the_right_elements"/>
  </testsuite>
  <testsuite name="preprocess" timestamp="2023-02-13T18:37:21Z" hostname="357a41922a0a" tests="1" skipped="0" failures="0" errors="0" time="0.013">
    <testcase time="0.0130000000000337" classname="preprocess" name="preprocess_outputs_the_right_elements"/>
  </testsuite>
  <testsuite name="print" timestamp="2023-02-13T18:37:21Z" hostname="357a41922a0a" tests="1" skipped="0" failures="0" errors="0" time="3.663">
    <testcase time="3.66300000000001" classname="print" name="print.summary.horseshoe_outputs_the_right_element"/>
  </testsuite>
  <testsuite name="subgroups" timestamp="2023-02-13T18:37:24Z" hostname="357a41922a0a" tests="2" skipped="0" failures="0" errors="0" time="0.22">
    <testcase time="0.203999999999951" classname="subgroups" name="subgroups_outputs_the_right_element_for_survival"/>
    <testcase time="0.0160000000000196" classname="subgroups" name="subgroups_outputs_the_right_element_for_binary"/>
  </testsuite>
  <testsuite name="summary" timestamp="2023-02-13T18:37:25Z" hostname="357a41922a0a" tests="8" skipped="0" failures="0" errors="0" time="30.61">
    <testcase time="0.007000000000005" classname="summary" name="summary_outputs_the_right_element_for_naivepop_survival"/>
    <testcase time="0.00200000000000955" classname="summary" name="summary_outputs_the_right_element_for_naivepop_binary"/>
    <testcase time="0.0029999999999859" classname="summary" name="summary_outputs_the_right_element_for_naive_survival"/>
    <testcase time="0.0029999999999859" classname="summary" name="summary_outputs_the_right_element_for_naive_binary"/>
    <testcase time="0.184000000000026" classname="summary" name="summary_outputs_the_right_element_for_elastic_net_survival"/>
    <testcase time="0.0190000000000055" classname="summary" name="summary_outputs_the_right_element_for_elastic_net_binary"/>
    <testcase time="26.552" classname="summary" name="summary_outputs_the_right_element_for_horseshoe_survival"/>
    <testcase time="3.84000000000003" classname="summary" name="summary_outputs_the_right_element_for_horseshoe_binary"/>
  </testsuite>
  <testsuite name="surv_prob" timestamp="2023-02-13T18:37:55Z" hostname="357a41922a0a" tests="1" skipped="0" failures="0" errors="0" time="0.006">
    <testcase time="0.00599999999997181" classname="surv_prob" name="surv_prob_outputs_the_right_element"/>
  </testsuite>
  <testsuite name="survival_curves" timestamp="2023-02-13T18:37:55Z" hostname="357a41922a0a" tests="1" skipped="0" failures="0" errors="0" time="0.005">
    <testcase time="0.00499999999999545" classname="survival_curves" name="survival_curves_outputs_the_right_element"/>
  </testsuite>
  <testsuite name="test" timestamp="2023-02-13T18:37:55Z" hostname="357a41922a0a" tests="1" skipped="0" failures="0" errors="0" time="0.005">
    <testcase time="0.00499999999999545" classname="test" name="test_works_as_expected"/>
  </testsuite>
  <testsuite name="trt_horseshoe" timestamp="2023-02-13T18:37:55Z" hostname="357a41922a0a" tests="2" skipped="0" failures="0" errors="0" time="15.856">
    <testcase time="13.497" classname="trt_horseshoe" name="trt_horseshoe_outputs_the_right_element_for_survival"/>
    <testcase time="2.35899999999998" classname="trt_horseshoe" name="trt_horseshoe_outputs_the_right_element_for_binary"/>
  </testsuite>
</testsuites>
