<?xml version="1.0" encoding="UTF-8"?>
<testsuites>
  <testsuite name="ahr_estimation" timestamp="2023-02-10T16:07:41Z" hostname="04c3fe240d03" tests="1" skipped="0" failures="0" errors="0" time="0.04">
    <testcase time="0.04" classname="ahr_estimation" name="ahr_estimation_outputs_the_right_element"/>
  </testsuite>
  <testsuite name="elastic_net" timestamp="2023-02-10T16:07:41Z" hostname="04c3fe240d03" tests="2" skipped="0" failures="0" errors="0" time="0.634">
    <testcase time="0.455" classname="elastic_net" name="elastic_net_outputs_the_right_elements_for_survival"/>
    <testcase time="0.179" classname="elastic_net" name="elastic_net_outputs_the_right_elements_for_binary"/>
  </testsuite>
  <testsuite name="generate_stacked_data" timestamp="2023-02-10T16:07:41Z" hostname="04c3fe240d03" tests="5" skipped="0" failures="0" errors="0" time="0.389">
    <testcase time="0.121" classname="generate_stacked_data" name="generate_stacked_data_outputs_the_right_element_for_survival"/>
    <testcase time="0.0609999999999999" classname="generate_stacked_data" name="generate_stacked_data_outputs_the_right_element_for_survival"/>
    <testcase time="0.0620000000000003" classname="generate_stacked_data" name="generate_stacked_data_outputs_the_right_element_for_survival"/>
    <testcase time="0.0640000000000001" classname="generate_stacked_data" name="generate_stacked_data_outputs_the_right_element_for_survival"/>
    <testcase time="0.0810000000000004" classname="generate_stacked_data" name="generate_stacked_data_outputs_the_right_element_for_binary"/>
  </testsuite>
  <testsuite name="hello" timestamp="2023-02-10T16:07:42Z" hostname="04c3fe240d03" tests="1" skipped="0" failures="0" errors="0" time="0.007">
    <testcase time="0.00699999999999967" classname="hello" name="hello_greets_the_entity"/>
  </testsuite>
  <testsuite name="horseshoe" timestamp="2023-02-10T16:07:42Z" hostname="04c3fe240d03" tests="2" skipped="0" failures="0" errors="0" time="313.873">
    <testcase time="200.212" classname="horseshoe" name="horseshoe_outputs_the_right_elements_for_survival"/>
    <testcase time="113.661" classname="horseshoe" name="horseshoe_outputs_the_right_elements_for_binary"/>
  </testsuite>
  <testsuite name="lOR_estimation" timestamp="2023-02-10T16:12:56Z" hostname="04c3fe240d03" tests="1" skipped="0" failures="0" errors="0" time="0.007">
    <testcase time="0.00699999999994816" classname="lOR_estimation" name="lor_estimation_outputs_the_right_element"/>
  </testsuite>
  <testsuite name="naive" timestamp="2023-02-10T16:12:56Z" hostname="04c3fe240d03" tests="2" skipped="0" failures="0" errors="0" time="0.416">
    <testcase time="0.192000000000007" classname="naive" name="naive_outputs_the_right_elements_for_survival"/>
    <testcase time="0.22399999999999" classname="naive" name="naive_outputs_the_right_elements_for_binary"/>
  </testsuite>
  <testsuite name="naivepop" timestamp="2023-02-10T16:12:56Z" hostname="04c3fe240d03" tests="2" skipped="0" failures="0" errors="0" time="0.024">
    <testcase time="0.0160000000000196" classname="naivepop" name="naivepop_produces_expected_coefficients_of_the_model"/>
    <testcase time="0.00799999999998136" classname="naivepop" name="naivepop_outputs_the_right_elements"/>
  </testsuite>
  <testsuite name="preprocess" timestamp="2023-02-10T16:12:56Z" hostname="04c3fe240d03" tests="1" skipped="0" failures="0" errors="0" time="0.014">
    <testcase time="0.01400000000001" classname="preprocess" name="preprocess_outputs_the_right_elements"/>
  </testsuite>
  <testsuite name="subgroups" timestamp="2023-02-10T16:12:56Z" hostname="04c3fe240d03" tests="2" skipped="0" failures="0" errors="0" time="0.254">
    <testcase time="0.234000000000037" classname="subgroups" name="subgroups_outputs_the_right_element_for_survival"/>
    <testcase time="0.0199999999999818" classname="subgroups" name="subgroups_outputs_the_right_element_for_binary"/>
  </testsuite>
  <testsuite name="summary" timestamp="2023-02-10T16:12:56Z" hostname="04c3fe240d03" tests="8" skipped="0" failures="0" errors="0" time="182.492">
    <testcase time="0.00799999999998136" classname="summary" name="summary_outputs_the_right_element_for_naivepop_survival"/>
    <testcase time="0.00300000000004275" classname="summary" name="summary_outputs_the_right_element_for_naivepop_binary"/>
    <testcase time="0.0029999999999859" classname="summary" name="summary_outputs_the_right_element_for_naive_survival"/>
    <testcase time="0.00399999999996226" classname="summary" name="summary_outputs_the_right_element_for_naive_binary"/>
    <testcase time="0.27600000000001" classname="summary" name="summary_outputs_the_right_element_for_elastic_net_survival"/>
    <testcase time="0.021000000000015" classname="summary" name="summary_outputs_the_right_element_for_elastic_net_binary"/>
    <testcase time="168.665" classname="summary" name="summary_outputs_the_right_element_for_horseshoe_survival"/>
    <testcase time="13.512" classname="summary" name="summary_outputs_the_right_element_for_horseshoe_binary"/>
  </testsuite>
  <testsuite name="surv_prob" timestamp="2023-02-10T16:15:59Z" hostname="04c3fe240d03" tests="1" skipped="0" failures="0" errors="0" time="0.007">
    <testcase time="0.007000000000005" classname="surv_prob" name="surv_prob_outputs_the_right_element"/>
  </testsuite>
  <testsuite name="survival_curves" timestamp="2023-02-10T16:15:59Z" hostname="04c3fe240d03" tests="1" skipped="0" failures="0" errors="0" time="0.006">
    <testcase time="0.00599999999997181" classname="survival_curves" name="survival_curves_outputs_the_right_element"/>
  </testsuite>
  <testsuite name="test" timestamp="2023-02-10T16:15:59Z" hostname="04c3fe240d03" tests="1" skipped="0" failures="0" errors="0" time="0.006">
    <testcase time="0.00600000000002865" classname="test" name="test_works_as_expected"/>
  </testsuite>
  <testsuite name="trt_horseshoe" timestamp="2023-02-10T16:15:59Z" hostname="04c3fe240d03" tests="2" skipped="0" failures="0" errors="0" time="89.438">
    <testcase time="82.782" classname="trt_horseshoe" name="trt_horseshoe_outputs_the_right_element_for_survival"/>
    <testcase time="6.65599999999995" classname="trt_horseshoe" name="trt_horseshoe_outputs_the_right_element_for_binary"/>
  </testsuite>
</testsuites>
