<?xml version="1.0" encoding="UTF-8"?>
<testsuites>
  <testsuite name="ahr_estimation" timestamp="2023-02-10T15:41:54Z" hostname="d3aa077021a5" tests="1" skipped="0" failures="0" errors="0" time="0.054">
    <testcase time="0.0539999999999998" classname="ahr_estimation" name="ahr_estimation_outputs_the_right_element"/>
  </testsuite>
  <testsuite name="elastic_net" timestamp="2023-02-10T15:41:54Z" hostname="d3aa077021a5" tests="2" skipped="0" failures="0" errors="0" time="0.499">
    <testcase time="0.361" classname="elastic_net" name="elastic_net_outputs_the_right_elements_for_survival"/>
    <testcase time="0.138" classname="elastic_net" name="elastic_net_outputs_the_right_elements_for_binary"/>
  </testsuite>
  <testsuite name="generate_stacked_data" timestamp="2023-02-10T15:41:54Z" hostname="d3aa077021a5" tests="5" skipped="0" failures="0" errors="0" time="0.307">
    <testcase time="0.0960000000000001" classname="generate_stacked_data" name="generate_stacked_data_outputs_the_right_element_for_survival"/>
    <testcase time="0.0470000000000002" classname="generate_stacked_data" name="generate_stacked_data_outputs_the_right_element_for_survival"/>
    <testcase time="0.048" classname="generate_stacked_data" name="generate_stacked_data_outputs_the_right_element_for_survival"/>
    <testcase time="0.0529999999999999" classname="generate_stacked_data" name="generate_stacked_data_outputs_the_right_element_for_survival"/>
    <testcase time="0.0629999999999997" classname="generate_stacked_data" name="generate_stacked_data_outputs_the_right_element_for_binary"/>
  </testsuite>
  <testsuite name="hello" timestamp="2023-02-10T15:41:55Z" hostname="d3aa077021a5" tests="1" skipped="0" failures="0" errors="0" time="0.006">
    <testcase time="0.00600000000000023" classname="hello" name="hello_greets_the_entity"/>
  </testsuite>
  <testsuite name="horseshoe" timestamp="2023-02-10T15:41:55Z" hostname="d3aa077021a5" tests="2" skipped="0" failures="0" errors="0" time="258.3">
    <testcase time="165.011" classname="horseshoe" name="horseshoe_outputs_the_right_elements_for_survival"/>
    <testcase time="93.289" classname="horseshoe" name="horseshoe_outputs_the_right_elements_for_binary"/>
  </testsuite>
  <testsuite name="lOR_estimation" timestamp="2023-02-10T15:46:13Z" hostname="d3aa077021a5" tests="1" skipped="0" failures="0" errors="0" time="0.005">
    <testcase time="0.00499999999999545" classname="lOR_estimation" name="lor_estimation_outputs_the_right_element"/>
  </testsuite>
  <testsuite name="naive" timestamp="2023-02-10T15:46:13Z" hostname="d3aa077021a5" tests="2" skipped="0" failures="0" errors="0" time="0.331">
    <testcase time="0.156000000000006" classname="naive" name="naive_outputs_the_right_elements_for_survival"/>
    <testcase time="0.175000000000011" classname="naive" name="naive_outputs_the_right_elements_for_binary"/>
  </testsuite>
  <testsuite name="naivepop" timestamp="2023-02-10T15:46:13Z" hostname="d3aa077021a5" tests="2" skipped="0" failures="0" errors="0" time="0.019">
    <testcase time="0.0129999999999768" classname="naivepop" name="naivepop_produces_expected_coefficients_of_the_model"/>
    <testcase time="0.00600000000002865" classname="naivepop" name="naivepop_outputs_the_right_elements"/>
  </testsuite>
  <testsuite name="preprocess" timestamp="2023-02-10T15:46:13Z" hostname="d3aa077021a5" tests="1" skipped="0" failures="0" errors="0" time="0.011">
    <testcase time="0.0109999999999673" classname="preprocess" name="preprocess_outputs_the_right_elements"/>
  </testsuite>
  <testsuite name="subgroups" timestamp="2023-02-10T15:46:13Z" hostname="d3aa077021a5" tests="2" skipped="0" failures="0" errors="0" time="0.551">
    <testcase time="0.537000000000035" classname="subgroups" name="subgroups_outputs_the_right_element_for_survival"/>
    <testcase time="0.01400000000001" classname="subgroups" name="subgroups_outputs_the_right_element_for_binary"/>
  </testsuite>
  <testsuite name="summary" timestamp="2023-02-10T15:46:14Z" hostname="d3aa077021a5" tests="8" skipped="0" failures="0" errors="0" time="143.521">
    <testcase time="0.00599999999997181" classname="summary" name="summary_outputs_the_right_element_for_naivepop_survival"/>
    <testcase time="0.00200000000000955" classname="summary" name="summary_outputs_the_right_element_for_naivepop_binary"/>
    <testcase time="0.0029999999999859" classname="summary" name="summary_outputs_the_right_element_for_naive_survival"/>
    <testcase time="0.0029999999999859" classname="summary" name="summary_outputs_the_right_element_for_naive_binary"/>
    <testcase time="0.338000000000022" classname="summary" name="summary_outputs_the_right_element_for_elastic_net_survival"/>
    <testcase time="0.0149999999999864" classname="summary" name="summary_outputs_the_right_element_for_elastic_net_binary"/>
    <testcase time="132.775" classname="summary" name="summary_outputs_the_right_element_for_horseshoe_survival"/>
    <testcase time="10.379" classname="summary" name="summary_outputs_the_right_element_for_horseshoe_binary"/>
  </testsuite>
  <testsuite name="surv_prob" timestamp="2023-02-10T15:48:37Z" hostname="d3aa077021a5" tests="1" skipped="0" failures="0" errors="0" time="0.005">
    <testcase time="0.00499999999999545" classname="surv_prob" name="surv_prob_outputs_the_right_element"/>
  </testsuite>
  <testsuite name="survival_curves" timestamp="2023-02-10T15:48:37Z" hostname="d3aa077021a5" tests="1" skipped="0" failures="0" errors="0" time="0.005">
    <testcase time="0.0050000000000523" classname="survival_curves" name="survival_curves_outputs_the_right_element"/>
  </testsuite>
  <testsuite name="test" timestamp="2023-02-10T15:48:37Z" hostname="d3aa077021a5" tests="1" skipped="0" failures="0" errors="0" time="0.005">
    <testcase time="0.00499999999999545" classname="test" name="test_works_as_expected"/>
  </testsuite>
  <testsuite name="trt_horseshoe" timestamp="2023-02-10T15:48:37Z" hostname="d3aa077021a5" tests="2" skipped="0" failures="0" errors="0" time="70.165">
    <testcase time="65.062" classname="trt_horseshoe" name="trt_horseshoe_outputs_the_right_element_for_survival"/>
    <testcase time="5.10300000000001" classname="trt_horseshoe" name="trt_horseshoe_outputs_the_right_element_for_binary"/>
  </testsuite>
</testsuites>
