<?xml version="1.0" encoding="UTF-8"?>
<testsuites>
  <testsuite name="ahr_estimation" timestamp="2023-02-09T13:10:52Z" hostname="0c6ff063fc87" tests="1" skipped="0" failures="0" errors="0" time="0.054">
    <testcase time="0.0539999999999998" classname="ahr_estimation" name="ahr_estimation_outputs_the_right_element"/>
  </testsuite>
  <testsuite name="elastic_net" timestamp="2023-02-09T13:10:52Z" hostname="0c6ff063fc87" tests="2" skipped="0" failures="0" errors="0" time="0.512">
    <testcase time="0.37" classname="elastic_net" name="elastic_net_outputs_the_right_elements_for_survival"/>
    <testcase time="0.142" classname="elastic_net" name="elastic_net_outputs_the_right_elements_for_binary"/>
  </testsuite>
  <testsuite name="generate_stacked_data" timestamp="2023-02-09T13:10:53Z" hostname="0c6ff063fc87" tests="5" skipped="0" failures="0" errors="0" time="0.317">
    <testcase time="0.0989999999999998" classname="generate_stacked_data" name="generate_stacked_data_outputs_the_right_element_for_survival"/>
    <testcase time="0.048" classname="generate_stacked_data" name="generate_stacked_data_outputs_the_right_element_for_survival"/>
    <testcase time="0.0490000000000004" classname="generate_stacked_data" name="generate_stacked_data_outputs_the_right_element_for_survival"/>
    <testcase time="0.0539999999999998" classname="generate_stacked_data" name="generate_stacked_data_outputs_the_right_element_for_survival"/>
    <testcase time="0.0669999999999997" classname="generate_stacked_data" name="generate_stacked_data_outputs_the_right_element_for_binary"/>
  </testsuite>
  <testsuite name="hello" timestamp="2023-02-09T13:10:53Z" hostname="0c6ff063fc87" tests="1" skipped="0" failures="0" errors="0" time="0.006">
    <testcase time="0.00600000000000023" classname="hello" name="hello_greets_the_entity"/>
  </testsuite>
  <testsuite name="horseshoe" timestamp="2023-02-09T13:10:53Z" hostname="0c6ff063fc87" tests="2" skipped="0" failures="0" errors="0" time="257.364">
    <testcase time="163.549" classname="horseshoe" name="horseshoe_outputs_the_right_elements_for_survival"/>
    <testcase time="93.815" classname="horseshoe" name="horseshoe_outputs_the_right_elements_for_binary"/>
  </testsuite>
  <testsuite name="lOR_estimation" timestamp="2023-02-09T13:15:11Z" hostname="0c6ff063fc87" tests="1" skipped="0" failures="0" errors="0" time="0.006">
    <testcase time="0.00600000000002865" classname="lOR_estimation" name="lor_estimation_outputs_the_right_element"/>
  </testsuite>
  <testsuite name="naive" timestamp="2023-02-09T13:15:11Z" hostname="0c6ff063fc87" tests="2" skipped="0" failures="0" errors="0" time="0.336">
    <testcase time="0.156000000000006" classname="naive" name="naive_outputs_the_right_elements_for_survival"/>
    <testcase time="0.180000000000007" classname="naive" name="naive_outputs_the_right_elements_for_binary"/>
  </testsuite>
  <testsuite name="naivepop" timestamp="2023-02-09T13:15:11Z" hostname="0c6ff063fc87" tests="2" skipped="0" failures="0" errors="0" time="0.019">
    <testcase time="0.0129999999999768" classname="naivepop" name="naivepop_produces_expected_coefficients_of_the_model"/>
    <testcase time="0.00600000000002865" classname="naivepop" name="naivepop_outputs_the_right_elements"/>
  </testsuite>
  <testsuite name="preprocess" timestamp="2023-02-09T13:15:11Z" hostname="0c6ff063fc87" tests="1" skipped="0" failures="0" errors="0" time="0.011">
    <testcase time="0.0109999999999673" classname="preprocess" name="preprocess_outputs_the_right_elements"/>
  </testsuite>
  <testsuite name="subgroups" timestamp="2023-02-09T13:15:11Z" hostname="0c6ff063fc87" tests="2" skipped="0" failures="0" errors="0" time="0.478">
    <testcase time="0.458000000000027" classname="subgroups" name="subgroups_outputs_the_right_element_for_survival"/>
    <testcase time="0.0199999999999818" classname="subgroups" name="subgroups_outputs_the_right_element_for_binary"/>
  </testsuite>
  <testsuite name="summary" timestamp="2023-02-09T13:15:11Z" hostname="0c6ff063fc87" tests="4" skipped="0" failures="0" errors="0" time="0.013">
    <testcase time="0.00499999999999545" classname="summary" name="summary_outputs_the_right_element_for_naivepop_survival"/>
    <testcase time="0.00200000000000955" classname="summary" name="summary_outputs_the_right_element_for_naivepop_binary"/>
    <testcase time="0.0029999999999859" classname="summary" name="summary_outputs_the_right_element_for_naive_survival"/>
    <testcase time="0.0029999999999859" classname="summary" name="summary_outputs_the_right_element_for_naive_binary"/>
  </testsuite>
  <testsuite name="surv_prob" timestamp="2023-02-09T13:15:11Z" hostname="0c6ff063fc87" tests="1" skipped="0" failures="0" errors="0" time="0.005">
    <testcase time="0.0050000000000523" classname="surv_prob" name="surv_prob_outputs_the_right_element"/>
  </testsuite>
  <testsuite name="survival_curves" timestamp="2023-02-09T13:15:11Z" hostname="0c6ff063fc87" tests="1" skipped="0" failures="0" errors="0" time="0.004">
    <testcase time="0.00399999999996226" classname="survival_curves" name="survival_curves_outputs_the_right_element"/>
  </testsuite>
  <testsuite name="test" timestamp="2023-02-09T13:15:11Z" hostname="0c6ff063fc87" tests="1" skipped="0" failures="0" errors="0" time="0.005">
    <testcase time="0.00499999999999545" classname="test" name="test_works_as_expected"/>
  </testsuite>
</testsuites>
