<?xml version="1.0" encoding="UTF-8"?>
<testsuites>
  <testsuite name="ahr_estimation" timestamp="2023-02-09T12:36:28Z" hostname="8c21ece9f7a8" tests="1" skipped="0" failures="0" errors="0" time="0.042">
    <testcase time="0.0419999999999998" classname="ahr_estimation" name="ahr_estimation_outputs_the_right_element"/>
  </testsuite>
  <testsuite name="elastic_net" timestamp="2023-02-09T12:36:28Z" hostname="8c21ece9f7a8" tests="2" skipped="0" failures="0" errors="0" time="0.521">
    <testcase time="0.377" classname="elastic_net" name="elastic_net_outputs_the_right_elements_for_survival"/>
    <testcase time="0.144" classname="elastic_net" name="elastic_net_outputs_the_right_elements_for_binary"/>
  </testsuite>
  <testsuite name="generate_stacked_data" timestamp="2023-02-09T12:36:29Z" hostname="8c21ece9f7a8" tests="5" skipped="0" failures="0" errors="0" time="0.321">
    <testcase time="0.101" classname="generate_stacked_data" name="generate_stacked_data_outputs_the_right_element_for_survival"/>
    <testcase time="0.0489999999999999" classname="generate_stacked_data" name="generate_stacked_data_outputs_the_right_element_for_survival"/>
    <testcase time="0.0509999999999997" classname="generate_stacked_data" name="generate_stacked_data_outputs_the_right_element_for_survival"/>
    <testcase time="0.0540000000000003" classname="generate_stacked_data" name="generate_stacked_data_outputs_the_right_element_for_survival"/>
    <testcase time="0.0660000000000003" classname="generate_stacked_data" name="generate_stacked_data_outputs_the_right_element_for_binary"/>
  </testsuite>
  <testsuite name="hello" timestamp="2023-02-09T12:36:29Z" hostname="8c21ece9f7a8" tests="1" skipped="0" failures="0" errors="0" time="0.005">
    <testcase time="0.00499999999999989" classname="hello" name="hello_greets_the_entity"/>
  </testsuite>
  <testsuite name="horseshoe" timestamp="2023-02-09T12:36:29Z" hostname="8c21ece9f7a8" tests="2" skipped="0" failures="0" errors="0" time="257.427">
    <testcase time="163.92" classname="horseshoe" name="horseshoe_outputs_the_right_elements_for_survival"/>
    <testcase time="93.507" classname="horseshoe" name="horseshoe_outputs_the_right_elements_for_binary"/>
  </testsuite>
  <testsuite name="lOR_estimation" timestamp="2023-02-09T12:40:46Z" hostname="8c21ece9f7a8" tests="1" skipped="0" failures="0" errors="0" time="0.006">
    <testcase time="0.00599999999997181" classname="lOR_estimation" name="lor_estimation_outputs_the_right_element"/>
  </testsuite>
  <testsuite name="naive" timestamp="2023-02-09T12:40:46Z" hostname="8c21ece9f7a8" tests="2" skipped="0" failures="0" errors="0" time="0.342">
    <testcase time="0.158999999999992" classname="naive" name="naive_outputs_the_right_elements_for_survival"/>
    <testcase time="0.18300000000005" classname="naive" name="naive_outputs_the_right_elements_for_binary"/>
  </testsuite>
  <testsuite name="naivepop" timestamp="2023-02-09T12:40:47Z" hostname="8c21ece9f7a8" tests="2" skipped="0" failures="0" errors="0" time="0.019">
    <testcase time="0.0129999999999768" classname="naivepop" name="naivepop_produces_expected_coefficients_of_the_model"/>
    <testcase time="0.00599999999997181" classname="naivepop" name="naivepop_outputs_the_right_elements"/>
  </testsuite>
  <testsuite name="preprocess" timestamp="2023-02-09T12:40:47Z" hostname="8c21ece9f7a8" tests="1" skipped="0" failures="0" errors="0" time="0.011">
    <testcase time="0.0109999999999673" classname="preprocess" name="preprocess_outputs_the_right_elements"/>
  </testsuite>
  <testsuite name="subgroups" timestamp="2023-02-09T12:40:47Z" hostname="8c21ece9f7a8" tests="2" skipped="0" failures="0" errors="0" time="0.596">
    <testcase time="0.576999999999998" classname="subgroups" name="subgroups_outputs_the_right_element_for_survival"/>
    <testcase time="0.0190000000000055" classname="subgroups" name="subgroups_outputs_the_right_element_for_binary"/>
  </testsuite>
  <testsuite name="summary" timestamp="2023-02-09T12:40:47Z" hostname="8c21ece9f7a8" tests="4" skipped="0" failures="0" errors="0" time="0.013">
    <testcase time="0.00600000000002865" classname="summary" name="summary_outputs_the_right_element_for_naivepop_survival"/>
    <testcase time="0.00200000000000955" classname="summary" name="summary_outputs_the_right_element_for_naivepop_binary"/>
    <testcase time="0.0029999999999859" classname="summary" name="summary_outputs_the_right_element_for_naive_survival"/>
    <testcase time="0.00200000000000955" classname="summary" name="summary_outputs_the_right_element_for_naive_binary"/>
  </testsuite>
  <testsuite name="surv_prob" timestamp="2023-02-09T12:40:47Z" hostname="8c21ece9f7a8" tests="1" skipped="0" failures="0" errors="0" time="0.005">
    <testcase time="0.00499999999999545" classname="surv_prob" name="surv_prob_outputs_the_right_element"/>
  </testsuite>
  <testsuite name="survival_curves" timestamp="2023-02-09T12:40:47Z" hostname="8c21ece9f7a8" tests="1" skipped="0" failures="0" errors="0" time="0.005">
    <testcase time="0.00499999999999545" classname="survival_curves" name="survival_curves_outputs_the_right_element"/>
  </testsuite>
  <testsuite name="test" timestamp="2023-02-09T12:40:47Z" hostname="8c21ece9f7a8" tests="1" skipped="0" failures="0" errors="0" time="0.004">
    <testcase time="0.0040000000000191" classname="test" name="test_works_as_expected"/>
  </testsuite>
</testsuites>
