<?xml version="1.0" encoding="UTF-8"?>
<testsuites>
  <testsuite name="ahr_estimation" timestamp="2023-02-14T12:33:41Z" hostname="96f515aebdfe" tests="1" skipped="0" failures="0" errors="0" time="0.049">
    <testcase time="0.0489999999999999" classname="ahr_estimation" name="ahr_estimation_outputs_the_right_element"/>
  </testsuite>
  <testsuite name="elastic_net" timestamp="2023-02-14T12:33:41Z" hostname="96f515aebdfe" tests="2" skipped="0" failures="0" errors="0" time="0.499">
    <testcase time="0.359" classname="elastic_net" name="elastic_net_outputs_the_right_elements_for_survival"/>
    <testcase time="0.14" classname="elastic_net" name="elastic_net_outputs_the_right_elements_for_binary"/>
  </testsuite>
  <testsuite name="generate_stacked_data" timestamp="2023-02-14T12:33:42Z" hostname="96f515aebdfe" tests="5" skipped="0" failures="0" errors="0" time="0.302">
    <testcase time="0.0950000000000002" classname="generate_stacked_data" name="generate_stacked_data_outputs_the_right_element_for_survival"/>
    <testcase time="0.0470000000000002" classname="generate_stacked_data" name="generate_stacked_data_outputs_the_right_element_for_survival"/>
    <testcase time="0.0469999999999997" classname="generate_stacked_data" name="generate_stacked_data_outputs_the_right_element_for_survival"/>
    <testcase time="0.052" classname="generate_stacked_data" name="generate_stacked_data_outputs_the_right_element_for_survival"/>
    <testcase time="0.0609999999999999" classname="generate_stacked_data" name="generate_stacked_data_outputs_the_right_element_for_binary"/>
  </testsuite>
  <testsuite name="hello" timestamp="2023-02-14T12:33:42Z" hostname="96f515aebdfe" tests="1" skipped="0" failures="0" errors="0" time="0.006">
    <testcase time="0.00600000000000023" classname="hello" name="hello_greets_the_entity"/>
  </testsuite>
  <testsuite name="horseshoe" timestamp="2023-02-14T12:33:42Z" hostname="96f515aebdfe" tests="2" skipped="0" failures="0" errors="0" time="256.35">
    <testcase time="163.527" classname="horseshoe" name="horseshoe_outputs_the_right_elements_for_survival"/>
    <testcase time="92.823" classname="horseshoe" name="horseshoe_outputs_the_right_elements_for_binary"/>
  </testsuite>
  <testsuite name="lOR_estimation" timestamp="2023-02-14T12:37:58Z" hostname="96f515aebdfe" tests="1" skipped="0" failures="0" errors="0" time="0.005">
    <testcase time="0.00499999999999545" classname="lOR_estimation" name="lor_estimation_outputs_the_right_element"/>
  </testsuite>
  <testsuite name="naive" timestamp="2023-02-14T12:37:58Z" hostname="96f515aebdfe" tests="2" skipped="0" failures="0" errors="0" time="0.32">
    <testcase time="0.150000000000034" classname="naive" name="naive_outputs_the_right_elements_for_survival"/>
    <testcase time="0.169999999999959" classname="naive" name="naive_outputs_the_right_elements_for_binary"/>
  </testsuite>
  <testsuite name="naivepop" timestamp="2023-02-14T12:37:59Z" hostname="96f515aebdfe" tests="2" skipped="0" failures="0" errors="0" time="0.019">
    <testcase time="0.0130000000000337" classname="naivepop" name="naivepop_produces_expected_coefficients_of_the_model"/>
    <testcase time="0.00599999999997181" classname="naivepop" name="naivepop_outputs_the_right_elements"/>
  </testsuite>
  <testsuite name="preprocess" timestamp="2023-02-14T12:37:59Z" hostname="96f515aebdfe" tests="1" skipped="0" failures="0" errors="0" time="0.012">
    <testcase time="0.0120000000000005" classname="preprocess" name="preprocess_outputs_the_right_elements"/>
  </testsuite>
  <testsuite name="print" timestamp="2023-02-14T12:37:59Z" hostname="96f515aebdfe" tests="1" skipped="0" failures="0" errors="0" time="3.286">
    <testcase time="3.286" classname="print" name="print.summary.horseshoe_outputs_the_right_element"/>
  </testsuite>
  <testsuite name="subgroups" timestamp="2023-02-14T12:38:02Z" hostname="96f515aebdfe" tests="2" skipped="0" failures="0" errors="0" time="0.486">
    <testcase time="0.472000000000037" classname="subgroups" name="subgroups_outputs_the_right_element_for_survival"/>
    <testcase time="0.01400000000001" classname="subgroups" name="subgroups_outputs_the_right_element_for_binary"/>
  </testsuite>
  <testsuite name="summary" timestamp="2023-02-14T12:38:03Z" hostname="96f515aebdfe" tests="8" skipped="0" failures="0" errors="0" time="28.488">
    <testcase time="0.00499999999999545" classname="summary" name="summary_outputs_the_right_element_for_naivepop_survival"/>
    <testcase time="0.00199999999995271" classname="summary" name="summary_outputs_the_right_element_for_naivepop_binary"/>
    <testcase time="0.00300000000004275" classname="summary" name="summary_outputs_the_right_element_for_naive_survival"/>
    <testcase time="0.0029999999999859" classname="summary" name="summary_outputs_the_right_element_for_naive_binary"/>
    <testcase time="0.430999999999983" classname="summary" name="summary_outputs_the_right_element_for_elastic_net_survival"/>
    <testcase time="0.0149999999999864" classname="summary" name="summary_outputs_the_right_element_for_elastic_net_binary"/>
    <testcase time="24.547" classname="summary" name="summary_outputs_the_right_element_for_horseshoe_survival"/>
    <testcase time="3.48200000000003" classname="summary" name="summary_outputs_the_right_element_for_horseshoe_binary"/>
  </testsuite>
  <testsuite name="surv_prob" timestamp="2023-02-14T12:38:31Z" hostname="96f515aebdfe" tests="1" skipped="0" failures="0" errors="0" time="0.005">
    <testcase time="0.00499999999999545" classname="surv_prob" name="surv_prob_outputs_the_right_element"/>
  </testsuite>
  <testsuite name="survival_curves" timestamp="2023-02-14T12:38:31Z" hostname="96f515aebdfe" tests="1" skipped="0" failures="0" errors="0" time="0.005">
    <testcase time="0.00499999999999545" classname="survival_curves" name="survival_curves_outputs_the_right_element"/>
  </testsuite>
  <testsuite name="test" timestamp="2023-02-14T12:38:31Z" hostname="96f515aebdfe" tests="1" skipped="0" failures="0" errors="0" time="0.005">
    <testcase time="0.00499999999999545" classname="test" name="test_works_as_expected"/>
  </testsuite>
  <testsuite name="trt_horseshoe" timestamp="2023-02-14T12:38:31Z" hostname="96f515aebdfe" tests="2" skipped="0" failures="0" errors="0" time="15.248">
    <testcase time="13.165" classname="trt_horseshoe" name="trt_horseshoe_outputs_the_right_element_for_survival"/>
    <testcase time="2.08300000000003" classname="trt_horseshoe" name="trt_horseshoe_outputs_the_right_element_for_binary"/>
  </testsuite>
</testsuites>
