<?xml version="1.0" encoding="UTF-8"?>
<testsuites>
  <testsuite name="elastic_net" timestamp="2023-02-08T15:17:51Z" hostname="07c7e450c893" tests="2" skipped="0" failures="0" errors="0" time="0.488">
    <testcase time="0.347" classname="elastic_net" name="Elastic_net_outputs_the_right_elements_for_survival"/>
    <testcase time="0.141" classname="elastic_net" name="Elastic_net_outputs_the_right_elements_for_binary"/>
  </testsuite>
  <testsuite name="generate_stacked_data" timestamp="2023-02-08T15:17:51Z" hostname="07c7e450c893" tests="5" skipped="0" failures="0" errors="0" time="0.306">
    <testcase time="0.106" classname="generate_stacked_data" name="Generate_stacked_data_outputs_the_right_element_for_survival"/>
    <testcase time="0.0460000000000003" classname="generate_stacked_data" name="Generate_stacked_data_outputs_the_right_element_for_survival"/>
    <testcase time="0.0459999999999998" classname="generate_stacked_data" name="Generate_stacked_data_outputs_the_right_element_for_survival"/>
    <testcase time="0.052" classname="generate_stacked_data" name="Generate_stacked_data_outputs_the_right_element_for_survival"/>
    <testcase time="0.056" classname="generate_stacked_data" name="Generate_stacked_data_outputs_the_right_element_for_binary"/>
  </testsuite>
  <testsuite name="hello" timestamp="2023-02-08T15:17:52Z" hostname="07c7e450c893" tests="1" skipped="0" failures="0" errors="0" time="0.023">
    <testcase time="0.0230000000000001" classname="hello" name="hello_greets_the_entity"/>
  </testsuite>
  <testsuite name="horseshoe" timestamp="2023-02-08T15:17:52Z" hostname="07c7e450c893" tests="2" skipped="0" failures="0" errors="0" time="258.602">
    <testcase time="163.265" classname="horseshoe" name="Horseshoe_outputs_the_right_elements_for_survival"/>
    <testcase time="95.337" classname="horseshoe" name="Horseshoe_outputs_the_right_elements_for_binary"/>
  </testsuite>
  <testsuite name="lOR_estimation" timestamp="2023-02-08T15:22:10Z" hostname="07c7e450c893" tests="1" skipped="0" failures="0" errors="0" time="0.006">
    <testcase time="0.00600000000002865" classname="lOR_estimation" name="lor_estimation_outputs_the_right_element"/>
  </testsuite>
  <testsuite name="naive" timestamp="2023-02-08T15:22:10Z" hostname="07c7e450c893" tests="2" skipped="0" failures="0" errors="0" time="0.359">
    <testcase time="0.168000000000006" classname="naive" name="Naive_outputs_the_right_elements_for_survival"/>
    <testcase time="0.190999999999974" classname="naive" name="Naive_outputs_the_right_elements_for_binary"/>
  </testsuite>
  <testsuite name="naivepop" timestamp="2023-02-08T15:22:11Z" hostname="07c7e450c893" tests="2" skipped="0" failures="0" errors="0" time="0.021">
    <testcase time="0.01400000000001" classname="naivepop" name="Naivepop_produces_expected_coefficients_of_the_model"/>
    <testcase time="0.007000000000005" classname="naivepop" name="Naivepop_outputs_the_right_elements"/>
  </testsuite>
  <testsuite name="preprocess" timestamp="2023-02-08T15:22:11Z" hostname="07c7e450c893" tests="1" skipped="0" failures="0" errors="0" time="0.012">
    <testcase time="0.0120000000000005" classname="preprocess" name="Preprocess_outputs_the_right_elements"/>
  </testsuite>
  <testsuite name="summary" timestamp="2023-02-08T15:22:11Z" hostname="07c7e450c893" tests="4" skipped="0" failures="0" errors="0" time="0.015">
    <testcase time="0.00600000000002865" classname="summary" name="Summary_outputs_the_right_element_for_naivepop_survival"/>
    <testcase time="0.00199999999995271" classname="summary" name="Summary_outputs_the_right_element_for_naivepop_binary"/>
    <testcase time="0.0040000000000191" classname="summary" name="Summary_outputs_the_right_element_for_naive_survival"/>
    <testcase time="0.0029999999999859" classname="summary" name="Summary_outputs_the_right_element_for_naive_binary"/>
  </testsuite>
  <testsuite name="surv_prob" timestamp="2023-02-08T15:22:11Z" hostname="07c7e450c893" tests="1" skipped="0" failures="0" errors="0" time="0.005">
    <testcase time="0.00499999999999545" classname="surv_prob" name="Surv_prob_outputs_the_right_element"/>
  </testsuite>
  <testsuite name="survival_curves" timestamp="2023-02-08T15:22:11Z" hostname="07c7e450c893" tests="1" skipped="0" failures="0" errors="0" time="0.005">
    <testcase time="0.00499999999999545" classname="survival_curves" name="Survival_curves_outputs_the_right_element"/>
  </testsuite>
  <testsuite name="test" timestamp="2023-02-08T15:22:11Z" hostname="07c7e450c893" tests="1" skipped="0" failures="0" errors="0" time="0.005">
    <testcase time="0.00499999999999545" classname="test" name="test_works_as_expected"/>
  </testsuite>
</testsuites>
