<?xml version="1.0" encoding="UTF-8"?>
<testsuites>
  <testsuite name="ahr_estimation" timestamp="2023-02-24T10:09:29Z" hostname="d897255072e7" tests="1" skipped="0" failures="0" errors="0" time="0.036">
    <testcase time="0.0359999999999996" classname="ahr_estimation" name="ahr_estimation_outputs_the_right_element"/>
  </testsuite>
  <testsuite name="compare" timestamp="2023-02-24T10:09:29Z" hostname="d897255072e7" tests="2" skipped="0" failures="0" errors="0" time="0.143">
    <testcase time="0.12" classname="compare" name="compare_outputs_the_right_element"/>
    <testcase time="0.0229999999999997" classname="compare" name="compare_outputs_an_error_when_there_are_less_than_two_arguments"/>
  </testsuite>
  <testsuite name="elastic_net" timestamp="2023-02-24T10:09:29Z" hostname="d897255072e7" tests="2" skipped="0" failures="0" errors="0" time="0.648">
    <testcase time="0.455" classname="elastic_net" name="elastic_net_outputs_the_right_elements_for_survival"/>
    <testcase time="0.193000000000001" classname="elastic_net" name="elastic_net_outputs_the_right_elements_for_binary"/>
  </testsuite>
  <testsuite name="generate_stacked_data" timestamp="2023-02-24T10:09:29Z" hostname="d897255072e7" tests="5" skipped="0" failures="0" errors="0" time="0.444">
    <testcase time="0.122" classname="generate_stacked_data" name="generate_stacked_data_outputs_the_right_element_for_survival"/>
    <testcase time="0.0830000000000002" classname="generate_stacked_data" name="generate_stacked_data_outputs_the_right_element_for_survival"/>
    <testcase time="0.0670000000000002" classname="generate_stacked_data" name="generate_stacked_data_outputs_the_right_element_for_survival"/>
    <testcase time="0.0810000000000004" classname="generate_stacked_data" name="generate_stacked_data_outputs_the_right_element_for_survival"/>
    <testcase time="0.0909999999999993" classname="generate_stacked_data" name="generate_stacked_data_outputs_the_right_element_for_binary"/>
  </testsuite>
  <testsuite name="hello" timestamp="2023-02-24T10:09:30Z" hostname="d897255072e7" tests="1" skipped="0" failures="0" errors="0" time="0.008">
    <testcase time="0.00800000000000001" classname="hello" name="hello_greets_the_entity"/>
  </testsuite>
  <testsuite name="horseshoe" timestamp="2023-02-24T10:09:30Z" hostname="d897255072e7" tests="2" skipped="0" failures="0" errors="0" time="336.342">
    <testcase time="213.509" classname="horseshoe" name="horseshoe_outputs_the_right_elements_for_survival"/>
    <testcase time="122.833" classname="horseshoe" name="horseshoe_outputs_the_right_elements_for_binary"/>
  </testsuite>
  <testsuite name="lOR_estimation" timestamp="2023-02-24T10:15:06Z" hostname="d897255072e7" tests="1" skipped="0" failures="0" errors="0" time="0.008">
    <testcase time="0.0080000000000382" classname="lOR_estimation" name="lor_estimation_outputs_the_right_element"/>
  </testsuite>
  <testsuite name="naive" timestamp="2023-02-24T10:15:06Z" hostname="d897255072e7" tests="2" skipped="0" failures="0" errors="0" time="0.519">
    <testcase time="0.245000000000005" classname="naive" name="naive_outputs_the_right_elements_for_survival"/>
    <testcase time="0.274000000000001" classname="naive" name="naive_outputs_the_right_elements_for_binary"/>
  </testsuite>
  <testsuite name="naivepop" timestamp="2023-02-24T10:15:07Z" hostname="d897255072e7" tests="2" skipped="0" failures="0" errors="0" time="0.029">
    <testcase time="0.0179999999999723" classname="naivepop" name="naivepop_produces_expected_coefficients_of_the_model"/>
    <testcase time="0.0110000000000241" classname="naivepop" name="naivepop_outputs_the_right_elements"/>
  </testsuite>
  <testsuite name="plot" timestamp="2023-02-24T10:15:07Z" hostname="d897255072e7" tests="5" skipped="4" failures="0" errors="0" time="9.648">
    <testcase time="0.0539999999999736" classname="plot" name="plot_works_as_expected_for_naive"/>
    <testcase time="2.08100000000002" classname="plot" name="plot_works_as_expected_for_naive">
      <skipped message="Reason: On CRAN ('test-plot.R:3')"/>
    </testcase>
    <testcase time="1.80400000000003" classname="plot" name="plot_works_as_expected_for_elastic_net">
      <skipped message="Reason: On CRAN ('test-plot.R:8')"/>
    </testcase>
    <testcase time="3.45299999999997" classname="plot" name="plot_works_as_expected_for_horseshoe">
      <skipped message="Reason: On CRAN ('test-plot.R:13')"/>
    </testcase>
    <testcase time="2.25600000000003" classname="plot" name="plot_works_as_expected_for_compare.data">
      <skipped message="Reason: On CRAN ('test-plot.R:18')"/>
    </testcase>
  </testsuite>
  <testsuite name="preprocess" timestamp="2023-02-24T10:15:16Z" hostname="d897255072e7" tests="1" skipped="0" failures="0" errors="0" time="0.029">
    <testcase time="0.0289999999999964" classname="preprocess" name="preprocess_outputs_the_right_elements"/>
  </testsuite>
  <testsuite name="print" timestamp="2023-02-24T10:15:16Z" hostname="d897255072e7" tests="4" skipped="0" failures="0" errors="0" time="4.179">
    <testcase time="0.00799999999998136" classname="print" name="print_outputs_the_right_element_for_naivepop"/>
    <testcase time="0.00799999999998136" classname="print" name="print_outputs_the_right_element_for_naive"/>
    <testcase time="0.0240000000000009" classname="print" name="print_outputs_the_right_element_for_elastic_net"/>
    <testcase time="4.13900000000001" classname="print" name="print_outputs_the_right_element_for_horseshoe"/>
  </testsuite>
  <testsuite name="subgroups" timestamp="2023-02-24T10:15:21Z" hostname="d897255072e7" tests="2" skipped="0" failures="0" errors="0" time="0.224">
    <testcase time="0.204999999999984" classname="subgroups" name="subgroups_outputs_the_right_element_for_survival"/>
    <testcase time="0.0190000000000055" classname="subgroups" name="subgroups_outputs_the_right_element_for_binary"/>
  </testsuite>
  <testsuite name="summary" timestamp="2023-02-24T10:15:21Z" hostname="d897255072e7" tests="8" skipped="0" failures="0" errors="0" time="40.93">
    <testcase time="0.00900000000001455" classname="summary" name="summary_outputs_the_right_element_for_naivepop_survival"/>
    <testcase time="0.0029999999999859" classname="summary" name="summary_outputs_the_right_element_for_naivepop_binary"/>
    <testcase time="0.00499999999999545" classname="summary" name="summary_outputs_the_right_element_for_naive_survival"/>
    <testcase time="0.0040000000000191" classname="summary" name="summary_outputs_the_right_element_for_naive_binary"/>
    <testcase time="0.252999999999986" classname="summary" name="summary_outputs_the_right_element_for_elastic_net_survival"/>
    <testcase time="0.0250000000000341" classname="summary" name="summary_outputs_the_right_element_for_elastic_net_binary"/>
    <testcase time="36.19" classname="summary" name="summary_outputs_the_right_element_for_horseshoe_survival"/>
    <testcase time="4.44099999999997" classname="summary" name="summary_outputs_the_right_element_for_horseshoe_binary"/>
  </testsuite>
  <testsuite name="surv_prob" timestamp="2023-02-24T10:16:02Z" hostname="d897255072e7" tests="1" skipped="0" failures="0" errors="0" time="0.009">
    <testcase time="0.00900000000001455" classname="surv_prob" name="surv_prob_outputs_the_right_element"/>
  </testsuite>
  <testsuite name="survival_curves" timestamp="2023-02-24T10:16:02Z" hostname="d897255072e7" tests="1" skipped="0" failures="0" errors="0" time="0.007">
    <testcase time="0.007000000000005" classname="survival_curves" name="survival_curves_outputs_the_right_element"/>
  </testsuite>
  <testsuite name="test" timestamp="2023-02-24T10:16:02Z" hostname="d897255072e7" tests="1" skipped="0" failures="0" errors="0" time="0.008">
    <testcase time="0.00799999999998136" classname="test" name="test_works_as_expected"/>
  </testsuite>
  <testsuite name="trt_horseshoe" timestamp="2023-02-24T10:16:02Z" hostname="d897255072e7" tests="2" skipped="0" failures="0" errors="0" time="19.713">
    <testcase time="17.753" classname="trt_horseshoe" name="trt_horseshoe_outputs_the_right_element_for_survival"/>
    <testcase time="1.96000000000004" classname="trt_horseshoe" name="trt_horseshoe_outputs_the_right_element_for_binary"/>
  </testsuite>
</testsuites>
