<?xml version="1.0" encoding="UTF-8"?>
<testsuites>
  <testsuite name="ahr_estimation" timestamp="2023-02-24T09:46:29Z" hostname="ab3eff26f5b4" tests="1" skipped="0" failures="0" errors="0" time="0.034">
    <testcase time="0.0339999999999998" classname="ahr_estimation" name="ahr_estimation_outputs_the_right_element"/>
  </testsuite>
  <testsuite name="compare" timestamp="2023-02-24T09:46:29Z" hostname="ab3eff26f5b4" tests="2" skipped="0" failures="0" errors="0" time="0.115">
    <testcase time="0.0980000000000003" classname="compare" name="compare_outputs_the_right_element"/>
    <testcase time="0.0169999999999999" classname="compare" name="compare_outputs_an_error_when_there_are_less_than_two_arguments"/>
  </testsuite>
  <testsuite name="elastic_net" timestamp="2023-02-24T09:46:29Z" hostname="ab3eff26f5b4" tests="2" skipped="0" failures="0" errors="0" time="0.54">
    <testcase time="0.393" classname="elastic_net" name="elastic_net_outputs_the_right_elements_for_survival"/>
    <testcase time="0.147" classname="elastic_net" name="elastic_net_outputs_the_right_elements_for_binary"/>
  </testsuite>
  <testsuite name="generate_stacked_data" timestamp="2023-02-24T09:46:29Z" hostname="ab3eff26f5b4" tests="5" skipped="0" failures="0" errors="0" time="0.324">
    <testcase time="0.0910000000000002" classname="generate_stacked_data" name="generate_stacked_data_outputs_the_right_element_for_survival"/>
    <testcase time="0.0609999999999999" classname="generate_stacked_data" name="generate_stacked_data_outputs_the_right_element_for_survival"/>
    <testcase time="0.0500000000000007" classname="generate_stacked_data" name="generate_stacked_data_outputs_the_right_element_for_survival"/>
    <testcase time="0.0549999999999997" classname="generate_stacked_data" name="generate_stacked_data_outputs_the_right_element_for_survival"/>
    <testcase time="0.0670000000000002" classname="generate_stacked_data" name="generate_stacked_data_outputs_the_right_element_for_binary"/>
  </testsuite>
  <testsuite name="hello" timestamp="2023-02-24T09:46:30Z" hostname="ab3eff26f5b4" tests="1" skipped="0" failures="0" errors="0" time="0.007">
    <testcase time="0.00699999999999967" classname="hello" name="hello_greets_the_entity"/>
  </testsuite>
  <testsuite name="horseshoe" timestamp="2023-02-24T09:46:30Z" hostname="ab3eff26f5b4" tests="2" skipped="0" failures="0" errors="0" time="266.037">
    <testcase time="169.68" classname="horseshoe" name="horseshoe_outputs_the_right_elements_for_survival"/>
    <testcase time="96.357" classname="horseshoe" name="horseshoe_outputs_the_right_elements_for_binary"/>
  </testsuite>
  <testsuite name="lOR_estimation" timestamp="2023-02-24T09:50:56Z" hostname="ab3eff26f5b4" tests="1" skipped="0" failures="0" errors="0" time="0.006">
    <testcase time="0.00600000000002865" classname="lOR_estimation" name="lor_estimation_outputs_the_right_element"/>
  </testsuite>
  <testsuite name="naive" timestamp="2023-02-24T09:50:56Z" hostname="ab3eff26f5b4" tests="2" skipped="0" failures="0" errors="0" time="0.358">
    <testcase time="0.165999999999997" classname="naive" name="naive_outputs_the_right_elements_for_survival"/>
    <testcase time="0.192000000000007" classname="naive" name="naive_outputs_the_right_elements_for_binary"/>
  </testsuite>
  <testsuite name="naivepop" timestamp="2023-02-24T09:50:56Z" hostname="ab3eff26f5b4" tests="2" skipped="0" failures="0" errors="0" time="0.022">
    <testcase time="0.0139999999999532" classname="naivepop" name="naivepop_produces_expected_coefficients_of_the_model"/>
    <testcase time="0.0080000000000382" classname="naivepop" name="naivepop_outputs_the_right_elements"/>
  </testsuite>
  <testsuite name="plot" timestamp="2023-02-24T09:50:56Z" hostname="ab3eff26f5b4" tests="5" skipped="4" failures="0" errors="0" time="7.143">
    <testcase time="0.0399999999999636" classname="plot" name="plot_works_as_expected_for_naive"/>
    <testcase time="1.44499999999999" classname="plot" name="plot_works_as_expected_for_naive">
      <skipped message="Reason: On CRAN ('test-plot.R:3')"/>
    </testcase>
    <testcase time="1.40300000000002" classname="plot" name="plot_works_as_expected_for_elastic_net">
      <skipped message="Reason: On CRAN ('test-plot.R:8')"/>
    </testcase>
    <testcase time="2.63" classname="plot" name="plot_works_as_expected_for_horseshoe">
      <skipped message="Reason: On CRAN ('test-plot.R:13')"/>
    </testcase>
    <testcase time="1.625" classname="plot" name="plot_works_as_expected_for_compare.data">
      <skipped message="Reason: On CRAN ('test-plot.R:18')"/>
    </testcase>
  </testsuite>
  <testsuite name="preprocess" timestamp="2023-02-24T09:51:03Z" hostname="ab3eff26f5b4" tests="1" skipped="0" failures="0" errors="0" time="0.022">
    <testcase time="0.0219999999999914" classname="preprocess" name="preprocess_outputs_the_right_elements"/>
  </testsuite>
  <testsuite name="print" timestamp="2023-02-24T09:51:03Z" hostname="ab3eff26f5b4" tests="4" skipped="0" failures="0" errors="0" time="3.177">
    <testcase time="0.00599999999997181" classname="print" name="print_outputs_the_right_element_for_naivepop"/>
    <testcase time="0.00499999999999545" classname="print" name="print_outputs_the_right_element_for_naive"/>
    <testcase time="0.0190000000000055" classname="print" name="print_outputs_the_right_element_for_elastic_net"/>
    <testcase time="3.14699999999999" classname="print" name="print_outputs_the_right_element_for_horseshoe"/>
  </testsuite>
  <testsuite name="subgroups" timestamp="2023-02-24T09:51:06Z" hostname="ab3eff26f5b4" tests="2" skipped="0" failures="0" errors="0" time="0.221">
    <testcase time="0.204000000000008" classname="subgroups" name="subgroups_outputs_the_right_element_for_survival"/>
    <testcase time="0.0169999999999959" classname="subgroups" name="subgroups_outputs_the_right_element_for_binary"/>
  </testsuite>
  <testsuite name="summary" timestamp="2023-02-24T09:51:07Z" hostname="ab3eff26f5b4" tests="8" skipped="0" failures="0" errors="0" time="30.136">
    <testcase time="0.007000000000005" classname="summary" name="summary_outputs_the_right_element_for_naivepop_survival"/>
    <testcase time="0.00200000000000955" classname="summary" name="summary_outputs_the_right_element_for_naivepop_binary"/>
    <testcase time="0.0040000000000191" classname="summary" name="summary_outputs_the_right_element_for_naive_survival"/>
    <testcase time="0.0029999999999859" classname="summary" name="summary_outputs_the_right_element_for_naive_binary"/>
    <testcase time="0.29000000000002" classname="summary" name="summary_outputs_the_right_element_for_elastic_net_survival"/>
    <testcase time="0.0209999999999582" classname="summary" name="summary_outputs_the_right_element_for_elastic_net_binary"/>
    <testcase time="26.467" classname="summary" name="summary_outputs_the_right_element_for_horseshoe_survival"/>
    <testcase time="3.34199999999998" classname="summary" name="summary_outputs_the_right_element_for_horseshoe_binary"/>
  </testsuite>
  <testsuite name="surv_prob" timestamp="2023-02-24T09:51:37Z" hostname="ab3eff26f5b4" tests="1" skipped="0" failures="0" errors="0" time="0.006">
    <testcase time="0.00599999999997181" classname="surv_prob" name="surv_prob_outputs_the_right_element"/>
  </testsuite>
  <testsuite name="survival_curves" timestamp="2023-02-24T09:51:37Z" hostname="ab3eff26f5b4" tests="1" skipped="0" failures="0" errors="0" time="0.005">
    <testcase time="0.00499999999999545" classname="survival_curves" name="survival_curves_outputs_the_right_element"/>
  </testsuite>
  <testsuite name="test" timestamp="2023-02-24T09:51:37Z" hostname="ab3eff26f5b4" tests="1" skipped="0" failures="0" errors="0" time="0.006">
    <testcase time="0.00600000000002865" classname="test" name="test_works_as_expected"/>
  </testsuite>
  <testsuite name="trt_horseshoe" timestamp="2023-02-24T09:51:37Z" hostname="ab3eff26f5b4" tests="2" skipped="0" failures="0" errors="0" time="14.465">
    <testcase time="12.971" classname="trt_horseshoe" name="trt_horseshoe_outputs_the_right_element_for_survival"/>
    <testcase time="1.49399999999997" classname="trt_horseshoe" name="trt_horseshoe_outputs_the_right_element_for_binary"/>
  </testsuite>
</testsuites>
