<?xml version="1.0" encoding="UTF-8"?>
<testsuites>
  <testsuite name="ahr_estimation" timestamp="2024-06-12T14:23:36Z" hostname="a1d5813bd908" tests="5" skipped="0" failures="0" errors="0" time="0.177">
    <testcase time="0.0840000000000005" classname="ahr_estimation" name="ahr_estimation_outputs_the_right_element"/>
    <testcase time="0.0589999999999993" classname="ahr_estimation" name="km_fun_works_as_expected"/>
    <testcase time="0.00500000000000078" classname="ahr_estimation" name="km_fun_works_as_expected"/>
    <testcase time="0.0209999999999999" classname="ahr_estimation" name="ahr_from_km_works_as_expected"/>
    <testcase time="0.00800000000000001" classname="ahr_estimation" name="ahr_from_km_works_as_expected"/>
  </testsuite>
  <testsuite name="compare" timestamp="2024-06-12T14:23:37Z" hostname="a1d5813bd908" tests="2" skipped="0" failures="0" errors="0" time="0.063">
    <testcase time="0.0529999999999999" classname="compare" name="compare_outputs_the_right_element"/>
    <testcase time="0.00999999999999979" classname="compare" name="compare_outputs_an_error_when_there_are_less_than_two_arguments"/>
  </testsuite>
  <testsuite name="elastic_net" timestamp="2024-06-12T14:23:37Z" hostname="a1d5813bd908" tests="2" skipped="0" failures="0" errors="0" time="0.349">
    <testcase time="0.252" classname="elastic_net" name="elastic_net_outputs_the_right_elements_for_survival"/>
    <testcase time="0.0970000000000004" classname="elastic_net" name="elastic_net_outputs_the_right_elements_for_binary"/>
  </testsuite>
  <testsuite name="generate_stacked_data" timestamp="2024-06-12T14:23:37Z" hostname="a1d5813bd908" tests="2" skipped="0" failures="0" errors="0" time="0.046">
    <testcase time="0.0309999999999997" classname="generate_stacked_data" name="generate_stacked_data_outputs_the_right_element_for_survival"/>
    <testcase time="0.0149999999999997" classname="generate_stacked_data" name="generate_stacked_data_outputs_the_right_element_for_binary"/>
  </testsuite>
  <testsuite name="horseshoe" timestamp="2024-06-12T14:23:37Z" hostname="a1d5813bd908" tests="2" skipped="0" failures="0" errors="0" time="304.465">
    <testcase time="158.928" classname="horseshoe" name="horseshoe_outputs_the_right_elements_for_survival"/>
    <testcase time="145.537" classname="horseshoe" name="horseshoe_outputs_the_right_elements_for_binary"/>
  </testsuite>
  <testsuite name="lOR_estimation" timestamp="2024-06-12T14:28:41Z" hostname="a1d5813bd908" tests="1" skipped="0" failures="0" errors="0" time="0.01">
    <testcase time="0.00999999999999091" classname="lOR_estimation" name="lor_estimation_outputs_the_right_element"/>
  </testsuite>
  <testsuite name="naive" timestamp="2024-06-12T14:28:41Z" hostname="a1d5813bd908" tests="2" skipped="0" failures="0" errors="0" time="0.5">
    <testcase time="0.113" classname="naive" name="naive_outputs_the_right_elements_for_survival"/>
    <testcase time="0.387" classname="naive" name="naive_outputs_the_right_elements_for_binary"/>
  </testsuite>
  <testsuite name="naivepop" timestamp="2024-06-12T14:28:42Z" hostname="a1d5813bd908" tests="2" skipped="0" failures="0" errors="0" time="0.022">
    <testcase time="0.01400000000001" classname="naivepop" name="naivepop_produces_expected_coefficients_of_the_model"/>
    <testcase time="0.00799999999998136" classname="naivepop" name="naivepop_outputs_the_right_elements"/>
  </testsuite>
  <testsuite name="plot" timestamp="2024-06-12T14:28:42Z" hostname="a1d5813bd908" tests="7" skipped="4" failures="0" errors="0" time="7.46">
    <testcase time="0.0510000000000446" classname="plot" name="plot_works_as_expected_for_naive"/>
    <testcase time="1.15799999999996" classname="plot" name="plot_works_as_expected_for_naive">
      <skipped message="Reason: On CRAN ('test-plot.R:3:3')"/>
    </testcase>
    <testcase time="2.04900000000004" classname="plot" name="plot_works_as_expected_for_elastic_net">
      <skipped message="Reason: On CRAN ('test-plot.R:8:3')"/>
    </testcase>
    <testcase time="1.78999999999996" classname="plot" name="plot_works_as_expected_for_horseshoe"/>
    <testcase time="0.244000000000028" classname="plot" name="plot_works_as_expected_for_horseshoe">
      <skipped message="Reason: On CRAN ('test-plot.R:13:3')"/>
    </testcase>
    <testcase time="1.08100000000002" classname="plot" name="plot_works_as_expected_for_compare.data"/>
    <testcase time="1.08699999999999" classname="plot" name="plot_works_as_expected_for_compare.data">
      <skipped message="Reason: On CRAN ('test-plot.R:18:3')"/>
    </testcase>
  </testsuite>
  <testsuite name="preprocess" timestamp="2024-06-12T14:28:49Z" hostname="a1d5813bd908" tests="1" skipped="0" failures="0" errors="0" time="0.022">
    <testcase time="0.0219999999999914" classname="preprocess" name="preprocess_outputs_the_right_elements"/>
  </testsuite>
  <testsuite name="print" timestamp="2024-06-12T14:28:49Z" hostname="a1d5813bd908" tests="4" skipped="4" failures="0" errors="0" time="1.545">
    <testcase time="0.0579999999999927" classname="print" name="print_outputs_the_right_element_for_naivepop">
      <skipped message="Reason: On CRAN ('test-print.R:3:3')"/>
    </testcase>
    <testcase time="0.0180000000000291" classname="print" name="print_outputs_the_right_element_for_naive">
      <skipped message="Reason: On CRAN ('test-print.R:8:3')"/>
    </testcase>
    <testcase time="0.0339999999999918" classname="print" name="print_outputs_the_right_element_for_elastic_net">
      <skipped message="Reason: On CRAN ('test-print.R:13:3')"/>
    </testcase>
    <testcase time="1.435" classname="print" name="summary_outputs_the_right_element_for_horseshoe">
      <skipped message="Reason: On CRAN ('test-print.R:18:3')"/>
    </testcase>
  </testsuite>
  <testsuite name="simulation" timestamp="2024-06-12T14:28:51Z" hostname="a1d5813bd908" tests="34" skipped="3" failures="0" errors="0" time="0.169">
    <testcase time="0.0149999999999864" classname="simulation" name="cut_norm_quant_works_as_expected"/>
    <testcase time="0.0029999999999859" classname="simulation" name="cut_norm_quant_works_as_expected"/>
    <testcase time="0.0160000000000196" classname="simulation" name="simul_covariates_works_as_expected_with_less_than_10_covariates"/>
    <testcase time="0.000999999999976353" classname="simulation" name="simul_covariates_works_as_expected_with_less_than_10_covariates"/>
    <testcase time="0.00499999999999545" classname="simulation" name="simul_covariates_works_as_expected_with_less_than_10_covariates">
      <skipped message="Reason: On CRAN ('test-simulation.R:16:3')"/>
    </testcase>
    <testcase time="0.0180000000000291" classname="simulation" name="simul_covariates_works_as_expected_with_more_than_10_covariates"/>
    <testcase time="0.000999999999976353" classname="simulation" name="simul_covariates_works_as_expected_with_more_than_10_covariates"/>
    <testcase time="0.00600000000002865" classname="simulation" name="simul_covariates_works_as_expected_with_more_than_10_covariates">
      <skipped message="Reason: On CRAN ('test-simulation.R:23:3')"/>
    </testcase>
    <testcase time="0.0190000000000055" classname="simulation" name="simul_covariates_works_as_expected_when_adding_continuous_covariates"/>
    <testcase time="0.000999999999976353" classname="simulation" name="simul_covariates_works_as_expected_when_adding_continuous_covariates"/>
    <testcase time="0.00799999999998136" classname="simulation" name="simul_covariates_works_as_expected_when_adding_continuous_covariates">
      <skipped message="Reason: On CRAN ('test-simulation.R:30:3')"/>
    </testcase>
    <testcase time="0.0180000000000291" classname="simulation" name="simul_covariates_optionally_returns_arm_as_factor"/>
    <testcase time="0.000999999999976353" classname="simulation" name="simul_covariates_optionally_returns_arm_as_factor"/>
    <testcase time="0.00499999999999545" classname="simulation" name="simul_pfs_works_as_expected"/>
    <testcase time="0.0010000000000332" classname="simulation" name="simul_pfs_works_as_expected"/>
    <testcase time="0.000999999999976353" classname="simulation" name="simul_pfs_works_as_expected"/>
    <testcase time="0.0010000000000332" classname="simulation" name="simul_pfs_works_as_expected"/>
    <testcase time="0.000999999999976353" classname="simulation" name="simul_pfs_works_as_expected"/>
    <testcase time="0.0029999999999859" classname="simulation" name="simul_pfs_works_as_expected"/>
    <testcase time="0.00499999999999545" classname="simulation" name="simul_pfs_adds_the_uncensored_PFS_when_requested"/>
    <testcase time="0.0010000000000332" classname="simulation" name="simul_pfs_adds_the_uncensored_PFS_when_requested"/>
    <testcase time="0.000999999999976353" classname="simulation" name="simul_pfs_adds_the_uncensored_PFS_when_requested"/>
    <testcase time="0.0010000000000332" classname="simulation" name="simul_pfs_adds_the_uncensored_PFS_when_requested"/>
    <testcase time="0.000999999999976353" classname="simulation" name="simul_pfs_adds_the_uncensored_PFS_when_requested"/>
    <testcase time="0.00200000000000955" classname="simulation" name="simul_pfs_adds_the_uncensored_PFS_when_requested"/>
    <testcase time="0.0010000000000332" classname="simulation" name="simul_pfs_adds_the_uncensored_PFS_when_requested"/>
    <testcase time="0.0029999999999859" classname="simulation" name="simul_pfs_adds_the_uncensored_PFS_when_requested"/>
    <testcase time="0.0120000000000005" classname="simulation" name="simul_data_works_as_expected"/>
    <testcase time="0.000999999999976353" classname="simulation" name="simul_data_works_as_expected"/>
    <testcase time="0.0010000000000332" classname="simulation" name="simul_data_works_as_expected"/>
    <testcase time="0.000999999999976353" classname="simulation" name="simul_data_works_as_expected"/>
    <testcase time="0.0120000000000005" classname="simulation" name="simul_data_works_as_expected_with_interactions_between_1st_and_2nd_covariate"/>
    <testcase time="0.00200000000000955" classname="simulation" name="simul_data_works_as_expected_with_interactions_between_1st_and_2nd_covariate"/>
    <testcase time="0.000999999999976353" classname="simulation" name="simul_data_works_as_expected_with_interactions_between_1st_and_2nd_covariate"/>
  </testsuite>
  <testsuite name="subgroups" timestamp="2024-06-12T14:28:51Z" hostname="a1d5813bd908" tests="2" skipped="0" failures="0" errors="0" time="1.071">
    <testcase time="1.04500000000002" classname="subgroups" name="subgroups_outputs_the_right_element_for_survival"/>
    <testcase time="0.0260000000000105" classname="subgroups" name="subgroups_outputs_the_right_element_for_binary"/>
  </testsuite>
  <testsuite name="summary" timestamp="2024-06-12T14:28:52Z" hostname="a1d5813bd908" tests="8" skipped="0" failures="0" errors="0" time="25.888">
    <testcase time="0.0120000000000005" classname="summary" name="summary_outputs_the_right_element_for_naivepop_survival"/>
    <testcase time="0.00799999999998136" classname="summary" name="summary_outputs_the_right_element_for_naivepop_binary"/>
    <testcase time="0.0160000000000196" classname="summary" name="summary_outputs_the_right_element_for_naive_survival"/>
    <testcase time="0.0149999999999864" classname="summary" name="summary_outputs_the_right_element_for_naive_binary"/>
    <testcase time="0.947000000000003" classname="summary" name="summary_outputs_the_right_element_for_elastic_net_survival"/>
    <testcase time="0.0289999999999964" classname="summary" name="summary_outputs_the_right_element_for_elastic_net_binary"/>
    <testcase time="22.136" classname="summary" name="summary_outputs_the_right_element_for_horseshoe_survival"/>
    <testcase time="2.72499999999997" classname="summary" name="summary_outputs_the_right_element_for_horseshoe_binary"/>
  </testsuite>
  <testsuite name="surv_prob" timestamp="2024-06-12T14:29:18Z" hostname="a1d5813bd908" tests="1" skipped="0" failures="0" errors="0" time="0.009">
    <testcase time="0.00900000000001455" classname="surv_prob" name="surv_prob_outputs_the_right_element"/>
  </testsuite>
  <testsuite name="survival_curves" timestamp="2024-06-12T14:29:18Z" hostname="a1d5813bd908" tests="1" skipped="0" failures="0" errors="0" time="0.008">
    <testcase time="0.00799999999998136" classname="survival_curves" name="survival_curves_outputs_the_right_element"/>
  </testsuite>
  <testsuite name="trt_horseshoe" timestamp="2024-06-12T14:29:18Z" hostname="a1d5813bd908" tests="8" skipped="0" failures="0" errors="0" time="11.758">
    <testcase time="10.373" classname="trt_horseshoe" name="trt_horseshoe_outputs_the_right_element_for_survival"/>
    <testcase time="0.00199999999995271" classname="trt_horseshoe" name="trt_horseshoe_outputs_the_right_element_for_survival"/>
    <testcase time="0.00300000000004275" classname="trt_horseshoe" name="trt_horseshoe_outputs_the_right_element_for_survival"/>
    <testcase time="0.000999999999976353" classname="trt_horseshoe" name="trt_horseshoe_outputs_the_right_element_for_survival"/>
    <testcase time="1.37299999999999" classname="trt_horseshoe" name="trt_horseshoe_outputs_the_right_element_for_binary"/>
    <testcase time="0.00200000000000955" classname="trt_horseshoe" name="trt_horseshoe_outputs_the_right_element_for_binary"/>
    <testcase time="0.0029999999999859" classname="trt_horseshoe" name="trt_horseshoe_outputs_the_right_element_for_binary"/>
    <testcase time="0.0010000000000332" classname="trt_horseshoe" name="trt_horseshoe_outputs_the_right_element_for_binary"/>
  </testsuite>
</testsuites>
