<?xml version="1.0" encoding="UTF-8"?>
<testsuites>
  <testsuite name="ahr_estimation" timestamp="2024-06-14T18:54:28Z" hostname="8ea6e870336d" tests="5" skipped="0" failures="0" errors="0" time="0.181">
    <testcase time="0.0889999999999995" classname="ahr_estimation" name="ahr_estimation_outputs_the_right_element"/>
    <testcase time="0.0590000000000002" classname="ahr_estimation" name="km_fun_works_as_expected"/>
    <testcase time="0.00499999999999989" classname="ahr_estimation" name="km_fun_works_as_expected"/>
    <testcase time="0.0200000000000005" classname="ahr_estimation" name="ahr_from_km_works_as_expected"/>
    <testcase time="0.00800000000000001" classname="ahr_estimation" name="ahr_from_km_works_as_expected"/>
  </testsuite>
  <testsuite name="compare" timestamp="2024-06-14T18:54:28Z" hostname="8ea6e870336d" tests="2" skipped="0" failures="0" errors="0" time="0.06">
    <testcase time="0.0510000000000002" classname="compare" name="compare_outputs_the_right_element"/>
    <testcase time="0.00899999999999945" classname="compare" name="compare_outputs_an_error_when_there_are_less_than_two_arguments"/>
  </testsuite>
  <testsuite name="elastic_net" timestamp="2024-06-14T18:54:28Z" hostname="8ea6e870336d" tests="2" skipped="0" failures="0" errors="0" time="0.362">
    <testcase time="0.264" classname="elastic_net" name="elastic_net_outputs_the_right_elements_for_survival"/>
    <testcase time="0.0979999999999999" classname="elastic_net" name="elastic_net_outputs_the_right_elements_for_binary"/>
  </testsuite>
  <testsuite name="generate_stacked_data" timestamp="2024-06-14T18:54:28Z" hostname="8ea6e870336d" tests="2" skipped="0" failures="0" errors="0" time="0.046">
    <testcase time="0.0310000000000006" classname="generate_stacked_data" name="generate_stacked_data_outputs_the_right_element_for_survival"/>
    <testcase time="0.0149999999999997" classname="generate_stacked_data" name="generate_stacked_data_outputs_the_right_element_for_binary"/>
  </testsuite>
  <testsuite name="horseshoe" timestamp="2024-06-14T18:54:28Z" hostname="8ea6e870336d" tests="2" skipped="1" failures="0" errors="0" time="166.178">
    <testcase time="166.174" classname="horseshoe" name="horseshoe_outputs_the_right_elements_for_survival"/>
    <testcase time="0.00399999999999068" classname="horseshoe" name="horseshoe_outputs_the_right_elements_for_binary">
      <skipped message="Reason: On CRAN ('test-horseshoe.R:58:3')"/>
    </testcase>
  </testsuite>
  <testsuite name="lOR_estimation" timestamp="2024-06-14T18:57:15Z" hostname="8ea6e870336d" tests="1" skipped="0" failures="0" errors="0" time="0.03">
    <testcase time="0.0300000000000011" classname="lOR_estimation" name="lor_estimation_outputs_the_right_element"/>
  </testsuite>
  <testsuite name="naive" timestamp="2024-06-14T18:57:15Z" hostname="8ea6e870336d" tests="2" skipped="0" failures="0" errors="0" time="0.23">
    <testcase time="0.099000000000018" classname="naive" name="naive_outputs_the_right_elements_for_survival"/>
    <testcase time="0.131" classname="naive" name="naive_outputs_the_right_elements_for_binary"/>
  </testsuite>
  <testsuite name="naivepop" timestamp="2024-06-14T18:57:15Z" hostname="8ea6e870336d" tests="2" skipped="0" failures="0" errors="0" time="0.025">
    <testcase time="0.0149999999999864" classname="naivepop" name="naivepop_produces_expected_coefficients_of_the_model"/>
    <testcase time="0.00999999999999091" classname="naivepop" name="naivepop_outputs_the_right_elements"/>
  </testsuite>
  <testsuite name="plot" timestamp="2024-06-14T18:57:15Z" hostname="8ea6e870336d" tests="7" skipped="4" failures="0" errors="0" time="6.381">
    <testcase time="0.046999999999997" classname="plot" name="plot_works_as_expected_for_naive"/>
    <testcase time="1.50300000000001" classname="plot" name="plot_works_as_expected_for_naive">
      <skipped message="Reason: On CRAN ('test-plot.R:3:3')"/>
    </testcase>
    <testcase time="1.93199999999999" classname="plot" name="plot_works_as_expected_for_elastic_net">
      <skipped message="Reason: On CRAN ('test-plot.R:8:3')"/>
    </testcase>
    <testcase time="0.344999999999999" classname="plot" name="plot_works_as_expected_for_horseshoe"/>
    <testcase time="0.301000000000016" classname="plot" name="plot_works_as_expected_for_horseshoe">
      <skipped message="Reason: On CRAN ('test-plot.R:13:3')"/>
    </testcase>
    <testcase time="1.10499999999999" classname="plot" name="plot_works_as_expected_for_compare.data"/>
    <testcase time="1.148" classname="plot" name="plot_works_as_expected_for_compare.data">
      <skipped message="Reason: On CRAN ('test-plot.R:18:3')"/>
    </testcase>
  </testsuite>
  <testsuite name="preprocess" timestamp="2024-06-14T18:57:21Z" hostname="8ea6e870336d" tests="1" skipped="0" failures="0" errors="0" time="0.021">
    <testcase time="0.021000000000015" classname="preprocess" name="preprocess_outputs_the_right_elements"/>
  </testsuite>
  <testsuite name="print" timestamp="2024-06-14T18:57:21Z" hostname="8ea6e870336d" tests="4" skipped="4" failures="0" errors="0" time="0.427">
    <testcase time="0.054000000000002" classname="print" name="print_outputs_the_right_element_for_naivepop">
      <skipped message="Reason: On CRAN ('test-print.R:3:3')"/>
    </testcase>
    <testcase time="0.0180000000000007" classname="print" name="print_outputs_the_right_element_for_naive">
      <skipped message="Reason: On CRAN ('test-print.R:8:3')"/>
    </testcase>
    <testcase time="0.0339999999999918" classname="print" name="print_outputs_the_right_element_for_elastic_net">
      <skipped message="Reason: On CRAN ('test-print.R:13:3')"/>
    </testcase>
    <testcase time="0.320999999999998" classname="print" name="summary_outputs_the_right_element_for_horseshoe">
      <skipped message="Reason: On CRAN ('test-print.R:18:3')"/>
    </testcase>
  </testsuite>
  <testsuite name="simulation" timestamp="2024-06-14T18:57:22Z" hostname="8ea6e870336d" tests="34" skipped="3" failures="0" errors="0" time="0.192">
    <testcase time="0.0240000000000009" classname="simulation" name="cut_norm_quant_works_as_expected"/>
    <testcase time="0.00399999999999068" classname="simulation" name="cut_norm_quant_works_as_expected"/>
    <testcase time="0.0220000000000198" classname="simulation" name="simul_covariates_works_as_expected_with_less_than_10_covariates"/>
    <testcase time="0.00199999999998113" classname="simulation" name="simul_covariates_works_as_expected_with_less_than_10_covariates"/>
    <testcase time="0.00600000000000023" classname="simulation" name="simul_covariates_works_as_expected_with_less_than_10_covariates">
      <skipped message="Reason: On CRAN ('test-simulation.R:16:3')"/>
    </testcase>
    <testcase time="0.0250000000000057" classname="simulation" name="simul_covariates_works_as_expected_with_more_than_10_covariates"/>
    <testcase time="0.00100000000000477" classname="simulation" name="simul_covariates_works_as_expected_with_more_than_10_covariates"/>
    <testcase time="0.00600000000000023" classname="simulation" name="simul_covariates_works_as_expected_with_more_than_10_covariates">
      <skipped message="Reason: On CRAN ('test-simulation.R:23:3')"/>
    </testcase>
    <testcase time="0.0180000000000007" classname="simulation" name="simul_covariates_works_as_expected_when_adding_continuous_covariates"/>
    <testcase time="0.00100000000000477" classname="simulation" name="simul_covariates_works_as_expected_when_adding_continuous_covariates"/>
    <testcase time="0.00799999999998136" classname="simulation" name="simul_covariates_works_as_expected_when_adding_continuous_covariates">
      <skipped message="Reason: On CRAN ('test-simulation.R:30:3')"/>
    </testcase>
    <testcase time="0.0180000000000007" classname="simulation" name="simul_covariates_optionally_returns_arm_as_factor"/>
    <testcase time="0.00100000000000477" classname="simulation" name="simul_covariates_optionally_returns_arm_as_factor"/>
    <testcase time="0.00499999999999545" classname="simulation" name="simul_pfs_works_as_expected"/>
    <testcase time="0.00100000000000477" classname="simulation" name="simul_pfs_works_as_expected"/>
    <testcase time="0.00100000000000477" classname="simulation" name="simul_pfs_works_as_expected"/>
    <testcase time="0.00100000000000477" classname="simulation" name="simul_pfs_works_as_expected"/>
    <testcase time="0.00100000000000477" classname="simulation" name="simul_pfs_works_as_expected"/>
    <testcase time="0.0029999999999859" classname="simulation" name="simul_pfs_works_as_expected"/>
    <testcase time="0.00499999999999545" classname="simulation" name="simul_pfs_adds_the_uncensored_PFS_when_requested"/>
    <testcase time="0.00100000000000477" classname="simulation" name="simul_pfs_adds_the_uncensored_PFS_when_requested"/>
    <testcase time="0.00100000000000477" classname="simulation" name="simul_pfs_adds_the_uncensored_PFS_when_requested"/>
    <testcase time="0.00100000000000477" classname="simulation" name="simul_pfs_adds_the_uncensored_PFS_when_requested"/>
    <testcase time="0.00100000000000477" classname="simulation" name="simul_pfs_adds_the_uncensored_PFS_when_requested"/>
    <testcase time="0.00199999999998113" classname="simulation" name="simul_pfs_adds_the_uncensored_PFS_when_requested"/>
    <testcase time="0.00200000000000955" classname="simulation" name="simul_pfs_adds_the_uncensored_PFS_when_requested"/>
    <testcase time="0.00200000000000955" classname="simulation" name="simul_pfs_adds_the_uncensored_PFS_when_requested"/>
    <testcase time="0.0120000000000005" classname="simulation" name="simul_data_works_as_expected"/>
    <testcase time="0.000999999999976353" classname="simulation" name="simul_data_works_as_expected"/>
    <testcase time="0.00100000000000477" classname="simulation" name="simul_data_works_as_expected"/>
    <testcase time="0.00100000000000477" classname="simulation" name="simul_data_works_as_expected"/>
    <testcase time="0.0120000000000005" classname="simulation" name="simul_data_works_as_expected_with_interactions_between_1st_and_2nd_covariate"/>
    <testcase time="0.00100000000000477" classname="simulation" name="simul_data_works_as_expected_with_interactions_between_1st_and_2nd_covariate"/>
    <testcase time="0.00100000000000477" classname="simulation" name="simul_data_works_as_expected_with_interactions_between_1st_and_2nd_covariate"/>
  </testsuite>
  <testsuite name="subgroups" timestamp="2024-06-14T18:57:22Z" hostname="8ea6e870336d" tests="2" skipped="0" failures="0" errors="0" time="1.077">
    <testcase time="1.05099999999999" classname="subgroups" name="subgroups_outputs_the_right_element_for_survival"/>
    <testcase time="0.0260000000000105" classname="subgroups" name="subgroups_outputs_the_right_element_for_binary"/>
  </testsuite>
  <testsuite name="summary" timestamp="2024-06-14T18:57:23Z" hostname="8ea6e870336d" tests="8" skipped="0" failures="0" errors="0" time="5.64">
    <testcase time="0.0130000000000052" classname="summary" name="summary_outputs_the_right_element_for_naivepop_survival"/>
    <testcase time="0.00699999999997658" classname="summary" name="summary_outputs_the_right_element_for_naivepop_binary"/>
    <testcase time="0.0170000000000243" classname="summary" name="summary_outputs_the_right_element_for_naive_survival"/>
    <testcase time="0.0169999999999959" classname="summary" name="summary_outputs_the_right_element_for_naive_binary"/>
    <testcase time="1.05699999999999" classname="summary" name="summary_outputs_the_right_element_for_elastic_net_survival"/>
    <testcase time="0.054000000000002" classname="summary" name="summary_outputs_the_right_element_for_elastic_net_binary"/>
    <testcase time="3.89599999999999" classname="summary" name="summary_outputs_the_right_element_for_horseshoe_survival"/>
    <testcase time="0.579000000000008" classname="summary" name="summary_outputs_the_right_element_for_horseshoe_binary"/>
  </testsuite>
  <testsuite name="surv_prob" timestamp="2024-06-14T18:57:29Z" hostname="8ea6e870336d" tests="1" skipped="0" failures="0" errors="0" time="0.014">
    <testcase time="0.01400000000001" classname="surv_prob" name="surv_prob_outputs_the_right_element"/>
  </testsuite>
  <testsuite name="survival_curves" timestamp="2024-06-14T18:57:29Z" hostname="8ea6e870336d" tests="1" skipped="0" failures="0" errors="0" time="0.011">
    <testcase time="0.0109999999999957" classname="survival_curves" name="survival_curves_outputs_the_right_element"/>
  </testsuite>
  <testsuite name="trt_horseshoe" timestamp="2024-06-14T18:57:29Z" hostname="8ea6e870336d" tests="8" skipped="0" failures="0" errors="0" time="2.294">
    <testcase time="1.99700000000001" classname="trt_horseshoe" name="trt_horseshoe_outputs_the_right_element_for_survival"/>
    <testcase time="0.000999999999976353" classname="trt_horseshoe" name="trt_horseshoe_outputs_the_right_element_for_survival"/>
    <testcase time="0.00300000000001432" classname="trt_horseshoe" name="trt_horseshoe_outputs_the_right_element_for_survival"/>
    <testcase time="0.00100000000000477" classname="trt_horseshoe" name="trt_horseshoe_outputs_the_right_element_for_survival"/>
    <testcase time="0.282999999999987" classname="trt_horseshoe" name="trt_horseshoe_outputs_the_right_element_for_binary"/>
    <testcase time="0.00200000000000955" classname="trt_horseshoe" name="trt_horseshoe_outputs_the_right_element_for_binary"/>
    <testcase time="0.00499999999999545" classname="trt_horseshoe" name="trt_horseshoe_outputs_the_right_element_for_binary"/>
    <testcase time="0.00200000000000955" classname="trt_horseshoe" name="trt_horseshoe_outputs_the_right_element_for_binary"/>
  </testsuite>
</testsuites>
