<?xml version="1.0" encoding="UTF-8"?>
<testsuites>
  <testsuite name="ahr_estimation" timestamp="2024-06-12T15:25:37Z" hostname="150ab214823b" tests="5" skipped="0" failures="0" errors="0" time="0.178">
    <testcase time="0.0850000000000009" classname="ahr_estimation" name="ahr_estimation_outputs_the_right_element"/>
    <testcase time="0.0589999999999993" classname="ahr_estimation" name="km_fun_works_as_expected"/>
    <testcase time="0.00400000000000045" classname="ahr_estimation" name="km_fun_works_as_expected"/>
    <testcase time="0.0220000000000002" classname="ahr_estimation" name="ahr_from_km_works_as_expected"/>
    <testcase time="0.00800000000000001" classname="ahr_estimation" name="ahr_from_km_works_as_expected"/>
  </testsuite>
  <testsuite name="compare" timestamp="2024-06-12T15:25:37Z" hostname="150ab214823b" tests="2" skipped="0" failures="0" errors="0" time="0.062">
    <testcase time="0.0519999999999996" classname="compare" name="compare_outputs_the_right_element"/>
    <testcase time="0.00999999999999979" classname="compare" name="compare_outputs_an_error_when_there_are_less_than_two_arguments"/>
  </testsuite>
  <testsuite name="elastic_net" timestamp="2024-06-12T15:25:37Z" hostname="150ab214823b" tests="2" skipped="0" failures="0" errors="0" time="0.356">
    <testcase time="0.259" classname="elastic_net" name="elastic_net_outputs_the_right_elements_for_survival"/>
    <testcase time="0.0969999999999995" classname="elastic_net" name="elastic_net_outputs_the_right_elements_for_binary"/>
  </testsuite>
  <testsuite name="generate_stacked_data" timestamp="2024-06-12T15:25:38Z" hostname="150ab214823b" tests="2" skipped="0" failures="0" errors="0" time="0.047">
    <testcase time="0.032" classname="generate_stacked_data" name="generate_stacked_data_outputs_the_right_element_for_survival"/>
    <testcase time="0.0150000000000006" classname="generate_stacked_data" name="generate_stacked_data_outputs_the_right_element_for_binary"/>
  </testsuite>
  <testsuite name="horseshoe" timestamp="2024-06-12T15:25:38Z" hostname="150ab214823b" tests="2" skipped="0" failures="0" errors="0" time="310.507">
    <testcase time="162.067" classname="horseshoe" name="horseshoe_outputs_the_right_elements_for_survival"/>
    <testcase time="148.44" classname="horseshoe" name="horseshoe_outputs_the_right_elements_for_binary"/>
  </testsuite>
  <testsuite name="lOR_estimation" timestamp="2024-06-12T15:30:48Z" hostname="150ab214823b" tests="1" skipped="0" failures="0" errors="0" time="0.01">
    <testcase time="0.00999999999999091" classname="lOR_estimation" name="lor_estimation_outputs_the_right_element"/>
  </testsuite>
  <testsuite name="naive" timestamp="2024-06-12T15:30:48Z" hostname="150ab214823b" tests="2" skipped="0" failures="0" errors="0" time="0.509">
    <testcase time="0.112000000000023" classname="naive" name="naive_outputs_the_right_elements_for_survival"/>
    <testcase time="0.396999999999991" classname="naive" name="naive_outputs_the_right_elements_for_binary"/>
  </testsuite>
  <testsuite name="naivepop" timestamp="2024-06-12T15:30:49Z" hostname="150ab214823b" tests="2" skipped="0" failures="0" errors="0" time="0.023">
    <testcase time="0.0139999999999532" classname="naivepop" name="naivepop_produces_expected_coefficients_of_the_model"/>
    <testcase time="0.00900000000001455" classname="naivepop" name="naivepop_outputs_the_right_elements"/>
  </testsuite>
  <testsuite name="plot" timestamp="2024-06-12T15:30:49Z" hostname="150ab214823b" tests="7" skipped="4" failures="0" errors="0" time="7.314">
    <testcase time="0.0550000000000068" classname="plot" name="plot_works_as_expected_for_naive"/>
    <testcase time="1.17500000000001" classname="plot" name="plot_works_as_expected_for_naive">
      <skipped message="Reason: On CRAN ('test-plot.R:3:3')"/>
    </testcase>
    <testcase time="1.88499999999999" classname="plot" name="plot_works_as_expected_for_elastic_net">
      <skipped message="Reason: On CRAN ('test-plot.R:8:3')"/>
    </testcase>
    <testcase time="1.815" classname="plot" name="plot_works_as_expected_for_horseshoe"/>
    <testcase time="0.257000000000005" classname="plot" name="plot_works_as_expected_for_horseshoe">
      <skipped message="Reason: On CRAN ('test-plot.R:13:3')"/>
    </testcase>
    <testcase time="1.03899999999999" classname="plot" name="plot_works_as_expected_for_compare.data"/>
    <testcase time="1.08800000000002" classname="plot" name="plot_works_as_expected_for_compare.data">
      <skipped message="Reason: On CRAN ('test-plot.R:18:3')"/>
    </testcase>
  </testsuite>
  <testsuite name="preprocess" timestamp="2024-06-12T15:30:56Z" hostname="150ab214823b" tests="1" skipped="0" failures="0" errors="0" time="0.022">
    <testcase time="0.0219999999999914" classname="preprocess" name="preprocess_outputs_the_right_elements"/>
  </testsuite>
  <testsuite name="print" timestamp="2024-06-12T15:30:56Z" hostname="150ab214823b" tests="4" skipped="4" failures="0" errors="0" time="1.561">
    <testcase time="0.0559999999999832" classname="print" name="print_outputs_the_right_element_for_naivepop">
      <skipped message="Reason: On CRAN ('test-print.R:3:3')"/>
    </testcase>
    <testcase time="0.0180000000000291" classname="print" name="print_outputs_the_right_element_for_naive">
      <skipped message="Reason: On CRAN ('test-print.R:8:3')"/>
    </testcase>
    <testcase time="0.0360000000000014" classname="print" name="print_outputs_the_right_element_for_elastic_net">
      <skipped message="Reason: On CRAN ('test-print.R:13:3')"/>
    </testcase>
    <testcase time="1.45099999999996" classname="print" name="summary_outputs_the_right_element_for_horseshoe">
      <skipped message="Reason: On CRAN ('test-print.R:18:3')"/>
    </testcase>
  </testsuite>
  <testsuite name="simulation" timestamp="2024-06-12T15:30:58Z" hostname="150ab214823b" tests="34" skipped="3" failures="0" errors="0" time="0.175">
    <testcase time="0.0169999999999959" classname="simulation" name="cut_norm_quant_works_as_expected"/>
    <testcase time="0.00200000000000955" classname="simulation" name="cut_norm_quant_works_as_expected"/>
    <testcase time="0.0160000000000196" classname="simulation" name="simul_covariates_works_as_expected_with_less_than_10_covariates"/>
    <testcase time="0.00200000000000955" classname="simulation" name="simul_covariates_works_as_expected_with_less_than_10_covariates"/>
    <testcase time="0.00499999999999545" classname="simulation" name="simul_covariates_works_as_expected_with_less_than_10_covariates">
      <skipped message="Reason: On CRAN ('test-simulation.R:16:3')"/>
    </testcase>
    <testcase time="0.0179999999999723" classname="simulation" name="simul_covariates_works_as_expected_with_more_than_10_covariates"/>
    <testcase time="0.0010000000000332" classname="simulation" name="simul_covariates_works_as_expected_with_more_than_10_covariates"/>
    <testcase time="0.007000000000005" classname="simulation" name="simul_covariates_works_as_expected_with_more_than_10_covariates">
      <skipped message="Reason: On CRAN ('test-simulation.R:23:3')"/>
    </testcase>
    <testcase time="0.0179999999999723" classname="simulation" name="simul_covariates_works_as_expected_when_adding_continuous_covariates"/>
    <testcase time="0.00200000000000955" classname="simulation" name="simul_covariates_works_as_expected_when_adding_continuous_covariates"/>
    <testcase time="0.00799999999998136" classname="simulation" name="simul_covariates_works_as_expected_when_adding_continuous_covariates">
      <skipped message="Reason: On CRAN ('test-simulation.R:30:3')"/>
    </testcase>
    <testcase time="0.0180000000000291" classname="simulation" name="simul_covariates_optionally_returns_arm_as_factor"/>
    <testcase time="0.0010000000000332" classname="simulation" name="simul_covariates_optionally_returns_arm_as_factor"/>
    <testcase time="0.00499999999999545" classname="simulation" name="simul_pfs_works_as_expected"/>
    <testcase time="0.000999999999976353" classname="simulation" name="simul_pfs_works_as_expected"/>
    <testcase time="0.0010000000000332" classname="simulation" name="simul_pfs_works_as_expected"/>
    <testcase time="0.000999999999976353" classname="simulation" name="simul_pfs_works_as_expected"/>
    <testcase time="0.000999999999976353" classname="simulation" name="simul_pfs_works_as_expected"/>
    <testcase time="0.00300000000004275" classname="simulation" name="simul_pfs_works_as_expected"/>
    <testcase time="0.00499999999999545" classname="simulation" name="simul_pfs_adds_the_uncensored_PFS_when_requested"/>
    <testcase time="0.00200000000000955" classname="simulation" name="simul_pfs_adds_the_uncensored_PFS_when_requested"/>
    <testcase time="0.000999999999976353" classname="simulation" name="simul_pfs_adds_the_uncensored_PFS_when_requested"/>
    <testcase time="0.000999999999976353" classname="simulation" name="simul_pfs_adds_the_uncensored_PFS_when_requested"/>
    <testcase time="0.0010000000000332" classname="simulation" name="simul_pfs_adds_the_uncensored_PFS_when_requested"/>
    <testcase time="0.0029999999999859" classname="simulation" name="simul_pfs_adds_the_uncensored_PFS_when_requested"/>
    <testcase time="0.000999999999976353" classname="simulation" name="simul_pfs_adds_the_uncensored_PFS_when_requested"/>
    <testcase time="0.00200000000000955" classname="simulation" name="simul_pfs_adds_the_uncensored_PFS_when_requested"/>
    <testcase time="0.0130000000000337" classname="simulation" name="simul_data_works_as_expected"/>
    <testcase time="0.000999999999976353" classname="simulation" name="simul_data_works_as_expected"/>
    <testcase time="0.0010000000000332" classname="simulation" name="simul_data_works_as_expected"/>
    <testcase time="0.000999999999976353" classname="simulation" name="simul_data_works_as_expected"/>
    <testcase time="0.0129999999999768" classname="simulation" name="simul_data_works_as_expected_with_interactions_between_1st_and_2nd_covariate"/>
    <testcase time="0.00200000000000955" classname="simulation" name="simul_data_works_as_expected_with_interactions_between_1st_and_2nd_covariate"/>
    <testcase time="0.0010000000000332" classname="simulation" name="simul_data_works_as_expected_with_interactions_between_1st_and_2nd_covariate"/>
  </testsuite>
  <testsuite name="subgroups" timestamp="2024-06-12T15:30:58Z" hostname="150ab214823b" tests="2" skipped="0" failures="0" errors="0" time="1.067">
    <testcase time="1.04199999999997" classname="subgroups" name="subgroups_outputs_the_right_element_for_survival"/>
    <testcase time="0.0249999999999773" classname="subgroups" name="subgroups_outputs_the_right_element_for_binary"/>
  </testsuite>
  <testsuite name="summary" timestamp="2024-06-12T15:30:59Z" hostname="150ab214823b" tests="8" skipped="0" failures="0" errors="0" time="26.328">
    <testcase time="0.0130000000000337" classname="summary" name="summary_outputs_the_right_element_for_naivepop_survival"/>
    <testcase time="0.00799999999998136" classname="summary" name="summary_outputs_the_right_element_for_naivepop_binary"/>
    <testcase time="0.0160000000000196" classname="summary" name="summary_outputs_the_right_element_for_naive_survival"/>
    <testcase time="0.0160000000000196" classname="summary" name="summary_outputs_the_right_element_for_naive_binary"/>
    <testcase time="1.02799999999996" classname="summary" name="summary_outputs_the_right_element_for_elastic_net_survival"/>
    <testcase time="0.0300000000000296" classname="summary" name="summary_outputs_the_right_element_for_elastic_net_binary"/>
    <testcase time="22.441" classname="summary" name="summary_outputs_the_right_element_for_horseshoe_survival"/>
    <testcase time="2.77600000000001" classname="summary" name="summary_outputs_the_right_element_for_horseshoe_binary"/>
  </testsuite>
  <testsuite name="surv_prob" timestamp="2024-06-12T15:31:25Z" hostname="150ab214823b" tests="1" skipped="0" failures="0" errors="0" time="0.01">
    <testcase time="0.00999999999999091" classname="surv_prob" name="surv_prob_outputs_the_right_element"/>
  </testsuite>
  <testsuite name="survival_curves" timestamp="2024-06-12T15:31:25Z" hostname="150ab214823b" tests="1" skipped="0" failures="0" errors="0" time="0.008">
    <testcase time="0.00799999999998136" classname="survival_curves" name="survival_curves_outputs_the_right_element"/>
  </testsuite>
  <testsuite name="trt_horseshoe" timestamp="2024-06-12T15:31:25Z" hostname="150ab214823b" tests="8" skipped="0" failures="0" errors="0" time="13.094">
    <testcase time="11.682" classname="trt_horseshoe" name="trt_horseshoe_outputs_the_right_element_for_survival"/>
    <testcase time="0.0010000000000332" classname="trt_horseshoe" name="trt_horseshoe_outputs_the_right_element_for_survival"/>
    <testcase time="0.0029999999999859" classname="trt_horseshoe" name="trt_horseshoe_outputs_the_right_element_for_survival"/>
    <testcase time="0.000999999999976353" classname="trt_horseshoe" name="trt_horseshoe_outputs_the_right_element_for_survival"/>
    <testcase time="1.40199999999999" classname="trt_horseshoe" name="trt_horseshoe_outputs_the_right_element_for_binary"/>
    <testcase time="0.0010000000000332" classname="trt_horseshoe" name="trt_horseshoe_outputs_the_right_element_for_binary"/>
    <testcase time="0.0029999999999859" classname="trt_horseshoe" name="trt_horseshoe_outputs_the_right_element_for_binary"/>
    <testcase time="0.0010000000000332" classname="trt_horseshoe" name="trt_horseshoe_outputs_the_right_element_for_binary"/>
  </testsuite>
</testsuites>
