<?xml version="1.0" encoding="UTF-8"?>
<testsuites>
  <testsuite name="ahr_estimation" timestamp="2024-06-13T15:02:23Z" hostname="e87dcf4bfe9c" tests="5" skipped="0" failures="0" errors="0" time="0.16">
    <testcase time="0.0710000000000006" classname="ahr_estimation" name="ahr_estimation_outputs_the_right_element"/>
    <testcase time="0.0519999999999996" classname="ahr_estimation" name="km_fun_works_as_expected"/>
    <testcase time="0.00400000000000045" classname="ahr_estimation" name="km_fun_works_as_expected"/>
    <testcase time="0.0250000000000004" classname="ahr_estimation" name="ahr_from_km_works_as_expected"/>
    <testcase time="0.00800000000000001" classname="ahr_estimation" name="ahr_from_km_works_as_expected"/>
  </testsuite>
  <testsuite name="compare" timestamp="2024-06-13T15:02:23Z" hostname="e87dcf4bfe9c" tests="2" skipped="0" failures="0" errors="0" time="0.063">
    <testcase time="0.0529999999999999" classname="compare" name="compare_outputs_the_right_element"/>
    <testcase time="0.00999999999999979" classname="compare" name="compare_outputs_an_error_when_there_are_less_than_two_arguments"/>
  </testsuite>
  <testsuite name="elastic_net" timestamp="2024-06-13T15:02:23Z" hostname="e87dcf4bfe9c" tests="2" skipped="0" failures="0" errors="0" time="0.354">
    <testcase time="0.256" classname="elastic_net" name="elastic_net_outputs_the_right_elements_for_survival"/>
    <testcase time="0.0979999999999999" classname="elastic_net" name="elastic_net_outputs_the_right_elements_for_binary"/>
  </testsuite>
  <testsuite name="generate_stacked_data" timestamp="2024-06-13T15:02:24Z" hostname="e87dcf4bfe9c" tests="2" skipped="0" failures="0" errors="0" time="0.048">
    <testcase time="0.0330000000000004" classname="generate_stacked_data" name="generate_stacked_data_outputs_the_right_element_for_survival"/>
    <testcase time="0.0149999999999997" classname="generate_stacked_data" name="generate_stacked_data_outputs_the_right_element_for_binary"/>
  </testsuite>
  <testsuite name="horseshoe" timestamp="2024-06-13T15:02:24Z" hostname="e87dcf4bfe9c" tests="2" skipped="1" failures="0" errors="0" time="163.79">
    <testcase time="163.785" classname="horseshoe" name="horseshoe_outputs_the_right_elements_for_survival"/>
    <testcase time="0.00499999999999545" classname="horseshoe" name="horseshoe_outputs_the_right_elements_for_binary">
      <skipped message="Reason: On CRAN ('test-horseshoe.R:51:3')"/>
    </testcase>
  </testsuite>
  <testsuite name="lOR_estimation" timestamp="2024-06-13T15:05:08Z" hostname="e87dcf4bfe9c" tests="1" skipped="0" failures="0" errors="0" time="0.029">
    <testcase time="0.0289999999999964" classname="lOR_estimation" name="lor_estimation_outputs_the_right_element"/>
  </testsuite>
  <testsuite name="naive" timestamp="2024-06-13T15:05:08Z" hostname="e87dcf4bfe9c" tests="2" skipped="0" failures="0" errors="0" time="0.275">
    <testcase time="0.114000000000004" classname="naive" name="naive_outputs_the_right_elements_for_survival"/>
    <testcase time="0.161000000000001" classname="naive" name="naive_outputs_the_right_elements_for_binary"/>
  </testsuite>
  <testsuite name="naivepop" timestamp="2024-06-13T15:05:08Z" hostname="e87dcf4bfe9c" tests="2" skipped="0" failures="0" errors="0" time="0.022">
    <testcase time="0.0130000000000052" classname="naivepop" name="naivepop_produces_expected_coefficients_of_the_model"/>
    <testcase time="0.00899999999998613" classname="naivepop" name="naivepop_outputs_the_right_elements"/>
  </testsuite>
  <testsuite name="plot" timestamp="2024-06-13T15:05:08Z" hostname="e87dcf4bfe9c" tests="7" skipped="4" failures="0" errors="0" time="7.973">
    <testcase time="0.0440000000000111" classname="plot" name="plot_works_as_expected_for_naive"/>
    <testcase time="1.166" classname="plot" name="plot_works_as_expected_for_naive">
      <skipped message="Reason: On CRAN ('test-plot.R:3:3')"/>
    </testcase>
    <testcase time="2.35399999999998" classname="plot" name="plot_works_as_expected_for_elastic_net">
      <skipped message="Reason: On CRAN ('test-plot.R:8:3')"/>
    </testcase>
    <testcase time="2.023" classname="plot" name="plot_works_as_expected_for_horseshoe"/>
    <testcase time="0.244" classname="plot" name="plot_works_as_expected_for_horseshoe">
      <skipped message="Reason: On CRAN ('test-plot.R:13:3')"/>
    </testcase>
    <testcase time="1.04400000000001" classname="plot" name="plot_works_as_expected_for_compare.data"/>
    <testcase time="1.09800000000001" classname="plot" name="plot_works_as_expected_for_compare.data">
      <skipped message="Reason: On CRAN ('test-plot.R:18:3')"/>
    </testcase>
  </testsuite>
  <testsuite name="preprocess" timestamp="2024-06-13T15:05:16Z" hostname="e87dcf4bfe9c" tests="1" skipped="0" failures="0" errors="0" time="0.022">
    <testcase time="0.0219999999999914" classname="preprocess" name="preprocess_outputs_the_right_elements"/>
  </testsuite>
  <testsuite name="print" timestamp="2024-06-13T15:05:16Z" hostname="e87dcf4bfe9c" tests="4" skipped="4" failures="0" errors="0" time="1.614">
    <testcase time="0.0550000000000068" classname="print" name="print_outputs_the_right_element_for_naivepop">
      <skipped message="Reason: On CRAN ('test-print.R:3:3')"/>
    </testcase>
    <testcase time="0.018999999999977" classname="print" name="print_outputs_the_right_element_for_naive">
      <skipped message="Reason: On CRAN ('test-print.R:8:3')"/>
    </testcase>
    <testcase time="0.035000000000025" classname="print" name="print_outputs_the_right_element_for_elastic_net">
      <skipped message="Reason: On CRAN ('test-print.R:13:3')"/>
    </testcase>
    <testcase time="1.505" classname="print" name="summary_outputs_the_right_element_for_horseshoe">
      <skipped message="Reason: On CRAN ('test-print.R:18:3')"/>
    </testcase>
  </testsuite>
  <testsuite name="simulation" timestamp="2024-06-13T15:05:18Z" hostname="e87dcf4bfe9c" tests="34" skipped="3" failures="0" errors="0" time="0.193">
    <testcase time="0.0240000000000009" classname="simulation" name="cut_norm_quant_works_as_expected"/>
    <testcase time="0.00399999999999068" classname="simulation" name="cut_norm_quant_works_as_expected"/>
    <testcase time="0.0200000000000102" classname="simulation" name="simul_covariates_works_as_expected_with_less_than_10_covariates"/>
    <testcase time="0.000999999999976353" classname="simulation" name="simul_covariates_works_as_expected_with_less_than_10_covariates"/>
    <testcase time="0.01400000000001" classname="simulation" name="simul_covariates_works_as_expected_with_less_than_10_covariates">
      <skipped message="Reason: On CRAN ('test-simulation.R:16:3')"/>
    </testcase>
    <testcase time="0.0190000000000055" classname="simulation" name="simul_covariates_works_as_expected_with_more_than_10_covariates"/>
    <testcase time="0.00100000000000477" classname="simulation" name="simul_covariates_works_as_expected_with_more_than_10_covariates"/>
    <testcase time="0.00600000000000023" classname="simulation" name="simul_covariates_works_as_expected_with_more_than_10_covariates">
      <skipped message="Reason: On CRAN ('test-simulation.R:23:3')"/>
    </testcase>
    <testcase time="0.0180000000000007" classname="simulation" name="simul_covariates_works_as_expected_when_adding_continuous_covariates"/>
    <testcase time="0.00100000000000477" classname="simulation" name="simul_covariates_works_as_expected_when_adding_continuous_covariates"/>
    <testcase time="0.00799999999998136" classname="simulation" name="simul_covariates_works_as_expected_when_adding_continuous_covariates">
      <skipped message="Reason: On CRAN ('test-simulation.R:30:3')"/>
    </testcase>
    <testcase time="0.0180000000000007" classname="simulation" name="simul_covariates_optionally_returns_arm_as_factor"/>
    <testcase time="0.00100000000000477" classname="simulation" name="simul_covariates_optionally_returns_arm_as_factor"/>
    <testcase time="0.00499999999999545" classname="simulation" name="simul_pfs_works_as_expected"/>
    <testcase time="0.00100000000000477" classname="simulation" name="simul_pfs_works_as_expected"/>
    <testcase time="0.00100000000000477" classname="simulation" name="simul_pfs_works_as_expected"/>
    <testcase time="0.00200000000000955" classname="simulation" name="simul_pfs_works_as_expected"/>
    <testcase time="0.000999999999976353" classname="simulation" name="simul_pfs_works_as_expected"/>
    <testcase time="0.00200000000000955" classname="simulation" name="simul_pfs_works_as_expected"/>
    <testcase time="0.00499999999999545" classname="simulation" name="simul_pfs_adds_the_uncensored_PFS_when_requested"/>
    <testcase time="0.00100000000000477" classname="simulation" name="simul_pfs_adds_the_uncensored_PFS_when_requested"/>
    <testcase time="0.00100000000000477" classname="simulation" name="simul_pfs_adds_the_uncensored_PFS_when_requested"/>
    <testcase time="0.00100000000000477" classname="simulation" name="simul_pfs_adds_the_uncensored_PFS_when_requested"/>
    <testcase time="0.000999999999976353" classname="simulation" name="simul_pfs_adds_the_uncensored_PFS_when_requested"/>
    <testcase time="0.00300000000001432" classname="simulation" name="simul_pfs_adds_the_uncensored_PFS_when_requested"/>
    <testcase time="0.00100000000000477" classname="simulation" name="simul_pfs_adds_the_uncensored_PFS_when_requested"/>
    <testcase time="0.0029999999999859" classname="simulation" name="simul_pfs_adds_the_uncensored_PFS_when_requested"/>
    <testcase time="0.0120000000000005" classname="simulation" name="simul_data_works_as_expected"/>
    <testcase time="0.00100000000000477" classname="simulation" name="simul_data_works_as_expected"/>
    <testcase time="0.00100000000000477" classname="simulation" name="simul_data_works_as_expected"/>
    <testcase time="0.00100000000000477" classname="simulation" name="simul_data_works_as_expected"/>
    <testcase time="0.0120000000000005" classname="simulation" name="simul_data_works_as_expected_with_interactions_between_1st_and_2nd_covariate"/>
    <testcase time="0.00199999999998113" classname="simulation" name="simul_data_works_as_expected_with_interactions_between_1st_and_2nd_covariate"/>
    <testcase time="0.00100000000000477" classname="simulation" name="simul_data_works_as_expected_with_interactions_between_1st_and_2nd_covariate"/>
  </testsuite>
  <testsuite name="subgroups" timestamp="2024-06-13T15:05:18Z" hostname="e87dcf4bfe9c" tests="2" skipped="0" failures="0" errors="0" time="1.083">
    <testcase time="1.05800000000002" classname="subgroups" name="subgroups_outputs_the_right_element_for_survival"/>
    <testcase time="0.0249999999999773" classname="subgroups" name="subgroups_outputs_the_right_element_for_binary"/>
  </testsuite>
  <testsuite name="summary" timestamp="2024-06-13T15:05:19Z" hostname="e87dcf4bfe9c" tests="8" skipped="0" failures="0" errors="0" time="26.194">
    <testcase time="0.0130000000000052" classname="summary" name="summary_outputs_the_right_element_for_naivepop_survival"/>
    <testcase time="0.007000000000005" classname="summary" name="summary_outputs_the_right_element_for_naivepop_binary"/>
    <testcase time="0.0159999999999911" classname="summary" name="summary_outputs_the_right_element_for_naive_survival"/>
    <testcase time="0.0169999999999959" classname="summary" name="summary_outputs_the_right_element_for_naive_binary"/>
    <testcase time="1.08100000000002" classname="summary" name="summary_outputs_the_right_element_for_elastic_net_survival"/>
    <testcase time="0.0300000000000011" classname="summary" name="summary_outputs_the_right_element_for_elastic_net_binary"/>
    <testcase time="21.908" classname="summary" name="summary_outputs_the_right_element_for_horseshoe_survival"/>
    <testcase time="3.12200000000001" classname="summary" name="summary_outputs_the_right_element_for_horseshoe_binary"/>
  </testsuite>
  <testsuite name="surv_prob" timestamp="2024-06-13T15:05:45Z" hostname="e87dcf4bfe9c" tests="1" skipped="0" failures="0" errors="0" time="0.01">
    <testcase time="0.00999999999999091" classname="surv_prob" name="surv_prob_outputs_the_right_element"/>
  </testsuite>
  <testsuite name="survival_curves" timestamp="2024-06-13T15:05:45Z" hostname="e87dcf4bfe9c" tests="1" skipped="0" failures="0" errors="0" time="0.008">
    <testcase time="0.00800000000000978" classname="survival_curves" name="survival_curves_outputs_the_right_element"/>
  </testsuite>
  <testsuite name="trt_horseshoe" timestamp="2024-06-13T15:05:45Z" hostname="e87dcf4bfe9c" tests="8" skipped="0" failures="0" errors="0" time="11.736">
    <testcase time="10.299" classname="trt_horseshoe" name="trt_horseshoe_outputs_the_right_element_for_survival"/>
    <testcase time="0.000999999999976353" classname="trt_horseshoe" name="trt_horseshoe_outputs_the_right_element_for_survival"/>
    <testcase time="0.00300000000001432" classname="trt_horseshoe" name="trt_horseshoe_outputs_the_right_element_for_survival"/>
    <testcase time="0.00100000000000477" classname="trt_horseshoe" name="trt_horseshoe_outputs_the_right_element_for_survival"/>
    <testcase time="1.42699999999999" classname="trt_horseshoe" name="trt_horseshoe_outputs_the_right_element_for_binary"/>
    <testcase time="0.00100000000000477" classname="trt_horseshoe" name="trt_horseshoe_outputs_the_right_element_for_binary"/>
    <testcase time="0.0029999999999859" classname="trt_horseshoe" name="trt_horseshoe_outputs_the_right_element_for_binary"/>
    <testcase time="0.00100000000000477" classname="trt_horseshoe" name="trt_horseshoe_outputs_the_right_element_for_binary"/>
  </testsuite>
</testsuites>
