<?xml version="1.0" encoding="UTF-8"?>
<testsuites>
  <testsuite name="ahr_estimation" timestamp="2024-03-11T15:10:53Z" hostname="f5e52acc242f" tests="1" skipped="0" failures="0" errors="0" time="0.04">
    <testcase time="0.04" classname="ahr_estimation" name="ahr_estimation_outputs_the_right_element"/>
  </testsuite>
  <testsuite name="compare" timestamp="2024-03-11T15:10:53Z" hostname="f5e52acc242f" tests="2" skipped="0" failures="0" errors="0" time="0.126">
    <testcase time="0.105" classname="compare" name="compare_outputs_the_right_element"/>
    <testcase time="0.0210000000000008" classname="compare" name="compare_outputs_an_error_when_there_are_less_than_two_arguments"/>
  </testsuite>
  <testsuite name="elastic_net" timestamp="2024-03-11T15:10:53Z" hostname="f5e52acc242f" tests="2" skipped="0" failures="0" errors="0" time="0.557">
    <testcase time="0.408" classname="elastic_net" name="elastic_net_outputs_the_right_elements_for_survival"/>
    <testcase time="0.149" classname="elastic_net" name="elastic_net_outputs_the_right_elements_for_binary"/>
  </testsuite>
  <testsuite name="generate_stacked_data" timestamp="2024-03-11T15:10:53Z" hostname="f5e52acc242f" tests="5" skipped="0" failures="0" errors="0" time="0.299">
    <testcase time="0.109999999999999" classname="generate_stacked_data" name="generate_stacked_data_outputs_the_right_element_for_survival"/>
    <testcase time="0.0550000000000006" classname="generate_stacked_data" name="generate_stacked_data_outputs_the_right_element_for_survival"/>
    <testcase time="0.0539999999999994" classname="generate_stacked_data" name="generate_stacked_data_outputs_the_right_element_for_survival"/>
    <testcase time="0.048" classname="generate_stacked_data" name="generate_stacked_data_outputs_the_right_element_for_survival"/>
    <testcase time="0.032" classname="generate_stacked_data" name="generate_stacked_data_outputs_the_right_element_for_binary"/>
  </testsuite>
  <testsuite name="hello" timestamp="2024-03-11T15:10:54Z" hostname="f5e52acc242f" tests="1" skipped="0" failures="0" errors="0" time="0.009">
    <testcase time="0.00900000000000034" classname="hello" name="hello_greets_the_entity"/>
  </testsuite>
  <testsuite name="horseshoe" timestamp="2024-03-11T15:10:54Z" hostname="f5e52acc242f" tests="2" skipped="0" failures="0" errors="0" time="436.317">
    <testcase time="227.462" classname="horseshoe" name="horseshoe_outputs_the_right_elements_for_survival"/>
    <testcase time="208.855" classname="horseshoe" name="horseshoe_outputs_the_right_elements_for_binary"/>
  </testsuite>
  <testsuite name="lOR_estimation" timestamp="2024-03-11T15:18:10Z" hostname="f5e52acc242f" tests="1" skipped="0" failures="0" errors="0" time="0.01">
    <testcase time="0.00999999999999091" classname="lOR_estimation" name="lor_estimation_outputs_the_right_element"/>
  </testsuite>
  <testsuite name="naive" timestamp="2024-03-11T15:18:10Z" hostname="f5e52acc242f" tests="2" skipped="0" failures="0" errors="0" time="0.715">
    <testcase time="0.583000000000027" classname="naive" name="naive_outputs_the_right_elements_for_survival"/>
    <testcase time="0.131999999999948" classname="naive" name="naive_outputs_the_right_elements_for_binary"/>
  </testsuite>
  <testsuite name="naivepop" timestamp="2024-03-11T15:18:11Z" hostname="f5e52acc242f" tests="2" skipped="0" failures="0" errors="0" time="0.027">
    <testcase time="0.0160000000000196" classname="naivepop" name="naivepop_produces_expected_coefficients_of_the_model"/>
    <testcase time="0.0110000000000241" classname="naivepop" name="naivepop_outputs_the_right_elements"/>
  </testsuite>
  <testsuite name="plot" timestamp="2024-03-11T15:18:11Z" hostname="f5e52acc242f" tests="5" skipped="4" failures="0" errors="0" time="7.942">
    <testcase time="0.0480000000000018" classname="plot" name="plot_works_as_expected_for_naive"/>
    <testcase time="1.846" classname="plot" name="plot_works_as_expected_for_naive">
      <skipped message="Reason: On CRAN ('test-plot.R:3:3')"/>
    </testcase>
    <testcase time="1.69799999999998" classname="plot" name="plot_works_as_expected_for_elastic_net">
      <skipped message="Reason: On CRAN ('test-plot.R:8:3')"/>
    </testcase>
    <testcase time="2.298" classname="plot" name="plot_works_as_expected_for_horseshoe">
      <skipped message="Reason: On CRAN ('test-plot.R:13:3')"/>
    </testcase>
    <testcase time="2.05200000000002" classname="plot" name="plot_works_as_expected_for_compare.data">
      <skipped message="Reason: On CRAN ('test-plot.R:18:3')"/>
    </testcase>
  </testsuite>
  <testsuite name="preprocess" timestamp="2024-03-11T15:18:19Z" hostname="f5e52acc242f" tests="1" skipped="0" failures="0" errors="0" time="0.029">
    <testcase time="0.0289999999999964" classname="preprocess" name="preprocess_outputs_the_right_elements"/>
  </testsuite>
  <testsuite name="print" timestamp="2024-03-11T15:18:19Z" hostname="f5e52acc242f" tests="4" skipped="0" failures="0" errors="0" time="3.627">
    <testcase time="0.00899999999995771" classname="print" name="print_outputs_the_right_element_for_naivepop"/>
    <testcase time="0.007000000000005" classname="print" name="print_outputs_the_right_element_for_naive"/>
    <testcase time="0.0230000000000246" classname="print" name="print_outputs_the_right_element_for_elastic_net"/>
    <testcase time="3.58799999999997" classname="print" name="print_outputs_the_right_element_for_horseshoe"/>
  </testsuite>
  <testsuite name="subgroups" timestamp="2024-03-11T15:18:22Z" hostname="f5e52acc242f" tests="2" skipped="0" failures="0" errors="0" time="0.338">
    <testcase time="0.31800000000004" classname="subgroups" name="subgroups_outputs_the_right_element_for_survival"/>
    <testcase time="0.0199999999999818" classname="subgroups" name="subgroups_outputs_the_right_element_for_binary"/>
  </testsuite>
  <testsuite name="summary" timestamp="2024-03-11T15:18:23Z" hostname="f5e52acc242f" tests="8" skipped="0" failures="0" errors="0" time="32.793">
    <testcase time="0.00900000000001455" classname="summary" name="summary_outputs_the_right_element_for_naivepop_survival"/>
    <testcase time="0.00499999999999545" classname="summary" name="summary_outputs_the_right_element_for_naivepop_binary"/>
    <testcase time="0.00499999999999545" classname="summary" name="summary_outputs_the_right_element_for_naive_survival"/>
    <testcase time="0.00499999999999545" classname="summary" name="summary_outputs_the_right_element_for_naive_binary"/>
    <testcase time="0.206000000000017" classname="summary" name="summary_outputs_the_right_element_for_elastic_net_survival"/>
    <testcase time="0.0219999999999914" classname="summary" name="summary_outputs_the_right_element_for_elastic_net_binary"/>
    <testcase time="29.541" classname="summary" name="summary_outputs_the_right_element_for_horseshoe_survival"/>
    <testcase time="3" classname="summary" name="summary_outputs_the_right_element_for_horseshoe_binary"/>
  </testsuite>
  <testsuite name="surv_prob" timestamp="2024-03-11T15:18:56Z" hostname="f5e52acc242f" tests="1" skipped="0" failures="0" errors="0" time="0.008">
    <testcase time="0.00799999999998136" classname="surv_prob" name="surv_prob_outputs_the_right_element"/>
  </testsuite>
  <testsuite name="survival_curves" timestamp="2024-03-11T15:18:56Z" hostname="f5e52acc242f" tests="1" skipped="0" failures="0" errors="0" time="0.008">
    <testcase time="0.0080000000000382" classname="survival_curves" name="survival_curves_outputs_the_right_element"/>
  </testsuite>
  <testsuite name="test" timestamp="2024-03-11T15:18:56Z" hostname="f5e52acc242f" tests="1" skipped="0" failures="0" errors="0" time="0.007">
    <testcase time="0.007000000000005" classname="test" name="test_works_as_expected"/>
  </testsuite>
  <testsuite name="trt_horseshoe" timestamp="2024-03-11T15:18:56Z" hostname="f5e52acc242f" tests="2" skipped="0" failures="0" errors="0" time="15.039">
    <testcase time="13.55" classname="trt_horseshoe" name="trt_horseshoe_outputs_the_right_element_for_survival"/>
    <testcase time="1.48900000000003" classname="trt_horseshoe" name="trt_horseshoe_outputs_the_right_element_for_binary"/>
  </testsuite>
</testsuites>
