<?xml version="1.0" encoding="UTF-8"?>
<testsuites>
  <testsuite name="ahr_estimation" timestamp="2023-02-10T08:57:51Z" hostname="390f01d21664" tests="1" skipped="0" failures="0" errors="0" time="0.031">
    <testcase time="0.0310000000000001" classname="ahr_estimation" name="ahr_estimation_outputs_the_right_element"/>
  </testsuite>
  <testsuite name="elastic_net" timestamp="2023-02-10T08:57:51Z" hostname="390f01d21664" tests="2" skipped="0" failures="0" errors="0" time="0.559">
    <testcase time="0.402" classname="elastic_net" name="elastic_net_outputs_the_right_elements_for_survival"/>
    <testcase time="0.157" classname="elastic_net" name="elastic_net_outputs_the_right_elements_for_binary"/>
  </testsuite>
  <testsuite name="generate_stacked_data" timestamp="2023-02-10T08:57:52Z" hostname="390f01d21664" tests="5" skipped="0" failures="0" errors="0" time="0.334">
    <testcase time="0.107" classname="generate_stacked_data" name="generate_stacked_data_outputs_the_right_element_for_survival"/>
    <testcase time="0.0519999999999996" classname="generate_stacked_data" name="generate_stacked_data_outputs_the_right_element_for_survival"/>
    <testcase time="0.0520000000000005" classname="generate_stacked_data" name="generate_stacked_data_outputs_the_right_element_for_survival"/>
    <testcase time="0.0549999999999997" classname="generate_stacked_data" name="generate_stacked_data_outputs_the_right_element_for_survival"/>
    <testcase time="0.0680000000000005" classname="generate_stacked_data" name="generate_stacked_data_outputs_the_right_element_for_binary"/>
  </testsuite>
  <testsuite name="hello" timestamp="2023-02-10T08:57:52Z" hostname="390f01d21664" tests="1" skipped="0" failures="0" errors="0" time="0.006">
    <testcase time="0.00599999999999934" classname="hello" name="hello_greets_the_entity"/>
  </testsuite>
  <testsuite name="horseshoe" timestamp="2023-02-10T08:57:52Z" hostname="390f01d21664" tests="2" skipped="0" failures="0" errors="0" time="263.542">
    <testcase time="168.286" classname="horseshoe" name="horseshoe_outputs_the_right_elements_for_survival"/>
    <testcase time="95.256" classname="horseshoe" name="horseshoe_outputs_the_right_elements_for_binary"/>
  </testsuite>
  <testsuite name="lOR_estimation" timestamp="2023-02-10T09:02:16Z" hostname="390f01d21664" tests="1" skipped="0" failures="0" errors="0" time="0.006">
    <testcase time="0.00600000000002865" classname="lOR_estimation" name="lor_estimation_outputs_the_right_element"/>
  </testsuite>
  <testsuite name="naive" timestamp="2023-02-10T09:02:16Z" hostname="390f01d21664" tests="2" skipped="0" failures="0" errors="0" time="0.346">
    <testcase time="0.158999999999992" classname="naive" name="naive_outputs_the_right_elements_for_survival"/>
    <testcase time="0.187000000000012" classname="naive" name="naive_outputs_the_right_elements_for_binary"/>
  </testsuite>
  <testsuite name="naivepop" timestamp="2023-02-10T09:02:16Z" hostname="390f01d21664" tests="2" skipped="0" failures="0" errors="0" time="0.021">
    <testcase time="0.0149999999999864" classname="naivepop" name="naivepop_produces_expected_coefficients_of_the_model"/>
    <testcase time="0.00600000000002865" classname="naivepop" name="naivepop_outputs_the_right_elements"/>
  </testsuite>
  <testsuite name="preprocess" timestamp="2023-02-10T09:02:16Z" hostname="390f01d21664" tests="1" skipped="0" failures="0" errors="0" time="0.012">
    <testcase time="0.0120000000000005" classname="preprocess" name="preprocess_outputs_the_right_elements"/>
  </testsuite>
  <testsuite name="subgroups" timestamp="2023-02-10T09:02:16Z" hostname="390f01d21664" tests="2" skipped="0" failures="0" errors="0" time="0.273">
    <testcase time="0.255999999999972" classname="subgroups" name="subgroups_outputs_the_right_element_for_survival"/>
    <testcase time="0.0169999999999959" classname="subgroups" name="subgroups_outputs_the_right_element_for_binary"/>
  </testsuite>
  <testsuite name="summary" timestamp="2023-02-10T09:02:16Z" hostname="390f01d21664" tests="6" skipped="0" failures="0" errors="0" time="0.321">
    <testcase time="0.00600000000002865" classname="summary" name="summary_outputs_the_right_element_for_naivepop_survival"/>
    <testcase time="0.00199999999995271" classname="summary" name="summary_outputs_the_right_element_for_naivepop_binary"/>
    <testcase time="0.0040000000000191" classname="summary" name="summary_outputs_the_right_element_for_naive_survival"/>
    <testcase time="0.00200000000000955" classname="summary" name="summary_outputs_the_right_element_for_naive_binary"/>
    <testcase time="0.288999999999987" classname="summary" name="summary_outputs_the_right_element_for_elastic_net_survival"/>
    <testcase time="0.0180000000000291" classname="summary" name="summary_outputs_the_right_element_for_elastic_net_binary"/>
  </testsuite>
  <testsuite name="surv_prob" timestamp="2023-02-10T09:02:17Z" hostname="390f01d21664" tests="1" skipped="0" failures="0" errors="0" time="0.006">
    <testcase time="0.00599999999997181" classname="surv_prob" name="surv_prob_outputs_the_right_element"/>
  </testsuite>
  <testsuite name="survival_curves" timestamp="2023-02-10T09:02:17Z" hostname="390f01d21664" tests="1" skipped="0" failures="0" errors="0" time="0.005">
    <testcase time="0.00499999999999545" classname="survival_curves" name="survival_curves_outputs_the_right_element"/>
  </testsuite>
  <testsuite name="test" timestamp="2023-02-10T09:02:17Z" hostname="390f01d21664" tests="1" skipped="0" failures="0" errors="0" time="0.005">
    <testcase time="0.00499999999999545" classname="test" name="test_works_as_expected"/>
  </testsuite>
</testsuites>
