<?xml version="1.0" encoding="UTF-8"?>
<testsuites>
  <testsuite name="ahr_estimation" timestamp="2023-02-20T10:23:33Z" hostname="85640eaa8f89" tests="1" skipped="0" failures="0" errors="0" time="0.03">
    <testcase time="0.0299999999999998" classname="ahr_estimation" name="ahr_estimation_outputs_the_right_element"/>
  </testsuite>
  <testsuite name="compare" timestamp="2023-02-20T10:23:33Z" hostname="85640eaa8f89" tests="2" skipped="0" failures="0" errors="0" time="0.115">
    <testcase time="0.0980000000000003" classname="compare" name="compare_outputs_the_right_element"/>
    <testcase time="0.0169999999999999" classname="compare" name="compare_outputs_an_error_when_there_are_less_than_two_arguments"/>
  </testsuite>
  <testsuite name="elastic_net" timestamp="2023-02-20T10:23:33Z" hostname="85640eaa8f89" tests="2" skipped="0" failures="0" errors="0" time="0.539">
    <testcase time="0.392" classname="elastic_net" name="elastic_net_outputs_the_right_elements_for_survival"/>
    <testcase time="0.147" classname="elastic_net" name="elastic_net_outputs_the_right_elements_for_binary"/>
  </testsuite>
  <testsuite name="generate_stacked_data" timestamp="2023-02-20T10:23:33Z" hostname="85640eaa8f89" tests="5" skipped="0" failures="0" errors="0" time="0.332">
    <testcase time="0.0919999999999996" classname="generate_stacked_data" name="generate_stacked_data_outputs_the_right_element_for_survival"/>
    <testcase time="0.0629999999999997" classname="generate_stacked_data" name="generate_stacked_data_outputs_the_right_element_for_survival"/>
    <testcase time="0.0500000000000007" classname="generate_stacked_data" name="generate_stacked_data_outputs_the_right_element_for_survival"/>
    <testcase time="0.056" classname="generate_stacked_data" name="generate_stacked_data_outputs_the_right_element_for_survival"/>
    <testcase time="0.0709999999999997" classname="generate_stacked_data" name="generate_stacked_data_outputs_the_right_element_for_binary"/>
  </testsuite>
  <testsuite name="hello" timestamp="2023-02-20T10:23:34Z" hostname="85640eaa8f89" tests="1" skipped="0" failures="0" errors="0" time="0.006">
    <testcase time="0.00600000000000023" classname="hello" name="hello_greets_the_entity"/>
  </testsuite>
  <testsuite name="horseshoe" timestamp="2023-02-20T10:23:34Z" hostname="85640eaa8f89" tests="2" skipped="0" failures="0" errors="0" time="267.906">
    <testcase time="169.675" classname="horseshoe" name="horseshoe_outputs_the_right_elements_for_survival"/>
    <testcase time="98.231" classname="horseshoe" name="horseshoe_outputs_the_right_elements_for_binary"/>
  </testsuite>
  <testsuite name="lOR_estimation" timestamp="2023-02-20T10:28:02Z" hostname="85640eaa8f89" tests="1" skipped="0" failures="0" errors="0" time="0.006">
    <testcase time="0.00599999999997181" classname="lOR_estimation" name="lor_estimation_outputs_the_right_element"/>
  </testsuite>
  <testsuite name="naive" timestamp="2023-02-20T10:28:02Z" hostname="85640eaa8f89" tests="2" skipped="0" failures="0" errors="0" time="0.379">
    <testcase time="0.175000000000011" classname="naive" name="naive_outputs_the_right_elements_for_survival"/>
    <testcase time="0.204000000000008" classname="naive" name="naive_outputs_the_right_elements_for_binary"/>
  </testsuite>
  <testsuite name="naivepop" timestamp="2023-02-20T10:28:02Z" hostname="85640eaa8f89" tests="2" skipped="0" failures="0" errors="0" time="0.023">
    <testcase time="0.0160000000000196" classname="naivepop" name="naivepop_produces_expected_coefficients_of_the_model"/>
    <testcase time="0.00699999999994816" classname="naivepop" name="naivepop_outputs_the_right_elements"/>
  </testsuite>
  <testsuite name="plot" timestamp="2023-02-20T10:28:02Z" hostname="85640eaa8f89" tests="5" skipped="4" failures="0" errors="0" time="7.36">
    <testcase time="0.0430000000000064" classname="plot" name="plot_works_as_expected_for_naive"/>
    <testcase time="1.50900000000001" classname="plot" name="plot_works_as_expected_for_naive">
      <skipped message="Reason: On CRAN ('test-plot.R:3')"/>
    </testcase>
    <testcase time="1.39400000000001" classname="plot" name="plot_works_as_expected_for_elastic_net">
      <skipped message="Reason: On CRAN ('test-plot.R:8')"/>
    </testcase>
    <testcase time="2.78300000000002" classname="plot" name="plot_works_as_expected_for_horseshoe">
      <skipped message="Reason: On CRAN ('test-plot.R:13')"/>
    </testcase>
    <testcase time="1.63099999999997" classname="plot" name="plot_works_as_expected_for_compare.data">
      <skipped message="Reason: On CRAN ('test-plot.R:18')"/>
    </testcase>
  </testsuite>
  <testsuite name="preprocess" timestamp="2023-02-20T10:28:09Z" hostname="85640eaa8f89" tests="1" skipped="0" failures="0" errors="0" time="0.023">
    <testcase time="0.0230000000000246" classname="preprocess" name="preprocess_outputs_the_right_elements"/>
  </testsuite>
  <testsuite name="print" timestamp="2023-02-20T10:28:09Z" hostname="85640eaa8f89" tests="4" skipped="0" failures="0" errors="0" time="3.276">
    <testcase time="0.007000000000005" classname="print" name="print_outputs_the_right_element_for_naivepop"/>
    <testcase time="0.00399999999996226" classname="print" name="print_outputs_the_right_element_for_naive"/>
    <testcase time="0.021000000000015" classname="print" name="print_outputs_the_right_element_for_elastic_net"/>
    <testcase time="3.24400000000003" classname="print" name="print_outputs_the_right_element_for_horseshoe"/>
  </testsuite>
  <testsuite name="subgroups" timestamp="2023-02-20T10:28:13Z" hostname="85640eaa8f89" tests="2" skipped="0" failures="0" errors="0" time="0.207">
    <testcase time="0.188999999999965" classname="subgroups" name="subgroups_outputs_the_right_element_for_survival"/>
    <testcase time="0.0180000000000291" classname="subgroups" name="subgroups_outputs_the_right_element_for_binary"/>
  </testsuite>
  <testsuite name="summary" timestamp="2023-02-20T10:28:13Z" hostname="85640eaa8f89" tests="8" skipped="0" failures="0" errors="0" time="31.472">
    <testcase time="0.00799999999998136" classname="summary" name="summary_outputs_the_right_element_for_naivepop_survival"/>
    <testcase time="0.0029999999999859" classname="summary" name="summary_outputs_the_right_element_for_naivepop_binary"/>
    <testcase time="0.00300000000004275" classname="summary" name="summary_outputs_the_right_element_for_naive_survival"/>
    <testcase time="0.00399999999996226" classname="summary" name="summary_outputs_the_right_element_for_naive_binary"/>
    <testcase time="0.189999999999998" classname="summary" name="summary_outputs_the_right_element_for_elastic_net_survival"/>
    <testcase time="0.0219999999999914" classname="summary" name="summary_outputs_the_right_element_for_elastic_net_binary"/>
    <testcase time="27.679" classname="summary" name="summary_outputs_the_right_element_for_horseshoe_survival"/>
    <testcase time="3.56299999999999" classname="summary" name="summary_outputs_the_right_element_for_horseshoe_binary"/>
  </testsuite>
  <testsuite name="surv_prob" timestamp="2023-02-20T10:28:44Z" hostname="85640eaa8f89" tests="1" skipped="0" failures="0" errors="0" time="0.007">
    <testcase time="0.007000000000005" classname="surv_prob" name="surv_prob_outputs_the_right_element"/>
  </testsuite>
  <testsuite name="survival_curves" timestamp="2023-02-20T10:28:44Z" hostname="85640eaa8f89" tests="1" skipped="0" failures="0" errors="0" time="0.006">
    <testcase time="0.00599999999997181" classname="survival_curves" name="survival_curves_outputs_the_right_element"/>
  </testsuite>
  <testsuite name="test" timestamp="2023-02-20T10:28:44Z" hostname="85640eaa8f89" tests="1" skipped="0" failures="0" errors="0" time="0.005">
    <testcase time="0.0050000000000523" classname="test" name="test_works_as_expected"/>
  </testsuite>
  <testsuite name="trt_horseshoe" timestamp="2023-02-20T10:28:44Z" hostname="85640eaa8f89" tests="2" skipped="0" failures="0" errors="0" time="14.874">
    <testcase time="13.412" classname="trt_horseshoe" name="trt_horseshoe_outputs_the_right_element_for_survival"/>
    <testcase time="1.46199999999999" classname="trt_horseshoe" name="trt_horseshoe_outputs_the_right_element_for_binary"/>
  </testsuite>
</testsuites>
