<?xml version="1.0" encoding="UTF-8"?>
<testsuites>
  <testsuite name="elastic_net" timestamp="2023-02-07T17:43:34Z" hostname="f6be28201f30" tests="2" skipped="0" failures="0" errors="0" time="0.529">
    <testcase time="0.374" classname="elastic_net" name="Elastic_net_outputs_the_right_elements_for_survival"/>
    <testcase time="0.155" classname="elastic_net" name="Elastic_net_outputs_the_right_elements_for_binary"/>
  </testsuite>
  <testsuite name="generate_stacked_data" timestamp="2023-02-07T17:43:35Z" hostname="f6be28201f30" tests="5" skipped="0" failures="0" errors="0" time="0.335">
    <testcase time="0.12" classname="generate_stacked_data" name="Generate_stacked_data_outputs_the_right_element_for_survival"/>
    <testcase time="0.0540000000000003" classname="generate_stacked_data" name="Generate_stacked_data_outputs_the_right_element_for_survival"/>
    <testcase time="0.0529999999999999" classname="generate_stacked_data" name="Generate_stacked_data_outputs_the_right_element_for_survival"/>
    <testcase time="0.0520000000000005" classname="generate_stacked_data" name="Generate_stacked_data_outputs_the_right_element_for_survival"/>
    <testcase time="0.056" classname="generate_stacked_data" name="Generate_stacked_data_outputs_the_right_element_for_binary"/>
  </testsuite>
  <testsuite name="hello" timestamp="2023-02-07T17:43:35Z" hostname="f6be28201f30" tests="1" skipped="0" failures="0" errors="0" time="0.027">
    <testcase time="0.0269999999999992" classname="hello" name="hello_greets_the_entity"/>
  </testsuite>
  <testsuite name="horseshoe" timestamp="2023-02-07T17:43:35Z" hostname="f6be28201f30" tests="2" skipped="0" failures="0" errors="0" time="274.136">
    <testcase time="177.728" classname="horseshoe" name="Horseshoe_outputs_the_right_elements_for_survival"/>
    <testcase time="96.408" classname="horseshoe" name="Horseshoe_outputs_the_right_elements_for_binary"/>
  </testsuite>
  <testsuite name="lOR_estimation" timestamp="2023-02-07T17:48:09Z" hostname="f6be28201f30" tests="1" skipped="0" failures="0" errors="0" time="0.007">
    <testcase time="0.00699999999994816" classname="lOR_estimation" name="lor_estimation_outputs_the_right_element"/>
  </testsuite>
  <testsuite name="naive" timestamp="2023-02-07T17:48:09Z" hostname="f6be28201f30" tests="2" skipped="0" failures="0" errors="0" time="0.355">
    <testcase time="0.173000000000002" classname="naive" name="Naive_outputs_the_right_elements_for_survival"/>
    <testcase time="0.182000000000016" classname="naive" name="Naive_outputs_the_right_elements_for_binary"/>
  </testsuite>
  <testsuite name="naivepop" timestamp="2023-02-07T17:48:09Z" hostname="f6be28201f30" tests="2" skipped="0" failures="0" errors="0" time="0.026">
    <testcase time="0.0190000000000055" classname="naivepop" name="Naivepop_produces_expected_coefficients_of_the_model"/>
    <testcase time="0.007000000000005" classname="naivepop" name="Naivepop_outputs_the_right_elements"/>
  </testsuite>
  <testsuite name="preprocess" timestamp="2023-02-07T17:48:09Z" hostname="f6be28201f30" tests="1" skipped="0" failures="0" errors="0" time="0.013">
    <testcase time="0.0129999999999768" classname="preprocess" name="Preprocess_outputs_the_right_elements"/>
  </testsuite>
  <testsuite name="summary" timestamp="2023-02-07T17:48:09Z" hostname="f6be28201f30" tests="4" skipped="0" failures="0" errors="0" time="0.014">
    <testcase time="0.00600000000002865" classname="summary" name="Summary_outputs_the_right_element_for_naivepop_survival"/>
    <testcase time="0.00200000000000955" classname="summary" name="Summary_outputs_the_right_element_for_naivepop_binary"/>
    <testcase time="0.0029999999999859" classname="summary" name="Summary_outputs_the_right_element_for_naive_survival"/>
    <testcase time="0.0029999999999859" classname="summary" name="Summary_outputs_the_right_element_for_naive_binary"/>
  </testsuite>
  <testsuite name="test" timestamp="2023-02-07T17:48:09Z" hostname="f6be28201f30" tests="1" skipped="0" failures="0" errors="0" time="0.005">
    <testcase time="0.00499999999999545" classname="test" name="test_works_as_expected"/>
  </testsuite>
</testsuites>
