<?xml version="1.0" encoding="UTF-8"?>
<testsuites>
  <testsuite name="ahr_estimation" timestamp="2023-02-27T14:35:01Z" hostname="886ce4beb4c4" tests="1" skipped="0" failures="0" errors="0" time="0.032">
    <testcase time="0.032" classname="ahr_estimation" name="ahr_estimation_outputs_the_right_element"/>
  </testsuite>
  <testsuite name="compare" timestamp="2023-02-27T14:35:01Z" hostname="886ce4beb4c4" tests="2" skipped="0" failures="0" errors="0" time="0.111">
    <testcase time="0.0939999999999999" classname="compare" name="compare_outputs_the_right_element"/>
    <testcase time="0.0169999999999999" classname="compare" name="compare_outputs_an_error_when_there_are_less_than_two_arguments"/>
  </testsuite>
  <testsuite name="elastic_net" timestamp="2023-02-27T14:35:01Z" hostname="886ce4beb4c4" tests="2" skipped="0" failures="0" errors="0" time="0.514">
    <testcase time="0.376" classname="elastic_net" name="elastic_net_outputs_the_right_elements_for_survival"/>
    <testcase time="0.138" classname="elastic_net" name="elastic_net_outputs_the_right_elements_for_binary"/>
  </testsuite>
  <testsuite name="generate_stacked_data" timestamp="2023-02-27T14:35:01Z" hostname="886ce4beb4c4" tests="5" skipped="0" failures="0" errors="0" time="0.309">
    <testcase time="0.0880000000000001" classname="generate_stacked_data" name="generate_stacked_data_outputs_the_right_element_for_survival"/>
    <testcase time="0.0590000000000002" classname="generate_stacked_data" name="generate_stacked_data_outputs_the_right_element_for_survival"/>
    <testcase time="0.0469999999999997" classname="generate_stacked_data" name="generate_stacked_data_outputs_the_right_element_for_survival"/>
    <testcase time="0.0519999999999996" classname="generate_stacked_data" name="generate_stacked_data_outputs_the_right_element_for_survival"/>
    <testcase time="0.0630000000000006" classname="generate_stacked_data" name="generate_stacked_data_outputs_the_right_element_for_binary"/>
  </testsuite>
  <testsuite name="hello" timestamp="2023-02-27T14:35:02Z" hostname="886ce4beb4c4" tests="1" skipped="0" failures="0" errors="0" time="0.006">
    <testcase time="0.00599999999999934" classname="hello" name="hello_greets_the_entity"/>
  </testsuite>
  <testsuite name="horseshoe" timestamp="2023-02-27T14:35:02Z" hostname="886ce4beb4c4" tests="2" skipped="0" failures="0" errors="0" time="268.341">
    <testcase time="165.136" classname="horseshoe" name="horseshoe_outputs_the_right_elements_for_survival"/>
    <testcase time="103.205" classname="horseshoe" name="horseshoe_outputs_the_right_elements_for_binary"/>
  </testsuite>
  <testsuite name="lOR_estimation" timestamp="2023-02-27T14:39:30Z" hostname="886ce4beb4c4" tests="1" skipped="0" failures="0" errors="0" time="0.007">
    <testcase time="0.007000000000005" classname="lOR_estimation" name="lor_estimation_outputs_the_right_element"/>
  </testsuite>
  <testsuite name="naive" timestamp="2023-02-27T14:39:30Z" hostname="886ce4beb4c4" tests="2" skipped="0" failures="0" errors="0" time="0.38">
    <testcase time="0.177999999999997" classname="naive" name="naive_outputs_the_right_elements_for_survival"/>
    <testcase time="0.201999999999998" classname="naive" name="naive_outputs_the_right_elements_for_binary"/>
  </testsuite>
  <testsuite name="naivepop" timestamp="2023-02-27T14:39:30Z" hostname="886ce4beb4c4" tests="2" skipped="0" failures="0" errors="0" time="0.026">
    <testcase time="0.0160000000000196" classname="naivepop" name="naivepop_produces_expected_coefficients_of_the_model"/>
    <testcase time="0.00999999999999091" classname="naivepop" name="naivepop_outputs_the_right_elements"/>
  </testsuite>
  <testsuite name="plot" timestamp="2023-02-27T14:39:31Z" hostname="886ce4beb4c4" tests="5" skipped="4" failures="0" errors="0" time="7.439">
    <testcase time="0.0500000000000114" classname="plot" name="plot_works_as_expected_for_naive"/>
    <testcase time="1.64699999999999" classname="plot" name="plot_works_as_expected_for_naive">
      <skipped message="Reason: On CRAN ('test-plot.R:3')"/>
    </testcase>
    <testcase time="1.45300000000003" classname="plot" name="plot_works_as_expected_for_elastic_net">
      <skipped message="Reason: On CRAN ('test-plot.R:8')"/>
    </testcase>
    <testcase time="2.57499999999999" classname="plot" name="plot_works_as_expected_for_horseshoe">
      <skipped message="Reason: On CRAN ('test-plot.R:13')"/>
    </testcase>
    <testcase time="1.714" classname="plot" name="plot_works_as_expected_for_compare.data">
      <skipped message="Reason: On CRAN ('test-plot.R:18')"/>
    </testcase>
  </testsuite>
  <testsuite name="preprocess" timestamp="2023-02-27T14:39:38Z" hostname="886ce4beb4c4" tests="1" skipped="0" failures="0" errors="0" time="0.024">
    <testcase time="0.0240000000000009" classname="preprocess" name="preprocess_outputs_the_right_elements"/>
  </testsuite>
  <testsuite name="print" timestamp="2023-02-27T14:39:38Z" hostname="886ce4beb4c4" tests="4" skipped="0" failures="0" errors="0" time="3.316">
    <testcase time="0.00599999999997181" classname="print" name="print_outputs_the_right_element_for_naivepop"/>
    <testcase time="0.0040000000000191" classname="print" name="print_outputs_the_right_element_for_naive"/>
    <testcase time="0.0220000000000482" classname="print" name="print_outputs_the_right_element_for_elastic_net"/>
    <testcase time="3.28399999999999" classname="print" name="print_outputs_the_right_element_for_horseshoe"/>
  </testsuite>
  <testsuite name="subgroups" timestamp="2023-02-27T14:39:41Z" hostname="886ce4beb4c4" tests="2" skipped="0" failures="0" errors="0" time="0.244">
    <testcase time="0.22399999999999" classname="subgroups" name="subgroups_outputs_the_right_element_for_survival"/>
    <testcase time="0.0199999999999818" classname="subgroups" name="subgroups_outputs_the_right_element_for_binary"/>
  </testsuite>
  <testsuite name="summary" timestamp="2023-02-27T14:39:42Z" hostname="886ce4beb4c4" tests="8" skipped="0" failures="0" errors="0" time="35.012">
    <testcase time="0.0080000000000382" classname="summary" name="summary_outputs_the_right_element_for_naivepop_survival"/>
    <testcase time="0.00199999999995271" classname="summary" name="summary_outputs_the_right_element_for_naivepop_binary"/>
    <testcase time="0.0040000000000191" classname="summary" name="summary_outputs_the_right_element_for_naive_survival"/>
    <testcase time="0.0040000000000191" classname="summary" name="summary_outputs_the_right_element_for_naive_binary"/>
    <testcase time="0.226999999999975" classname="summary" name="summary_outputs_the_right_element_for_elastic_net_survival"/>
    <testcase time="0.0230000000000246" classname="summary" name="summary_outputs_the_right_element_for_elastic_net_binary"/>
    <testcase time="31.075" classname="summary" name="summary_outputs_the_right_element_for_horseshoe_survival"/>
    <testcase time="3.66899999999998" classname="summary" name="summary_outputs_the_right_element_for_horseshoe_binary"/>
  </testsuite>
  <testsuite name="surv_prob" timestamp="2023-02-27T14:40:17Z" hostname="886ce4beb4c4" tests="1" skipped="0" failures="0" errors="0" time="0.006">
    <testcase time="0.00600000000002865" classname="surv_prob" name="surv_prob_outputs_the_right_element"/>
  </testsuite>
  <testsuite name="survival_curves" timestamp="2023-02-27T14:40:17Z" hostname="886ce4beb4c4" tests="1" skipped="0" failures="0" errors="0" time="0.005">
    <testcase time="0.00499999999999545" classname="survival_curves" name="survival_curves_outputs_the_right_element"/>
  </testsuite>
  <testsuite name="test" timestamp="2023-02-27T14:40:17Z" hostname="886ce4beb4c4" tests="1" skipped="0" failures="0" errors="0" time="0.006">
    <testcase time="0.00600000000002865" classname="test" name="test_works_as_expected"/>
  </testsuite>
  <testsuite name="trt_horseshoe" timestamp="2023-02-27T14:40:17Z" hostname="886ce4beb4c4" tests="2" skipped="0" failures="0" errors="0" time="15.924">
    <testcase time="14.258" classname="trt_horseshoe" name="trt_horseshoe_outputs_the_right_element_for_survival"/>
    <testcase time="1.666" classname="trt_horseshoe" name="trt_horseshoe_outputs_the_right_element_for_binary"/>
  </testsuite>
</testsuites>
