<?xml version="1.0" encoding="UTF-8"?>
<testsuites>
  <testsuite name="ahr_estimation" timestamp="2023-02-14T12:53:23Z" hostname="b739deb55288" tests="1" skipped="0" failures="0" errors="0" time="0.038">
    <testcase time="0.0379999999999998" classname="ahr_estimation" name="ahr_estimation_outputs_the_right_element"/>
  </testsuite>
  <testsuite name="elastic_net" timestamp="2023-02-14T12:53:23Z" hostname="b739deb55288" tests="2" skipped="0" failures="0" errors="0" time="0.512">
    <testcase time="0.37" classname="elastic_net" name="elastic_net_outputs_the_right_elements_for_survival"/>
    <testcase time="0.142" classname="elastic_net" name="elastic_net_outputs_the_right_elements_for_binary"/>
  </testsuite>
  <testsuite name="generate_stacked_data" timestamp="2023-02-14T12:53:24Z" hostname="b739deb55288" tests="5" skipped="0" failures="0" errors="0" time="0.325">
    <testcase time="0.104" classname="generate_stacked_data" name="generate_stacked_data_outputs_the_right_element_for_survival"/>
    <testcase time="0.0549999999999997" classname="generate_stacked_data" name="generate_stacked_data_outputs_the_right_element_for_survival"/>
    <testcase time="0.0490000000000004" classname="generate_stacked_data" name="generate_stacked_data_outputs_the_right_element_for_survival"/>
    <testcase time="0.0529999999999999" classname="generate_stacked_data" name="generate_stacked_data_outputs_the_right_element_for_survival"/>
    <testcase time="0.0640000000000001" classname="generate_stacked_data" name="generate_stacked_data_outputs_the_right_element_for_binary"/>
  </testsuite>
  <testsuite name="hello" timestamp="2023-02-14T12:53:24Z" hostname="b739deb55288" tests="1" skipped="0" failures="0" errors="0" time="0.005">
    <testcase time="0.00499999999999989" classname="hello" name="hello_greets_the_entity"/>
  </testsuite>
  <testsuite name="horseshoe" timestamp="2023-02-14T12:53:24Z" hostname="b739deb55288" tests="2" skipped="0" failures="0" errors="0" time="257.257">
    <testcase time="163.901" classname="horseshoe" name="horseshoe_outputs_the_right_elements_for_survival"/>
    <testcase time="93.356" classname="horseshoe" name="horseshoe_outputs_the_right_elements_for_binary"/>
  </testsuite>
  <testsuite name="lOR_estimation" timestamp="2023-02-14T12:57:42Z" hostname="b739deb55288" tests="1" skipped="0" failures="0" errors="0" time="0.006">
    <testcase time="0.00600000000002865" classname="lOR_estimation" name="lor_estimation_outputs_the_right_element"/>
  </testsuite>
  <testsuite name="naive" timestamp="2023-02-14T12:57:42Z" hostname="b739deb55288" tests="2" skipped="0" failures="0" errors="0" time="0.328">
    <testcase time="0.154999999999973" classname="naive" name="naive_outputs_the_right_elements_for_survival"/>
    <testcase time="0.173000000000002" classname="naive" name="naive_outputs_the_right_elements_for_binary"/>
  </testsuite>
  <testsuite name="naivepop" timestamp="2023-02-14T12:57:42Z" hostname="b739deb55288" tests="2" skipped="0" failures="0" errors="0" time="0.02">
    <testcase time="0.01400000000001" classname="naivepop" name="naivepop_produces_expected_coefficients_of_the_model"/>
    <testcase time="0.00600000000002865" classname="naivepop" name="naivepop_outputs_the_right_elements"/>
  </testsuite>
  <testsuite name="preprocess" timestamp="2023-02-14T12:57:42Z" hostname="b739deb55288" tests="1" skipped="0" failures="0" errors="0" time="0.012">
    <testcase time="0.0119999999999436" classname="preprocess" name="preprocess_outputs_the_right_elements"/>
  </testsuite>
  <testsuite name="print" timestamp="2023-02-14T12:57:42Z" hostname="b739deb55288" tests="1" skipped="0" failures="0" errors="0" time="3.308">
    <testcase time="3.30800000000005" classname="print" name="print.summary.horseshoe_outputs_the_right_element"/>
  </testsuite>
  <testsuite name="subgroups" timestamp="2023-02-14T12:57:45Z" hostname="b739deb55288" tests="2" skipped="0" failures="0" errors="0" time="0.43">
    <testcase time="0.416999999999973" classname="subgroups" name="subgroups_outputs_the_right_element_for_survival"/>
    <testcase time="0.0130000000000337" classname="subgroups" name="subgroups_outputs_the_right_element_for_binary"/>
  </testsuite>
  <testsuite name="summary" timestamp="2023-02-14T12:57:46Z" hostname="b739deb55288" tests="8" skipped="0" failures="0" errors="0" time="28.848">
    <testcase time="0.00699999999994816" classname="summary" name="summary_outputs_the_right_element_for_naivepop_survival"/>
    <testcase time="0.00200000000000955" classname="summary" name="summary_outputs_the_right_element_for_naivepop_binary"/>
    <testcase time="0.0029999999999859" classname="summary" name="summary_outputs_the_right_element_for_naive_survival"/>
    <testcase time="0.00200000000000955" classname="summary" name="summary_outputs_the_right_element_for_naive_binary"/>
    <testcase time="0.398000000000025" classname="summary" name="summary_outputs_the_right_element_for_elastic_net_survival"/>
    <testcase time="0.021000000000015" classname="summary" name="summary_outputs_the_right_element_for_elastic_net_binary"/>
    <testcase time="25.189" classname="summary" name="summary_outputs_the_right_element_for_horseshoe_survival"/>
    <testcase time="3.226" classname="summary" name="summary_outputs_the_right_element_for_horseshoe_binary"/>
  </testsuite>
  <testsuite name="surv_prob" timestamp="2023-02-14T12:58:14Z" hostname="b739deb55288" tests="1" skipped="0" failures="0" errors="0" time="0.005">
    <testcase time="0.00499999999999545" classname="surv_prob" name="surv_prob_outputs_the_right_element"/>
  </testsuite>
  <testsuite name="survival_curves" timestamp="2023-02-14T12:58:14Z" hostname="b739deb55288" tests="1" skipped="0" failures="0" errors="0" time="0.004">
    <testcase time="0.00399999999996226" classname="survival_curves" name="survival_curves_outputs_the_right_element"/>
  </testsuite>
  <testsuite name="test" timestamp="2023-02-14T12:58:14Z" hostname="b739deb55288" tests="1" skipped="0" failures="0" errors="0" time="0.005">
    <testcase time="0.0050000000000523" classname="test" name="test_works_as_expected"/>
  </testsuite>
  <testsuite name="trt_horseshoe" timestamp="2023-02-14T12:58:14Z" hostname="b739deb55288" tests="2" skipped="0" failures="0" errors="0" time="14.058">
    <testcase time="12.101" classname="trt_horseshoe" name="trt_horseshoe_outputs_the_right_element_for_survival"/>
    <testcase time="1.95699999999999" classname="trt_horseshoe" name="trt_horseshoe_outputs_the_right_element_for_binary"/>
  </testsuite>
</testsuites>
