<?xml version="1.0" encoding="UTF-8"?>
<testsuites>
  <testsuite name="ahr_estimation" timestamp="2023-02-13T19:22:15Z" hostname="2df9946dccb0" tests="1" skipped="0" failures="0" errors="0" time="0.052">
    <testcase time="0.052" classname="ahr_estimation" name="ahr_estimation_outputs_the_right_element"/>
  </testsuite>
  <testsuite name="elastic_net" timestamp="2023-02-13T19:22:15Z" hostname="2df9946dccb0" tests="2" skipped="0" failures="0" errors="0" time="0.507">
    <testcase time="0.365" classname="elastic_net" name="elastic_net_outputs_the_right_elements_for_survival"/>
    <testcase time="0.142" classname="elastic_net" name="elastic_net_outputs_the_right_elements_for_binary"/>
  </testsuite>
  <testsuite name="generate_stacked_data" timestamp="2023-02-13T19:22:15Z" hostname="2df9946dccb0" tests="5" skipped="0" failures="0" errors="0" time="0.311">
    <testcase time="0.0980000000000003" classname="generate_stacked_data" name="generate_stacked_data_outputs_the_right_element_for_survival"/>
    <testcase time="0.048" classname="generate_stacked_data" name="generate_stacked_data_outputs_the_right_element_for_survival"/>
    <testcase time="0.0489999999999999" classname="generate_stacked_data" name="generate_stacked_data_outputs_the_right_element_for_survival"/>
    <testcase time="0.0529999999999999" classname="generate_stacked_data" name="generate_stacked_data_outputs_the_right_element_for_survival"/>
    <testcase time="0.0630000000000002" classname="generate_stacked_data" name="generate_stacked_data_outputs_the_right_element_for_binary"/>
  </testsuite>
  <testsuite name="hello" timestamp="2023-02-13T19:22:16Z" hostname="2df9946dccb0" tests="1" skipped="0" failures="0" errors="0" time="0.006">
    <testcase time="0.00599999999999934" classname="hello" name="hello_greets_the_entity"/>
  </testsuite>
  <testsuite name="horseshoe" timestamp="2023-02-13T19:22:16Z" hostname="2df9946dccb0" tests="2" skipped="0" failures="0" errors="0" time="256.22">
    <testcase time="162.752" classname="horseshoe" name="horseshoe_outputs_the_right_elements_for_survival"/>
    <testcase time="93.468" classname="horseshoe" name="horseshoe_outputs_the_right_elements_for_binary"/>
  </testsuite>
  <testsuite name="lOR_estimation" timestamp="2023-02-13T19:26:32Z" hostname="2df9946dccb0" tests="1" skipped="0" failures="0" errors="0" time="0.006">
    <testcase time="0.00599999999997181" classname="lOR_estimation" name="lor_estimation_outputs_the_right_element"/>
  </testsuite>
  <testsuite name="naive" timestamp="2023-02-13T19:26:32Z" hostname="2df9946dccb0" tests="2" skipped="0" failures="0" errors="0" time="0.326">
    <testcase time="0.15300000000002" classname="naive" name="naive_outputs_the_right_elements_for_survival"/>
    <testcase time="0.173000000000002" classname="naive" name="naive_outputs_the_right_elements_for_binary"/>
  </testsuite>
  <testsuite name="naivepop" timestamp="2023-02-13T19:26:32Z" hostname="2df9946dccb0" tests="2" skipped="0" failures="0" errors="0" time="0.02">
    <testcase time="0.0139999999999532" classname="naivepop" name="naivepop_produces_expected_coefficients_of_the_model"/>
    <testcase time="0.00600000000002865" classname="naivepop" name="naivepop_outputs_the_right_elements"/>
  </testsuite>
  <testsuite name="preprocess" timestamp="2023-02-13T19:26:32Z" hostname="2df9946dccb0" tests="1" skipped="0" failures="0" errors="0" time="0.012">
    <testcase time="0.0120000000000005" classname="preprocess" name="preprocess_outputs_the_right_elements"/>
  </testsuite>
  <testsuite name="print" timestamp="2023-02-13T19:26:32Z" hostname="2df9946dccb0" tests="1" skipped="0" failures="0" errors="0" time="3.363">
    <testcase time="3.363" classname="print" name="print.summary.horseshoe_outputs_the_right_element"/>
  </testsuite>
  <testsuite name="subgroups" timestamp="2023-02-13T19:26:36Z" hostname="2df9946dccb0" tests="2" skipped="0" failures="0" errors="0" time="0.512">
    <testcase time="0.49799999999999" classname="subgroups" name="subgroups_outputs_the_right_element_for_survival"/>
    <testcase time="0.01400000000001" classname="subgroups" name="subgroups_outputs_the_right_element_for_binary"/>
  </testsuite>
  <testsuite name="summary" timestamp="2023-02-13T19:26:36Z" hostname="2df9946dccb0" tests="8" skipped="0" failures="0" errors="0" time="29.496">
    <testcase time="0.00599999999997181" classname="summary" name="summary_outputs_the_right_element_for_naivepop_survival"/>
    <testcase time="0.00200000000000955" classname="summary" name="summary_outputs_the_right_element_for_naivepop_binary"/>
    <testcase time="0.00300000000004275" classname="summary" name="summary_outputs_the_right_element_for_naive_survival"/>
    <testcase time="0.0029999999999859" classname="summary" name="summary_outputs_the_right_element_for_naive_binary"/>
    <testcase time="0.478999999999985" classname="summary" name="summary_outputs_the_right_element_for_elastic_net_survival"/>
    <testcase time="0.0160000000000196" classname="summary" name="summary_outputs_the_right_element_for_elastic_net_binary"/>
    <testcase time="25.484" classname="summary" name="summary_outputs_the_right_element_for_horseshoe_survival"/>
    <testcase time="3.50299999999999" classname="summary" name="summary_outputs_the_right_element_for_horseshoe_binary"/>
  </testsuite>
  <testsuite name="surv_prob" timestamp="2023-02-13T19:27:06Z" hostname="2df9946dccb0" tests="1" skipped="0" failures="0" errors="0" time="0.006">
    <testcase time="0.00600000000002865" classname="surv_prob" name="surv_prob_outputs_the_right_element"/>
  </testsuite>
  <testsuite name="survival_curves" timestamp="2023-02-13T19:27:06Z" hostname="2df9946dccb0" tests="1" skipped="0" failures="0" errors="0" time="0.005">
    <testcase time="0.00499999999999545" classname="survival_curves" name="survival_curves_outputs_the_right_element"/>
  </testsuite>
  <testsuite name="test" timestamp="2023-02-13T19:27:06Z" hostname="2df9946dccb0" tests="1" skipped="0" failures="0" errors="0" time="0.004">
    <testcase time="0.0040000000000191" classname="test" name="test_works_as_expected"/>
  </testsuite>
  <testsuite name="trt_horseshoe" timestamp="2023-02-13T19:27:06Z" hostname="2df9946dccb0" tests="2" skipped="0" failures="0" errors="0" time="15.803">
    <testcase time="13.683" classname="trt_horseshoe" name="trt_horseshoe_outputs_the_right_element_for_survival"/>
    <testcase time="2.12" classname="trt_horseshoe" name="trt_horseshoe_outputs_the_right_element_for_binary"/>
  </testsuite>
</testsuites>
