<?xml version="1.0" encoding="UTF-8"?>
<testsuites>
  <testsuite name="elastic_net" timestamp="2023-02-08T13:17:04Z" hostname="dcb53b8ba36f" tests="2" skipped="0" failures="0" errors="0" time="0.51">
    <testcase time="0.365" classname="elastic_net" name="Elastic_net_outputs_the_right_elements_for_survival"/>
    <testcase time="0.145" classname="elastic_net" name="Elastic_net_outputs_the_right_elements_for_binary"/>
  </testsuite>
  <testsuite name="generate_stacked_data" timestamp="2023-02-08T13:17:04Z" hostname="dcb53b8ba36f" tests="5" skipped="0" failures="0" errors="0" time="0.326">
    <testcase time="0.111" classname="generate_stacked_data" name="Generate_stacked_data_outputs_the_right_element_for_survival"/>
    <testcase time="0.0499999999999998" classname="generate_stacked_data" name="Generate_stacked_data_outputs_the_right_element_for_survival"/>
    <testcase time="0.048" classname="generate_stacked_data" name="Generate_stacked_data_outputs_the_right_element_for_survival"/>
    <testcase time="0.056" classname="generate_stacked_data" name="Generate_stacked_data_outputs_the_right_element_for_survival"/>
    <testcase time="0.0609999999999999" classname="generate_stacked_data" name="Generate_stacked_data_outputs_the_right_element_for_binary"/>
  </testsuite>
  <testsuite name="hello" timestamp="2023-02-08T13:17:05Z" hostname="dcb53b8ba36f" tests="1" skipped="0" failures="0" errors="0" time="0.024">
    <testcase time="0.024" classname="hello" name="hello_greets_the_entity"/>
  </testsuite>
  <testsuite name="horseshoe" timestamp="2023-02-08T13:17:05Z" hostname="dcb53b8ba36f" tests="2" skipped="0" failures="0" errors="0" time="260.495">
    <testcase time="165.775" classname="horseshoe" name="Horseshoe_outputs_the_right_elements_for_survival"/>
    <testcase time="94.72" classname="horseshoe" name="Horseshoe_outputs_the_right_elements_for_binary"/>
  </testsuite>
  <testsuite name="lOR_estimation" timestamp="2023-02-08T13:21:25Z" hostname="dcb53b8ba36f" tests="1" skipped="0" failures="0" errors="0" time="0.006">
    <testcase time="0.00600000000002865" classname="lOR_estimation" name="lor_estimation_outputs_the_right_element"/>
  </testsuite>
  <testsuite name="naive" timestamp="2023-02-08T13:21:25Z" hostname="dcb53b8ba36f" tests="2" skipped="0" failures="0" errors="0" time="0.337">
    <testcase time="0.161999999999978" classname="naive" name="Naive_outputs_the_right_elements_for_survival"/>
    <testcase time="0.175000000000011" classname="naive" name="Naive_outputs_the_right_elements_for_binary"/>
  </testsuite>
  <testsuite name="naivepop" timestamp="2023-02-08T13:21:25Z" hostname="dcb53b8ba36f" tests="2" skipped="0" failures="0" errors="0" time="0.021">
    <testcase time="0.0149999999999864" classname="naivepop" name="Naivepop_produces_expected_coefficients_of_the_model"/>
    <testcase time="0.00600000000002865" classname="naivepop" name="Naivepop_outputs_the_right_elements"/>
  </testsuite>
  <testsuite name="preprocess" timestamp="2023-02-08T13:21:26Z" hostname="dcb53b8ba36f" tests="1" skipped="0" failures="0" errors="0" time="0.012">
    <testcase time="0.0120000000000005" classname="preprocess" name="Preprocess_outputs_the_right_elements"/>
  </testsuite>
  <testsuite name="summary" timestamp="2023-02-08T13:21:26Z" hostname="dcb53b8ba36f" tests="4" skipped="0" failures="0" errors="0" time="0.014">
    <testcase time="0.00599999999997181" classname="summary" name="Summary_outputs_the_right_element_for_naivepop_survival"/>
    <testcase time="0.00200000000000955" classname="summary" name="Summary_outputs_the_right_element_for_naivepop_binary"/>
    <testcase time="0.0029999999999859" classname="summary" name="Summary_outputs_the_right_element_for_naive_survival"/>
    <testcase time="0.00300000000004275" classname="summary" name="Summary_outputs_the_right_element_for_naive_binary"/>
  </testsuite>
  <testsuite name="surv_prob" timestamp="2023-02-08T13:21:26Z" hostname="dcb53b8ba36f" tests="1" skipped="0" failures="0" errors="0" time="0.006">
    <testcase time="0.00599999999997181" classname="surv_prob" name="Surv_prob_outputs_the_right_element"/>
  </testsuite>
  <testsuite name="test" timestamp="2023-02-08T13:21:26Z" hostname="dcb53b8ba36f" tests="1" skipped="0" failures="0" errors="0" time="0.005">
    <testcase time="0.00499999999999545" classname="test" name="test_works_as_expected"/>
  </testsuite>
</testsuites>
