<?xml version="1.0" encoding="UTF-8"?>
<testsuites>
  <testsuite name="elastic_net" timestamp="2023-02-08T16:09:02Z" hostname="729b670b3410" tests="2" skipped="0" failures="0" errors="0" time="0.692">
    <testcase time="0.473" classname="elastic_net" name="Elastic_net_outputs_the_right_elements_for_survival"/>
    <testcase time="0.219" classname="elastic_net" name="Elastic_net_outputs_the_right_elements_for_binary"/>
  </testsuite>
  <testsuite name="generate_stacked_data" timestamp="2023-02-08T16:09:03Z" hostname="729b670b3410" tests="5" skipped="0" failures="0" errors="0" time="0.467">
    <testcase time="0.159" classname="generate_stacked_data" name="Generate_stacked_data_outputs_the_right_element_for_survival"/>
    <testcase time="0.0720000000000001" classname="generate_stacked_data" name="Generate_stacked_data_outputs_the_right_element_for_survival"/>
    <testcase time="0.069" classname="generate_stacked_data" name="Generate_stacked_data_outputs_the_right_element_for_survival"/>
    <testcase time="0.0780000000000003" classname="generate_stacked_data" name="Generate_stacked_data_outputs_the_right_element_for_survival"/>
    <testcase time="0.0889999999999995" classname="generate_stacked_data" name="Generate_stacked_data_outputs_the_right_element_for_binary"/>
  </testsuite>
  <testsuite name="hello" timestamp="2023-02-08T16:09:03Z" hostname="729b670b3410" tests="1" skipped="0" failures="0" errors="0" time="0.035">
    <testcase time="0.0350000000000001" classname="hello" name="hello_greets_the_entity"/>
  </testsuite>
  <testsuite name="horseshoe" timestamp="2023-02-08T16:09:03Z" hostname="729b670b3410" tests="2" skipped="0" failures="0" errors="0" time="334.896">
    <testcase time="213.677" classname="horseshoe" name="Horseshoe_outputs_the_right_elements_for_survival"/>
    <testcase time="121.219" classname="horseshoe" name="Horseshoe_outputs_the_right_elements_for_binary"/>
  </testsuite>
  <testsuite name="lOR_estimation" timestamp="2023-02-08T16:14:38Z" hostname="729b670b3410" tests="1" skipped="0" failures="0" errors="0" time="0.008">
    <testcase time="0.00799999999998136" classname="lOR_estimation" name="lor_estimation_outputs_the_right_element"/>
  </testsuite>
  <testsuite name="naive" timestamp="2023-02-08T16:14:38Z" hostname="729b670b3410" tests="2" skipped="0" failures="0" errors="0" time="0.499">
    <testcase time="0.232000000000028" classname="naive" name="Naive_outputs_the_right_elements_for_survival"/>
    <testcase time="0.266999999999996" classname="naive" name="Naive_outputs_the_right_elements_for_binary"/>
  </testsuite>
  <testsuite name="naivepop" timestamp="2023-02-08T16:14:39Z" hostname="729b670b3410" tests="2" skipped="0" failures="0" errors="0" time="0.029">
    <testcase time="0.0199999999999818" classname="naivepop" name="Naivepop_produces_expected_coefficients_of_the_model"/>
    <testcase time="0.00900000000001455" classname="naivepop" name="Naivepop_outputs_the_right_elements"/>
  </testsuite>
  <testsuite name="preprocess" timestamp="2023-02-08T16:14:39Z" hostname="729b670b3410" tests="1" skipped="0" failures="0" errors="0" time="0.018">
    <testcase time="0.0179999999999723" classname="preprocess" name="Preprocess_outputs_the_right_elements"/>
  </testsuite>
  <testsuite name="summary" timestamp="2023-02-08T16:14:39Z" hostname="729b670b3410" tests="4" skipped="0" failures="0" errors="0" time="0.019">
    <testcase time="0.0080000000000382" classname="summary" name="Summary_outputs_the_right_element_for_naivepop_survival"/>
    <testcase time="0.0029999999999859" classname="summary" name="Summary_outputs_the_right_element_for_naivepop_binary"/>
    <testcase time="0.0040000000000191" classname="summary" name="Summary_outputs_the_right_element_for_naive_survival"/>
    <testcase time="0.00399999999996226" classname="summary" name="Summary_outputs_the_right_element_for_naive_binary"/>
  </testsuite>
  <testsuite name="surv_prob" timestamp="2023-02-08T16:14:39Z" hostname="729b670b3410" tests="1" skipped="0" failures="0" errors="0" time="0.008">
    <testcase time="0.0080000000000382" classname="surv_prob" name="Surv_prob_outputs_the_right_element"/>
  </testsuite>
  <testsuite name="survival_curves" timestamp="2023-02-08T16:14:39Z" hostname="729b670b3410" tests="1" skipped="0" failures="0" errors="0" time="0.007">
    <testcase time="0.007000000000005" classname="survival_curves" name="Survival_curves_outputs_the_right_element"/>
  </testsuite>
  <testsuite name="test" timestamp="2023-02-08T16:14:39Z" hostname="729b670b3410" tests="1" skipped="0" failures="0" errors="0" time="0.007">
    <testcase time="0.007000000000005" classname="test" name="test_works_as_expected"/>
  </testsuite>
</testsuites>
