<?xml version="1.0" encoding="UTF-8"?>
<testsuites>
  <testsuite name="ahr_estimation" timestamp="2023-02-15T14:26:39Z" hostname="2c8f722d1122" tests="1" skipped="0" failures="0" errors="0" time="0.039">
    <testcase time="0.0390000000000006" classname="ahr_estimation" name="ahr_estimation_outputs_the_right_element"/>
  </testsuite>
  <testsuite name="elastic_net" timestamp="2023-02-15T14:26:39Z" hostname="2c8f722d1122" tests="2" skipped="0" failures="0" errors="0" time="0.761">
    <testcase time="0.449" classname="elastic_net" name="elastic_net_outputs_the_right_elements_for_survival"/>
    <testcase time="0.312" classname="elastic_net" name="elastic_net_outputs_the_right_elements_for_binary"/>
  </testsuite>
  <testsuite name="generate_stacked_data" timestamp="2023-02-15T14:26:40Z" hostname="2c8f722d1122" tests="5" skipped="0" failures="0" errors="0" time="0.483">
    <testcase time="0.154" classname="generate_stacked_data" name="generate_stacked_data_outputs_the_right_element_for_survival"/>
    <testcase time="0.0739999999999998" classname="generate_stacked_data" name="generate_stacked_data_outputs_the_right_element_for_survival"/>
    <testcase time="0.0720000000000001" classname="generate_stacked_data" name="generate_stacked_data_outputs_the_right_element_for_survival"/>
    <testcase time="0.0830000000000002" classname="generate_stacked_data" name="generate_stacked_data_outputs_the_right_element_for_survival"/>
    <testcase time="0.0999999999999996" classname="generate_stacked_data" name="generate_stacked_data_outputs_the_right_element_for_binary"/>
  </testsuite>
  <testsuite name="hello" timestamp="2023-02-15T14:26:40Z" hostname="2c8f722d1122" tests="1" skipped="0" failures="0" errors="0" time="0.008">
    <testcase time="0.00800000000000001" classname="hello" name="hello_greets_the_entity"/>
  </testsuite>
  <testsuite name="horseshoe" timestamp="2023-02-15T14:26:40Z" hostname="2c8f722d1122" tests="2" skipped="0" failures="0" errors="0" time="339.714">
    <testcase time="216.488" classname="horseshoe" name="horseshoe_outputs_the_right_elements_for_survival"/>
    <testcase time="123.226" classname="horseshoe" name="horseshoe_outputs_the_right_elements_for_binary"/>
  </testsuite>
  <testsuite name="lOR_estimation" timestamp="2023-02-15T14:32:20Z" hostname="2c8f722d1122" tests="1" skipped="0" failures="0" errors="0" time="0.009">
    <testcase time="0.00899999999995771" classname="lOR_estimation" name="lor_estimation_outputs_the_right_element"/>
  </testsuite>
  <testsuite name="naive" timestamp="2023-02-15T14:32:20Z" hostname="2c8f722d1122" tests="2" skipped="0" failures="0" errors="0" time="0.498">
    <testcase time="0.232000000000028" classname="naive" name="naive_outputs_the_right_elements_for_survival"/>
    <testcase time="0.26600000000002" classname="naive" name="naive_outputs_the_right_elements_for_binary"/>
  </testsuite>
  <testsuite name="naivepop" timestamp="2023-02-15T14:32:20Z" hostname="2c8f722d1122" tests="2" skipped="0" failures="0" errors="0" time="0.028">
    <testcase time="0.0190000000000055" classname="naivepop" name="naivepop_produces_expected_coefficients_of_the_model"/>
    <testcase time="0.00899999999995771" classname="naivepop" name="naivepop_outputs_the_right_elements"/>
  </testsuite>
  <testsuite name="plot" timestamp="2023-02-15T14:32:20Z" hostname="2c8f722d1122" tests="4" skipped="3" failures="0" errors="0" time="6.738">
    <testcase time="0.05600000000004" classname="plot" name="plot_works_as_expected_for_naive"/>
    <testcase time="2.01499999999999" classname="plot" name="plot_works_as_expected_for_naive">
      <skipped message="Reason: On CRAN ('test-plot.R:3')"/>
    </testcase>
    <testcase time="1.70300000000003" classname="plot" name="plot_works_as_expected_for_elastic_net">
      <skipped message="Reason: On CRAN ('test-plot.R:8')"/>
    </testcase>
    <testcase time="2.964" classname="plot" name="plot_works_as_expected_for_horseshoe">
      <skipped message="Reason: On CRAN ('test-plot.R:13')"/>
    </testcase>
  </testsuite>
  <testsuite name="preprocess" timestamp="2023-02-15T14:32:27Z" hostname="2c8f722d1122" tests="1" skipped="0" failures="0" errors="0" time="0.03">
    <testcase time="0.0299999999999727" classname="preprocess" name="preprocess_outputs_the_right_elements"/>
  </testsuite>
  <testsuite name="print" timestamp="2023-02-15T14:32:27Z" hostname="2c8f722d1122" tests="4" skipped="0" failures="0" errors="0" time="6.107">
    <testcase time="0.0080000000000382" classname="print" name="print_outputs_the_right_element_for_naivepop"/>
    <testcase time="0.00599999999997181" classname="print" name="print_outputs_the_right_element_for_naive"/>
    <testcase time="0.0400000000000205" classname="print" name="print_outputs_the_right_element_for_elastic_net"/>
    <testcase time="6.053" classname="print" name="print_outputs_the_right_element_for_horseshoe"/>
  </testsuite>
  <testsuite name="subgroups" timestamp="2023-02-15T14:32:33Z" hostname="2c8f722d1122" tests="2" skipped="0" failures="0" errors="0" time="0.215">
    <testcase time="0.187999999999988" classname="subgroups" name="subgroups_outputs_the_right_element_for_survival"/>
    <testcase time="0.0269999999999868" classname="subgroups" name="subgroups_outputs_the_right_element_for_binary"/>
  </testsuite>
  <testsuite name="summary" timestamp="2023-02-15T14:32:33Z" hostname="2c8f722d1122" tests="8" skipped="0" failures="0" errors="0" time="44.099">
    <testcase time="0.00900000000001455" classname="summary" name="summary_outputs_the_right_element_for_naivepop_survival"/>
    <testcase time="0.00200000000000955" classname="summary" name="summary_outputs_the_right_element_for_naivepop_binary"/>
    <testcase time="0.00499999999999545" classname="summary" name="summary_outputs_the_right_element_for_naive_survival"/>
    <testcase time="0.00399999999996226" classname="summary" name="summary_outputs_the_right_element_for_naive_binary"/>
    <testcase time="0.330000000000041" classname="summary" name="summary_outputs_the_right_element_for_elastic_net_survival"/>
    <testcase time="0.0260000000000105" classname="summary" name="summary_outputs_the_right_element_for_elastic_net_binary"/>
    <testcase time="38.527" classname="summary" name="summary_outputs_the_right_element_for_horseshoe_survival"/>
    <testcase time="5.19599999999997" classname="summary" name="summary_outputs_the_right_element_for_horseshoe_binary"/>
  </testsuite>
  <testsuite name="surv_prob" timestamp="2023-02-15T14:33:17Z" hostname="2c8f722d1122" tests="1" skipped="0" failures="0" errors="0" time="0.008">
    <testcase time="0.0080000000000382" classname="surv_prob" name="surv_prob_outputs_the_right_element"/>
  </testsuite>
  <testsuite name="survival_curves" timestamp="2023-02-15T14:33:17Z" hostname="2c8f722d1122" tests="1" skipped="0" failures="0" errors="0" time="0.006">
    <testcase time="0.00599999999997181" classname="survival_curves" name="survival_curves_outputs_the_right_element"/>
  </testsuite>
  <testsuite name="test" timestamp="2023-02-15T14:33:17Z" hostname="2c8f722d1122" tests="1" skipped="0" failures="0" errors="0" time="0.007">
    <testcase time="0.007000000000005" classname="test" name="test_works_as_expected"/>
  </testsuite>
  <testsuite name="trt_horseshoe" timestamp="2023-02-15T14:33:17Z" hostname="2c8f722d1122" tests="2" skipped="0" failures="0" errors="0" time="22.81">
    <testcase time="19.863" classname="trt_horseshoe" name="trt_horseshoe_outputs_the_right_element_for_survival"/>
    <testcase time="2.947" classname="trt_horseshoe" name="trt_horseshoe_outputs_the_right_element_for_binary"/>
  </testsuite>
</testsuites>
