<?xml version="1.0" encoding="UTF-8"?>
<testsuites>
  <testsuite name="ahr_estimation" timestamp="2023-02-10T14:07:48Z" hostname="c6de9d0da482" tests="1" skipped="0" failures="0" errors="0" time="0.036">
    <testcase time="0.036" classname="ahr_estimation" name="ahr_estimation_outputs_the_right_element"/>
  </testsuite>
  <testsuite name="elastic_net" timestamp="2023-02-10T14:07:48Z" hostname="c6de9d0da482" tests="2" skipped="0" failures="0" errors="0" time="0.626">
    <testcase time="0.451" classname="elastic_net" name="elastic_net_outputs_the_right_elements_for_survival"/>
    <testcase time="0.175" classname="elastic_net" name="elastic_net_outputs_the_right_elements_for_binary"/>
  </testsuite>
  <testsuite name="generate_stacked_data" timestamp="2023-02-10T14:07:49Z" hostname="c6de9d0da482" tests="5" skipped="0" failures="0" errors="0" time="0.375">
    <testcase time="0.117" classname="generate_stacked_data" name="generate_stacked_data_outputs_the_right_element_for_survival"/>
    <testcase time="0.0570000000000004" classname="generate_stacked_data" name="generate_stacked_data_outputs_the_right_element_for_survival"/>
    <testcase time="0.0569999999999995" classname="generate_stacked_data" name="generate_stacked_data_outputs_the_right_element_for_survival"/>
    <testcase time="0.0630000000000006" classname="generate_stacked_data" name="generate_stacked_data_outputs_the_right_element_for_survival"/>
    <testcase time="0.0809999999999995" classname="generate_stacked_data" name="generate_stacked_data_outputs_the_right_element_for_binary"/>
  </testsuite>
  <testsuite name="hello" timestamp="2023-02-10T14:07:49Z" hostname="c6de9d0da482" tests="1" skipped="0" failures="0" errors="0" time="0.007">
    <testcase time="0.00700000000000056" classname="hello" name="hello_greets_the_entity"/>
  </testsuite>
  <testsuite name="horseshoe" timestamp="2023-02-10T14:07:49Z" hostname="c6de9d0da482" tests="2" skipped="0" failures="0" errors="0" time="271.655">
    <testcase time="172.9" classname="horseshoe" name="horseshoe_outputs_the_right_elements_for_survival"/>
    <testcase time="98.755" classname="horseshoe" name="horseshoe_outputs_the_right_elements_for_binary"/>
  </testsuite>
  <testsuite name="lOR_estimation" timestamp="2023-02-10T14:12:21Z" hostname="c6de9d0da482" tests="1" skipped="0" failures="0" errors="0" time="0.007">
    <testcase time="0.00699999999994816" classname="lOR_estimation" name="lor_estimation_outputs_the_right_element"/>
  </testsuite>
  <testsuite name="naive" timestamp="2023-02-10T14:12:21Z" hostname="c6de9d0da482" tests="2" skipped="0" failures="0" errors="0" time="0.394">
    <testcase time="0.18300000000005" classname="naive" name="naive_outputs_the_right_elements_for_survival"/>
    <testcase time="0.210999999999956" classname="naive" name="naive_outputs_the_right_elements_for_binary"/>
  </testsuite>
  <testsuite name="naivepop" timestamp="2023-02-10T14:12:21Z" hostname="c6de9d0da482" tests="2" skipped="0" failures="0" errors="0" time="0.022">
    <testcase time="0.0149999999999864" classname="naivepop" name="naivepop_produces_expected_coefficients_of_the_model"/>
    <testcase time="0.007000000000005" classname="naivepop" name="naivepop_outputs_the_right_elements"/>
  </testsuite>
  <testsuite name="preprocess" timestamp="2023-02-10T14:12:21Z" hostname="c6de9d0da482" tests="1" skipped="0" failures="0" errors="0" time="0.013">
    <testcase time="0.0129999999999768" classname="preprocess" name="preprocess_outputs_the_right_elements"/>
  </testsuite>
  <testsuite name="subgroups" timestamp="2023-02-10T14:12:21Z" hostname="c6de9d0da482" tests="2" skipped="0" failures="0" errors="0" time="0.211">
    <testcase time="0.19300000000004" classname="subgroups" name="subgroups_outputs_the_right_element_for_survival"/>
    <testcase time="0.0179999999999723" classname="subgroups" name="subgroups_outputs_the_right_element_for_binary"/>
  </testsuite>
  <testsuite name="summary" timestamp="2023-02-10T14:12:21Z" hostname="c6de9d0da482" tests="6" skipped="0" failures="0" errors="0" time="0.255">
    <testcase time="0.007000000000005" classname="summary" name="summary_outputs_the_right_element_for_naivepop_survival"/>
    <testcase time="0.0029999999999859" classname="summary" name="summary_outputs_the_right_element_for_naivepop_binary"/>
    <testcase time="0.00300000000004275" classname="summary" name="summary_outputs_the_right_element_for_naive_survival"/>
    <testcase time="0.0029999999999859" classname="summary" name="summary_outputs_the_right_element_for_naive_binary"/>
    <testcase time="0.216999999999985" classname="summary" name="summary_outputs_the_right_element_for_elastic_net_survival"/>
    <testcase time="0.0219999999999914" classname="summary" name="summary_outputs_the_right_element_for_elastic_net_binary"/>
  </testsuite>
  <testsuite name="surv_prob" timestamp="2023-02-10T14:12:22Z" hostname="c6de9d0da482" tests="1" skipped="0" failures="0" errors="0" time="0.006">
    <testcase time="0.00600000000002865" classname="surv_prob" name="surv_prob_outputs_the_right_element"/>
  </testsuite>
  <testsuite name="survival_curves" timestamp="2023-02-10T14:12:22Z" hostname="c6de9d0da482" tests="1" skipped="0" failures="0" errors="0" time="0.006">
    <testcase time="0.00599999999997181" classname="survival_curves" name="survival_curves_outputs_the_right_element"/>
  </testsuite>
  <testsuite name="test" timestamp="2023-02-10T14:12:22Z" hostname="c6de9d0da482" tests="1" skipped="0" failures="0" errors="0" time="0.006">
    <testcase time="0.00600000000002865" classname="test" name="test_works_as_expected"/>
  </testsuite>
  <testsuite name="trt_horseshoe" timestamp="2023-02-10T14:12:22Z" hostname="c6de9d0da482" tests="2" skipped="0" failures="0" errors="0" time="85.429">
    <testcase time="79.213" classname="trt_horseshoe" name="trt_horseshoe_outputs_the_right_element_for_survival"/>
    <testcase time="6.21600000000001" classname="trt_horseshoe" name="trt_horseshoe_outputs_the_right_element_for_binary"/>
  </testsuite>
</testsuites>
