<?xml version="1.0" encoding="UTF-8"?>
<testsuites>
  <testsuite name="ahr_estimation" timestamp="2023-02-09T12:03:58Z" hostname="17d4f3e49604" tests="1" skipped="0" failures="0" errors="0" time="0.032">
    <testcase time="0.032" classname="ahr_estimation" name="ahr_estimation_outputs_the_right_element"/>
  </testsuite>
  <testsuite name="elastic_net" timestamp="2023-02-09T12:03:58Z" hostname="17d4f3e49604" tests="2" skipped="0" failures="0" errors="0" time="0.575">
    <testcase time="0.414" classname="elastic_net" name="elastic_net_outputs_the_right_elements_for_survival"/>
    <testcase time="0.161" classname="elastic_net" name="elastic_net_outputs_the_right_elements_for_binary"/>
  </testsuite>
  <testsuite name="generate_stacked_data" timestamp="2023-02-09T12:03:58Z" hostname="17d4f3e49604" tests="5" skipped="0" failures="0" errors="0" time="0.347">
    <testcase time="0.111000000000001" classname="generate_stacked_data" name="generate_stacked_data_outputs_the_right_element_for_survival"/>
    <testcase time="0.0539999999999994" classname="generate_stacked_data" name="generate_stacked_data_outputs_the_right_element_for_survival"/>
    <testcase time="0.0540000000000003" classname="generate_stacked_data" name="generate_stacked_data_outputs_the_right_element_for_survival"/>
    <testcase time="0.0570000000000004" classname="generate_stacked_data" name="generate_stacked_data_outputs_the_right_element_for_survival"/>
    <testcase time="0.0709999999999997" classname="generate_stacked_data" name="generate_stacked_data_outputs_the_right_element_for_binary"/>
  </testsuite>
  <testsuite name="hello" timestamp="2023-02-09T12:03:59Z" hostname="17d4f3e49604" tests="1" skipped="0" failures="0" errors="0" time="0.006">
    <testcase time="0.00600000000000023" classname="hello" name="hello_greets_the_entity"/>
  </testsuite>
  <testsuite name="horseshoe" timestamp="2023-02-09T12:03:59Z" hostname="17d4f3e49604" tests="2" skipped="0" failures="0" errors="0" time="269.947">
    <testcase time="169.755" classname="horseshoe" name="horseshoe_outputs_the_right_elements_for_survival"/>
    <testcase time="100.192" classname="horseshoe" name="horseshoe_outputs_the_right_elements_for_binary"/>
  </testsuite>
  <testsuite name="lOR_estimation" timestamp="2023-02-09T12:08:29Z" hostname="17d4f3e49604" tests="1" skipped="0" failures="0" errors="0" time="0.007">
    <testcase time="0.007000000000005" classname="lOR_estimation" name="lor_estimation_outputs_the_right_element"/>
  </testsuite>
  <testsuite name="naive" timestamp="2023-02-09T12:08:29Z" hostname="17d4f3e49604" tests="2" skipped="0" failures="0" errors="0" time="0.366">
    <testcase time="0.16700000000003" classname="naive" name="naive_outputs_the_right_elements_for_survival"/>
    <testcase time="0.199000000000012" classname="naive" name="naive_outputs_the_right_elements_for_binary"/>
  </testsuite>
  <testsuite name="naivepop" timestamp="2023-02-09T12:08:29Z" hostname="17d4f3e49604" tests="2" skipped="0" failures="0" errors="0" time="0.021">
    <testcase time="0.0149999999999864" classname="naivepop" name="naivepop_produces_expected_coefficients_of_the_model"/>
    <testcase time="0.00599999999997181" classname="naivepop" name="naivepop_outputs_the_right_elements"/>
  </testsuite>
  <testsuite name="preprocess" timestamp="2023-02-09T12:08:29Z" hostname="17d4f3e49604" tests="1" skipped="0" failures="0" errors="0" time="0.013">
    <testcase time="0.0130000000000337" classname="preprocess" name="preprocess_outputs_the_right_elements"/>
  </testsuite>
  <testsuite name="summary" timestamp="2023-02-09T12:08:29Z" hostname="17d4f3e49604" tests="4" skipped="0" failures="0" errors="0" time="0.014">
    <testcase time="0.00499999999999545" classname="summary" name="summary_outputs_the_right_element_for_naivepop_survival"/>
    <testcase time="0.0029999999999859" classname="summary" name="summary_outputs_the_right_element_for_naivepop_binary"/>
    <testcase time="0.0029999999999859" classname="summary" name="summary_outputs_the_right_element_for_naive_survival"/>
    <testcase time="0.00300000000004275" classname="summary" name="summary_outputs_the_right_element_for_naive_binary"/>
  </testsuite>
  <testsuite name="surv_prob" timestamp="2023-02-09T12:08:29Z" hostname="17d4f3e49604" tests="1" skipped="0" failures="0" errors="0" time="0.005">
    <testcase time="0.00499999999999545" classname="surv_prob" name="surv_prob_outputs_the_right_element"/>
  </testsuite>
  <testsuite name="survival_curves" timestamp="2023-02-09T12:08:29Z" hostname="17d4f3e49604" tests="1" skipped="0" failures="0" errors="0" time="0.005">
    <testcase time="0.00499999999999545" classname="survival_curves" name="survival_curves_outputs_the_right_element"/>
  </testsuite>
  <testsuite name="test" timestamp="2023-02-09T12:08:29Z" hostname="17d4f3e49604" tests="1" skipped="0" failures="0" errors="0" time="0.005">
    <testcase time="0.00499999999999545" classname="test" name="test_works_as_expected"/>
  </testsuite>
</testsuites>
