<?xml version="1.0" encoding="UTF-8"?>
<testsuites>
  <testsuite name="ahr_estimation" timestamp="2023-02-15T13:02:59Z" hostname="39091ec3c328" tests="1" skipped="0" failures="0" errors="0" time="0.029">
    <testcase time="0.0290000000000004" classname="ahr_estimation" name="ahr_estimation_outputs_the_right_element"/>
  </testsuite>
  <testsuite name="elastic_net" timestamp="2023-02-15T13:02:59Z" hostname="39091ec3c328" tests="2" skipped="0" failures="0" errors="0" time="0.509">
    <testcase time="0.319" classname="elastic_net" name="elastic_net_outputs_the_right_elements_for_survival"/>
    <testcase time="0.19" classname="elastic_net" name="elastic_net_outputs_the_right_elements_for_binary"/>
  </testsuite>
  <testsuite name="generate_stacked_data" timestamp="2023-02-15T13:02:59Z" hostname="39091ec3c328" tests="5" skipped="0" failures="0" errors="0" time="0.308">
    <testcase time="0.103" classname="generate_stacked_data" name="generate_stacked_data_outputs_the_right_element_for_survival"/>
    <testcase time="0.0470000000000002" classname="generate_stacked_data" name="generate_stacked_data_outputs_the_right_element_for_survival"/>
    <testcase time="0.0470000000000002" classname="generate_stacked_data" name="generate_stacked_data_outputs_the_right_element_for_survival"/>
    <testcase time="0.0499999999999998" classname="generate_stacked_data" name="generate_stacked_data_outputs_the_right_element_for_survival"/>
    <testcase time="0.0609999999999999" classname="generate_stacked_data" name="generate_stacked_data_outputs_the_right_element_for_binary"/>
  </testsuite>
  <testsuite name="hello" timestamp="2023-02-15T13:03:00Z" hostname="39091ec3c328" tests="1" skipped="0" failures="0" errors="0" time="0.005">
    <testcase time="0.00500000000000034" classname="hello" name="hello_greets_the_entity"/>
  </testsuite>
  <testsuite name="horseshoe" timestamp="2023-02-15T13:03:00Z" hostname="39091ec3c328" tests="2" skipped="0" failures="0" errors="0" time="255.17">
    <testcase time="162.418" classname="horseshoe" name="horseshoe_outputs_the_right_elements_for_survival"/>
    <testcase time="92.752" classname="horseshoe" name="horseshoe_outputs_the_right_elements_for_binary"/>
  </testsuite>
  <testsuite name="lOR_estimation" timestamp="2023-02-15T13:07:15Z" hostname="39091ec3c328" tests="1" skipped="0" failures="0" errors="0" time="0.006">
    <testcase time="0.00600000000002865" classname="lOR_estimation" name="lor_estimation_outputs_the_right_element"/>
  </testsuite>
  <testsuite name="naive" timestamp="2023-02-15T13:07:15Z" hostname="39091ec3c328" tests="2" skipped="0" failures="0" errors="0" time="0.326">
    <testcase time="0.151999999999987" classname="naive" name="naive_outputs_the_right_elements_for_survival"/>
    <testcase time="0.173999999999978" classname="naive" name="naive_outputs_the_right_elements_for_binary"/>
  </testsuite>
  <testsuite name="naivepop" timestamp="2023-02-15T13:07:15Z" hostname="39091ec3c328" tests="2" skipped="0" failures="0" errors="0" time="0.017">
    <testcase time="0.0120000000000005" classname="naivepop" name="naivepop_produces_expected_coefficients_of_the_model"/>
    <testcase time="0.00499999999999545" classname="naivepop" name="naivepop_outputs_the_right_elements"/>
  </testsuite>
  <testsuite name="preprocess" timestamp="2023-02-15T13:07:15Z" hostname="39091ec3c328" tests="1" skipped="0" failures="0" errors="0" time="0.012">
    <testcase time="0.0120000000000005" classname="preprocess" name="preprocess_outputs_the_right_elements"/>
  </testsuite>
  <testsuite name="print" timestamp="2023-02-15T13:07:15Z" hostname="39091ec3c328" tests="4" skipped="0" failures="0" errors="0" time="3.376">
    <testcase time="0.00599999999997181" classname="print" name="print.summary.naivepop_outputs_the_right_element"/>
    <testcase time="0.0040000000000191" classname="print" name="print.summary.naive_outputs_the_right_element"/>
    <testcase time="0.0159999999999627" classname="print" name="print.summary.elastic_net_outputs_the_right_element"/>
    <testcase time="3.35000000000002" classname="print" name="print.summary.horseshoe_outputs_the_right_element"/>
  </testsuite>
  <testsuite name="subgroups" timestamp="2023-02-15T13:07:19Z" hostname="39091ec3c328" tests="2" skipped="0" failures="0" errors="0" time="0.296">
    <testcase time="0.281000000000006" classname="subgroups" name="subgroups_outputs_the_right_element_for_survival"/>
    <testcase time="0.0149999999999864" classname="subgroups" name="subgroups_outputs_the_right_element_for_binary"/>
  </testsuite>
  <testsuite name="summary" timestamp="2023-02-15T13:07:19Z" hostname="39091ec3c328" tests="8" skipped="0" failures="0" errors="0" time="28.576">
    <testcase time="0.00600000000002865" classname="summary" name="summary_outputs_the_right_element_for_naivepop_survival"/>
    <testcase time="0.00199999999995271" classname="summary" name="summary_outputs_the_right_element_for_naivepop_binary"/>
    <testcase time="0.0029999999999859" classname="summary" name="summary_outputs_the_right_element_for_naive_survival"/>
    <testcase time="0.00200000000000955" classname="summary" name="summary_outputs_the_right_element_for_naive_binary"/>
    <testcase time="0.490999999999985" classname="summary" name="summary_outputs_the_right_element_for_elastic_net_survival"/>
    <testcase time="0.0260000000000105" classname="summary" name="summary_outputs_the_right_element_for_elastic_net_binary"/>
    <testcase time="24.824" classname="summary" name="summary_outputs_the_right_element_for_horseshoe_survival"/>
    <testcase time="3.22199999999998" classname="summary" name="summary_outputs_the_right_element_for_horseshoe_binary"/>
  </testsuite>
  <testsuite name="surv_prob" timestamp="2023-02-15T13:07:48Z" hostname="39091ec3c328" tests="1" skipped="0" failures="0" errors="0" time="0.005">
    <testcase time="0.00499999999999545" classname="surv_prob" name="surv_prob_outputs_the_right_element"/>
  </testsuite>
  <testsuite name="survival_curves" timestamp="2023-02-15T13:07:48Z" hostname="39091ec3c328" tests="1" skipped="0" failures="0" errors="0" time="0.005">
    <testcase time="0.00499999999999545" classname="survival_curves" name="survival_curves_outputs_the_right_element"/>
  </testsuite>
  <testsuite name="test" timestamp="2023-02-15T13:07:48Z" hostname="39091ec3c328" tests="1" skipped="0" failures="0" errors="0" time="0.005">
    <testcase time="0.00499999999999545" classname="test" name="test_works_as_expected"/>
  </testsuite>
  <testsuite name="trt_horseshoe" timestamp="2023-02-15T13:07:48Z" hostname="39091ec3c328" tests="2" skipped="0" failures="0" errors="0" time="13.892">
    <testcase time="12.265" classname="trt_horseshoe" name="trt_horseshoe_outputs_the_right_element_for_survival"/>
    <testcase time="1.62700000000001" classname="trt_horseshoe" name="trt_horseshoe_outputs_the_right_element_for_binary"/>
  </testsuite>
</testsuites>
