<?xml version="1.0" encoding="UTF-8"?>
<testsuites>
  <testsuite name="elastic_net" timestamp="2023-02-06T11:14:48Z" hostname="b83b04e8e42b" tests="2" skipped="0" failures="0" errors="0" time="0.494">
    <testcase time="0.352" classname="elastic_net" name="Elastic_net_outputs_the_right_elements_for_survival"/>
    <testcase time="0.142" classname="elastic_net" name="Elastic_net_outputs_the_right_elements_for_binary"/>
  </testsuite>
  <testsuite name="generate_stacked_data" timestamp="2023-02-06T11:14:48Z" hostname="b83b04e8e42b" tests="5" skipped="0" failures="0" errors="0" time="0.301">
    <testcase time="0.106" classname="generate_stacked_data" name="Generate_stacked_data_outputs_the_right_element_for_survival"/>
    <testcase time="0.0469999999999997" classname="generate_stacked_data" name="Generate_stacked_data_outputs_the_right_element_for_survival"/>
    <testcase time="0.0470000000000002" classname="generate_stacked_data" name="Generate_stacked_data_outputs_the_right_element_for_survival"/>
    <testcase time="0.048" classname="generate_stacked_data" name="Generate_stacked_data_outputs_the_right_element_for_survival"/>
    <testcase time="0.0529999999999999" classname="generate_stacked_data" name="Generate_stacked_data_outputs_the_right_element_for_binary"/>
  </testsuite>
  <testsuite name="hello" timestamp="2023-02-06T11:14:49Z" hostname="b83b04e8e42b" tests="1" skipped="0" failures="0" errors="0" time="0.017">
    <testcase time="0.0169999999999999" classname="hello" name="hello_greets_the_entity"/>
  </testsuite>
  <testsuite name="horseshoe" timestamp="2023-02-06T11:14:49Z" hostname="b83b04e8e42b" tests="2" skipped="0" failures="0" errors="0" time="292.17">
    <testcase time="163.615" classname="horseshoe" name="Horseshoe_outputs_the_right_elements_for_survival"/>
    <testcase time="128.555" classname="horseshoe" name="Horseshoe_outputs_the_right_elements_for_binary"/>
  </testsuite>
  <testsuite name="naive" timestamp="2023-02-06T11:19:41Z" hostname="b83b04e8e42b" tests="2" skipped="0" failures="0" errors="0" time="0.332">
    <testcase time="0.162000000000035" classname="naive" name="Naive_outputs_the_right_elements_for_survival"/>
    <testcase time="0.169999999999959" classname="naive" name="Naive_outputs_the_right_elements_for_binary"/>
  </testsuite>
  <testsuite name="naivepop" timestamp="2023-02-06T11:19:41Z" hostname="b83b04e8e42b" tests="2" skipped="0" failures="0" errors="0" time="0.023">
    <testcase time="0.0160000000000196" classname="naivepop" name="Naivepop_produces_expected_coefficients_of_the_model"/>
    <testcase time="0.007000000000005" classname="naivepop" name="Naivepop_outputs_the_right_elements"/>
  </testsuite>
  <testsuite name="preprocess" timestamp="2023-02-06T11:19:41Z" hostname="b83b04e8e42b" tests="1" skipped="0" failures="0" errors="0" time="0.011">
    <testcase time="0.0110000000000241" classname="preprocess" name="Preprocess_outputs_the_right_elements"/>
  </testsuite>
  <testsuite name="test" timestamp="2023-02-06T11:19:41Z" hostname="b83b04e8e42b" tests="1" skipped="0" failures="0" errors="0" time="0.005">
    <testcase time="0.00499999999999545" classname="test" name="test_works_as_expected"/>
  </testsuite>
</testsuites>
