<?xml version="1.0" encoding="UTF-8"?>
<testsuites>
  <testsuite name="ahr_estimation" timestamp="2024-11-29T09:56:31Z" hostname="ce210fcfe6c8" tests="5" skipped="0" failures="0" errors="0" time="0.178">
    <testcase time="0.0859999999999999" classname="ahr_estimation" name="ahr_estimation_outputs_the_right_element"/>
    <testcase time="0.0470000000000002" classname="ahr_estimation" name="km_fun_works_as_expected"/>
    <testcase time="0.00499999999999989" classname="ahr_estimation" name="km_fun_works_as_expected"/>
    <testcase time="0.0289999999999999" classname="ahr_estimation" name="ahr_from_km_works_as_expected"/>
    <testcase time="0.0110000000000001" classname="ahr_estimation" name="ahr_from_km_works_as_expected"/>
  </testsuite>
  <testsuite name="compare" timestamp="2024-11-29T09:56:31Z" hostname="ce210fcfe6c8" tests="2" skipped="0" failures="0" errors="0" time="0.076">
    <testcase time="0.0659999999999998" classname="compare" name="compare_outputs_the_right_element"/>
    <testcase time="0.0100000000000002" classname="compare" name="compare_outputs_an_error_when_there_are_less_than_two_arguments"/>
  </testsuite>
  <testsuite name="elastic_net" timestamp="2024-11-29T09:56:32Z" hostname="ce210fcfe6c8" tests="2" skipped="0" failures="0" errors="0" time="0.312">
    <testcase time="0.216" classname="elastic_net" name="elastic_net_outputs_the_right_elements_for_survival"/>
    <testcase time="0.0960000000000001" classname="elastic_net" name="elastic_net_outputs_the_right_elements_for_binary"/>
  </testsuite>
  <testsuite name="generate_stacked_data" timestamp="2024-11-29T09:56:32Z" hostname="ce210fcfe6c8" tests="2" skipped="0" failures="0" errors="0" time="0.046">
    <testcase time="0.032" classname="generate_stacked_data" name="generate_stacked_data_outputs_the_right_element_for_survival"/>
    <testcase time="0.0140000000000002" classname="generate_stacked_data" name="generate_stacked_data_outputs_the_right_element_for_binary"/>
  </testsuite>
  <testsuite name="horseshoe" timestamp="2024-11-29T09:56:32Z" hostname="ce210fcfe6c8" tests="2" skipped="1" failures="0" errors="0" time="171.203">
    <testcase time="171.198" classname="horseshoe" name="horseshoe_outputs_the_right_elements_for_survival"/>
    <testcase time="0.00499999999999545" classname="horseshoe" name="horseshoe_outputs_the_right_elements_for_binary">
      <skipped message="Reason: On CRAN ('test-horseshoe.R:60:3')"/>
    </testcase>
  </testsuite>
  <testsuite name="lOR_estimation" timestamp="2024-11-29T09:59:23Z" hostname="ce210fcfe6c8" tests="1" skipped="0" failures="0" errors="0" time="0.041">
    <testcase time="0.0409999999999968" classname="lOR_estimation" name="lor_estimation_outputs_the_right_element"/>
  </testsuite>
  <testsuite name="naive" timestamp="2024-11-29T09:59:23Z" hostname="ce210fcfe6c8" tests="2" skipped="0" failures="0" errors="0" time="0.232">
    <testcase time="0.0989999999999895" classname="naive" name="naive_outputs_the_right_elements_for_survival"/>
    <testcase time="0.13300000000001" classname="naive" name="naive_outputs_the_right_elements_for_binary"/>
  </testsuite>
  <testsuite name="naivepop" timestamp="2024-11-29T09:59:23Z" hostname="ce210fcfe6c8" tests="2" skipped="0" failures="0" errors="0" time="0.026">
    <testcase time="0.0159999999999911" classname="naivepop" name="naivepop_produces_expected_coefficients_of_the_model"/>
    <testcase time="0.0100000000000193" classname="naivepop" name="naivepop_outputs_the_right_elements"/>
  </testsuite>
  <testsuite name="plot" timestamp="2024-11-29T09:59:23Z" hostname="ce210fcfe6c8" tests="7" skipped="4" failures="0" errors="0" time="6.25">
    <testcase time="0.046999999999997" classname="plot" name="plot_works_as_expected_for_naive"/>
    <testcase time="1.48899999999998" classname="plot" name="plot_works_as_expected_for_naive">
      <skipped message="Reason: On CRAN ('test-plot.R:3:3')"/>
    </testcase>
    <testcase time="1.95100000000002" classname="plot" name="plot_works_as_expected_for_elastic_net">
      <skipped message="Reason: On CRAN ('test-plot.R:8:3')"/>
    </testcase>
    <testcase time="0.376000000000005" classname="plot" name="plot_works_as_expected_for_horseshoe"/>
    <testcase time="0.268000000000001" classname="plot" name="plot_works_as_expected_for_horseshoe">
      <skipped message="Reason: On CRAN ('test-plot.R:13:3')"/>
    </testcase>
    <testcase time="0.970999999999975" classname="plot" name="plot_works_as_expected_for_compare.data"/>
    <testcase time="1.148" classname="plot" name="plot_works_as_expected_for_compare.data">
      <skipped message="Reason: On CRAN ('test-plot.R:18:3')"/>
    </testcase>
  </testsuite>
  <testsuite name="preprocess" timestamp="2024-11-29T09:59:30Z" hostname="ce210fcfe6c8" tests="1" skipped="0" failures="0" errors="0" time="0.022">
    <testcase time="0.0220000000000198" classname="preprocess" name="preprocess_outputs_the_right_elements"/>
  </testsuite>
  <testsuite name="print" timestamp="2024-11-29T09:59:30Z" hostname="ce210fcfe6c8" tests="4" skipped="4" failures="0" errors="0" time="0.475">
    <testcase time="0.0549999999999784" classname="print" name="print_outputs_the_right_element_for_naivepop">
      <skipped message="Reason: On CRAN ('test-print.R:3:3')"/>
    </testcase>
    <testcase time="0.0180000000000007" classname="print" name="print_outputs_the_right_element_for_naive">
      <skipped message="Reason: On CRAN ('test-print.R:8:3')"/>
    </testcase>
    <testcase time="0.035000000000025" classname="print" name="print_outputs_the_right_element_for_elastic_net">
      <skipped message="Reason: On CRAN ('test-print.R:13:3')"/>
    </testcase>
    <testcase time="0.36699999999999" classname="print" name="summary_outputs_the_right_element_for_horseshoe">
      <skipped message="Reason: On CRAN ('test-print.R:18:3')"/>
    </testcase>
  </testsuite>
  <testsuite name="simulation" timestamp="2024-11-29T09:59:30Z" hostname="ce210fcfe6c8" tests="34" skipped="3" failures="0" errors="0" time="0.198">
    <testcase time="0.0240000000000009" classname="simulation" name="cut_norm_quant_works_as_expected"/>
    <testcase time="0.0029999999999859" classname="simulation" name="cut_norm_quant_works_as_expected"/>
    <testcase time="0.0190000000000055" classname="simulation" name="simul_covariates_works_as_expected_with_less_than_10_covariates"/>
    <testcase time="0.00200000000000955" classname="simulation" name="simul_covariates_works_as_expected_with_less_than_10_covariates"/>
    <testcase time="0.00799999999998136" classname="simulation" name="simul_covariates_works_as_expected_with_less_than_10_covariates">
      <skipped message="Reason: On CRAN ('test-simulation.R:16:3')"/>
    </testcase>
    <testcase time="0.0240000000000009" classname="simulation" name="simul_covariates_works_as_expected_with_more_than_10_covariates"/>
    <testcase time="0.00100000000000477" classname="simulation" name="simul_covariates_works_as_expected_with_more_than_10_covariates"/>
    <testcase time="0.00800000000000978" classname="simulation" name="simul_covariates_works_as_expected_with_more_than_10_covariates">
      <skipped message="Reason: On CRAN ('test-simulation.R:23:3')"/>
    </testcase>
    <testcase time="0.0180000000000007" classname="simulation" name="simul_covariates_works_as_expected_when_adding_continuous_covariates"/>
    <testcase time="0.00100000000000477" classname="simulation" name="simul_covariates_works_as_expected_when_adding_continuous_covariates"/>
    <testcase time="0.00999999999999091" classname="simulation" name="simul_covariates_works_as_expected_when_adding_continuous_covariates">
      <skipped message="Reason: On CRAN ('test-simulation.R:30:3')"/>
    </testcase>
    <testcase time="0.0190000000000055" classname="simulation" name="simul_covariates_optionally_returns_arm_as_factor"/>
    <testcase time="0.00100000000000477" classname="simulation" name="simul_covariates_optionally_returns_arm_as_factor"/>
    <testcase time="0.00600000000000023" classname="simulation" name="simul_pfs_works_as_expected"/>
    <testcase time="0.000999999999976353" classname="simulation" name="simul_pfs_works_as_expected"/>
    <testcase time="0.00100000000000477" classname="simulation" name="simul_pfs_works_as_expected"/>
    <testcase time="0.00100000000000477" classname="simulation" name="simul_pfs_works_as_expected"/>
    <testcase time="0.00100000000000477" classname="simulation" name="simul_pfs_works_as_expected"/>
    <testcase time="0.0029999999999859" classname="simulation" name="simul_pfs_works_as_expected"/>
    <testcase time="0.00600000000000023" classname="simulation" name="simul_pfs_adds_the_uncensored_PFS_when_requested"/>
    <testcase time="0.00100000000000477" classname="simulation" name="simul_pfs_adds_the_uncensored_PFS_when_requested"/>
    <testcase time="0.00100000000000477" classname="simulation" name="simul_pfs_adds_the_uncensored_PFS_when_requested"/>
    <testcase time="0.00100000000000477" classname="simulation" name="simul_pfs_adds_the_uncensored_PFS_when_requested"/>
    <testcase time="0.00100000000000477" classname="simulation" name="simul_pfs_adds_the_uncensored_PFS_when_requested"/>
    <testcase time="0.0029999999999859" classname="simulation" name="simul_pfs_adds_the_uncensored_PFS_when_requested"/>
    <testcase time="0.00100000000000477" classname="simulation" name="simul_pfs_adds_the_uncensored_PFS_when_requested"/>
    <testcase time="0.0029999999999859" classname="simulation" name="simul_pfs_adds_the_uncensored_PFS_when_requested"/>
    <testcase time="0.0120000000000005" classname="simulation" name="simul_data_works_as_expected"/>
    <testcase time="0.00100000000000477" classname="simulation" name="simul_data_works_as_expected"/>
    <testcase time="0.00100000000000477" classname="simulation" name="simul_data_works_as_expected"/>
    <testcase time="0.00100000000000477" classname="simulation" name="simul_data_works_as_expected"/>
    <testcase time="0.0130000000000052" classname="simulation" name="simul_data_works_as_expected_with_interactions_between_1st_and_2nd_covariate"/>
    <testcase time="0.00100000000000477" classname="simulation" name="simul_data_works_as_expected_with_interactions_between_1st_and_2nd_covariate"/>
    <testcase time="0.000999999999976353" classname="simulation" name="simul_data_works_as_expected_with_interactions_between_1st_and_2nd_covariate"/>
  </testsuite>
  <testsuite name="subgroups" timestamp="2024-11-29T09:59:30Z" hostname="ce210fcfe6c8" tests="2" skipped="0" failures="0" errors="0" time="1.109">
    <testcase time="1.084" classname="subgroups" name="subgroups_outputs_the_right_element_for_survival"/>
    <testcase time="0.0250000000000057" classname="subgroups" name="subgroups_outputs_the_right_element_for_binary"/>
  </testsuite>
  <testsuite name="summary" timestamp="2024-11-29T09:59:31Z" hostname="ce210fcfe6c8" tests="8" skipped="0" failures="0" errors="0" time="6.344">
    <testcase time="0.0120000000000005" classname="summary" name="summary_outputs_the_right_element_for_naivepop_survival"/>
    <testcase time="0.007000000000005" classname="summary" name="summary_outputs_the_right_element_for_naivepop_binary"/>
    <testcase time="0.0159999999999911" classname="summary" name="summary_outputs_the_right_element_for_naive_survival"/>
    <testcase time="0.0160000000000196" classname="summary" name="summary_outputs_the_right_element_for_naive_binary"/>
    <testcase time="0.937999999999988" classname="summary" name="summary_outputs_the_right_element_for_elastic_net_survival"/>
    <testcase time="0.0300000000000011" classname="summary" name="summary_outputs_the_right_element_for_elastic_net_binary"/>
    <testcase time="4.64500000000001" classname="summary" name="summary_outputs_the_right_element_for_horseshoe_survival"/>
    <testcase time="0.679999999999978" classname="summary" name="summary_outputs_the_right_element_for_horseshoe_binary"/>
  </testsuite>
  <testsuite name="surv_prob" timestamp="2024-11-29T09:59:38Z" hostname="ce210fcfe6c8" tests="1" skipped="0" failures="0" errors="0" time="0.014">
    <testcase time="0.01400000000001" classname="surv_prob" name="surv_prob_outputs_the_right_element"/>
  </testsuite>
  <testsuite name="survival_curves" timestamp="2024-11-29T09:59:38Z" hostname="ce210fcfe6c8" tests="1" skipped="0" failures="0" errors="0" time="0.011">
    <testcase time="0.0109999999999957" classname="survival_curves" name="survival_curves_outputs_the_right_element"/>
  </testsuite>
  <testsuite name="trt_horseshoe" timestamp="2024-11-29T09:59:38Z" hostname="ce210fcfe6c8" tests="8" skipped="0" failures="0" errors="0" time="2.54">
    <testcase time="2.21800000000002" classname="trt_horseshoe" name="trt_horseshoe_outputs_the_right_element_for_survival"/>
    <testcase time="0.00199999999998113" classname="trt_horseshoe" name="trt_horseshoe_outputs_the_right_element_for_survival"/>
    <testcase time="0.00300000000001432" classname="trt_horseshoe" name="trt_horseshoe_outputs_the_right_element_for_survival"/>
    <testcase time="0.000999999999976353" classname="trt_horseshoe" name="trt_horseshoe_outputs_the_right_element_for_survival"/>
    <testcase time="0.309000000000026" classname="trt_horseshoe" name="trt_horseshoe_outputs_the_right_element_for_binary"/>
    <testcase time="0.00199999999998113" classname="trt_horseshoe" name="trt_horseshoe_outputs_the_right_element_for_binary"/>
    <testcase time="0.0040000000000191" classname="trt_horseshoe" name="trt_horseshoe_outputs_the_right_element_for_binary"/>
    <testcase time="0.000999999999976353" classname="trt_horseshoe" name="trt_horseshoe_outputs_the_right_element_for_binary"/>
  </testsuite>
</testsuites>
