<?xml version="1.0" encoding="UTF-8"?>
<testsuites>
  <testsuite name="elastic_net" timestamp="2023-02-08T11:38:16Z" hostname="6615ed1ce5d6" tests="2" skipped="0" failures="0" errors="0" time="0.654">
    <testcase time="0.441000000000001" classname="elastic_net" name="Elastic_net_outputs_the_right_elements_for_survival"/>
    <testcase time="0.212999999999999" classname="elastic_net" name="Elastic_net_outputs_the_right_elements_for_binary"/>
  </testsuite>
  <testsuite name="generate_stacked_data" timestamp="2023-02-08T11:38:17Z" hostname="6615ed1ce5d6" tests="5" skipped="0" failures="0" errors="0" time="0.458">
    <testcase time="0.159000000000001" classname="generate_stacked_data" name="Generate_stacked_data_outputs_the_right_element_for_survival"/>
    <testcase time="0.069" classname="generate_stacked_data" name="Generate_stacked_data_outputs_the_right_element_for_survival"/>
    <testcase time="0.0699999999999994" classname="generate_stacked_data" name="Generate_stacked_data_outputs_the_right_element_for_survival"/>
    <testcase time="0.0760000000000005" classname="generate_stacked_data" name="Generate_stacked_data_outputs_the_right_element_for_survival"/>
    <testcase time="0.0839999999999996" classname="generate_stacked_data" name="Generate_stacked_data_outputs_the_right_element_for_binary"/>
  </testsuite>
  <testsuite name="hello" timestamp="2023-02-08T11:38:18Z" hostname="6615ed1ce5d6" tests="1" skipped="0" failures="0" errors="0" time="0.037">
    <testcase time="0.0369999999999999" classname="hello" name="hello_greets_the_entity"/>
  </testsuite>
  <testsuite name="horseshoe" timestamp="2023-02-08T11:38:18Z" hostname="6615ed1ce5d6" tests="2" skipped="0" failures="0" errors="0" time="334.16">
    <testcase time="214.705" classname="horseshoe" name="Horseshoe_outputs_the_right_elements_for_survival"/>
    <testcase time="119.455" classname="horseshoe" name="Horseshoe_outputs_the_right_elements_for_binary"/>
  </testsuite>
  <testsuite name="lOR_estimation" timestamp="2023-02-08T11:43:52Z" hostname="6615ed1ce5d6" tests="1" skipped="0" failures="0" errors="0" time="0.008">
    <testcase time="0.0080000000000382" classname="lOR_estimation" name="lor_estimation_outputs_the_right_element"/>
  </testsuite>
  <testsuite name="naive" timestamp="2023-02-08T11:43:52Z" hostname="6615ed1ce5d6" tests="2" skipped="0" failures="0" errors="0" time="0.487">
    <testcase time="0.22399999999999" classname="naive" name="Naive_outputs_the_right_elements_for_survival"/>
    <testcase time="0.262999999999977" classname="naive" name="Naive_outputs_the_right_elements_for_binary"/>
  </testsuite>
  <testsuite name="naivepop" timestamp="2023-02-08T11:43:52Z" hostname="6615ed1ce5d6" tests="2" skipped="0" failures="0" errors="0" time="0.026">
    <testcase time="0.0190000000000055" classname="naivepop" name="Naivepop_produces_expected_coefficients_of_the_model"/>
    <testcase time="0.007000000000005" classname="naivepop" name="Naivepop_outputs_the_right_elements"/>
  </testsuite>
  <testsuite name="preprocess" timestamp="2023-02-08T11:43:52Z" hostname="6615ed1ce5d6" tests="1" skipped="0" failures="0" errors="0" time="0.017">
    <testcase time="0.0169999999999959" classname="preprocess" name="Preprocess_outputs_the_right_elements"/>
  </testsuite>
  <testsuite name="summary" timestamp="2023-02-08T11:43:52Z" hostname="6615ed1ce5d6" tests="4" skipped="0" failures="0" errors="0" time="0.019">
    <testcase time="0.00799999999998136" classname="summary" name="Summary_outputs_the_right_element_for_naivepop_survival"/>
    <testcase time="0.00300000000004275" classname="summary" name="Summary_outputs_the_right_element_for_naivepop_binary"/>
    <testcase time="0.00399999999996226" classname="summary" name="Summary_outputs_the_right_element_for_naive_survival"/>
    <testcase time="0.0040000000000191" classname="summary" name="Summary_outputs_the_right_element_for_naive_binary"/>
  </testsuite>
  <testsuite name="surv_prob" timestamp="2023-02-08T11:43:52Z" hostname="6615ed1ce5d6" tests="1" skipped="0" failures="0" errors="0" time="0.01">
    <testcase time="0.00999999999999091" classname="surv_prob" name="Surv_prob_outputs_the_right_element"/>
  </testsuite>
  <testsuite name="test" timestamp="2023-02-08T11:43:52Z" hostname="6615ed1ce5d6" tests="1" skipped="0" failures="0" errors="0" time="0.007">
    <testcase time="0.007000000000005" classname="test" name="test_works_as_expected"/>
  </testsuite>
</testsuites>
