<?xml version="1.0" encoding="UTF-8"?>
<testsuites>
  <testsuite name="elastic_net" timestamp="2023-02-06T14:47:32Z" hostname="4c7a0705880a" tests="2" skipped="0" failures="0" errors="0" time="0.585">
    <testcase time="0.415" classname="elastic_net" name="Elastic_net_outputs_the_right_elements_for_survival"/>
    <testcase time="0.17" classname="elastic_net" name="Elastic_net_outputs_the_right_elements_for_binary"/>
  </testsuite>
  <testsuite name="generate_stacked_data" timestamp="2023-02-06T14:47:32Z" hostname="4c7a0705880a" tests="5" skipped="0" failures="0" errors="0" time="0.366">
    <testcase time="0.129" classname="generate_stacked_data" name="Generate_stacked_data_outputs_the_right_element_for_survival"/>
    <testcase time="0.0569999999999995" classname="generate_stacked_data" name="Generate_stacked_data_outputs_the_right_element_for_survival"/>
    <testcase time="0.0579999999999998" classname="generate_stacked_data" name="Generate_stacked_data_outputs_the_right_element_for_survival"/>
    <testcase time="0.0590000000000002" classname="generate_stacked_data" name="Generate_stacked_data_outputs_the_right_element_for_survival"/>
    <testcase time="0.0630000000000006" classname="generate_stacked_data" name="Generate_stacked_data_outputs_the_right_element_for_binary"/>
  </testsuite>
  <testsuite name="hello" timestamp="2023-02-06T14:47:33Z" hostname="4c7a0705880a" tests="1" skipped="0" failures="0" errors="0" time="0.03">
    <testcase time="0.0299999999999994" classname="hello" name="hello_greets_the_entity"/>
  </testsuite>
  <testsuite name="horseshoe" timestamp="2023-02-06T14:47:33Z" hostname="4c7a0705880a" tests="2" skipped="0" failures="0" errors="0" time="290.048">
    <testcase time="185.235" classname="horseshoe" name="Horseshoe_outputs_the_right_elements_for_survival"/>
    <testcase time="104.813" classname="horseshoe" name="Horseshoe_outputs_the_right_elements_for_binary"/>
  </testsuite>
  <testsuite name="naive" timestamp="2023-02-06T14:52:23Z" hostname="4c7a0705880a" tests="2" skipped="0" failures="0" errors="0" time="0.362">
    <testcase time="0.173999999999978" classname="naive" name="Naive_outputs_the_right_elements_for_survival"/>
    <testcase time="0.187999999999988" classname="naive" name="Naive_outputs_the_right_elements_for_binary"/>
  </testsuite>
  <testsuite name="naivepop" timestamp="2023-02-06T14:52:23Z" hostname="4c7a0705880a" tests="2" skipped="0" failures="0" errors="0" time="0.026">
    <testcase time="0.0190000000000055" classname="naivepop" name="Naivepop_produces_expected_coefficients_of_the_model"/>
    <testcase time="0.007000000000005" classname="naivepop" name="Naivepop_outputs_the_right_elements"/>
  </testsuite>
  <testsuite name="preprocess" timestamp="2023-02-06T14:52:23Z" hostname="4c7a0705880a" tests="1" skipped="0" failures="0" errors="0" time="0.013">
    <testcase time="0.0129999999999768" classname="preprocess" name="Preprocess_outputs_the_right_elements"/>
  </testsuite>
  <testsuite name="test" timestamp="2023-02-06T14:52:23Z" hostname="4c7a0705880a" tests="1" skipped="0" failures="0" errors="0" time="0.005">
    <testcase time="0.00499999999999545" classname="test" name="test_works_as_expected"/>
  </testsuite>
</testsuites>
