<?xml version="1.0" encoding="UTF-8"?>
<testsuites>
  <testsuite name="ahr_estimation" timestamp="2023-02-09T17:22:36Z" hostname="a18867bb73b0" tests="1" skipped="0" failures="0" errors="0" time="0.04">
    <testcase time="0.04" classname="ahr_estimation" name="ahr_estimation_outputs_the_right_element"/>
  </testsuite>
  <testsuite name="elastic_net" timestamp="2023-02-09T17:22:36Z" hostname="a18867bb73b0" tests="2" skipped="0" failures="0" errors="0" time="0.625">
    <testcase time="0.45" classname="elastic_net" name="elastic_net_outputs_the_right_elements_for_survival"/>
    <testcase time="0.175" classname="elastic_net" name="elastic_net_outputs_the_right_elements_for_binary"/>
  </testsuite>
  <testsuite name="generate_stacked_data" timestamp="2023-02-09T17:22:36Z" hostname="a18867bb73b0" tests="5" skipped="0" failures="0" errors="0" time="0.381">
    <testcase time="0.122" classname="generate_stacked_data" name="generate_stacked_data_outputs_the_right_element_for_survival"/>
    <testcase time="0.0599999999999996" classname="generate_stacked_data" name="generate_stacked_data_outputs_the_right_element_for_survival"/>
    <testcase time="0.0590000000000002" classname="generate_stacked_data" name="generate_stacked_data_outputs_the_right_element_for_survival"/>
    <testcase time="0.0609999999999999" classname="generate_stacked_data" name="generate_stacked_data_outputs_the_right_element_for_survival"/>
    <testcase time="0.0790000000000006" classname="generate_stacked_data" name="generate_stacked_data_outputs_the_right_element_for_binary"/>
  </testsuite>
  <testsuite name="hello" timestamp="2023-02-09T17:22:37Z" hostname="a18867bb73b0" tests="1" skipped="0" failures="0" errors="0" time="0.007">
    <testcase time="0.00699999999999967" classname="hello" name="hello_greets_the_entity"/>
  </testsuite>
  <testsuite name="horseshoe" timestamp="2023-02-09T17:22:37Z" hostname="a18867bb73b0" tests="2" skipped="0" failures="0" errors="0" time="309.209">
    <testcase time="197.446" classname="horseshoe" name="horseshoe_outputs_the_right_elements_for_survival"/>
    <testcase time="111.763" classname="horseshoe" name="horseshoe_outputs_the_right_elements_for_binary"/>
  </testsuite>
  <testsuite name="lOR_estimation" timestamp="2023-02-09T17:27:46Z" hostname="a18867bb73b0" tests="1" skipped="0" failures="0" errors="0" time="0.008">
    <testcase time="0.00799999999998136" classname="lOR_estimation" name="lor_estimation_outputs_the_right_element"/>
  </testsuite>
  <testsuite name="naive" timestamp="2023-02-09T17:27:46Z" hostname="a18867bb73b0" tests="2" skipped="0" failures="0" errors="0" time="0.403">
    <testcase time="0.185000000000002" classname="naive" name="naive_outputs_the_right_elements_for_survival"/>
    <testcase time="0.218000000000018" classname="naive" name="naive_outputs_the_right_elements_for_binary"/>
  </testsuite>
  <testsuite name="naivepop" timestamp="2023-02-09T17:27:46Z" hostname="a18867bb73b0" tests="2" skipped="0" failures="0" errors="0" time="0.023">
    <testcase time="0.0159999999999627" classname="naivepop" name="naivepop_produces_expected_coefficients_of_the_model"/>
    <testcase time="0.007000000000005" classname="naivepop" name="naivepop_outputs_the_right_elements"/>
  </testsuite>
  <testsuite name="preprocess" timestamp="2023-02-09T17:27:46Z" hostname="a18867bb73b0" tests="1" skipped="0" failures="0" errors="0" time="0.014">
    <testcase time="0.01400000000001" classname="preprocess" name="preprocess_outputs_the_right_elements"/>
  </testsuite>
  <testsuite name="subgroups" timestamp="2023-02-09T17:27:46Z" hostname="a18867bb73b0" tests="2" skipped="0" failures="0" errors="0" time="0.268">
    <testcase time="0.25" classname="subgroups" name="subgroups_outputs_the_right_element_for_survival"/>
    <testcase time="0.0179999999999723" classname="subgroups" name="subgroups_outputs_the_right_element_for_binary"/>
  </testsuite>
  <testsuite name="summary" timestamp="2023-02-09T17:27:47Z" hostname="a18867bb73b0" tests="4" skipped="0" failures="0" errors="0" time="0.016">
    <testcase time="0.007000000000005" classname="summary" name="summary_outputs_the_right_element_for_naivepop_survival"/>
    <testcase time="0.00200000000000955" classname="summary" name="summary_outputs_the_right_element_for_naivepop_binary"/>
    <testcase time="0.0040000000000191" classname="summary" name="summary_outputs_the_right_element_for_naive_survival"/>
    <testcase time="0.0029999999999859" classname="summary" name="summary_outputs_the_right_element_for_naive_binary"/>
  </testsuite>
  <testsuite name="surv_prob" timestamp="2023-02-09T17:27:47Z" hostname="a18867bb73b0" tests="1" skipped="0" failures="0" errors="0" time="0.006">
    <testcase time="0.00600000000002865" classname="surv_prob" name="surv_prob_outputs_the_right_element"/>
  </testsuite>
  <testsuite name="survival_curves" timestamp="2023-02-09T17:27:47Z" hostname="a18867bb73b0" tests="1" skipped="0" failures="0" errors="0" time="0.006">
    <testcase time="0.00599999999997181" classname="survival_curves" name="survival_curves_outputs_the_right_element"/>
  </testsuite>
  <testsuite name="test" timestamp="2023-02-09T17:27:47Z" hostname="a18867bb73b0" tests="1" skipped="0" failures="0" errors="0" time="0.005">
    <testcase time="0.00499999999999545" classname="test" name="test_works_as_expected"/>
  </testsuite>
</testsuites>
