<?xml version="1.0" encoding="UTF-8"?>
<testsuites>
  <testsuite name="ahr_estimation" timestamp="2023-02-14T14:34:11Z" hostname="1a15f79c0f03" tests="1" skipped="0" failures="0" errors="0" time="0.031">
    <testcase time="0.0309999999999997" classname="ahr_estimation" name="ahr_estimation_outputs_the_right_element"/>
  </testsuite>
  <testsuite name="elastic_net" timestamp="2023-02-14T14:34:12Z" hostname="1a15f79c0f03" tests="2" skipped="0" failures="0" errors="0" time="0.551">
    <testcase time="0.337" classname="elastic_net" name="elastic_net_outputs_the_right_elements_for_survival"/>
    <testcase time="0.214" classname="elastic_net" name="elastic_net_outputs_the_right_elements_for_binary"/>
  </testsuite>
  <testsuite name="generate_stacked_data" timestamp="2023-02-14T14:34:12Z" hostname="1a15f79c0f03" tests="5" skipped="0" failures="0" errors="0" time="0.331">
    <testcase time="0.112" classname="generate_stacked_data" name="generate_stacked_data_outputs_the_right_element_for_survival"/>
    <testcase time="0.0510000000000002" classname="generate_stacked_data" name="generate_stacked_data_outputs_the_right_element_for_survival"/>
    <testcase time="0.0499999999999998" classname="generate_stacked_data" name="generate_stacked_data_outputs_the_right_element_for_survival"/>
    <testcase time="0.0540000000000003" classname="generate_stacked_data" name="generate_stacked_data_outputs_the_right_element_for_survival"/>
    <testcase time="0.0640000000000001" classname="generate_stacked_data" name="generate_stacked_data_outputs_the_right_element_for_binary"/>
  </testsuite>
  <testsuite name="hello" timestamp="2023-02-14T14:34:12Z" hostname="1a15f79c0f03" tests="1" skipped="0" failures="0" errors="0" time="0.006">
    <testcase time="0.00599999999999934" classname="hello" name="hello_greets_the_entity"/>
  </testsuite>
  <testsuite name="horseshoe" timestamp="2023-02-14T14:34:12Z" hostname="1a15f79c0f03" tests="2" skipped="0" failures="0" errors="0" time="263.332">
    <testcase time="167.829" classname="horseshoe" name="horseshoe_outputs_the_right_elements_for_survival"/>
    <testcase time="95.503" classname="horseshoe" name="horseshoe_outputs_the_right_elements_for_binary"/>
  </testsuite>
  <testsuite name="lOR_estimation" timestamp="2023-02-14T14:38:36Z" hostname="1a15f79c0f03" tests="1" skipped="0" failures="0" errors="0" time="0.007">
    <testcase time="0.007000000000005" classname="lOR_estimation" name="lor_estimation_outputs_the_right_element"/>
  </testsuite>
  <testsuite name="naive" timestamp="2023-02-14T14:38:36Z" hostname="1a15f79c0f03" tests="2" skipped="0" failures="0" errors="0" time="0.344">
    <testcase time="0.161999999999978" classname="naive" name="naive_outputs_the_right_elements_for_survival"/>
    <testcase time="0.182000000000016" classname="naive" name="naive_outputs_the_right_elements_for_binary"/>
  </testsuite>
  <testsuite name="naivepop" timestamp="2023-02-14T14:38:36Z" hostname="1a15f79c0f03" tests="2" skipped="0" failures="0" errors="0" time="0.02">
    <testcase time="0.0129999999999768" classname="naivepop" name="naivepop_produces_expected_coefficients_of_the_model"/>
    <testcase time="0.007000000000005" classname="naivepop" name="naivepop_outputs_the_right_elements"/>
  </testsuite>
  <testsuite name="preprocess" timestamp="2023-02-14T14:38:36Z" hostname="1a15f79c0f03" tests="1" skipped="0" failures="0" errors="0" time="0.013">
    <testcase time="0.0129999999999768" classname="preprocess" name="preprocess_outputs_the_right_elements"/>
  </testsuite>
  <testsuite name="print" timestamp="2023-02-14T14:38:36Z" hostname="1a15f79c0f03" tests="4" skipped="0" failures="0" errors="0" time="3.744">
    <testcase time="0.00600000000002865" classname="print" name="print.summary.naivepop_outputs_the_right_element"/>
    <testcase time="0.00499999999999545" classname="print" name="print.summary.naive_outputs_the_right_element"/>
    <testcase time="0.0190000000000055" classname="print" name="print.summary.elastic_net_outputs_the_right_element"/>
    <testcase time="3.714" classname="print" name="print.summary.horseshoe_outputs_the_right_element"/>
  </testsuite>
  <testsuite name="subgroups" timestamp="2023-02-14T14:38:40Z" hostname="1a15f79c0f03" tests="2" skipped="0" failures="0" errors="0" time="0.245">
    <testcase time="0.228999999999985" classname="subgroups" name="subgroups_outputs_the_right_element_for_survival"/>
    <testcase time="0.0160000000000196" classname="subgroups" name="subgroups_outputs_the_right_element_for_binary"/>
  </testsuite>
  <testsuite name="summary" timestamp="2023-02-14T14:38:40Z" hostname="1a15f79c0f03" tests="8" skipped="0" failures="0" errors="0" time="30.703">
    <testcase time="0.007000000000005" classname="summary" name="summary_outputs_the_right_element_for_naivepop_survival"/>
    <testcase time="0.0029999999999859" classname="summary" name="summary_outputs_the_right_element_for_naivepop_binary"/>
    <testcase time="0.0029999999999859" classname="summary" name="summary_outputs_the_right_element_for_naive_survival"/>
    <testcase time="0.00300000000004275" classname="summary" name="summary_outputs_the_right_element_for_naive_binary"/>
    <testcase time="0.25" classname="summary" name="summary_outputs_the_right_element_for_elastic_net_survival"/>
    <testcase time="0.0279999999999632" classname="summary" name="summary_outputs_the_right_element_for_elastic_net_binary"/>
    <testcase time="26.679" classname="summary" name="summary_outputs_the_right_element_for_horseshoe_survival"/>
    <testcase time="3.72999999999996" classname="summary" name="summary_outputs_the_right_element_for_horseshoe_binary"/>
  </testsuite>
  <testsuite name="surv_prob" timestamp="2023-02-14T14:39:11Z" hostname="1a15f79c0f03" tests="1" skipped="0" failures="0" errors="0" time="0.006">
    <testcase time="0.00600000000002865" classname="surv_prob" name="surv_prob_outputs_the_right_element"/>
  </testsuite>
  <testsuite name="survival_curves" timestamp="2023-02-14T14:39:11Z" hostname="1a15f79c0f03" tests="1" skipped="0" failures="0" errors="0" time="0.006">
    <testcase time="0.00599999999997181" classname="survival_curves" name="survival_curves_outputs_the_right_element"/>
  </testsuite>
  <testsuite name="test" timestamp="2023-02-14T14:39:11Z" hostname="1a15f79c0f03" tests="1" skipped="0" failures="0" errors="0" time="0.005">
    <testcase time="0.00499999999999545" classname="test" name="test_works_as_expected"/>
  </testsuite>
  <testsuite name="trt_horseshoe" timestamp="2023-02-14T14:39:11Z" hostname="1a15f79c0f03" tests="2" skipped="0" failures="0" errors="0" time="14.272">
    <testcase time="12.468" classname="trt_horseshoe" name="trt_horseshoe_outputs_the_right_element_for_survival"/>
    <testcase time="1.80400000000003" classname="trt_horseshoe" name="trt_horseshoe_outputs_the_right_element_for_binary"/>
  </testsuite>
</testsuites>
