<?xml version="1.0" encoding="UTF-8"?>
<testsuites>
  <testsuite name="elastic_net" timestamp="2023-02-06T16:31:19Z" hostname="691477d87002" tests="2" skipped="0" failures="0" errors="0" time="0.493">
    <testcase time="0.351" classname="elastic_net" name="Elastic_net_outputs_the_right_elements_for_survival"/>
    <testcase time="0.142" classname="elastic_net" name="Elastic_net_outputs_the_right_elements_for_binary"/>
  </testsuite>
  <testsuite name="generate_stacked_data" timestamp="2023-02-06T16:31:19Z" hostname="691477d87002" tests="5" skipped="0" failures="0" errors="0" time="0.305">
    <testcase time="0.107" classname="generate_stacked_data" name="Generate_stacked_data_outputs_the_right_element_for_survival"/>
    <testcase time="0.048" classname="generate_stacked_data" name="Generate_stacked_data_outputs_the_right_element_for_survival"/>
    <testcase time="0.048" classname="generate_stacked_data" name="Generate_stacked_data_outputs_the_right_element_for_survival"/>
    <testcase time="0.048" classname="generate_stacked_data" name="Generate_stacked_data_outputs_the_right_element_for_survival"/>
    <testcase time="0.0539999999999998" classname="generate_stacked_data" name="Generate_stacked_data_outputs_the_right_element_for_binary"/>
  </testsuite>
  <testsuite name="hello" timestamp="2023-02-06T16:31:19Z" hostname="691477d87002" tests="1" skipped="0" failures="0" errors="0" time="0.023">
    <testcase time="0.0230000000000001" classname="hello" name="hello_greets_the_entity"/>
  </testsuite>
  <testsuite name="horseshoe" timestamp="2023-02-06T16:31:19Z" hostname="691477d87002" tests="2" skipped="0" failures="0" errors="0" time="256.876">
    <testcase time="163.907" classname="horseshoe" name="Horseshoe_outputs_the_right_elements_for_survival"/>
    <testcase time="92.969" classname="horseshoe" name="Horseshoe_outputs_the_right_elements_for_binary"/>
  </testsuite>
  <testsuite name="naive" timestamp="2023-02-06T16:35:36Z" hostname="691477d87002" tests="2" skipped="0" failures="0" errors="0" time="0.334">
    <testcase time="0.164999999999964" classname="naive" name="Naive_outputs_the_right_elements_for_survival"/>
    <testcase time="0.16900000000004" classname="naive" name="Naive_outputs_the_right_elements_for_binary"/>
  </testsuite>
  <testsuite name="naivepop" timestamp="2023-02-06T16:35:37Z" hostname="691477d87002" tests="2" skipped="0" failures="0" errors="0" time="0.024">
    <testcase time="0.0169999999999959" classname="naivepop" name="Naivepop_produces_expected_coefficients_of_the_model"/>
    <testcase time="0.007000000000005" classname="naivepop" name="Naivepop_outputs_the_right_elements"/>
  </testsuite>
  <testsuite name="preprocess" timestamp="2023-02-06T16:35:37Z" hostname="691477d87002" tests="1" skipped="0" failures="0" errors="0" time="0.012">
    <testcase time="0.0120000000000005" classname="preprocess" name="Preprocess_outputs_the_right_elements"/>
  </testsuite>
  <testsuite name="summary" timestamp="2023-02-06T16:35:37Z" hostname="691477d87002" tests="2" skipped="0" failures="0" errors="0" time="0.007">
    <testcase time="0.00499999999999545" classname="summary" name="Summary_outputs_the_right_element_for_naivepop_survival"/>
    <testcase time="0.00200000000000955" classname="summary" name="Summary_outputs_the_right_element_for_naivepop_binary"/>
  </testsuite>
  <testsuite name="test" timestamp="2023-02-06T16:35:37Z" hostname="691477d87002" tests="1" skipped="0" failures="0" errors="0" time="0.005">
    <testcase time="0.00499999999999545" classname="test" name="test_works_as_expected"/>
  </testsuite>
</testsuites>
