<?xml version="1.0" encoding="UTF-8"?>
<testsuites>
  <testsuite name="ahr_estimation" timestamp="2023-02-27T17:32:26Z" hostname="8cbc35476f42" tests="1" skipped="0" failures="0" errors="0" time="0.054">
    <testcase time="0.0539999999999998" classname="ahr_estimation" name="ahr_estimation_outputs_the_right_element"/>
  </testsuite>
  <testsuite name="compare" timestamp="2023-02-27T17:32:26Z" hostname="8cbc35476f42" tests="2" skipped="0" failures="0" errors="0" time="0.104">
    <testcase time="0.0880000000000001" classname="compare" name="compare_outputs_the_right_element"/>
    <testcase time="0.016" classname="compare" name="compare_outputs_an_error_when_there_are_less_than_two_arguments"/>
  </testsuite>
  <testsuite name="elastic_net" timestamp="2023-02-27T17:32:27Z" hostname="8cbc35476f42" tests="2" skipped="0" failures="0" errors="0" time="0.487">
    <testcase time="0.354" classname="elastic_net" name="elastic_net_outputs_the_right_elements_for_survival"/>
    <testcase time="0.133" classname="elastic_net" name="elastic_net_outputs_the_right_elements_for_binary"/>
  </testsuite>
  <testsuite name="generate_stacked_data" timestamp="2023-02-27T17:32:27Z" hostname="8cbc35476f42" tests="5" skipped="0" failures="0" errors="0" time="0.295">
    <testcase time="0.0829999999999997" classname="generate_stacked_data" name="generate_stacked_data_outputs_the_right_element_for_survival"/>
    <testcase time="0.0540000000000003" classname="generate_stacked_data" name="generate_stacked_data_outputs_the_right_element_for_survival"/>
    <testcase time="0.0470000000000002" classname="generate_stacked_data" name="generate_stacked_data_outputs_the_right_element_for_survival"/>
    <testcase time="0.0509999999999997" classname="generate_stacked_data" name="generate_stacked_data_outputs_the_right_element_for_survival"/>
    <testcase time="0.0600000000000001" classname="generate_stacked_data" name="generate_stacked_data_outputs_the_right_element_for_binary"/>
  </testsuite>
  <testsuite name="hello" timestamp="2023-02-27T17:32:27Z" hostname="8cbc35476f42" tests="1" skipped="0" failures="0" errors="0" time="0.005">
    <testcase time="0.00499999999999989" classname="hello" name="hello_greets_the_entity"/>
  </testsuite>
  <testsuite name="horseshoe" timestamp="2023-02-27T17:32:27Z" hostname="8cbc35476f42" tests="2" skipped="0" failures="0" errors="0" time="256.834">
    <testcase time="163.682" classname="horseshoe" name="horseshoe_outputs_the_right_elements_for_survival"/>
    <testcase time="93.152" classname="horseshoe" name="horseshoe_outputs_the_right_elements_for_binary"/>
  </testsuite>
  <testsuite name="lOR_estimation" timestamp="2023-02-27T17:36:44Z" hostname="8cbc35476f42" tests="1" skipped="0" failures="0" errors="0" time="0.005">
    <testcase time="0.00499999999999545" classname="lOR_estimation" name="lor_estimation_outputs_the_right_element"/>
  </testsuite>
  <testsuite name="naive" timestamp="2023-02-27T17:36:44Z" hostname="8cbc35476f42" tests="2" skipped="0" failures="0" errors="0" time="0.315">
    <testcase time="0.149000000000001" classname="naive" name="naive_outputs_the_right_elements_for_survival"/>
    <testcase time="0.165999999999997" classname="naive" name="naive_outputs_the_right_elements_for_binary"/>
  </testsuite>
  <testsuite name="naivepop" timestamp="2023-02-27T17:36:45Z" hostname="8cbc35476f42" tests="2" skipped="0" failures="0" errors="0" time="0.02">
    <testcase time="0.0120000000000005" classname="naivepop" name="naivepop_produces_expected_coefficients_of_the_model"/>
    <testcase time="0.00799999999998136" classname="naivepop" name="naivepop_outputs_the_right_elements"/>
  </testsuite>
  <testsuite name="plot" timestamp="2023-02-27T17:36:45Z" hostname="8cbc35476f42" tests="5" skipped="4" failures="0" errors="0" time="6.364">
    <testcase time="0.0389999999999873" classname="plot" name="plot_works_as_expected_for_naive"/>
    <testcase time="1.26400000000001" classname="plot" name="plot_works_as_expected_for_naive">
      <skipped message="Reason: On CRAN ('test-plot.R:3')"/>
    </testcase>
    <testcase time="1.39699999999999" classname="plot" name="plot_works_as_expected_for_elastic_net">
      <skipped message="Reason: On CRAN ('test-plot.R:8')"/>
    </testcase>
    <testcase time="2.03700000000003" classname="plot" name="plot_works_as_expected_for_horseshoe">
      <skipped message="Reason: On CRAN ('test-plot.R:13')"/>
    </testcase>
    <testcase time="1.62700000000001" classname="plot" name="plot_works_as_expected_for_compare.data">
      <skipped message="Reason: On CRAN ('test-plot.R:18')"/>
    </testcase>
  </testsuite>
  <testsuite name="preprocess" timestamp="2023-02-27T17:36:51Z" hostname="8cbc35476f42" tests="1" skipped="0" failures="0" errors="0" time="0.019">
    <testcase time="0.0190000000000055" classname="preprocess" name="preprocess_outputs_the_right_elements"/>
  </testsuite>
  <testsuite name="print" timestamp="2023-02-27T17:36:51Z" hostname="8cbc35476f42" tests="4" skipped="0" failures="0" errors="0" time="2.698">
    <testcase time="0.00499999999999545" classname="print" name="print_outputs_the_right_element_for_naivepop"/>
    <testcase time="0.00399999999996226" classname="print" name="print_outputs_the_right_element_for_naive"/>
    <testcase time="0.0160000000000196" classname="print" name="print_outputs_the_right_element_for_elastic_net"/>
    <testcase time="2.673" classname="print" name="print_outputs_the_right_element_for_horseshoe"/>
  </testsuite>
  <testsuite name="subgroups" timestamp="2023-02-27T17:36:54Z" hostname="8cbc35476f42" tests="2" skipped="0" failures="0" errors="0" time="0.479">
    <testcase time="0.464999999999975" classname="subgroups" name="subgroups_outputs_the_right_element_for_survival"/>
    <testcase time="0.01400000000001" classname="subgroups" name="subgroups_outputs_the_right_element_for_binary"/>
  </testsuite>
  <testsuite name="summary" timestamp="2023-02-27T17:36:54Z" hostname="8cbc35476f42" tests="8" skipped="0" failures="0" errors="0" time="27.067">
    <testcase time="0.00600000000002865" classname="summary" name="summary_outputs_the_right_element_for_naivepop_survival"/>
    <testcase time="0.00199999999995271" classname="summary" name="summary_outputs_the_right_element_for_naivepop_binary"/>
    <testcase time="0.00300000000004275" classname="summary" name="summary_outputs_the_right_element_for_naive_survival"/>
    <testcase time="0.0029999999999859" classname="summary" name="summary_outputs_the_right_element_for_naive_binary"/>
    <testcase time="0.415999999999997" classname="summary" name="summary_outputs_the_right_element_for_elastic_net_survival"/>
    <testcase time="0.0160000000000196" classname="summary" name="summary_outputs_the_right_element_for_elastic_net_binary"/>
    <testcase time="23.631" classname="summary" name="summary_outputs_the_right_element_for_horseshoe_survival"/>
    <testcase time="2.99000000000001" classname="summary" name="summary_outputs_the_right_element_for_horseshoe_binary"/>
  </testsuite>
  <testsuite name="surv_prob" timestamp="2023-02-27T17:37:21Z" hostname="8cbc35476f42" tests="1" skipped="0" failures="0" errors="0" time="0.005">
    <testcase time="0.00499999999999545" classname="surv_prob" name="surv_prob_outputs_the_right_element"/>
  </testsuite>
  <testsuite name="survival_curves" timestamp="2023-02-27T17:37:21Z" hostname="8cbc35476f42" tests="1" skipped="0" failures="0" errors="0" time="0.005">
    <testcase time="0.00499999999999545" classname="survival_curves" name="survival_curves_outputs_the_right_element"/>
  </testsuite>
  <testsuite name="test" timestamp="2023-02-27T17:37:21Z" hostname="8cbc35476f42" tests="1" skipped="0" failures="0" errors="0" time="0.004">
    <testcase time="0.0040000000000191" classname="test" name="test_works_as_expected"/>
  </testsuite>
  <testsuite name="trt_horseshoe" timestamp="2023-02-27T17:37:21Z" hostname="8cbc35476f42" tests="2" skipped="0" failures="0" errors="0" time="13.261">
    <testcase time="12.003" classname="trt_horseshoe" name="trt_horseshoe_outputs_the_right_element_for_survival"/>
    <testcase time="1.25799999999998" classname="trt_horseshoe" name="trt_horseshoe_outputs_the_right_element_for_binary"/>
  </testsuite>
</testsuites>
