<?xml version="1.0" encoding="UTF-8"?>
<testsuites>
  <testsuite name="ahr_estimation" timestamp="2024-03-26T11:22:20Z" hostname="cbbf3e5ff91a" tests="1" skipped="0" failures="0" errors="0" time="0.052">
    <testcase time="0.0519999999999996" classname="ahr_estimation" name="ahr_estimation_outputs_the_right_element"/>
  </testsuite>
  <testsuite name="compare" timestamp="2024-03-26T11:22:20Z" hostname="cbbf3e5ff91a" tests="2" skipped="0" failures="0" errors="0" time="0.169">
    <testcase time="0.144" classname="compare" name="compare_outputs_the_right_element"/>
    <testcase time="0.0250000000000004" classname="compare" name="compare_outputs_an_error_when_there_are_less_than_two_arguments"/>
  </testsuite>
  <testsuite name="elastic_net" timestamp="2024-03-26T11:22:20Z" hostname="cbbf3e5ff91a" tests="2" skipped="0" failures="0" errors="0" time="0.608">
    <testcase time="0.44" classname="elastic_net" name="elastic_net_outputs_the_right_elements_for_survival"/>
    <testcase time="0.167999999999999" classname="elastic_net" name="elastic_net_outputs_the_right_elements_for_binary"/>
  </testsuite>
  <testsuite name="generate_stacked_data" timestamp="2024-03-26T11:22:21Z" hostname="cbbf3e5ff91a" tests="5" skipped="0" failures="0" errors="0" time="0.326">
    <testcase time="0.116" classname="generate_stacked_data" name="generate_stacked_data_outputs_the_right_element_for_survival"/>
    <testcase time="0.0630000000000006" classname="generate_stacked_data" name="generate_stacked_data_outputs_the_right_element_for_survival"/>
    <testcase time="0.0619999999999994" classname="generate_stacked_data" name="generate_stacked_data_outputs_the_right_element_for_survival"/>
    <testcase time="0.0390000000000015" classname="generate_stacked_data" name="generate_stacked_data_outputs_the_right_element_for_survival"/>
    <testcase time="0.0459999999999994" classname="generate_stacked_data" name="generate_stacked_data_outputs_the_right_element_for_binary"/>
  </testsuite>
  <testsuite name="horseshoe" timestamp="2024-03-26T11:22:21Z" hostname="cbbf3e5ff91a" tests="2" skipped="0" failures="0" errors="0" time="492.821">
    <testcase time="254.353" classname="horseshoe" name="horseshoe_outputs_the_right_elements_for_survival"/>
    <testcase time="238.468" classname="horseshoe" name="horseshoe_outputs_the_right_elements_for_binary"/>
  </testsuite>
  <testsuite name="lOR_estimation" timestamp="2024-03-26T11:30:34Z" hostname="cbbf3e5ff91a" tests="1" skipped="0" failures="0" errors="0" time="0.012">
    <testcase time="0.0120000000000005" classname="lOR_estimation" name="lor_estimation_outputs_the_right_element"/>
  </testsuite>
  <testsuite name="naive" timestamp="2024-03-26T11:30:34Z" hostname="cbbf3e5ff91a" tests="2" skipped="0" failures="0" errors="0" time="0.651">
    <testcase time="0.147999999999968" classname="naive" name="naive_outputs_the_right_elements_for_survival"/>
    <testcase time="0.502999999999986" classname="naive" name="naive_outputs_the_right_elements_for_binary"/>
  </testsuite>
  <testsuite name="naivepop" timestamp="2024-03-26T11:30:34Z" hostname="cbbf3e5ff91a" tests="2" skipped="0" failures="0" errors="0" time="0.031">
    <testcase time="0.0190000000000055" classname="naivepop" name="naivepop_produces_expected_coefficients_of_the_model"/>
    <testcase time="0.0120000000000005" classname="naivepop" name="naivepop_outputs_the_right_elements"/>
  </testsuite>
  <testsuite name="plot" timestamp="2024-03-26T11:30:34Z" hostname="cbbf3e5ff91a" tests="5" skipped="4" failures="0" errors="0" time="9.507">
    <testcase time="0.0550000000000068" classname="plot" name="plot_works_as_expected_for_naive"/>
    <testcase time="2.19299999999998" classname="plot" name="plot_works_as_expected_for_naive">
      <skipped message="Reason: On CRAN ('test-plot.R:3:3')"/>
    </testcase>
    <testcase time="1.96900000000005" classname="plot" name="plot_works_as_expected_for_elastic_net">
      <skipped message="Reason: On CRAN ('test-plot.R:8:3')"/>
    </testcase>
    <testcase time="2.94799999999998" classname="plot" name="plot_works_as_expected_for_horseshoe">
      <skipped message="Reason: On CRAN ('test-plot.R:13:3')"/>
    </testcase>
    <testcase time="2.34200000000004" classname="plot" name="plot_works_as_expected_for_compare.data">
      <skipped message="Reason: On CRAN ('test-plot.R:18:3')"/>
    </testcase>
  </testsuite>
  <testsuite name="preprocess" timestamp="2024-03-26T11:30:44Z" hostname="cbbf3e5ff91a" tests="1" skipped="0" failures="0" errors="0" time="0.033">
    <testcase time="0.0329999999999586" classname="preprocess" name="preprocess_outputs_the_right_elements"/>
  </testsuite>
  <testsuite name="print" timestamp="2024-03-26T11:30:44Z" hostname="cbbf3e5ff91a" tests="4" skipped="0" failures="1" errors="0" time="3.542">
    <testcase time="0.00999999999999091" classname="print" name="print_outputs_the_right_element_for_naivepop"/>
    <testcase time="0.0080000000000382" classname="print" name="print_outputs_the_right_element_for_naive"/>
    <testcase time="0.0260000000000105" classname="print" name="print_outputs_the_right_element_for_elastic_net"/>
    <testcase time="3.49799999999993" classname="print" name="print_outputs_the_right_element_for_horseshoe">
      <failure type="failure" message="`result` not equal to `expected`. ('test-print.R:96:3')">`result` not equal to `expected`.
Component "estimates": Component "trt.estimate": Mean relative difference: 0.00449456
Component "estimates": Component "trt.low": Mean relative difference: 0.006649228
Component "estimates": Component "trt.high": Mean relative difference: 0.05086615</failure>
    </testcase>
  </testsuite>
  <testsuite name="subgroups" timestamp="2024-03-26T11:30:48Z" hostname="cbbf3e5ff91a" tests="2" skipped="0" failures="0" errors="0" time="0.415">
    <testcase time="0.378000000000043" classname="subgroups" name="subgroups_outputs_the_right_element_for_survival"/>
    <testcase time="0.0370000000000346" classname="subgroups" name="subgroups_outputs_the_right_element_for_binary"/>
  </testsuite>
  <testsuite name="summary" timestamp="2024-03-26T11:30:48Z" hostname="cbbf3e5ff91a" tests="8" skipped="0" failures="2" errors="0" time="38.228">
    <testcase time="0.0109999999999673" classname="summary" name="summary_outputs_the_right_element_for_naivepop_survival"/>
    <testcase time="0.00499999999999545" classname="summary" name="summary_outputs_the_right_element_for_naivepop_binary"/>
    <testcase time="0.00700000000006185" classname="summary" name="summary_outputs_the_right_element_for_naive_survival"/>
    <testcase time="0.00599999999997181" classname="summary" name="summary_outputs_the_right_element_for_naive_binary"/>
    <testcase time="0.350999999999999" classname="summary" name="summary_outputs_the_right_element_for_elastic_net_survival"/>
    <testcase time="0.0249999999999773" classname="summary" name="summary_outputs_the_right_element_for_elastic_net_binary"/>
    <testcase time="34.4450000000001" classname="summary" name="summary_outputs_the_right_element_for_horseshoe_survival">
      <failure type="failure" message="`result` not equal to `expected`. ('test-summary.R:164:3')">`result` not equal to `expected`.
Component "estimates": Component "trt.estimate": Mean relative difference: 0.004962193
Component "estimates": Component "trt.low": Mean relative difference: 0.01455823
Component "estimates": Component "trt.high": Mean relative difference: 0.005559181</failure>
    </testcase>
    <testcase time="3.37799999999993" classname="summary" name="summary_outputs_the_right_element_for_horseshoe_binary">
      <failure type="failure" message="`result` not equal to `expected`. ('test-summary.R:190:3')">`result` not equal to `expected`.
Component "estimates": Component "trt.estimate": Mean relative difference: 0.00449456
Component "estimates": Component "trt.low": Mean relative difference: 0.006649228
Component "estimates": Component "trt.high": Mean relative difference: 0.05086615</failure>
    </testcase>
  </testsuite>
  <testsuite name="surv_prob" timestamp="2024-03-26T11:31:26Z" hostname="cbbf3e5ff91a" tests="1" skipped="0" failures="0" errors="0" time="0.024">
    <testcase time="0.0240000000000009" classname="surv_prob" name="surv_prob_outputs_the_right_element"/>
  </testsuite>
  <testsuite name="survival_curves" timestamp="2024-03-26T11:31:26Z" hostname="cbbf3e5ff91a" tests="1" skipped="0" failures="0" errors="0" time="0.008">
    <testcase time="0.0080000000000382" classname="survival_curves" name="survival_curves_outputs_the_right_element"/>
  </testsuite>
  <testsuite name="trt_horseshoe" timestamp="2024-03-26T11:31:26Z" hostname="cbbf3e5ff91a" tests="2" skipped="0" failures="2" errors="0" time="17.031">
    <testcase time="15.304" classname="trt_horseshoe" name="trt_horseshoe_outputs_the_right_element_for_survival">
      <failure type="failure" message="`result` not equal to `expected`. ('test-trt_horseshoe.R:9:3')">`result` not equal to `expected`.
Component "trt.estimate.1799": Mean relative difference: 0.190847</failure>
    </testcase>
    <testcase time="1.72699999999998" classname="trt_horseshoe" name="trt_horseshoe_outputs_the_right_element_for_binary">
      <failure type="failure" message="`result` not equal to `expected`. ('test-trt_horseshoe.R:21:3')">`result` not equal to `expected`.
Component "trt.estimate.99": Mean relative difference: 0.3676666</failure>
    </testcase>
  </testsuite>
</testsuites>
